                                        
                                PYDB_Server (R)
                                        
           Version K-2015.12-3 for linux64 - Dec 17, 2015 cl#3052145
                                        
                    Copyright (c) 2007 - 2015 Synopsys, Inc.
   This software and the associated documentation are proprietary to Synopsys,
 Inc. This software may only be used in accordance with the terms and conditions
 of a written license agreement with Synopsys, Inc. All other use, reproduction,
            or distribution of this software is strictly prohibited.

NFS filesystem detected
Listening for connections on port 8216
PYDB_Server Started on host bender.engr.ucr.edu, Fri 02/01/2019 16:07:45
Client bender.engr.ucr.edu(15090):6 connected (1 total client)
Verified current licenses.
Client bender.engr.ucr.edu(15135):16 connected (2 total clients)
Client bender.engr.ucr.edu(15135):16 disconnected (1 client remains)
Shutdown requested by client bender.engr.ucr.edu(15090):6
0 clients remain connected
Overall server Time=0:00:07  User=0.04 Sys=0.08 Mem=9.858 MySQL=33.219 Unpooled=0.028
                                        
                                PYDB_Server (R)
                                        
           Version K-2015.12-3 for linux64 - Dec 17, 2015 cl#3052145
                                        
                    Copyright (c) 2007 - 2015 Synopsys, Inc.
   This software and the associated documentation are proprietary to Synopsys,
 Inc. This software may only be used in accordance with the terms and conditions
 of a written license agreement with Synopsys, Inc. All other use, reproduction,
            or distribution of this software is strictly prohibited.

NFS filesystem detected
Listening for connections on port 7342
PYDB_Server Started on host bender.engr.ucr.edu, Fri 02/01/2019 16:07:55
Client bender.engr.ucr.edu(15191):6 connected (1 total client)
Verified current licenses.
Shutdown requested by client bender.engr.ucr.edu(15191):6
0 clients remain connected
Overall server Time=0:00:31  User=0.00 Sys=0.01 Mem=9.749 MySQL=32.443 Unpooled=0.022
