                                        
                                PYDB_Server (R)
                                        
           Version K-2015.12-3 for linux64 - Dec 17, 2015 cl#3052145
                                        
                    Copyright (c) 2007 - 2015 Synopsys, Inc.
   This software and the associated documentation are proprietary to Synopsys,
 Inc. This software may only be used in accordance with the terms and conditions
 of a written license agreement with Synopsys, Inc. All other use, reproduction,
            or distribution of this software is strictly prohibited.

NFS filesystem detected
Removing old database /home/cemaj/tarora/eecs168/pvjob_mylibrary.ripple_carry_adder_4bit.icv.drc/run_details/pydb/PYDB_ripple_carry_adder_4bit
Listening for connections on port 8162
PYDB_Server Started on host bender.engr.ucr.edu, Wed 03/13/2019 13:44:49
Client bender.engr.ucr.edu(21625):6 connected (1 total client)
Verified current licenses.
Client bender.engr.ucr.edu(21674):16 connected (2 total clients)
Client bender.engr.ucr.edu(21673):17 connected (3 total clients)
Client bender.engr.ucr.edu(21674):21 connected (4 total clients)
Client bender.engr.ucr.edu(21674):16 disconnected (3 clients remain)
Client bender.engr.ucr.edu(21673):17 disconnected (2 clients remain)
Client bender.engr.ucr.edu(21673):16 connected (3 total clients)
Client bender.engr.ucr.edu(21674):21 disconnected (2 clients remain)
Client bender.engr.ucr.edu(21673):16 disconnected (1 client remains)
Shutdown requested by client bender.engr.ucr.edu(21625):6
0 clients remain connected
Overall server Time=0:00:06  User=0.04 Sys=0.10 Mem=9.874 MySQL=33.220 Unpooled=0.028
