[17:45:33.40] /o Custom Designer (TM) Version J-2014.12-SP2-2
              /c Build  (OPT) Config 2901729 compiled on Sun Jul 26 20:41:43 2015 for RHEL64 5.7
              /c Invocation: /usr/local/synopsys/customdesigner/J-2014.12-SP2-2/amd64/platform/bin/cdesigner
              /c Execution time: Fri Feb  8 17:45:30 2019
              /c Host: bender.engr.ucr.edu
              /c 
              /c Copyright © 2004-2015 Synopsys, Inc. All rights reserved.
              /c Your use of this program is subject to the terms and conditions of the written license agreement between you, or your company, and Synopsys.
              /c 
[17:45:34.86] /m Information: ::xt::physicalVerification::_private::processValidationProc: Invalid process 'SAED 90nm'.
[17:45:34.86] /m Information: ::xt::physicalVerification::_private::variantValidationProc: Invalid process ''.
[17:45:37.87] /# gi::executeAction deOpenDesign -in [gi::getWindows 0]
[17:45:37.87] /i de::showOpenDesign
[17:45:37.90] /o oa:0x238dd710
[17:45:38.00] /i gi::setActiveDialog [gi::getDialogs {deOpenDesign}]
[17:45:38.37] /i db::setAttr geometry -of [gi::getDialogs {deOpenDesign}] -value 645x361+20+417
[17:45:39.15] /i gi::setCurrentIndex {designLibs} -index {mylibrary} -in [gi::getDialogs {deOpenDesign}]
[17:45:39.17] /i gi::setItemSelection {designLibs} -index {mylibrary} -in [gi::getDialogs {deOpenDesign}]
[17:45:41.13] /i gi::setCurrentIndex {designCells} -index {inverter} -in [gi::getDialogs {deOpenDesign}]
[17:45:41.14] /i gi::setItemSelection {designCells} -index {inverter} -in [gi::getDialogs {deOpenDesign}]
[17:45:41.98] /i gi::setCurrentIndex {designCells} -index {inverter_testbench} -in [gi::getDialogs {deOpenDesign}]
[17:45:42.00] /i gi::setItemSelection {designCells} -index {inverter_testbench} -in [gi::getDialogs {deOpenDesign}]
[17:45:43.20] /i gi::setCurrentIndex {designViews} -index {Tran_DC_parasitic_SAE} -in [gi::getDialogs {deOpenDesign}]
[17:45:43.20] /i gi::setItemSelection {designViews} -index {Tran_DC_parasitic_SAE} -in [gi::getDialogs {deOpenDesign}]
[17:45:43.44] /i gi::pressButton {ok} -in [gi::getDialogs {deOpenDesign}]
[17:45:43.44] /# de::open [dm::findCellView {Tran_DC_parasitic_SAE} -cellName {inverter_testbench} -libName {mylibrary}] -readOnly 0
[17:45:44.62] /m Information: License 'Simulation & Analysis Environment' checked out. (LICENSE-003)
[17:45:44.69] /r giWindowId 1
[17:45:44.69] /r giWindowGeometry 600x500
[17:45:44.93] /o oa:0x24e79ba0
[17:45:45.26] /i db::setAttr geometry -of [gi::getFrames 1] -value 600x385+40+437
[17:45:47.32] /i db::setAttr geometry -of [gi::getFrames 1] -value 600x385+183+155
[17:45:47.82] /i gi::executeAction menuPreShow -in [gi::getWindows 1]
[17:45:47.83] /r giMenuAccess db::getNext [gi::getMenus saConsoleSimMenu -from [gi::getWindows 1]]
[17:45:48.88] /# gi::executeAction saNetlistAndRun -in [gi::getWindows 1]
[17:45:48.88] /i isa::netlistAndRun -testbench [sa::findActiveTestbench -window 1]
[17:45:48.95] /m Information: "Starting incremental netlisting for design "mylibrary/inverter_testbench/config"..." (NETLISTING-010)
[17:45:48.97] /o 	############################################
[17:45:48.97] /o 	--------------------------------------------
[17:45:48.97] /o 	PDK Name................... : SAED_PDK_90
[17:45:48.97] /o 	PDK Release Date........... : 29-Sep-2015
[17:45:48.97] /o 	PDK Custom Designer Version : J-2014.12-2
[17:45:48.97] /o 	--------------------------------------------
[17:45:48.97] /o 	############################################
[17:45:48.97] /o 
[17:45:48.97] /w Warning: Preference 'leActiveLPP' is deprecated and scheduled for removal in a future release with no replacement. For migration assistance, see the Custom Designer Tcl Reference Manual. (PREFERENCE-058)
[17:45:48.98] /o SAED PDK 90: Loaded callbacks
[17:45:48.98] /o SAED PDK 90: Loaded display resources
[17:45:49.09] /o No Design Integrity rule violations found in "mylibrary/inverter_testbench/schematic"
[17:45:49.25] /m Information: "Netlisting design "mylibrary/inverter_testbench/config" finished successfully." (NETLISTING-012)
[17:45:49.25] /m Information: "Composing simulator input file for design "mylibrary/inverter_testbench/config"..."
[17:45:49.34] /m Information: "Simulator input file composed successfully for design "mylibrary/inverter_testbench/config""
[17:45:49.75] /r giWindowId 2
[17:45:49.76] /r giWindowGeometry 800x600
[17:45:49.93] /# gi::expand {jobMonitorTable} -index {0,0} -in [gi::getWindows 2]
[17:45:49.93] /# gi::expand {jobMonitorTable} -index {0.0,0} -in [gi::getWindows 2]
[17:45:50.03] /m Information: "Starting HSPICE simulation for design: mylibrary/inverter_testbench/config"
[17:45:50.04] /# gi::collapse {jobMonitorTable} -index {0.0,0} -in [gi::getWindows 2]
[17:45:50.11] /o 1
[17:45:50.11] /i gi::expand {jobMonitorTable} -index {0.0,0} -in [gi::getWindows 2]
[17:45:50.26] /i db::setAttr geometry -of [gi::getFrames 2] -value 800x600+203+175
[17:45:50.45] /m Information: "Simulation completed successfully for design: mylibrary/inverter_testbench/config "
[17:45:50.69] /m Information: Measurement calculations completed for testbench: default in 0s
[17:45:50.70] /m Information: "Evaluating and plotting outputs..."
[17:45:50.74] /m Information: Launching Waveform Viewer "cd /home/cemaj/tarora/simulation/mylibrary/inverter_testbench/config/HSPICE/nominal/results && wv -k -cdesigner > /home/cemaj/tarora/simulation/mylibrary/inverter_testbench/config/HSPICE/nominal/results/viewer.log 2>&1"
[17:46:44.60] /i gi::executeAction giCloseWindow -in [gi::getWindows 2]
[17:46:45.20] /i gi::setActiveWindow 1
[17:46:45.22] /i gi::setActiveWindow 1 -raise true
[17:46:46.25] /i gi::executeAction giCloseWindow -in [gi::getWindows 1]
[17:46:46.30] /m Information: License 'Simulation & Analysis Environment' checked in. (LICENSE-004)
[17:46:47.90] /m Information: Waveform Viewer exited normally.
[17:46:48.45] /i gi::setActiveWindow 0
[17:46:48.45] /i gi::setActiveWindow 0 -raise true
[17:47:09.91] /i gi::executeAction giCloseWindow -in [gi::getWindows 0]
[17:47:09.91] /i gi::executeAction giCloseWindow -in [gi::getWindows 0]
[17:47:09.92] /i gi::executeAction giCloseWindow -in [gi::getWindows 0]
[17:47:09.93] /i gi::executeAction giCloseWindow -in [gi::getWindows 0]
[17:47:09.94] /i gi::executeAction giCloseWindow -in [gi::getWindows 0]
[17:47:10.10] /i db::setAttr geometry -of [gi::getFrames 0] -value 600x300+407+321
[17:47:10.11] /r giDialog gi::setActiveDialog [gi::getDialogs {deExitDialog}]
[17:47:10.56] /r giDialog db::setAttr geometry -of [gi::getDialogs {deExitDialog}] -value 371x218+427+341
[17:47:13.33] /r giDialog gi::pressButton {ok} -in [gi::getDialogs {deExitDialog}]
[17:47:13.40] /o Shutdown time: Fri Feb  8 17:47:13 2019
[17:47:13.40] /o Elapsed session real time: 1.66 minutes
[17:47:13.40] /o Session terminated. Log is at /home/cemaj/tarora/eecs168/cdesigner.log
