[16:22:02.75] /o Custom Designer (TM) Version J-2014.12-SP2-2
              /c Build  (OPT) Config 2901729 compiled on Sun Jul 26 20:41:43 2015 for RHEL64 5.7
              /c Invocation: /usr/local/synopsys/customdesigner/J-2014.12-SP2-2/amd64/platform/bin/cdesigner
              /c Execution time: Fri Feb  1 16:22:00 2019
              /c Host: bender.engr.ucr.edu
              /c 
              /c Copyright © 2004-2015 Synopsys, Inc. All rights reserved.
              /c Your use of this program is subject to the terms and conditions of the written license agreement between you, or your company, and Synopsys.
              /c 
[16:22:04.23] /m Information: ::xt::physicalVerification::_private::processValidationProc: Invalid process 'SAED 90nm'.
[16:22:04.23] /m Information: ::xt::physicalVerification::_private::variantValidationProc: Invalid process ''.
[16:22:08.97] /# gi::executeAction deOpenDesign -in [gi::getWindows 0]
[16:22:08.97] /i de::showOpenDesign
[16:22:09.00] /o oa:0x24f84c10
[16:22:09.11] /i gi::setActiveDialog [gi::getDialogs {deOpenDesign}]
[16:22:09.47] /i db::setAttr geometry -of [gi::getDialogs {deOpenDesign}] -value 645x361+20+417
[16:22:10.42] /i gi::setCurrentIndex {designLibs} -index {mylibrary} -in [gi::getDialogs {deOpenDesign}]
[16:22:10.43] /i gi::setItemSelection {designLibs} -index {mylibrary} -in [gi::getDialogs {deOpenDesign}]
[16:22:12.25] /i gi::setCurrentIndex {designCells} -index {nand_testbench} -in [gi::getDialogs {deOpenDesign}]
[16:22:12.26] /i gi::setItemSelection {designCells} -index {nand_testbench} -in [gi::getDialogs {deOpenDesign}]
[16:22:13.38] /i gi::setCurrentIndex {designViews} -index {Tran_SAE} -in [gi::getDialogs {deOpenDesign}]
[16:22:13.39] /i gi::setItemSelection {designViews} -index {Tran_SAE} -in [gi::getDialogs {deOpenDesign}]
[16:22:13.97] /i gi::pressButton {ok} -in [gi::getDialogs {deOpenDesign}]
[16:22:13.97] /# de::open [dm::findCellView {Tran_SAE} -cellName {nand_testbench} -libName {mylibrary}] -readOnly 0
[16:22:14.03] /m Information: License 'Simulation & Analysis Environment' checked out. (LICENSE-003)
[16:22:14.10] /r giWindowId 1
[16:22:14.10] /r giWindowGeometry 600x500
[16:22:14.36] /o oa:0x28393f70
[16:22:14.70] /i db::setAttr geometry -of [gi::getFrames 1] -value 600x385+40+437
[16:22:16.56] /i db::setAttr geometry -of [gi::getFrames 1] -value 600x385+106+43
[16:22:17.78] /i gi::pressButton {plotButton} -in [gi::getWindows 1]
[16:22:17.85] /o 	############################################
[16:22:17.85] /o 	--------------------------------------------
[16:22:17.85] /o 	PDK Name................... : SAED_PDK_90
[16:22:17.85] /o 	PDK Release Date........... : 29-Sep-2015
[16:22:17.85] /o 	PDK Custom Designer Version : J-2014.12-2
[16:22:17.85] /o 	--------------------------------------------
[16:22:17.85] /o 	############################################
[16:22:17.85] /o 
[16:22:17.85] /w Warning: Preference 'leActiveLPP' is deprecated and scheduled for removal in a future release with no replacement. For migration assistance, see the Custom Designer Tcl Reference Manual. (PREFERENCE-058)
[16:22:17.86] /o SAED PDK 90: Loaded callbacks
[16:22:17.86] /o SAED PDK 90: Loaded display resources
[16:22:17.90] /m Information: Launching Waveform Viewer "cd /home/cemaj/tarora/simulation/mylibrary/nand_testbench/schematic/HSPICE/nominal/results && wv -k -cdesigner > /home/cemaj/tarora/simulation/mylibrary/nand_testbench/schematic/HSPICE/nominal/results/viewer.log 2>&1"
[16:22:34.96] /m Information: Waveform Viewer exited normally.
[16:22:44.51] /i gi::executeAction giCloseWindow -in [gi::getWindows 1]
[16:22:44.54] /m Information: License 'Simulation & Analysis Environment' checked in. (LICENSE-004)
[16:22:44.71] /i gi::setActiveWindow 0
[16:22:44.72] /i gi::setActiveWindow 0 -raise true
[16:22:46.02] /# gi::executeAction dmShowLibraryManager -in [gi::getWindows 0]
[16:22:46.02] /i dm::showLibraryManager
[16:22:46.02] /r giWindowId 2
[16:22:46.02] /r giWindowGeometry 660x600+50+50
[16:22:46.10] /o oa:0x24e367b0
[16:22:47.83] /i gi::setCurrentIndex {libs} -index {mylibrary} -in [gi::getWindows 2]
[16:22:47.84] /i gi::setItemSelection {libs} -index {mylibrary} -in [gi::getWindows 2]
[16:22:51.19] /i gi::setCurrentIndex {cells} -index {nand_testbench} -in [gi::getWindows 2]
[16:22:51.21] /i gi::setItemSelection {cells} -index {nand_testbench} -in [gi::getWindows 2]
[16:22:52.17] /i gi::setCurrentIndex {views} -index {schematic} -in [gi::getWindows 2]
[16:22:52.18] /i gi::setItemSelection {views} -index {schematic} -in [gi::getWindows 2]
[16:22:52.45] /i gi::executeAction dmOpen -in [gi::getWindows 2]
[16:22:52.51] /m Information: License 'Schematic Editor' checked out. (LICENSE-003)
[16:22:52.57] /r giWindowId 3
[16:22:52.57] /r giWindowGeometry 1088x700
[16:23:46.60] /# gi::executeAction deCellviewFromCellview -in [gi::getWindows 3]
[16:23:46.60] /i db::showCellViewFromCellView -src [db::getAttr container -of [db::getAttr editFile -of [db::getNext [de::getContexts -window 3]]]] 
[16:23:46.69] /o oa:0x293190e0
[16:23:46.86] /i gi::setActiveDialog [gi::getDialogs {dbCellViewFromCellView}]
[16:23:47.21] /i db::setAttr geometry -of [gi::getDialogs {dbCellViewFromCellView}] -value 628x353+27+43
[16:23:49.17] /i gi::setField {adjustPins} -value {true} -in [gi::getDialogs {dbCellViewFromCellView}]
[16:23:49.59] /i db::setAttr geometry -of [gi::getDialogs {dbCellViewFromCellView}] -value 628x614+27+43
[16:23:51.91] /i gi::setField {adjustPins} -value {false} -in [gi::getDialogs {dbCellViewFromCellView}]
[16:23:52.22] /i db::setAttr geometry -of [gi::getDialogs {dbCellViewFromCellView}] -value 628x353+27+43
[16:23:52.45] /i gi::setField {adjustPins} -value {true} -in [gi::getDialogs {dbCellViewFromCellView}]
[16:23:52.75] /i db::setAttr geometry -of [gi::getDialogs {dbCellViewFromCellView}] -value 628x464+27+43
[16:23:53.42] /i gi::setField {adjustPins} -value {false} -in [gi::getDialogs {dbCellViewFromCellView}]
[16:23:53.72] /i db::setAttr geometry -of [gi::getDialogs {dbCellViewFromCellView}] -value 628x353+27+43
[16:23:58.28] /i gi::closeWindows [gi::getDialogs {dbCellViewFromCellView}]
[16:24:15.29] /# gi::executeAction seShowConsoleForWindow -in [gi::getWindows 3]
[16:24:15.29] /i sa::showConsole -context [db::getNext [de::getContexts -window 3]]
[16:24:15.37] /m Information: License 'Simulation & Analysis Environment' checked out. (LICENSE-003)
[16:24:15.40] /r giWindowId 4
[16:24:15.40] /r giWindowGeometry 600x500
[16:24:15.59] /o oa:0x28e3c160
[16:24:15.93] /i db::setAttr geometry -of [gi::getFrames 4] -value 600x500+27+43
[16:24:25.93] /i gi::executeAction menuPreShow -in [gi::getWindows 4]
[16:24:25.94] /r giMenuAccess db::getNext [gi::getMenus saConsoleSetupMenu -from [gi::getWindows 4]]
[16:24:27.45] /# gi::executeAction saEditModels -in [gi::getWindows 4]
[16:24:27.45] /i sa::showModelFiles -parent 4
[16:24:27.83] /i gi::setActiveDialog [gi::getDialogs {saModelFilesSetup} -parent [gi::getWindows 4]]
[16:24:28.07] /i db::setAttr geometry -of [gi::getDialogs {saModelFilesSetup} -parent [gi::getWindows 4]] -value 760x500+100+22
[16:24:29.23] /i gi::setCurrentIndex {modelFilesTable} -index {0,1} -in [gi::getDialogs {saModelFilesSetup} -parent [gi::getWindows 4]]
[16:24:31.30] /i gi::setField {modelFilesTable} -index {0,1} -value {} -in [gi::getDialogs {saModelFilesSetup} -parent [gi::getWindows 4]]
[16:24:31.30] /i gi::setField {modelFilesTable} -index {0,1} -value {} -in [gi::getDialogs {saModelFilesSetup} -parent [gi::getWindows 4]]
[16:24:47.57] /i gi::setField {modelFilesTable} -index {0,1} -value {/usr/local/synopsys/pdk/SAED_PDK90nm/hspice/SAED90nm.lib} -in [gi::getDialogs {saModelFilesSetup} -parent [gi::getWindows 4]]
[16:24:47.58] /i gi::setField {modelFilesTable} -index {0,1} -value {/usr/local/synopsys/pdk/SAED_PDK90nm/hspice/SAED90nm.lib} -in [gi::getDialogs {saModelFilesSetup} -parent [gi::getWindows 4]]
[16:24:47.60] /i gi::pressButton {ok} -in [gi::getDialogs {saModelFilesSetup} -parent [gi::getWindows 4]]
[16:24:55.22] /i gi::executeAction menuPreShow -in [gi::getWindows 4]
[16:24:55.22] /r giMenuAccess db::getNext [gi::getMenus saConsoleSetupMenu -from [gi::getWindows 4]]
[16:24:56.72] /# gi::executeAction saEditModels -in [gi::getWindows 4]
[16:24:56.72] /i sa::showModelFiles -parent 4
[16:24:56.88] /i gi::setActiveDialog [gi::getDialogs {saModelFilesSetup} -parent [gi::getWindows 4]]
[16:24:57.06] /i db::setAttr geometry -of [gi::getDialogs {saModelFilesSetup} -parent [gi::getWindows 4]] -value 760x500+0+22
[16:24:58.12] /i gi::setCurrentIndex {modelFilesTable} -index {0,2} -in [gi::getDialogs {saModelFilesSetup} -parent [gi::getWindows 4]]
[16:24:58.12] /i gi::setItemSelection {modelFilesTable} -index {0,2} -in [gi::getDialogs {saModelFilesSetup} -parent [gi::getWindows 4]]
[16:25:02.71] /i gi::setField {modelFilesTable} -index {0,2} -value {TT_12} -in [gi::getDialogs {saModelFilesSetup} -parent [gi::getWindows 4]]
[16:25:02.73] /i gi::pressButton {ok} -in [gi::getDialogs {saModelFilesSetup} -parent [gi::getWindows 4]]
[16:25:10.80] /i gi::executeAction menuPreShow -in [gi::getWindows 4]
[16:25:10.81] /r giMenuAccess db::getNext [gi::getMenus saConsoleSetupMenu -from [gi::getWindows 4]]
[16:25:13.84] /# gi::executeAction saShowEditAnalyses -in [gi::getWindows 4]
[16:25:13.84] /i sa::showEditAnalyses -parent 4 -analysisName "" 
[16:25:14.07] /o oa:0x2969b810
[16:25:14.38] /i gi::setActiveDialog [gi::getDialogs {saEditAnalysesDialogXsaeSession1} -parent [gi::getWindows 4]]
[16:25:14.73] /i db::setAttr geometry -of [gi::getDialogs {saEditAnalysesDialogXsaeSession1} -parent [gi::getWindows 4]] -value 511x596+140+65
[16:25:21.57] /i gi::setField {/analysesGroups/tabGeneral/anaPane/step} -value {10p} -in [gi::getDialogs {saEditAnalysesDialogXsaeSession1} -parent [gi::getWindows 4]]
[16:25:24.75] /i gi::setField {/analysesGroups/tabGeneral/anaPane/stop} -value {100n} -in [gi::getDialogs {saEditAnalysesDialogXsaeSession1} -parent [gi::getWindows 4]]
[16:25:31.37] /i gi::pressButton {/ok} -in [gi::getDialogs {saEditAnalysesDialogXsaeSession1} -parent [gi::getWindows 4]]
[16:25:42.88] /i gi::setCurrentIndex {outputsTable} -index {0,0} -in [gi::getWindows 4]
[16:25:50.05] /i gi::setField {outputsTable} -index {0,0} -value {VOUT} -in [gi::getWindows 4]
[16:25:50.06] /i gi::setCurrentIndex {outputsTable} -index {0,1} -in [gi::getWindows 4]
[16:25:50.06] /i gi::setItemSelection {outputsTable} -index {0,1} -in [gi::getWindows 4]
[16:25:50.07] /i gi::setItemSelection {outputsTable} -index {0,1} -in [gi::getWindows 4]
[16:25:52.01] /i sa::selectOutputs -outputIndex 0 -window [gi::getWindows 4]
[16:25:52.11] /i gi::setField {outputsTable} -index {0,0} -value {} -in [gi::getWindows 4]
[16:25:53.97] /# gi::executeAction deAddPoint -in [gi::getWindows 3]
[16:25:53.97] /i de::addPoint {3.84375 1.86875} -window 3
[16:25:59.63] /i db::setAttr iconified -of [gi::getFrames 4] -value true
[16:25:59.64] /i gi::setActiveWindow 3
[16:25:59.65] /i gi::setActiveWindow 3 -raise true
[16:26:02.40] /# gi::executeAction deSelectActive -in [gi::getWindows 3]
[16:26:02.40] /i de::select [de::getActiveFigure [gi::getWindows 3] -point {0.41875 1.5875} -index 0 -intent none] -replace true
[16:26:02.40] /o oa:0x29836a80
[16:26:11.13] /# gi::executeAction dePropertyEditorToggle -in [gi::getWindows 3]
[16:26:11.13] /i db::setAttr shown -of [gi::getAssistants dePropertyEditor -from [gi::getWindows 3]] -value true
[16:26:19.58] /# gi::executeAction deSelectActive -in [gi::getWindows 3]
[16:26:19.58] /i de::deselectAll [db::getNext [de::getContexts -window 3]]
[16:26:22.65] /i db::setAttr iconified -of [gi::getFrames 4] -value false
[16:26:22.66] /i gi::setActiveWindow 4
[16:26:22.66] /i gi::setActiveWindow 4 -raise true
[16:26:23.59] /i gi::setCurrentIndex {outputsTable} -index {1,0} -in [gi::getWindows 4]
[16:26:23.59] /i gi::setItemSelection {outputsTable} -index {} -in [gi::getWindows 4]
[16:26:23.60] /i gi::setItemSelection {outputsTable} -index {} -in [gi::getWindows 4]
[16:26:30.36] /i gi::setField {outputsTable} -index {1,0} -value {VIN1} -in [gi::getWindows 4]
[16:26:30.36] /i gi::setCurrentIndex {outputsTable} -index {1,1} -in [gi::getWindows 4]
[16:26:30.37] /i gi::setItemSelection {outputsTable} -index {1,1} -in [gi::getWindows 4]
[16:26:30.37] /i gi::setItemSelection {outputsTable} -index {1,1} -in [gi::getWindows 4]
[16:26:31.88] /i sa::selectOutputs -outputIndex 1 -window [gi::getWindows 4]
[16:26:31.98] /i gi::setField {outputsTable} -index {1,0} -value {} -in [gi::getWindows 4]
[16:26:35.01] /# gi::executeAction deAddPoint -in [gi::getWindows 3]
[16:26:35.01] /i de::addPoint {-0.5125 2.3} -window 3
[16:26:36.38] /i gi::setCurrentIndex {outputsTable} -index {2,0} -in [gi::getWindows 4]
[16:26:36.38] /i gi::setItemSelection {outputsTable} -index {} -in [gi::getWindows 4]
[16:26:36.39] /i gi::setItemSelection {outputsTable} -index {} -in [gi::getWindows 4]
[16:26:45.57] /i gi::setField {outputsTable} -index {2,0} -value {VIN2} -in [gi::getWindows 4]
[16:26:45.57] /i gi::setCurrentIndex {outputsTable} -index {2,1} -in [gi::getWindows 4]
[16:26:45.58] /i gi::setItemSelection {outputsTable} -index {2,1} -in [gi::getWindows 4]
[16:26:45.59] /i gi::setItemSelection {outputsTable} -index {2,1} -in [gi::getWindows 4]
[16:26:47.18] /i sa::selectOutputs -outputIndex 2 -window [gi::getWindows 4]
[16:26:47.30] /i gi::setField {outputsTable} -index {2,0} -value {} -in [gi::getWindows 4]
[16:26:49.41] /# gi::executeAction deAddPoint -in [gi::getWindows 3]
[16:26:49.41] /i de::addPoint {0.4375 2.30625} -window 3
[16:26:50.87] /i gi::setCurrentIndex {outputsTable} -index {0,2} -in [gi::getWindows 4]
[16:26:50.88] /i gi::setItemSelection {outputsTable} -index {0,2} -in [gi::getWindows 4]
[16:26:50.88] /i gi::setItemSelection {outputsTable} -index {0,2} -in [gi::getWindows 4]
[16:26:53.49] /i gi::setField {outputsTable} -index {0,2} -value {tran} -in [gi::getWindows 4]
[16:26:55.37] /i gi::setField {outputsTable} -index {0,2} -value {tran} -in [gi::getWindows 4]
[16:26:55.38] /i gi::setCurrentIndex {outputsTable} -index {1,2} -in [gi::getWindows 4]
[16:26:55.39] /i gi::setItemSelection {outputsTable} -index {1,2} -in [gi::getWindows 4]
[16:26:55.39] /i gi::setItemSelection {outputsTable} -index {1,2} -in [gi::getWindows 4]
[16:26:58.19] /i gi::setField {outputsTable} -index {1,2} -value {tran} -in [gi::getWindows 4]
[16:27:00.58] /i gi::setField {outputsTable} -index {1,2} -value {tran} -in [gi::getWindows 4]
[16:27:00.59] /i gi::setCurrentIndex {outputsTable} -index {2,2} -in [gi::getWindows 4]
[16:27:00.59] /i gi::setItemSelection {outputsTable} -index {2,2} -in [gi::getWindows 4]
[16:27:00.60] /i gi::setItemSelection {outputsTable} -index {2,2} -in [gi::getWindows 4]
[16:27:02.87] /i gi::setField {outputsTable} -index {2,2} -value {tran} -in [gi::getWindows 4]
[16:27:05.30] /i gi::setField {outputsTable} -index {2,2} -value {tran} -in [gi::getWindows 4]
[16:27:05.33] /i gi::executeAction menuPreShow -in [gi::getWindows 4]
[16:27:05.33] /r giMenuAccess db::getNext [gi::getMenus saConsoleSimMenu -from [gi::getWindows 4]]
[16:27:06.34] /# gi::executeAction saNetlistAndRun -in [gi::getWindows 4]
[16:27:06.34] /i isa::netlistAndRun -testbench [sa::findActiveTestbench -window 4]
[16:27:06.52] /m Information: "Starting incremental netlisting for design "mylibrary/nand_testbench/schematic"..." (NETLISTING-010)
[16:27:06.55] /o No Design Integrity rule violations found in "mylibrary/nand_testbench/schematic"
[16:27:06.64] /m Information: "mylibrary nand_testbench schematic" renetlisted. (NETLISTING-056)
[16:27:06.69] /m Information: "Netlisting design "mylibrary/nand_testbench/schematic" finished successfully." (NETLISTING-012)
[16:27:06.70] /m Information: "Composing simulator input file for design "mylibrary/nand_testbench/schematic"..."
[16:27:06.78] /m Information: "Simulator input file composed successfully for design "mylibrary/nand_testbench/schematic""
[16:27:07.29] /r giWindowId 5
[16:27:07.30] /r giWindowGeometry 800x600
[16:27:07.55] /# gi::expand {jobMonitorTable} -index {0,0} -in [gi::getWindows 5]
[16:27:07.55] /# gi::expand {jobMonitorTable} -index {0.0,0} -in [gi::getWindows 5]
[16:27:07.64] /m Information: "Starting HSPICE simulation for design: mylibrary/nand_testbench/schematic"
[16:27:07.65] /# gi::collapse {jobMonitorTable} -index {0.0,0} -in [gi::getWindows 5]
[16:27:07.71] /o 1
[16:27:07.71] /i gi::expand {jobMonitorTable} -index {0.0,0} -in [gi::getWindows 5]
[16:27:07.87] /i db::setAttr geometry -of [gi::getFrames 5] -value 800x600+47+63
[16:27:08.17] /m Information: "Simulation completed successfully for design: mylibrary/nand_testbench/schematic "
[16:27:08.41] /m Information: Measurement calculations completed for testbench: default in 0s
[16:27:08.43] /m Information: "Evaluating and plotting outputs..."
[16:27:08.46] /m Information: Launching Waveform Viewer "cd /home/cemaj/tarora/simulation/mylibrary/nand_testbench/schematic/HSPICE/nominal/results && wv -k -cdesigner > /home/cemaj/tarora/simulation/mylibrary/nand_testbench/schematic/HSPICE/nominal/results/viewer.log 2>&1"
[16:34:46.82] /i db::setAttr iconified -of [gi::getFrames 5] -value true
[16:34:46.83] /i gi::setActiveWindow 4
[16:34:46.84] /i gi::setActiveWindow 4 -raise true
[16:34:48.65] /i db::setAttr iconified -of [gi::getFrames 4] -value true
[16:34:48.66] /i gi::setActiveWindow 3
[16:34:48.66] /i gi::setActiveWindow 3 -raise true
[16:34:53.51] /# gi::executeAction dePanEast -in [gi::getWindows 3]
[16:34:53.51] /i de::pan -direction E -multiplier 0.5
[16:34:53.51] /o {0.925 0.28125} {5.525 3.65625}
[16:35:42.96] /i db::setAttr iconified -of [gi::getFrames 3] -value true
[16:35:42.97] /i gi::setActiveWindow 2
[16:35:42.97] /i gi::setActiveWindow 2 -raise true
[16:35:47.83] /i gi::executeAction giCloseWindow -in [gi::getWindows 2]
[16:35:47.89] /i gi::setActiveWindow 0
[16:35:47.90] /i gi::setActiveWindow 0 -raise true
[16:35:52.83] /# gi::executeAction deOpenDesign -in [gi::getWindows 0]
[16:35:52.83] /i de::showOpenDesign
[16:35:52.89] /o oa:0x286c3000
[16:35:52.97] /i gi::setActiveDialog [gi::getDialogs {deOpenDesign}]
[16:35:53.19] /i db::setAttr geometry -of [gi::getDialogs {deOpenDesign}] -value 645x361+308+126
[16:36:23.36] /i gi::setCurrentIndex {designCells} -index {nand} -in [gi::getDialogs {deOpenDesign}]
[16:36:23.38] /i gi::setItemSelection {designCells} -index {nand} -in [gi::getDialogs {deOpenDesign}]
[16:36:29.47] /i gi::setCurrentIndex {designCells} -index {inverter_testbench} -in [gi::getDialogs {deOpenDesign}]
[16:36:29.48] /i gi::setItemSelection {designCells} -index {inverter_testbench} -in [gi::getDialogs {deOpenDesign}]
[16:36:31.30] /i gi::setCurrentIndex {designCells} -index {inverter} -in [gi::getDialogs {deOpenDesign}]
[16:36:31.32] /i gi::setItemSelection {designCells} -index {inverter} -in [gi::getDialogs {deOpenDesign}]
[16:36:33.68] /i gi::setCurrentIndex {designViews} -index {layout} -in [gi::getDialogs {deOpenDesign}]
[16:36:33.69] /i gi::setItemSelection {designViews} -index {layout} -in [gi::getDialogs {deOpenDesign}]
[16:36:35.14] /i gi::pressButton {ok} -in [gi::getDialogs {deOpenDesign}]
[16:36:35.14] /# de::open [dm::findCellView {layout} -cellName {inverter} -libName {mylibrary}] -readOnly 0
[16:36:35.19] /m Information: License 'Layout Editor' checked out. (LICENSE-003)
[16:36:35.24] /r giWindowId 6
[16:36:35.24] /r giWindowGeometry 1088x700
[16:36:36.06] /o 0.1
[16:36:36.11] /i db::setAttr dockSize -of [gi::getAssistants leObjectLayerPanel -from [gi::getWindows 6]] -value 190x550
[16:36:39.93] /i gi::executeAction deObjectActivation -in [gi::getWindows 6]
[16:36:40.86] /i gi::executeAction deObjectActivation -in [gi::getWindows 6]
[16:36:41.64] /i gi::executeAction deObjectActivation -in [gi::getWindows 6]
[16:36:44.73] /i gi::executeAction deObjectActivation -in [gi::getWindows 6]
[16:36:53.80] /i db::setAttr iconified -of [gi::getFrames 6] -value true
[16:36:53.81] /i gi::setActiveWindow 0
[16:36:53.81] /i gi::setActiveWindow 0 -raise true
[16:36:55.87] /i db::setAttr iconified -of [gi::getFrames 6] -value false
[16:36:55.88] /i gi::setActiveWindow 6
[16:36:55.89] /i gi::setActiveWindow 6 -raise true
[16:36:59.96] /# gi::executeAction xtDRCViewOutputs -in [gi::getWindows 6]
[16:36:59.96] /i xt::physicalVerification::viewJobOutputs drc 6
[16:36:59.98] /r giWindowId 7
[16:37:00.00] /r giWindowGeometry 800x600
[16:37:00.08] /o oa:0x2a43f3b0
[16:37:00.54] /i db::setAttr geometry -of [gi::getFrames 7] -value 800x600+45+61
[16:37:01.30] /i gi::setActiveTab {tabs} -tabName {inverter.LAYOUT_ERRORS} -in [gi::getWindows 7]
[16:37:11.44] /i gi::executeAction giCloseWindow -in [gi::getWindows 7]
[16:37:11.54] /i gi::setActiveWindow 6
[16:37:11.54] /i gi::setActiveWindow 6 -raise true
[16:37:16.18] /# gi::executeAction xtLVSViewOutputs -in [gi::getWindows 6]
[16:37:16.18] /i xt::physicalVerification::viewJobOutputs lvs 6
[16:37:16.20] /r giWindowId 8
[16:37:16.21] /r giWindowGeometry 800x600
[16:37:16.30] /o oa:0x2a4be040
[16:37:16.78] /i db::setAttr geometry -of [gi::getFrames 8] -value 800x600+45+61
[16:37:25.70] /i gi::setActiveTab {tabs} -tabName {inverter.LVS_ERRORS} -in [gi::getWindows 8]
[16:37:46.72] /i gi::executeAction giCloseWindow -in [gi::getWindows 8]
[16:37:48.83] /i gi::setActiveWindow 6
[16:37:48.83] /i gi::setActiveWindow 6 -raise true
[16:37:50.52] /i gi::executeAction giCloseWindow -in [gi::getWindows 6]
[16:37:51.21] /m Information: License 'Layout Editor' checked in. (LICENSE-004)
[16:37:51.30] /i gi::setActiveWindow 0
[16:37:51.31] /i gi::setActiveWindow 0 -raise true
[16:38:23.51] /# gi::executeAction deOpenDesign -in [gi::getWindows 0]
[16:38:23.51] /i de::showOpenDesign
[16:38:23.52] /o oa:0x286f2040
[16:38:23.60] /i gi::setActiveDialog [gi::getDialogs {deOpenDesign}]
[16:38:27.12] /i gi::setCurrentIndex {designCells} -index {nand} -in [gi::getDialogs {deOpenDesign}]
[16:38:27.14] /i gi::setItemSelection {designCells} -index {nand} -in [gi::getDialogs {deOpenDesign}]
[16:38:30.14] /i gi::setCurrentIndex {designViews} -index {schematic} -in [gi::getDialogs {deOpenDesign}]
[16:38:30.15] /i gi::setItemSelection {designViews} -index {schematic} -in [gi::getDialogs {deOpenDesign}]
[16:38:42.58] /i gi::pressButton {ok} -in [gi::getDialogs {deOpenDesign}]
[16:38:42.59] /# de::open [dm::findCellView {schematic} -cellName {nand} -libName {mylibrary}] -readOnly 0
[16:38:42.64] /r giWindowId 9
[16:38:42.64] /r giWindowGeometry 1088x700
[16:38:45.54] /# gi::executeAction deZoomOutAtPoint -in [gi::getWindows 9]
[16:38:45.54] /i de::zoom -window 9 -factor 0.5 -center {2.26875 3.30625}
[16:38:45.55] /o {-11.9375 -8.05625} {19.65 9.41875}
[16:38:45.66] /# gi::executeAction deZoomOutAtPoint -in [gi::getWindows 9]
[16:38:45.66] /i de::zoom -window 9 -factor 0.5 -center {2.26875 3.3125}
[16:38:45.67] /o {-26.14375 -19.425} {37.03125 15.525}
[16:38:46.11] /# gi::executeAction deZoomInAtPoint -in [gi::getWindows 9]
[16:38:46.11] /i de::zoom -window 9 -factor 2.0 -center {2.26875 3.3125}
[16:38:46.12] /o {-11.9375 -8.05625} {19.65 9.41875}
[16:38:46.12] /# gi::executeAction deZoomInAtPoint -in [gi::getWindows 9]
[16:38:46.12] /i de::zoom -window 9 -factor 2.0 -center {2.26875 3.3125}
[16:38:46.13] /o {-4.8375 -2.36875} {10.9625 6.3625}
[16:38:46.15] /# gi::executeAction deZoomInAtPoint -in [gi::getWindows 9]
[16:38:46.15] /i de::zoom -window 9 -factor 2.0 -center {2.26875 3.3125}
[16:38:46.16] /o {-1.28125 0.46875} {6.6125 4.8375}
[16:38:46.20] /# gi::executeAction deZoomInAtPoint -in [gi::getWindows 9]
[16:38:46.20] /i de::zoom -window 9 -factor 2.0 -center {2.26875 3.3125}
[16:38:46.22] /o {0.49375 1.89375} {4.44375 4.075}
[16:38:46.38] /# gi::executeAction deZoomInAtPoint -in [gi::getWindows 9]
[16:38:46.38] /i de::zoom -window 9 -factor 2.0 -center {2.26875 3.3125}
[16:38:46.39] /o {1.38125 2.6} {3.35625 3.69375}
[16:38:46.83] /# gi::executeAction deZoomOutAtPoint -in [gi::getWindows 9]
[16:38:46.83] /i de::zoom -window 9 -factor 0.5 -center {2.26875 3.3125}
[16:38:46.84] /o {0.49375 1.89375} {4.44375 4.075}
[16:38:46.89] /# gi::executeAction deZoomOutAtPoint -in [gi::getWindows 9]
[16:38:46.89] /i de::zoom -window 9 -factor 0.5 -center {2.26875 3.3125}
[16:38:46.90] /o {-1.28125 0.46875} {6.6125 4.8375}
[16:38:47.16] /# gi::executeAction deZoomOutAtPoint -in [gi::getWindows 9]
[16:38:47.16] /i de::zoom -window 9 -factor 0.5 -center {2.26875 3.3125}
[16:38:47.17] /o {-4.8375 -2.36875} {10.9625 6.3625}
[16:38:47.47] /# gi::executeAction deZoomOutAtPoint -in [gi::getWindows 9]
[16:38:47.47] /i de::zoom -window 9 -factor 0.5 -center {2.26875 3.3125}
[16:38:47.48] /o {-11.9375 -8.05625} {19.65 9.41875}
[16:38:49.19] /# gi::executeAction deZoomInAtPoint -in [gi::getWindows 9]
[16:38:49.19] /i de::zoom -window 9 -factor 2.0 -center {2.26875 3.3125}
[16:38:49.19] /o {-4.8375 -2.36875} {10.9625 6.3625}
[16:38:49.38] /# gi::executeAction deZoomInAtPoint -in [gi::getWindows 9]
[16:38:49.38] /i de::zoom -window 9 -factor 2.0 -center {2.26875 3.3125}
[16:38:49.39] /o {-1.28125 0.46875} {6.6125 4.8375}
[16:38:51.10] /# gi::executeAction deZoomOutAtPoint -in [gi::getWindows 9]
[16:38:51.10] /i de::zoom -window 9 -factor 0.5 -center {2.26875 3.3125}
[16:38:51.11] /o {-4.8375 -2.36875} {10.9625 6.3625}
[16:38:53.24] /i gi::executeAction deObjectActivation -in [gi::getWindows 9]
[16:38:55.36] /i gi::executeAction deObjectActivation -in [gi::getWindows 9]
[16:39:09.38] /i gi::executeAction giCloseWindow -in [gi::getWindows 9]
[16:39:09.99] /i gi::setActiveWindow 0
[16:39:10.00] /i gi::setActiveWindow 0 -raise true
[16:39:11.58] /# gi::executeAction dmShowLibraryManager -in [gi::getWindows 0]
[16:39:11.58] /i dm::showLibraryManager
[16:39:11.58] /r giWindowId 10
[16:39:11.59] /r giWindowGeometry 660x600+50+50
[16:39:12.08] /o oa:0x2a43c780
[16:39:13.36] /i gi::setCurrentIndex {libs} -index {mylibrary} -in [gi::getWindows 10]
[16:39:13.37] /i gi::setItemSelection {libs} -index {mylibrary} -in [gi::getWindows 10]
[16:39:15.34] /i gi::setCurrentIndex {cells} -index {nand_testbench} -in [gi::getWindows 10]
[16:39:15.36] /i gi::setItemSelection {cells} -index {nand_testbench} -in [gi::getWindows 10]
[16:39:16.50] /i gi::setCurrentIndex {views} -index {schematic} -in [gi::getWindows 10]
[16:39:16.51] /i gi::setItemSelection {views} -index {schematic} -in [gi::getWindows 10]
[16:39:17.69] /i gi::executeAction dmOpen -in [gi::getWindows 10]
[16:39:17.70] /r giWindowId 11
[16:39:17.71] /r giWindowGeometry 1088x700
[16:39:19.51] /i gi::executeAction deObjectActivation -in [gi::getWindows 11]
[16:39:22.47] /i gi::executeAction deObjectActivation -in [gi::getWindows 11]
[16:39:26.98] /i gi::executeAction giCloseWindow -in [gi::getWindows 11]
[16:39:27.63] /i gi::setActiveWindow 10
[16:39:27.63] /i gi::setActiveWindow 10 -raise true
[16:39:40.01] /i gi::setCurrentIndex {cells} -index {nand} -in [gi::getWindows 10]
[16:39:40.07] /i gi::setItemSelection {cells} -index {nand} -in [gi::getWindows 10]
[16:39:41.33] /i gi::setCurrentIndex {views} -index {layout} -in [gi::getWindows 10]
[16:39:41.34] /i gi::setItemSelection {views} -index {layout} -in [gi::getWindows 10]
[16:39:41.50] /i gi::executeAction dmOpen -in [gi::getWindows 10]
[16:39:41.55] /m Information: License 'Layout Editor' checked out. (LICENSE-003)
[16:39:41.58] /r giWindowId 12
[16:39:41.59] /r giWindowGeometry 1088x700
[16:39:42.19] /i db::setAttr dockSize -of [gi::getAssistants leObjectLayerPanel -from [gi::getWindows 12]] -value 190x550
[16:39:43.86] /i gi::executeAction deObjectActivation -in [gi::getWindows 12]
[16:39:46.97] /i gi::executeAction deObjectActivation -in [gi::getWindows 12]
[16:39:58.17] /# gi::executeAction xtDRCViewOutputs -in [gi::getWindows 12]
[16:39:58.17] /i xt::physicalVerification::viewJobOutputs drc 12
[16:39:58.19] /r giWindowId 13
[16:39:58.21] /r giWindowGeometry 800x600
[16:39:58.28] /o oa:0x2a1995c0
[16:39:58.81] /i db::setAttr geometry -of [gi::getFrames 13] -value 800x600+99+61
[16:39:59.58] /i gi::setActiveTab {tabs} -tabName {nand.LAYOUT_ERRORS} -in [gi::getWindows 13]
[16:40:09.49] /i gi::executeAction giCloseWindow -in [gi::getWindows 13]
[16:40:09.55] /i gi::setActiveWindow 12
[16:40:09.56] /i gi::setActiveWindow 12 -raise true
[16:40:12.53] /# gi::executeAction xtLVSViewOutputs -in [gi::getWindows 12]
[16:40:12.53] /i xt::physicalVerification::viewJobOutputs lvs 12
[16:40:12.56] /r giWindowId 14
[16:40:12.57] /r giWindowGeometry 800x600
[16:40:12.66] /o oa:0x29e6c690
[16:40:13.10] /i db::setAttr geometry -of [gi::getFrames 14] -value 800x600+99+61
[16:40:14.02] /i gi::setActiveTab {tabs} -tabName {nand.LVS_ERRORS} -in [gi::getWindows 14]
[16:40:24.62] /i gi::executeAction giCloseWindow -in [gi::getWindows 14]
[16:40:24.70] /i gi::setActiveWindow 12
[16:40:24.70] /i gi::setActiveWindow 12 -raise true
[16:40:26.05] /i gi::executeAction giCloseWindow -in [gi::getWindows 12]
[16:40:26.73] /m Information: License 'Layout Editor' checked in. (LICENSE-004)
[16:40:26.82] /i gi::setActiveWindow 10
[16:40:26.83] /i gi::setActiveWindow 10 -raise true
[16:40:28.32] /i db::setAttr iconified -of [gi::getFrames 10] -value true
[16:40:28.33] /i gi::setActiveWindow 0
[16:40:28.33] /i gi::setActiveWindow 0 -raise true
