[15:44:22.01] /o Custom Designer (TM) Version J-2014.12-SP2-2
              /c Build  (OPT) Config 2901729 compiled on Sun Jul 26 20:41:43 2015 for RHEL64 5.7
              /c Invocation: /usr/local/synopsys/customdesigner/J-2014.12-SP2-2/amd64/platform/bin/cdesigner
              /c Execution time: Thu Jan 31 15:44:18 2019
              /c Host: bender.engr.ucr.edu
              /c 
              /c Copyright © 2004-2015 Synopsys, Inc. All rights reserved.
              /c Your use of this program is subject to the terms and conditions of the written license agreement between you, or your company, and Synopsys.
              /c 
[15:44:35.05] /# gi::executeAction deOpenDesign -in [gi::getWindows 0]
[15:44:35.05] /i de::showOpenDesign
[15:44:35.08] /o oa:0x220c3fc0
[15:44:35.21] /i gi::setActiveDialog [gi::getDialogs {deOpenDesign}]
[15:44:35.45] /i db::setAttr geometry -of [gi::getDialogs {deOpenDesign}] -value 645x361+20+417
[15:44:37.39] /i gi::setCurrentIndex {designLibs} -index {mylibrary} -in [gi::getDialogs {deOpenDesign}]
[15:44:37.40] /i gi::setItemSelection {designLibs} -index {mylibrary} -in [gi::getDialogs {deOpenDesign}]
[15:44:38.71] /i gi::setCurrentIndex {designCells} -index {inverter_testbench} -in [gi::getDialogs {deOpenDesign}]
[15:44:38.77] /i gi::setItemSelection {designCells} -index {inverter_testbench} -in [gi::getDialogs {deOpenDesign}]
[15:44:40.83] /i gi::setCurrentIndex {designCells} -index {inverter} -in [gi::getDialogs {deOpenDesign}]
[15:44:40.86] /i gi::setItemSelection {designCells} -index {inverter} -in [gi::getDialogs {deOpenDesign}]
[15:44:42.44] /i gi::setCurrentIndex {designViews} -index {layout} -in [gi::getDialogs {deOpenDesign}]
[15:44:42.45] /i gi::setItemSelection {designViews} -index {layout} -in [gi::getDialogs {deOpenDesign}]
[15:44:43.80] /i gi::pressButton {ok} -in [gi::getDialogs {deOpenDesign}]
[15:44:43.81] /# de::open [dm::findCellView {layout} -cellName {inverter} -libName {mylibrary}] -readOnly 0
[15:44:43.86] /m Information: License 'Layout Editor' checked out. (LICENSE-003)
[15:44:43.89] /o 	############################################
[15:44:43.89] /o 	--------------------------------------------
[15:44:43.89] /o 	PDK Name................... : SAED_PDK_90
[15:44:43.89] /o 	PDK Release Date........... : 29-Sep-2015
[15:44:43.89] /o 	PDK Custom Designer Version : J-2014.12-2
[15:44:43.89] /o 	--------------------------------------------
[15:44:43.89] /o 	############################################
[15:44:43.89] /o 
[15:44:43.89] /w Warning: Preference 'leActiveLPP' is deprecated and scheduled for removal in a future release with no replacement. For migration assistance, see the Custom Designer Tcl Reference Manual. (PREFERENCE-058)
[15:44:43.89] /o SAED PDK 90: Loaded callbacks
[15:44:43.90] /o SAED PDK 90: Loaded display resources
[15:44:43.96] /r giWindowId 1
[15:44:43.96] /r giWindowGeometry 1088x700
[15:44:44.78] /o 0.1
[15:44:45.15] /i db::setAttr dockSize -of [gi::getAssistants leObjectLayerPanel -from [gi::getWindows 1]] -value 190x550
[15:45:07.01] /# gi::executeAction deSelectByWindow -in [gi::getWindows 1]
[15:45:07.01] /i de::deselectAll [db::getNext [de::getContexts -window 1]]; ide::selectByRegion -region rectangle -select true -point {1.35 -0.375} 
[15:45:08.16] /# gi::executeAction deEndDrag -in [gi::getWindows 1]
[15:45:08.16] /i de::endDrag {1.315 -0.161} -window 1
[15:48:22.28] /# gi::executeAction xtDRCSetup -in [gi::getWindows 1]
[15:48:22.28] /i xt::showDRCSetup -job drc -window 1
[15:48:23.75] /# gi::setActiveDialog [gi::getDialogs {xtDRCSetup} -parent [gi::getWindows 1]]
[15:48:24.33] /# db::setAttr geometry -of [gi::getDialogs {xtDRCSetup} -parent [gi::getWindows 1]] -value 445x457+470+45
[15:48:32.18] /o oa:0x25741b80
[15:48:47.04] /i gi::pressButton {/ok} -in [gi::getDialogs {xtDRCSetup} -parent [gi::getWindows 1]]
[15:48:47.07] /w Warning: Attribute 'foreground' is deprecated for objects of type 'giCell' and scheduled for removal in a future release. See instead 'style.foreground'. For migration assistance, see the Custom Designer Tcl Reference Manual. (TCL_OBJECT-061)
[15:48:47.54] /# xt::physicalVerification::executePve drc 1
[15:48:47.83] /r giWindowId 2
[15:48:47.84] /r giWindowGeometry 800x600
[15:48:48.23] /i db::setAttr geometry -of [gi::getFrames 2] -value 800x600+27+43
[15:48:55.10] /m Information: 
              /c =============================
              /c JobID: icv_drc_1
              /c --- ERROR SUMMARY -----------
              /c  CO.E.6: CONT is not enclosed by M1
              /c    not ................................................ 1 violation found.
              /c  CO.E.6: Minimum enclosure of any contact bby M1 
              /c  0.005um
              /c    enclose ............................................ 1 violation found.
              /c  R.CO.E7: Min enclosure of contact at end of line
              /c    not_covered_by ..................................... 4 violations found.
              /c =============================
              /c 
[15:48:57.70] /m Information: Connection established with 'IC Validator VUE' running on 'bender.engr.ucr.edu'.
[15:49:12.28] /i db::setAttr iconified -of [gi::getFrames 2] -value true
[15:49:20.86] /# gi::executeAction deZoomOut -in [gi::getWindows 1]
[15:49:20.86] /i de::zoom -window 1 -factor 0.5
[15:49:20.87] /o {1.105 1.252} {1.535 1.528}
[15:49:21.42] /# gi::executeAction deZoomOut -in [gi::getWindows 1]
[15:49:21.42] /i de::zoom -window 1 -factor 0.5
[15:49:21.43] /o {0.891 1.114} {1.749 1.666}
[15:49:22.17] /# gi::executeAction deZoomOut -in [gi::getWindows 1]
[15:49:22.17] /i de::zoom -window 1 -factor 0.5
[15:49:22.18] /o {0.462 0.838} {2.178 1.942}
[15:49:26.03] /# gi::executeAction deSelectByWindow -in [gi::getWindows 1]
[15:49:26.03] /i de::deselectAll [db::getNext [de::getContexts -window 1]]; ide::selectByRegion -region rectangle -select true -point {1.37 1.27} 
[15:49:26.71] /# gi::executeAction deEndDrag -in [gi::getWindows 1]
[15:49:26.71] /i de::endDrag {1.309 1.374} -window 1
[15:49:27.69] /# gi::executeAction deSelectActive -in [gi::getWindows 1]
[15:49:27.69] /i de::select [de::getActiveFigure [gi::getWindows 1] -point {1.27 1.25} -index 0 -intent none] -replace true
[15:49:27.70] /o oa:0x25d43490
[15:49:28.10] /# gi::executeAction deZoomOutAtPoint -in [gi::getWindows 1]
[15:49:28.10] /i de::zoom -window 1 -factor 0.5 -center {1.27 1.25}
[15:49:28.11] /o {-0.347 0.426} {3.087 2.634}
[15:49:28.14] /# gi::executeAction deZoomOutAtPoint -in [gi::getWindows 1]
[15:49:28.14] /i de::zoom -window 1 -factor 0.5 -center {1.271 1.251}
[15:49:28.15] /o {-1.964 -0.399} {4.902 4.017}
[15:49:28.15] /# gi::executeAction deZoomOutAtPoint -in [gi::getWindows 1]
[15:49:28.15] /i de::zoom -window 1 -factor 0.5 -center {1.271 1.251}
[15:49:28.16] /o {-5.2 -2.049} {8.534 6.783}
[15:49:28.16] /# gi::executeAction deZoomOutAtPoint -in [gi::getWindows 1]
[15:49:28.16] /i de::zoom -window 1 -factor 0.5 -center {1.271 1.251}
[15:49:28.17] /o {-11.67 -5.349} {15.796 12.315}
[15:49:28.17] /# gi::executeAction deZoomOutAtPoint -in [gi::getWindows 1]
[15:49:28.17] /i de::zoom -window 1 -factor 0.5 -center {1.27 1.251}
[15:49:28.18] /o {-24.611 -11.949} {30.323 23.379}
[15:49:28.18] /# gi::executeAction deZoomOutAtPoint -in [gi::getWindows 1]
[15:49:28.18] /i de::zoom -window 1 -factor 0.5 -center {1.271 1.25}
[15:49:28.19] /o {-50.492 -25.148} {59.374 45.508}
[15:49:28.19] /# gi::executeAction deZoomOutAtPoint -in [gi::getWindows 1]
[15:49:28.19] /i de::zoom -window 1 -factor 0.5 -center {1.271 1.251}
[15:49:28.20] /o {-102.255 -51.547} {117.477 89.765}
[15:49:28.20] /# gi::executeAction deZoomOutAtPoint -in [gi::getWindows 1]
[15:49:28.20] /i de::zoom -window 1 -factor 0.5 -center {1.27 1.251}
[15:49:28.21] /o {-205.78 -104.345} {233.684 178.279}
[15:49:28.21] /# gi::executeAction deZoomOutAtPoint -in [gi::getWindows 1]
[15:49:28.21] /i de::zoom -window 1 -factor 0.5 -center {1.27 1.251}
[15:49:28.22] /o {-412.831 -209.941} {466.099 355.307}
[15:49:28.22] /# gi::executeAction deZoomOutAtPoint -in [gi::getWindows 1]
[15:49:28.22] /i de::zoom -window 1 -factor 0.5 -center {1.27 1.251}
[15:49:28.23] /o {-826.932 -421.133} {930.928 709.363}
[15:49:28.23] /# gi::executeAction deZoomOutAtPoint -in [gi::getWindows 1]
[15:49:28.23] /i de::zoom -window 1 -factor 0.5 -center {1.271 1.25}
[15:49:28.24] /w Warning: Could not zoom to factor '0.000241' because the length and width of the design must both remain at least one pixel in size. (CANVAS-002)
[15:49:28.24] /o {-1304.73 -664.81} {1467.255 1117.88}
[15:49:28.24] /# gi::executeAction deZoomOutAtPoint -in [gi::getWindows 1]
[15:49:28.24] /i de::zoom -window 1 -factor 0.5 -center {1.27 1.25}
[15:49:28.25] /w Warning: Could not zoom to factor '0.000153' because the length and width of the design must both remain at least one pixel in size. (CANVAS-002)
[15:49:28.26] /o {-1304.73 -664.81} {1467.255 1117.88}
[15:49:28.26] /# gi::executeAction deZoomOutAtPoint -in [gi::getWindows 1]
[15:49:28.26] /i de::zoom -window 1 -factor 0.5 -center {1.27 1.25}
[15:49:28.26] /w Warning: Could not zoom to factor '0.000153' because the length and width of the design must both remain at least one pixel in size. (CANVAS-002)
[15:49:28.27] /o {-1304.73 -664.81} {1467.255 1117.88}
[15:49:28.27] /# gi::executeAction deZoomOutAtPoint -in [gi::getWindows 1]
[15:49:28.27] /i de::zoom -window 1 -factor 0.5 -center {1.27 1.25}
[15:49:28.27] /w Warning: Could not zoom to factor '0.000153' because the length and width of the design must both remain at least one pixel in size. (CANVAS-002)
[15:49:28.28] /o {-1304.73 -664.81} {1467.255 1117.88}
[15:49:28.28] /# gi::executeAction deZoomOutAtPoint -in [gi::getWindows 1]
[15:49:28.28] /i de::zoom -window 1 -factor 0.5 -center {1.27 1.25}
[15:49:28.29] /w Warning: Could not zoom to factor '0.000153' because the length and width of the design must both remain at least one pixel in size. (CANVAS-002)
[15:49:28.29] /o {-1304.73 -664.81} {1467.255 1117.88}
[15:49:28.29] /# gi::executeAction deZoomOutAtPoint -in [gi::getWindows 1]
[15:49:28.29] /i de::zoom -window 1 -factor 0.5 -center {1.27 1.25}
[15:49:28.30] /w Warning: Could not zoom to factor '0.000153' because the length and width of the design must both remain at least one pixel in size. (CANVAS-002)
[15:49:28.30] /o {-1304.73 -664.81} {1467.255 1117.88}
[15:49:28.30] /# gi::executeAction deZoomOutAtPoint -in [gi::getWindows 1]
[15:49:28.30] /i de::zoom -window 1 -factor 0.5 -center {1.27 1.25}
[15:49:28.31] /w Warning: Could not zoom to factor '0.000153' because the length and width of the design must both remain at least one pixel in size. (CANVAS-002)
[15:49:28.32] /o {-1304.73 -664.81} {1467.255 1117.88}
[15:49:28.32] /# gi::executeAction deZoomOutAtPoint -in [gi::getWindows 1]
[15:49:28.32] /i de::zoom -window 1 -factor 0.5 -center {1.27 1.25}
[15:49:28.32] /w Warning: Could not zoom to factor '0.000153' because the length and width of the design must both remain at least one pixel in size. (CANVAS-002)
[15:49:28.33] /o {-1304.73 -664.81} {1467.255 1117.88}
[15:49:28.35] /# gi::executeAction deZoomOutAtPoint -in [gi::getWindows 1]
[15:49:28.35] /i de::zoom -window 1 -factor 0.5 -center {1.27 1.25}
[15:49:28.35] /w Warning: Could not zoom to factor '0.000153' because the length and width of the design must both remain at least one pixel in size. (CANVAS-002)
[15:49:28.36] /o {-1304.73 -664.81} {1467.255 1117.88}
[15:49:28.36] /# gi::executeAction deZoomOutAtPoint -in [gi::getWindows 1]
[15:49:28.36] /i de::zoom -window 1 -factor 0.5 -center {1.27 1.25}
[15:49:28.36] /w Warning: Could not zoom to factor '0.000153' because the length and width of the design must both remain at least one pixel in size. (CANVAS-002)
[15:49:28.37] /o {-1304.73 -664.81} {1467.255 1117.88}
[15:49:28.37] /# gi::executeAction deZoomOutAtPoint -in [gi::getWindows 1]
[15:49:28.37] /i de::zoom -window 1 -factor 0.5 -center {1.27 1.25}
[15:49:28.38] /w Warning: Could not zoom to factor '0.000153' because the length and width of the design must both remain at least one pixel in size. (CANVAS-002)
[15:49:28.38] /o {-1304.73 -664.81} {1467.255 1117.88}
[15:49:29.02] /# gi::executeAction deZoomInAtPoint -in [gi::getWindows 1]
[15:49:29.02] /i de::zoom -window 1 -factor 2.0 -center {1.27 1.25}
[15:49:29.03] /o {-651.73 -331.78} {734.263 559.565}
[15:49:29.04] /# gi::executeAction deZoomInAtPoint -in [gi::getWindows 1]
[15:49:29.04] /i de::zoom -window 1 -factor 2.0 -center {1.27 1.25}
[15:49:29.05] /o {-325.23 -165.265} {367.766 280.408}
[15:49:29.09] /# gi::executeAction deZoomInAtPoint -in [gi::getWindows 1]
[15:49:29.09] /i de::zoom -window 1 -factor 2.0 -center {1.27 1.25}
[15:49:29.11] /o {-161.98 -82.007} {184.518 140.829}
[15:49:29.20] /# gi::executeAction deZoomInAtPoint -in [gi::getWindows 1]
[15:49:29.20] /i de::zoom -window 1 -factor 2.0 -center {1.27 1.25}
[15:49:29.21] /o {-80.355 -40.379} {92.894 71.039}
[15:49:29.25] /# gi::executeAction deZoomInAtPoint -in [gi::getWindows 1]
[15:49:29.25] /i de::zoom -window 1 -factor 2.0 -center {1.27 1.25}
[15:49:29.26] /o {-39.542 -19.564} {47.082 36.145}
[15:49:29.43] /# gi::executeAction deZoomInAtPoint -in [gi::getWindows 1]
[15:49:29.43] /i de::zoom -window 1 -factor 2.0 -center {1.27 1.25}
[15:49:29.44] /o {-19.136 -9.157} {24.176 18.697}
[15:49:29.45] /# gi::executeAction deZoomInAtPoint -in [gi::getWindows 1]
[15:49:29.45] /i de::zoom -window 1 -factor 2.0 -center {1.27 1.25}
[15:49:29.46] /o {-8.933 -3.954} {12.723 9.974}
[15:49:29.48] /# gi::executeAction deZoomInAtPoint -in [gi::getWindows 1]
[15:49:29.48] /i de::zoom -window 1 -factor 2.0 -center {1.27 1.25}
[15:49:29.49] /o {-3.832 -1.352} {6.997 5.612}
[15:49:29.60] /# gi::executeAction deZoomInAtPoint -in [gi::getWindows 1]
[15:49:29.60] /i de::zoom -window 1 -factor 2.0 -center {1.27 1.25}
[15:49:29.61] /o {-1.281 -0.051} {4.133 3.431}
[15:49:29.66] /# gi::executeAction deZoomInAtPoint -in [gi::getWindows 1]
[15:49:29.66] /i de::zoom -window 1 -factor 2.0 -center {1.27 1.25}
[15:49:29.67] /o {-0.005 0.6} {2.702 2.34}
[15:49:31.52] /# gi::executeAction deZoomOutAtPoint -in [gi::getWindows 1]
[15:49:31.52] /i de::zoom -window 1 -factor 0.5 -center {1.975 1.078}
[15:49:31.53] /o {-1.986 0.121} {3.428 3.603}
[15:49:31.55] /# gi::executeAction deZoomOutAtPoint -in [gi::getWindows 1]
[15:49:31.55] /i de::zoom -window 1 -factor 0.5 -center {1.974 1.078}
[15:49:31.56] /o {-5.946 -0.836} {4.883 6.128}
[15:49:32.09] /# gi::executeAction deZoomInAtPoint -in [gi::getWindows 1]
[15:49:32.09] /i de::zoom -window 1 -factor 2.0 -center {1.975 1.077}
[15:49:32.10] /o {-1.985 0.121} {3.429 3.602}
[15:49:34.05] /# gi::executeAction deSelectByWindow -in [gi::getWindows 1]
[15:49:34.05] /i de::deselectAll [db::getNext [de::getContexts -window 1]]; ide::selectByRegion -region rectangle -select true -point {3.07 0.975} 
[15:49:34.69] /# gi::executeAction deEndDrag -in [gi::getWindows 1]
[15:49:34.69] /i de::endDrag {2.868 2.869} -window 1
[15:49:35.13] /# gi::executeAction deSelectActive -in [gi::getWindows 1]
[15:49:35.37] /# gi::executeAction deZoomOutAtPoint -in [gi::getWindows 1]
[15:49:35.37] /i de::zoom -window 1 -factor 0.5 -center {2.868 2.869}
[15:49:35.38] /o {-6.839 -2.628} {3.99 4.336}
[15:49:35.39] /# gi::executeAction deZoomOutAtPoint -in [gi::getWindows 1]
[15:49:35.39] /i de::zoom -window 1 -factor 0.5 -center {2.867 2.869}
[15:49:35.41] /o {-16.544 -8.125} {5.112 5.803}
[15:49:35.41] /# gi::executeAction deZoomOutAtPoint -in [gi::getWindows 1]
[15:49:35.41] /i de::zoom -window 1 -factor 0.5 -center {2.867 2.869}
[15:49:35.42] /o {-35.955 -19.118} {7.357 8.736}
[15:49:35.42] /# gi::executeAction deZoomOutAtPoint -in [gi::getWindows 1]
[15:49:35.42] /i de::zoom -window 1 -factor 0.5 -center {2.868 2.87}
[15:49:35.43] /o {-74.778 -41.106} {11.846 14.603}
[15:49:35.43] /# gi::executeAction deZoomOutAtPoint -in [gi::getWindows 1]
[15:49:35.43] /i de::zoom -window 1 -factor 0.5 -center {2.867 2.869}
[15:49:35.44] /o {-152.424 -85.082} {20.825 26.336}
[15:49:35.44] /# gi::executeAction deZoomOutAtPoint -in [gi::getWindows 1]
[15:49:35.44] /i de::zoom -window 1 -factor 0.5 -center {2.868 2.869}
[15:49:35.45] /o {-307.716 -173.032} {38.782 49.804}
[15:49:35.46] /w Warning: Nothing is bound to the 'Button7' in the current active set. (WINDOW-015)
[15:49:35.46] /# gi::executeAction deZoomOutAtPoint -in [gi::getWindows 1]
[15:49:35.46] /i de::zoom -window 1 -factor 0.5 -center {2.867 2.869}
[15:49:35.47] /o {-618.299 -348.934} {74.697 96.739}
[15:49:35.47] /# gi::executeAction deZoomOutAtPoint -in [gi::getWindows 1]
[15:49:35.47] /i de::zoom -window 1 -factor 0.5 -center {2.867 2.87}
[15:49:35.48] /o {-1239.465 -700.738} {146.528 190.607}
[15:49:35.48] /# gi::executeAction deZoomOutAtPoint -in [gi::getWindows 1]
[15:49:35.49] /i de::zoom -window 1 -factor 0.5 -center {2.868 2.87}
[15:49:35.49] /o {-2481.798 -1404.346} {290.187 378.344}
[15:49:35.49] /# gi::executeAction deZoomOutAtPoint -in [gi::getWindows 1]
[15:49:35.49] /i de::zoom -window 1 -factor 0.5 -center {2.867 2.869}
[15:49:35.50] /w Warning: Could not zoom to factor '0.000153' because the length and width of the design must both remain at least one pixel in size. (CANVAS-002)
[15:49:35.51] /o {-2481.798 -1404.346} {290.187 378.344}
[15:49:35.51] /# gi::executeAction deZoomOutAtPoint -in [gi::getWindows 1]
[15:49:35.51] /i de::zoom -window 1 -factor 0.5 -center {2.867 2.869}
[15:49:35.51] /w Warning: Could not zoom to factor '0.000153' because the length and width of the design must both remain at least one pixel in size. (CANVAS-002)
[15:49:35.52] /o {-2481.798 -1404.346} {290.187 378.344}
[15:49:35.52] /# gi::executeAction deZoomOutAtPoint -in [gi::getWindows 1]
[15:49:35.52] /i de::zoom -window 1 -factor 0.5 -center {2.867 2.869}
[15:49:35.53] /w Warning: Could not zoom to factor '0.000153' because the length and width of the design must both remain at least one pixel in size. (CANVAS-002)
[15:49:35.53] /o {-2481.798 -1404.346} {290.187 378.344}
[15:49:35.53] /# gi::executeAction deZoomOutAtPoint -in [gi::getWindows 1]
[15:49:35.53] /i de::zoom -window 1 -factor 0.5 -center {2.867 2.869}
[15:49:35.54] /w Warning: Could not zoom to factor '0.000153' because the length and width of the design must both remain at least one pixel in size. (CANVAS-002)
[15:49:35.54] /o {-2481.798 -1404.346} {290.187 378.344}
[15:49:35.54] /# gi::executeAction deZoomOutAtPoint -in [gi::getWindows 1]
[15:49:35.54] /i de::zoom -window 1 -factor 0.5 -center {2.867 2.869}
[15:49:35.55] /w Warning: Could not zoom to factor '0.000153' because the length and width of the design must both remain at least one pixel in size. (CANVAS-002)
[15:49:35.56] /o {-2481.798 -1404.346} {290.187 378.344}
[15:49:35.56] /# gi::executeAction deZoomOutAtPoint -in [gi::getWindows 1]
[15:49:35.56] /i de::zoom -window 1 -factor 0.5 -center {2.867 2.869}
[15:49:35.56] /w Warning: Could not zoom to factor '0.000153' because the length and width of the design must both remain at least one pixel in size. (CANVAS-002)
[15:49:35.57] /o {-2481.798 -1404.346} {290.187 378.344}
[15:49:35.93] /# gi::executeAction deZoomInAtPoint -in [gi::getWindows 1]
[15:49:35.93] /i de::zoom -window 1 -factor 2.0 -center {2.867 2.869}
[15:49:35.94] /o {-1239.465 -700.738} {146.527 190.607}
[15:49:35.94] /# gi::executeAction deZoomInAtPoint -in [gi::getWindows 1]
[15:49:35.94] /i de::zoom -window 1 -factor 2.0 -center {2.867 2.869}
[15:49:35.95] /o {-618.299 -348.935} {74.697 96.738}
[15:49:35.96] /# gi::executeAction deZoomInAtPoint -in [gi::getWindows 1]
[15:49:35.96] /i de::zoom -window 1 -factor 2.0 -center {2.867 2.869}
[15:49:35.97] /o {-307.716 -173.033} {38.782 49.803}
[15:49:35.97] /# gi::executeAction deZoomInAtPoint -in [gi::getWindows 1]
[15:49:35.97] /i de::zoom -window 1 -factor 2.0 -center {2.867 2.869}
[15:49:36.01] /o {-152.425 -85.082} {20.825 26.336}
[15:49:36.02] /# gi::executeAction deZoomInAtPoint -in [gi::getWindows 1]
[15:49:36.02] /i de::zoom -window 1 -factor 2.0 -center {2.867 2.869}
[15:49:36.06] /o {-74.779 -41.106} {11.846 14.603}
[15:49:36.34] /# gi::executeAction deZoomInAtPoint -in [gi::getWindows 1]
[15:49:36.34] /i de::zoom -window 1 -factor 2.0 -center {2.867 2.869}
[15:49:36.35] /o {-35.956 -19.119} {7.356 8.736}
[15:49:36.37] /# gi::executeAction deZoomInAtPoint -in [gi::getWindows 1]
[15:49:36.37] /i de::zoom -window 1 -factor 2.0 -center {2.867 2.869}
[15:49:36.38] /o {-16.544 -8.125} {5.112 5.802}
[15:49:36.38] /# gi::executeAction deZoomInAtPoint -in [gi::getWindows 1]
[15:49:36.38] /i de::zoom -window 1 -factor 2.0 -center {2.867 2.869}
[15:49:36.39] /o {-6.839 -2.628} {3.989 4.336}
[15:49:36.41] /# gi::executeAction deZoomInAtPoint -in [gi::getWindows 1]
[15:49:36.41] /i de::zoom -window 1 -factor 2.0 -center {2.867 2.869}
[15:49:36.42] /o {-1.986 0.121} {3.428 3.602}
[15:49:36.47] /# gi::executeAction deZoomInAtPoint -in [gi::getWindows 1]
[15:49:36.47] /i de::zoom -window 1 -factor 2.0 -center {2.867 2.869}
[15:49:36.48] /o {0.441 1.495} {3.148 3.236}
[15:49:36.48] /# gi::executeAction deZoomInAtPoint -in [gi::getWindows 1]
[15:49:36.48] /i de::zoom -window 1 -factor 2.0 -center {2.867 2.869}
[15:49:36.49] /o {1.654 2.182} {3.007 3.052}
[15:49:36.50] /# gi::executeAction deZoomInAtPoint -in [gi::getWindows 1]
[15:49:36.50] /i de::zoom -window 1 -factor 2.0 -center {2.867 2.869}
[15:49:36.51] /o {2.26 2.525} {2.937 2.961}
[15:49:37.10] /# gi::executeAction deZoomOutAtPoint -in [gi::getWindows 1]
[15:49:37.10] /i de::zoom -window 1 -factor 0.5 -center {2.867 2.869}
[15:49:37.11] /o {1.654 2.182} {3.007 3.052}
[15:49:37.12] /# gi::executeAction deZoomOutAtPoint -in [gi::getWindows 1]
[15:49:37.12] /i de::zoom -window 1 -factor 0.5 -center {2.867 2.869}
[15:49:37.13] /o {0.441 1.495} {3.148 3.236}
[15:49:37.14] /# gi::executeAction deZoomOutAtPoint -in [gi::getWindows 1]
[15:49:37.14] /i de::zoom -window 1 -factor 0.5 -center {2.867 2.869}
[15:49:37.15] /o {-1.986 0.121} {3.428 3.602}
[15:49:37.15] /# gi::executeAction deZoomOutAtPoint -in [gi::getWindows 1]
[15:49:37.15] /i de::zoom -window 1 -factor 0.5 -center {2.867 2.869}
[15:49:37.16] /o {-6.839 -2.628} {3.989 4.336}
[15:49:37.18] /# gi::executeAction deZoomOutAtPoint -in [gi::getWindows 1]
[15:49:37.18] /i de::zoom -window 1 -factor 0.5 -center {2.867 2.869}
[15:49:37.19] /o {-16.544 -8.125} {5.112 5.802}
[15:49:37.19] /# gi::executeAction deZoomOutAtPoint -in [gi::getWindows 1]
[15:49:37.19] /i de::zoom -window 1 -factor 0.5 -center {2.867 2.869}
[15:49:37.20] /o {-35.956 -19.119} {7.356 8.736}
[15:49:37.20] /# gi::executeAction deZoomOutAtPoint -in [gi::getWindows 1]
[15:49:37.20] /i de::zoom -window 1 -factor 0.5 -center {2.867 2.869}
[15:49:37.21] /o {-74.779 -41.106} {11.846 14.603}
[15:49:37.21] /# gi::executeAction deZoomOutAtPoint -in [gi::getWindows 1]
[15:49:37.21] /i de::zoom -window 1 -factor 0.5 -center {2.867 2.869}
[15:49:37.22] /o {-152.425 -85.082} {20.825 26.336}
[15:49:37.22] /# gi::executeAction deZoomOutAtPoint -in [gi::getWindows 1]
[15:49:37.22] /i de::zoom -window 1 -factor 0.5 -center {2.867 2.869}
[15:49:37.23] /o {-307.716 -173.033} {38.782 49.803}
[15:49:37.24] /# gi::executeAction deZoomOutAtPoint -in [gi::getWindows 1]
[15:49:37.25] /i de::zoom -window 1 -factor 0.5 -center {2.867 2.869}
[15:49:37.26] /o {-618.299 -348.935} {74.697 96.738}
[15:49:37.65] /# gi::executeAction deZoomInAtPoint -in [gi::getWindows 1]
[15:49:37.65] /i de::zoom -window 1 -factor 2.0 -center {2.867 2.869}
[15:49:37.66] /o {-307.716 -173.033} {38.782 49.803}
[15:49:37.89] /# gi::executeAction deZoomInAtPoint -in [gi::getWindows 1]
[15:49:37.89] /i de::zoom -window 1 -factor 2.0 -center {2.867 2.869}
[15:49:37.90] /o {-152.425 -85.082} {20.825 26.336}
[15:49:38.40] /# gi::executeAction deZoomInAtPoint -in [gi::getWindows 1]
[15:49:38.40] /i de::zoom -window 1 -factor 2.0 -center {2.867 2.869}
[15:49:38.41] /o {-74.779 -41.106} {11.846 14.603}
[15:49:38.41] /# gi::executeAction deZoomInAtPoint -in [gi::getWindows 1]
[15:49:38.41] /i de::zoom -window 1 -factor 2.0 -center {2.867 2.869}
[15:49:38.42] /o {-35.956 -19.119} {7.356 8.736}
[15:49:38.44] /# gi::executeAction deZoomInAtPoint -in [gi::getWindows 1]
[15:49:38.44] /i de::zoom -window 1 -factor 2.0 -center {2.867 2.869}
[15:49:38.45] /o {-16.544 -8.125} {5.112 5.802}
[15:49:38.54] /# gi::executeAction deZoomInAtPoint -in [gi::getWindows 1]
[15:49:38.54] /i de::zoom -window 1 -factor 2.0 -center {2.867 2.869}
[15:49:38.55] /o {-6.839 -2.628} {3.989 4.336}
[15:49:39.55] /# gi::executeAction dePanWest -in [gi::getWindows 1]
[15:49:39.55] /i de::pan -direction W -multiplier 0.5
[15:49:39.56] /o {-12.246 -2.628} {-1.418 4.336}
[15:49:39.72] /# gi::executeAction dePanWest -in [gi::getWindows 1]
[15:49:39.72] /i de::pan -direction W -multiplier 0.5
[15:49:39.73] /o {-17.654 -2.628} {-6.826 4.336}
[15:49:39.88] /# gi::executeAction dePanWest -in [gi::getWindows 1]
[15:49:39.88] /i de::pan -direction W -multiplier 0.5
[15:49:39.90] /o {-23.062 -2.628} {-12.234 4.336}
[15:49:40.23] /# gi::executeAction dePanEast -in [gi::getWindows 1]
[15:49:40.23] /i de::pan -direction E -multiplier 0.5
[15:49:40.24] /o {-17.654 -2.628} {-6.826 4.336}
[15:49:40.56] /# gi::executeAction dePanEast -in [gi::getWindows 1]
[15:49:40.56] /i de::pan -direction E -multiplier 0.5
[15:49:40.57] /o {-12.246 -2.628} {-1.418 4.336}
[15:49:40.73] /# gi::executeAction dePanEast -in [gi::getWindows 1]
[15:49:40.73] /i de::pan -direction E -multiplier 0.5
[15:49:40.74] /o {-6.839 -2.628} {3.989 4.336}
[15:49:40.88] /# gi::executeAction dePanEast -in [gi::getWindows 1]
[15:49:40.88] /i de::pan -direction E -multiplier 0.5
[15:49:40.91] /o {-1.431 -2.628} {9.397 4.336}
[15:49:41.06] /# gi::executeAction dePanEast -in [gi::getWindows 1]
[15:49:41.06] /i de::pan -direction E -multiplier 0.5
[15:49:41.07] /o {3.977 -2.628} {14.805 4.336}
[15:49:41.46] /# gi::executeAction dePanWest -in [gi::getWindows 1]
[15:49:41.46] /i de::pan -direction W -multiplier 0.5
[15:49:41.47] /o {-1.431 -2.628} {9.397 4.336}
[15:49:41.69] /# gi::executeAction dePanWest -in [gi::getWindows 1]
[15:49:41.69] /i de::pan -direction W -multiplier 0.5
[15:49:41.71] /o {-6.839 -2.628} {3.989 4.336}
[15:49:42.07] /# gi::executeAction dePanEast -in [gi::getWindows 1]
[15:49:42.07] /i de::pan -direction E -multiplier 0.5
[15:49:42.08] /o {-1.431 -2.628} {9.397 4.336}
[15:49:43.76] /# gi::executeAction deZoomOutAtPoint -in [gi::getWindows 1]
[15:49:43.76] /i de::zoom -window 1 -factor 0.5 -center {2.472 0.101}
[15:49:43.78] /o {-5.334 -5.357} {16.322 8.57}
[15:49:43.80] /# gi::executeAction deZoomOutAtPoint -in [gi::getWindows 1]
[15:49:43.80] /i de::zoom -window 1 -factor 0.5 -center {2.471 0.102}
[15:49:43.81] /o {-13.139 -10.816} {30.173 17.039}
[15:49:43.99] /# gi::executeAction deZoomOutAtPoint -in [gi::getWindows 1]
[15:49:43.99] /i de::zoom -window 1 -factor 0.5 -center {2.472 0.102}
[15:49:44.00] /o {-28.751 -21.733} {57.874 33.976}
[15:49:44.42] /# gi::executeAction deZoomInAtPoint -in [gi::getWindows 1]
[15:49:44.42] /i de::zoom -window 1 -factor 2.0 -center {2.471 0.101}
[15:49:44.43] /o {-13.14 -10.816} {30.173 17.038}
[15:49:44.43] /# gi::executeAction deZoomInAtPoint -in [gi::getWindows 1]
[15:49:44.43] /i de::zoom -window 1 -factor 2.0 -center {2.471 0.101}
[15:49:44.44] /o {-5.334 -5.358} {16.322 8.57}
[15:49:44.55] /# gi::executeAction deZoomInAtPoint -in [gi::getWindows 1]
[15:49:44.55] /i de::zoom -window 1 -factor 2.0 -center {2.471 0.101}
[15:49:44.56] /o {-1.432 -2.628} {9.396 4.335}
[15:49:44.63] /# gi::executeAction deZoomInAtPoint -in [gi::getWindows 1]
[15:49:44.63] /i de::zoom -window 1 -factor 2.0 -center {2.471 0.101}
[15:49:44.64] /o {0.52 -1.264} {5.934 2.218}
[15:49:44.71] /# gi::executeAction deZoomInAtPoint -in [gi::getWindows 1]
[15:49:44.71] /i de::zoom -window 1 -factor 2.0 -center {2.471 0.101}
[15:49:44.72] /o {1.495 -0.581} {4.202 1.16}
[15:49:45.69] /# gi::executeAction dePanEast -in [gi::getWindows 1]
[15:49:45.69] /i de::pan -direction E -multiplier 0.5
[15:49:45.70] /o {2.847 -0.581} {5.554 1.16}
[15:49:45.90] /# gi::executeAction dePanWest -in [gi::getWindows 1]
[15:49:45.90] /i de::pan -direction W -multiplier 0.5
[15:49:45.91] /o {1.495 -0.581} {4.202 1.16}
[15:49:46.29] /# gi::executeAction dePanWest -in [gi::getWindows 1]
[15:49:46.29] /i de::pan -direction W -multiplier 0.5
[15:49:46.32] /o {0.143 -0.581} {2.85 1.16}
[15:49:46.90] /# gi::executeAction dePanNorth -in [gi::getWindows 1]
[15:49:46.90] /i de::pan -direction N -multiplier 0.5
[15:49:46.94] /o {0.143 0.289} {2.85 2.03}
[15:49:47.12] /# gi::executeAction dePanNorth -in [gi::getWindows 1]
[15:49:47.12] /i de::pan -direction N -multiplier 0.5
[15:49:47.13] /o {0.143 1.16} {2.85 2.9}
[15:49:47.46] /# gi::executeAction dePanSouth -in [gi::getWindows 1]
[15:49:47.46] /i de::pan -direction S -multiplier 0.5
[15:49:47.47] /o {0.143 0.289} {2.85 2.03}
[15:49:47.68] /# gi::executeAction dePanSouth -in [gi::getWindows 1]
[15:49:47.68] /i de::pan -direction S -multiplier 0.5
[15:49:47.70] /o {0.143 -0.581} {2.85 1.16}
[15:49:48.21] /# gi::executeAction dePanSouth -in [gi::getWindows 1]
[15:49:48.21] /i de::pan -direction S -multiplier 0.5
[15:49:48.22] /o {0.143 -1.452} {2.85 0.289}
[15:49:54.60] /# gi::executeAction deSelectActive -in [gi::getWindows 1]
[15:49:54.60] /i de::select [de::getActiveFigure [gi::getWindows 1] -point {1.374 -0.145} -index 0 -intent none] -replace true
[15:49:54.61] /o oa:0x2333b3c0
[15:50:03.09] /# gi::executeAction leMove -in [gi::getWindows 1]
[15:50:03.09] /i ile::move
[15:50:05.28] /# gi::executeAction deStartDrag -in [gi::getWindows 1]
[15:50:05.28] /i de::startDrag {1.282 -0.473} -window 1
[15:50:13.41] /# gi::executeAction deEndDrag -in [gi::getWindows 1]
[15:50:13.41] /i de::endDrag {1.145 -0.291} -window 1
[15:50:15.89] /# gi::executeAction deZoomInAtPoint -in [gi::getWindows 1]
[15:50:15.89] /i de::zoom -window 1 -factor 2.0 -center {1.365 -0.374}
[15:50:15.90] /o {0.754 -0.913} {2.108 -0.042}
[15:50:15.92] /# gi::executeAction deZoomInAtPoint -in [gi::getWindows 1]
[15:50:15.92] /i de::zoom -window 1 -factor 2.0 -center {1.365 -0.374}
[15:50:15.93] /o {1.06 -0.643} {1.736 -0.208}
[15:50:15.96] /w Warning: Nothing is bound to the 'Button6' in the current active set. (WINDOW-015)
[15:50:15.96] /# gi::executeAction deZoomInAtPoint -in [gi::getWindows 1]
[15:50:15.96] /i de::zoom -window 1 -factor 2.0 -center {1.365 -0.374}
[15:50:15.97] /o {1.212 -0.509} {1.551 -0.291}
[15:50:15.97] /# gi::executeAction deZoomInAtPoint -in [gi::getWindows 1]
[15:50:15.97] /i de::zoom -window 1 -factor 2.0 -center {1.365 -0.374}
[15:50:15.98] /o {1.289 -0.441} {1.458 -0.333}
[15:50:16.50] /# gi::executeAction deZoomOutAtPoint -in [gi::getWindows 1]
[15:50:16.50] /i de::zoom -window 1 -factor 0.5 -center {1.365 -0.374}
[15:50:16.51] /o {1.212 -0.509} {1.551 -0.291}
[15:50:16.54] /# gi::executeAction deZoomOutAtPoint -in [gi::getWindows 1]
[15:50:16.54] /i de::zoom -window 1 -factor 0.5 -center {1.365 -0.374}
[15:50:16.55] /o {1.06 -0.643} {1.736 -0.208}
[15:50:16.55] /# gi::executeAction deZoomOutAtPoint -in [gi::getWindows 1]
[15:50:16.55] /i de::zoom -window 1 -factor 0.5 -center {1.365 -0.374}
[15:50:16.56] /o {0.754 -0.913} {2.108 -0.042}
[15:50:17.09] /# gi::executeAction deZoomOutAtPoint -in [gi::getWindows 1]
[15:50:17.09] /i de::zoom -window 1 -factor 0.5 -center {1.365 -0.374}
[15:50:17.10] /o {0.143 -1.452} {2.85 0.289}
[15:50:19.17] /# gi::executeAction deSelectByWindow -in [gi::getWindows 1]
[15:50:19.17] /i de::deselectAll [db::getNext [de::getContexts -window 1]]; ide::selectByRegion -region rectangle -select true -point {1.36 -0.265} 
[15:50:19.79] /# gi::executeAction deEndDrag -in [gi::getWindows 1]
[15:50:19.79] /i de::endDrag {1.355 -0.313} -window 1
[15:50:21.57] /# gi::executeAction leMove -in [gi::getWindows 1]
[15:50:21.57] /i ile::move
[15:50:23.38] /# gi::executeAction deStartDrag -in [gi::getWindows 1]
[15:50:23.38] /i de::startDrag {1.358 -0.387} -window 1
[15:50:24.53] /# gi::executeAction deEndDrag -in [gi::getWindows 1]
[15:50:24.53] /i de::endDrag {1.269 -0.495} -window 1
[15:50:26.01] /# gi::executeAction deStartDrag -in [gi::getWindows 1]
[15:50:26.01] /i de::startDrag {1.272 -0.495} -window 1
[15:50:26.71] /# gi::executeAction deEndDrag -in [gi::getWindows 1]
[15:50:26.71] /i de::endDrag {1.259 -0.766} -window 1
[15:50:27.59] /# gi::executeAction deAddPoint -in [gi::getWindows 1]
[15:50:27.59] /i de::addPoint {1.317 -0.671} -window 1
[15:50:28.45] /# gi::executeAction deStartDrag -in [gi::getWindows 1]
[15:50:28.45] /i de::startDrag {1.317 -0.671} -window 1
[15:50:29.09] /# gi::executeAction deEndDrag -in [gi::getWindows 1]
[15:50:29.09] /i de::endDrag {1.212 -0.664} -window 1
[15:50:30.03] /# gi::executeAction deAddPoint -in [gi::getWindows 1]
[15:50:30.03] /i de::addPoint {1.326 -0.648} -window 1
[15:50:30.91] /# gi::executeAction deAddPoint -in [gi::getWindows 1]
[15:50:30.91] /i de::addPoint {1.326 -0.648} -window 1
[15:50:32.04] /# gi::executeAction deStartDrag -in [gi::getWindows 1]
[15:50:32.04] /i de::startDrag {1.326 -0.648} -window 1
[15:50:32.48] /# gi::executeAction deEndDrag -in [gi::getWindows 1]
[15:50:32.48] /i de::endDrag {1.524 -0.632} -window 1
[15:50:33.58] /# gi::executeAction deAddPoint -in [gi::getWindows 1]
[15:50:33.58] /i de::addPoint {1.279 -0.211} -window 1
[15:50:35.37] /# gi::executeAction deStartDrag -in [gi::getWindows 1]
[15:50:35.37] /i de::startDrag {1.279 -0.211} -window 1
[15:50:36.05] /# gi::executeAction deEndDrag -in [gi::getWindows 1]
[15:50:36.05] /i de::endDrag {1.138 -0.199} -window 1
[15:50:37.75] /# gi::executeAction deStartDrag -in [gi::getWindows 1]
[15:50:37.75] /i de::startDrag {1.31 -0.664} -window 1
[15:50:38.29] /# gi::executeAction deEndDrag -in [gi::getWindows 1]
[15:50:38.29] /i de::endDrag {1.17 -0.639} -window 1
[15:50:39.23] /# gi::executeAction deStartDrag -in [gi::getWindows 1]
[15:50:39.23] /i de::startDrag {1.145 -0.145} -window 1
[15:50:39.63] /# gi::executeAction deEndDrag -in [gi::getWindows 1]
[15:50:39.63] /i de::endDrag {1.668 -0.505} -window 1
[15:50:40.55] /# gi::executeAction deAddPoint -in [gi::getWindows 1]
[15:50:40.55] /i de::addPoint {1.553 -0.435} -window 1
[15:50:42.98] /# gi::executeAction deZoomInAtPoint -in [gi::getWindows 1]
[15:50:42.98] /i de::zoom -window 1 -factor 2.0 -center {1.285 -0.384}
[15:50:42.99] /o {0.714 -0.918} {2.068 -0.047}
[15:50:43.01] /# gi::executeAction deZoomInAtPoint -in [gi::getWindows 1]
[15:50:43.01] /i de::zoom -window 1 -factor 2.0 -center {1.285 -0.384}
[15:50:43.02] /o {1.0 -0.651} {1.676 -0.216}
[15:50:43.02] /# gi::executeAction deZoomInAtPoint -in [gi::getWindows 1]
[15:50:43.02] /i de::zoom -window 1 -factor 2.0 -center {1.285 -0.384}
[15:50:43.03] /o {1.142 -0.517} {1.481 -0.3}
[15:50:43.03] /# gi::executeAction deZoomInAtPoint -in [gi::getWindows 1]
[15:50:43.03] /i de::zoom -window 1 -factor 2.0 -center {1.285 -0.384}
[15:50:43.04] /o {1.214 -0.451} {1.383 -0.342}
[15:50:43.06] /# gi::executeAction deZoomInAtPoint -in [gi::getWindows 1]
[15:50:43.06] /i de::zoom -window 1 -factor 2.0 -center {1.285 -0.384}
[15:50:43.07] /o {1.249 -0.417} {1.334 -0.363}
[15:50:43.07] /w Warning: Nothing is bound to the 'Button6' in the current active set. (WINDOW-015)
[15:50:43.08] /# gi::executeAction deZoomInAtPoint -in [gi::getWindows 1]
[15:50:43.08] /i de::zoom -window 1 -factor 2.0 -center {1.285 -0.384}
[15:50:43.09] /o {1.267 -0.401} {1.309 -0.373}
[15:50:43.09] /# gi::executeAction deZoomInAtPoint -in [gi::getWindows 1]
[15:50:43.09] /i de::zoom -window 1 -factor 2.0 -center {1.285 -0.384}
[15:50:43.10] /o {1.269 -0.399} {1.307 -0.374}
[15:50:43.10] /# gi::executeAction deZoomInAtPoint -in [gi::getWindows 1]
[15:50:43.10] /i de::zoom -window 1 -factor 2.0 -center {1.285 -0.384}
[15:50:43.11] /o {1.269 -0.399} {1.307 -0.374}
[15:50:43.13] /w Warning: Nothing is bound to the 'Button6' in the current active set. (WINDOW-015)
[15:50:43.13] /# gi::executeAction deZoomInAtPoint -in [gi::getWindows 1]
[15:50:43.13] /i de::zoom -window 1 -factor 2.0 -center {1.285 -0.384}
[15:50:43.15] /o {1.269 -0.399} {1.307 -0.374}
[15:50:43.47] /# gi::executeAction deZoomOutAtPoint -in [gi::getWindows 1]
[15:50:43.47] /i de::zoom -window 1 -factor 0.5 -center {1.285 -0.384}
[15:50:43.48] /o {1.252 -0.415} {1.33 -0.365}
[15:50:43.51] /# gi::executeAction deZoomOutAtPoint -in [gi::getWindows 1]
[15:50:43.51] /i de::zoom -window 1 -factor 0.5 -center {1.285 -0.384}
[15:50:43.52] /o {1.219 -0.445} {1.375 -0.345}
[15:50:43.52] /# gi::executeAction deZoomOutAtPoint -in [gi::getWindows 1]
[15:50:43.52] /i de::zoom -window 1 -factor 0.5 -center {1.285 -0.384}
[15:50:43.53] /o {1.154 -0.507} {1.465 -0.307}
[15:50:44.00] /# gi::executeAction deZoomOutAtPoint -in [gi::getWindows 1]
[15:50:44.00] /i de::zoom -window 1 -factor 0.5 -center {1.285 -0.384}
[15:50:44.01] /o {1.023 -0.629} {1.645 -0.229}
[15:50:44.07] /# gi::executeAction deZoomOutAtPoint -in [gi::getWindows 1]
[15:50:44.07] /i de::zoom -window 1 -factor 0.5 -center {1.285 -0.384}
[15:50:44.08] /o {0.76 -0.875} {2.004 -0.075}
[15:50:44.11] /# gi::executeAction deZoomOutAtPoint -in [gi::getWindows 1]
[15:50:44.11] /i de::zoom -window 1 -factor 0.5 -center {1.285 -0.384}
[15:50:44.12] /o {0.236 -1.365} {2.724 0.235}
[15:50:44.12] /# gi::executeAction deZoomOutAtPoint -in [gi::getWindows 1]
[15:50:44.12] /i de::zoom -window 1 -factor 0.5 -center {1.285 -0.384}
[15:50:44.13] /o {-0.813 -2.347} {4.162 0.853}
[15:50:46.21] /# gi::executeAction deAddPoint -in [gi::getWindows 1]
[15:50:46.21] /i de::addPoint {1.355 0.654} -window 1
[15:50:47.29] /# gi::executeAction deStartDrag -in [gi::getWindows 1]
[15:50:47.29] /i de::startDrag {1.355 0.654} -window 1
[15:50:48.54] /# gi::executeAction deEndDrag -in [gi::getWindows 1]
[15:50:48.54] /i de::endDrag {1.314 -1.134} -window 1
[15:50:51.12] /# gi::executeAction leMove -in [gi::getWindows 1]
[15:50:51.12] /i ile::move
[15:50:52.56] /# gi::executeAction deStartDrag -in [gi::getWindows 1]
[15:50:52.56] /i de::startDrag {1.343 -0.161} -window 1
[15:50:54.14] /# gi::executeAction deEndDrag -in [gi::getWindows 1]
[15:50:54.14] /i de::endDrag {1.859 -0.559} -window 1
[15:50:55.11] /# gi::executeAction deAddPoint -in [gi::getWindows 1]
[15:50:55.11] /i de::addPoint {1.32 -0.407} -window 1
[15:50:56.19] /# gi::executeAction deStartDrag -in [gi::getWindows 1]
[15:50:56.19] /i de::startDrag {1.32 -0.407} -window 1
[15:50:56.87] /# gi::executeAction deEndDrag -in [gi::getWindows 1]
[15:50:56.87] /i de::endDrag {1.343 -0.717} -window 1
[15:52:01.01] /# gi::executeAction dePan -in [gi::getWindows 1]
[15:52:01.01] /i ide::pan 1
[15:52:02.52] /# gi::executeAction deStartDrag -in [gi::getWindows 1]
[15:52:02.52] /i de::startDrag {1.326 -0.172} -window 1
[15:52:03.12] /# gi::executeAction deEndDrag -in [gi::getWindows 1]
[15:52:03.12] /i de::endDrag {1.32 -0.172} -window 1
[15:52:03.13] /r dePanToPoint {1.112 -0.594}
[15:52:35.35] /# gi::executeAction deAddPoint -in [gi::getWindows 1]
[15:52:35.35] /i de::addPoint {1.308 -0.236} -window 1
[15:52:37.34] /# gi::executeAction deAddPoint -in [gi::getWindows 1]
[15:52:37.34] /i de::addPoint {1.364 0.837} -window 1
[15:52:40.44] /# gi::executeAction deAbortCommand -in [gi::getWindows 1]
[15:52:40.44] /i de::abortCommand -window 1
[15:52:40.62] /# gi::executeAction deAbortCommand -in [gi::getWindows 1]
[15:52:40.62] /i de::abortCommand -window 1
[15:52:42.58] /# gi::executeAction deZoomOutAtPoint -in [gi::getWindows 1]
[15:52:42.58] /i de::zoom -window 1 -factor 0.5 -center {1.226 0.761}
[15:52:42.59] /o {-3.474 -2.287} {6.478 4.113}
[15:52:42.63] /# gi::executeAction deZoomOutAtPoint -in [gi::getWindows 1]
[15:52:42.63] /i de::zoom -window 1 -factor 0.5 -center {1.227 0.761}
[15:52:42.64] /o {-8.175 -5.335} {11.729 7.465}
[15:52:42.64] /# gi::executeAction deZoomOutAtPoint -in [gi::getWindows 1]
[15:52:42.64] /i de::zoom -window 1 -factor 0.5 -center {1.226 0.76}
[15:52:42.65] /o {-17.575 -11.43} {22.231 14.17}
[15:52:42.65] /# gi::executeAction deZoomOutAtPoint -in [gi::getWindows 1]
[15:52:42.65] /i de::zoom -window 1 -factor 0.5 -center {1.226 0.76}
[15:52:42.66] /o {-36.377 -23.62} {43.237 27.58}
[15:52:42.66] /# gi::executeAction deZoomOutAtPoint -in [gi::getWindows 1]
[15:52:42.66] /i de::zoom -window 1 -factor 0.5 -center {1.226 0.761}
[15:52:42.67] /o {-73.979 -48.001} {85.247 54.399}
[15:52:42.67] /# gi::executeAction deZoomOutAtPoint -in [gi::getWindows 1]
[15:52:42.67] /i de::zoom -window 1 -factor 0.5 -center {1.227 0.761}
[15:52:42.68] /o {-149.185 -96.763} {169.267 108.037}
[15:52:42.68] /# gi::executeAction deZoomOutAtPoint -in [gi::getWindows 1]
[15:52:42.68] /i de::zoom -window 1 -factor 0.5 -center {1.226 0.761}
[15:52:42.69] /o {-299.597 -194.287} {337.309 215.313}
[15:52:42.69] /# gi::executeAction deZoomOutAtPoint -in [gi::getWindows 1]
[15:52:42.69] /i de::zoom -window 1 -factor 0.5 -center {1.227 0.761}
[15:52:42.70] /o {-600.42 -389.335} {673.39 429.865}
[15:52:42.70] /# gi::executeAction deZoomOutAtPoint -in [gi::getWindows 1]
[15:52:42.70] /i de::zoom -window 1 -factor 0.5 -center {1.226 0.76}
[15:52:42.71] /o {-1202.067 -779.43} {1345.555 858.97}
[15:52:42.71] /# gi::executeAction deZoomOutAtPoint -in [gi::getWindows 1]
[15:52:42.71] /i de::zoom -window 1 -factor 0.5 -center {1.227 0.76}
[15:52:42.71] /w Warning: Could not zoom to factor '0.000167' because the length and width of the design must both remain at least one pixel in size. (CANVAS-002)
[15:52:42.72] /o {-1308.038 -848.139} {1463.947 934.551}
[15:52:42.73] /# gi::executeAction deZoomOutAtPoint -in [gi::getWindows 1]
[15:52:42.73] /i de::zoom -window 1 -factor 0.5 -center {1.227 0.761}
[15:52:42.74] /w Warning: Could not zoom to factor '0.000153' because the length and width of the design must both remain at least one pixel in size. (CANVAS-002)
[15:52:42.74] /o {-1308.038 -848.139} {1463.947 934.551}
[15:52:42.74] /# gi::executeAction deZoomOutAtPoint -in [gi::getWindows 1]
[15:52:42.74] /i de::zoom -window 1 -factor 0.5 -center {1.227 0.761}
[15:52:42.75] /w Warning: Could not zoom to factor '0.000153' because the length and width of the design must both remain at least one pixel in size. (CANVAS-002)
[15:52:42.76] /o {-1308.038 -848.139} {1463.947 934.551}
[15:52:42.76] /# gi::executeAction deZoomOutAtPoint -in [gi::getWindows 1]
[15:52:42.76] /i de::zoom -window 1 -factor 0.5 -center {1.227 0.761}
[15:52:42.76] /w Warning: Could not zoom to factor '0.000153' because the length and width of the design must both remain at least one pixel in size. (CANVAS-002)
[15:52:42.77] /o {-1308.038 -848.139} {1463.947 934.551}
[15:52:43.34] /# gi::executeAction deZoomInAtPoint -in [gi::getWindows 1]
[15:52:43.34] /i de::zoom -window 1 -factor 2.0 -center {1.227 0.761}
[15:52:43.35] /o {-653.406 -423.689} {732.587 467.656}
[15:52:43.36] /# gi::executeAction deZoomInAtPoint -in [gi::getWindows 1]
[15:52:43.36] /i de::zoom -window 1 -factor 2.0 -center {1.227 0.761}
[15:52:43.37] /o {-326.089 -211.464} {366.907 234.208}
[15:52:43.38] /# gi::executeAction deZoomInAtPoint -in [gi::getWindows 1]
[15:52:43.38] /i de::zoom -window 1 -factor 2.0 -center {1.227 0.761}
[15:52:43.39] /o {-162.431 -105.352} {184.067 117.485}
[15:52:43.79] /# gi::executeAction deZoomInAtPoint -in [gi::getWindows 1]
[15:52:43.79] /i de::zoom -window 1 -factor 2.0 -center {1.227 0.761}
[15:52:43.80] /o {-80.602 -52.295} {92.647 59.123}
[15:52:43.90] /# gi::executeAction deZoomInAtPoint -in [gi::getWindows 1]
[15:52:43.90] /i de::zoom -window 1 -factor 2.0 -center {1.227 0.761}
[15:52:43.92] /o {-39.688 -25.767} {46.937 29.942}
[15:52:43.99] /# gi::executeAction deZoomInAtPoint -in [gi::getWindows 1]
[15:52:43.99] /i de::zoom -window 1 -factor 2.0 -center {1.227 0.761}
[15:52:44.00] /o {-19.23 -12.503} {24.082 15.351}
[15:52:44.01] /# gi::executeAction deZoomInAtPoint -in [gi::getWindows 1]
[15:52:44.01] /i de::zoom -window 1 -factor 2.0 -center {1.227 0.761}
[15:52:44.02] /o {-9.002 -5.871} {12.654 8.056}
[15:52:44.05] /# gi::executeAction deZoomInAtPoint -in [gi::getWindows 1]
[15:52:44.05] /i de::zoom -window 1 -factor 2.0 -center {1.227 0.761}
[15:52:44.06] /o {-3.887 -2.555} {6.941 4.409}
[15:52:44.19] /# gi::executeAction deZoomInAtPoint -in [gi::getWindows 1]
[15:52:44.19] /i de::zoom -window 1 -factor 2.0 -center {1.227 0.761}
[15:52:44.20] /o {-1.33 -0.897} {4.084 2.585}
[15:52:45.27] /# gi::executeAction dePanSouth -in [gi::getWindows 1]
[15:52:45.27] /i de::pan -direction S -multiplier 0.5
[15:52:45.29] /o {-1.33 -2.638} {4.084 0.844}
[15:52:45.89] /# gi::executeAction dePanNorth -in [gi::getWindows 1]
[15:52:45.89] /i de::pan -direction N -multiplier 0.5
[15:52:45.90] /o {-1.33 -0.897} {4.084 2.585}
[15:52:49.49] /# gi::executeAction deZoomOutAtPoint -in [gi::getWindows 1]
[15:52:49.49] /i de::zoom -window 1 -factor 0.5 -center {1.393 0.997}
[15:52:49.50] /o {-4.053 -2.791} {6.775 4.173}
[15:52:50.37] /# gi::executeAction deZoomInAtPoint -in [gi::getWindows 1]
[15:52:50.37] /i de::zoom -window 1 -factor 2.0 -center {1.393 0.997}
[15:52:50.38] /o {-1.33 -0.897} {4.084 2.585}
[15:52:50.48] /# gi::executeAction deZoomInAtPoint -in [gi::getWindows 1]
[15:52:50.48] /i de::zoom -window 1 -factor 2.0 -center {1.393 0.997}
[15:52:50.49] /o {0.031 0.05} {2.738 1.791}
[15:52:58.90] /# gi::executeAction leMove -in [gi::getWindows 1]
[15:52:58.91] /i ile::move
[15:53:01.91] /# gi::executeAction deStartDrag -in [gi::getWindows 1]
[15:53:01.91] /i de::startDrag {1.307 0.889} -window 1
[15:53:03.38] /# gi::executeAction deEndDrag -in [gi::getWindows 1]
[15:53:03.38] /i de::endDrag {1.326 0.94} -window 1
[15:53:06.07] /# gi::executeAction deStartDrag -in [gi::getWindows 1]
[15:53:06.07] /i de::startDrag {1.336 0.943} -window 1
[15:53:08.74] /# gi::executeAction deEndDrag -in [gi::getWindows 1]
[15:53:08.74] /i de::endDrag {1.297 1.734} -window 1
[15:53:10.21] /# gi::executeAction deAddPoint -in [gi::getWindows 1]
[15:53:10.21] /i de::addPoint {1.3 1.514} -window 1
[15:53:14.54] /i gi::executeAction deObjectActivation -in [gi::getWindows 1]
[15:53:14.79] /# gi::executeAction deZoomIn -in [gi::getWindows 1]
[15:53:14.79] /i de::zoom -window 1 -factor 2.0
[15:53:14.80] /o {0.708 0.485} {2.062 1.356}
[15:53:15.19] /i gi::executeAction deObjectActivation -in [gi::getWindows 1]
[15:53:15.95] /# gi::executeAction deAbortCommand -in [gi::getWindows 1]
[15:53:15.95] /i de::abortCommand -window 1
[15:53:17.84] /i gi::executeAction deObjectActivation -in [gi::getWindows 1]
[15:53:18.07] /# gi::executeAction deZoomIn -in [gi::getWindows 1]
[15:53:18.07] /i de::zoom -window 1 -factor 2.0
[15:53:18.09] /o {1.047 0.703} {1.723 1.138}
[15:53:18.64] /i gi::executeAction deObjectActivation -in [gi::getWindows 1]
[15:53:20.42] /i gi::executeAction deObjectActivation -in [gi::getWindows 1]
[15:53:20.69] /# gi::executeAction deZoomIn -in [gi::getWindows 1]
[15:53:20.69] /i de::zoom -window 1 -factor 2.0
[15:53:20.70] /o {1.216 0.812} {1.554 1.029}
[15:53:21.80] /i gi::executeAction deObjectActivation -in [gi::getWindows 1]
[15:53:23.92] /w Warning: Nothing is bound to the 'Meta-z' in the current active set. (WINDOW-015)
[15:53:28.31] /# gi::executeAction deUndo -in [gi::getWindows 1]
[15:53:28.31] /i de::undoTransaction -design [db::getAttr editDesign -of [db::getNext [de::getContexts -window 1]]]
[15:53:30.37] /# gi::executeAction deZoomInAtPoint -in [gi::getWindows 1]
[15:53:30.37] /i de::zoom -window 1 -factor 2.0 -center {1.397 0.969}
[15:53:30.38] /o {1.306 0.89} {1.476 0.999}
[15:53:30.40] /# gi::executeAction deZoomInAtPoint -in [gi::getWindows 1]
[15:53:30.40] /i de::zoom -window 1 -factor 2.0 -center {1.397 0.969}
[15:53:30.41] /o {1.352 0.93} {1.436 0.984}
[15:53:30.41] /# gi::executeAction deZoomInAtPoint -in [gi::getWindows 1]
[15:53:30.41] /i de::zoom -window 1 -factor 2.0 -center {1.397 0.969}
[15:53:30.42] /o {1.374 0.949} {1.417 0.977}
[15:53:30.42] /# gi::executeAction deZoomInAtPoint -in [gi::getWindows 1]
[15:53:30.42] /i de::zoom -window 1 -factor 2.0 -center {1.397 0.969}
[15:53:30.43] /o {1.376 0.951} {1.415 0.976}
[15:53:30.43] /# gi::executeAction deZoomInAtPoint -in [gi::getWindows 1]
[15:53:30.43] /i de::zoom -window 1 -factor 2.0 -center {1.397 0.969}
[15:53:30.44] /o {1.376 0.951} {1.415 0.976}
[15:53:30.44] /# gi::executeAction deZoomInAtPoint -in [gi::getWindows 1]
[15:53:30.44] /i de::zoom -window 1 -factor 2.0 -center {1.397 0.969}
[15:53:30.45] /o {1.376 0.951} {1.415 0.976}
[15:53:30.45] /# gi::executeAction deZoomInAtPoint -in [gi::getWindows 1]
[15:53:30.45] /i de::zoom -window 1 -factor 2.0 -center {1.397 0.969}
[15:53:30.46] /o {1.376 0.951} {1.415 0.976}
[15:53:30.48] /# gi::executeAction deZoomInAtPoint -in [gi::getWindows 1]
[15:53:30.48] /i de::zoom -window 1 -factor 2.0 -center {1.397 0.969}
[15:53:30.49] /o {1.376 0.951} {1.415 0.976}
[15:53:30.49] /# gi::executeAction deZoomInAtPoint -in [gi::getWindows 1]
[15:53:30.49] /i de::zoom -window 1 -factor 2.0 -center {1.397 0.969}
[15:53:30.50] /o {1.376 0.951} {1.415 0.976}
[15:53:30.50] /# gi::executeAction deZoomInAtPoint -in [gi::getWindows 1]
[15:53:30.50] /i de::zoom -window 1 -factor 2.0 -center {1.397 0.969}
[15:53:30.51] /o {1.376 0.951} {1.415 0.976}
[15:53:30.51] /# gi::executeAction deZoomInAtPoint -in [gi::getWindows 1]
[15:53:30.51] /i de::zoom -window 1 -factor 2.0 -center {1.397 0.969}
[15:53:30.53] /o {1.376 0.951} {1.415 0.976}
[15:53:30.53] /# gi::executeAction deZoomInAtPoint -in [gi::getWindows 1]
[15:53:30.53] /i de::zoom -window 1 -factor 2.0 -center {1.397 0.969}
[15:53:30.54] /o {1.376 0.951} {1.415 0.976}
[15:53:30.89] /# gi::executeAction deZoomOutAtPoint -in [gi::getWindows 1]
[15:53:30.89] /i de::zoom -window 1 -factor 0.5 -center {1.397 0.969}
[15:53:30.90] /o {1.355 0.933} {1.433 0.983}
[15:53:30.93] /# gi::executeAction deZoomOutAtPoint -in [gi::getWindows 1]
[15:53:30.93] /i de::zoom -window 1 -factor 0.5 -center {1.397 0.969}
[15:53:30.94] /o {1.314 0.897} {1.469 0.997}
[15:53:30.94] /# gi::executeAction deZoomOutAtPoint -in [gi::getWindows 1]
[15:53:30.94] /i de::zoom -window 1 -factor 0.5 -center {1.397 0.969}
[15:53:30.95] /o {1.23 0.824} {1.541 1.024}
[15:53:30.99] /# gi::executeAction deZoomOutAtPoint -in [gi::getWindows 1]
[15:53:30.99] /i de::zoom -window 1 -factor 0.5 -center {1.397 0.969}
[15:53:31.00] /o {1.064 0.68} {1.686 1.08}
[15:53:31.00] /# gi::executeAction deZoomOutAtPoint -in [gi::getWindows 1]
[15:53:31.00] /i de::zoom -window 1 -factor 0.5 -center {1.398 0.969}
[15:53:31.01] /o {0.73 0.391} {1.974 1.191}
[15:53:31.14] /# gi::executeAction deZoomOutAtPoint -in [gi::getWindows 1]
[15:53:31.14] /i de::zoom -window 1 -factor 0.5 -center {1.398 0.969}
[15:53:31.16] /o {0.061 -0.188} {2.549 1.412}
[15:53:31.22] /# gi::executeAction deZoomOutAtPoint -in [gi::getWindows 1]
[15:53:31.22] /i de::zoom -window 1 -factor 0.5 -center {1.398 0.97}
[15:53:31.23] /o {-1.275 -1.346} {3.7 1.854}
[15:53:33.67] /# gi::executeAction deZoomInAtPoint -in [gi::getWindows 1]
[15:53:33.67] /i de::zoom -window 1 -factor 2.0 -center {1.397 0.969}
[15:53:33.68] /o {0.061 -0.188} {2.549 1.412}
[15:53:33.98] /# gi::executeAction deZoomInAtPoint -in [gi::getWindows 1]
[15:53:33.98] /i de::zoom -window 1 -factor 2.0 -center {1.397 0.969}
[15:53:33.99] /o {0.729 0.39} {1.973 1.19}
[15:53:35.77] /# gi::executeAction deZoomOutAtPoint -in [gi::getWindows 1]
[15:53:35.77] /i de::zoom -window 1 -factor 0.5 -center {1.397 0.969}
[15:53:35.78] /o {0.061 -0.188} {2.549 1.412}
[15:53:36.46] /# gi::executeAction deZoomOutAtPoint -in [gi::getWindows 1]
[15:53:36.46] /i de::zoom -window 1 -factor 0.5 -center {1.397 0.969}
[15:53:36.47] /o {-1.275 -1.346} {3.7 1.854}
[15:53:39.95] /# gi::executeAction leMove -in [gi::getWindows 1]
[15:53:39.95] /i ile::move
[15:53:42.16] /# gi::executeAction deStartDrag -in [gi::getWindows 1]
[15:53:42.16] /i de::startDrag {1.321 0.406} -window 1
[15:53:48.89] /# gi::executeAction deEndDrag -in [gi::getWindows 1]
[15:53:48.89] /i de::endDrag {1.274 0.553} -window 1
[15:54:01.84] /i gi::executeAction deSaveDesign -in [gi::getWindows 1]
[15:54:01.88] /m Information: Saving design 'mylibrary inverter layout'. (DESIGN_WINDOW-004)
[15:54:11.39] /m Information: Connection closed with 'IC Validator VUE' running on 'bender.engr.ucr.edu'.
[15:54:14.82] /i db::setAttr iconified -of [gi::getFrames 2] -value false
[15:54:14.84] /i gi::setActiveWindow 2
[15:54:14.84] /i gi::setActiveWindow 2 -raise true
[15:54:16.32] /i gi::executeAction giCloseWindow -in [gi::getWindows 2]
[15:54:16.39] /i gi::setActiveWindow 1
[15:54:16.39] /i gi::setActiveWindow 1 -raise true
[15:54:20.89] /# gi::executeAction xtDRCSetup -in [gi::getWindows 1]
[15:54:20.90] /i xt::showDRCSetup -job drc -window 1
[15:54:22.07] /# gi::setActiveDialog [gi::getDialogs {xtDRCSetup} -parent [gi::getWindows 1]]
[15:54:22.44] /# db::setAttr geometry -of [gi::getDialogs {xtDRCSetup} -parent [gi::getWindows 1]] -value 445x457+470+45
[15:54:24.08] /# gi::pressButton {/ok} -in [gi::getDialogs {xtDRCSetup} -parent [gi::getWindows 1]]
[15:54:24.57] /# xt::physicalVerification::executePve drc 1
[15:54:24.62] /e Error: Error: The specified object does not have attribute 'defaultScopeName'. (TCL_OBJECT-003) (OPAL-006)
[15:54:24.71] /r giWindowId 3
[15:54:24.72] /r giWindowGeometry 800x600
[15:54:26.38] /e Error: Error: The object is invalid. It may have been destroyed or its database may be purged.  (TCL_OBJECT-007)
[15:54:26.39] /e Error: The object is invalid. It may have been destroyed or its database may be purged.  (TCL_OBJECT-007)
[15:54:26.46] /i db::setAttr geometry -of [gi::getFrames 3] -value 800x600+27+43
[15:54:31.92] /m Information: 
              /c =============================
              /c JobID: icv_drc_2
              /c --- ERROR SUMMARY -----------
              /c  CO.E.6: Minimum enclosure of any contact bby M1 
              /c  0.005um
              /c    enclose ............................................ 1 violation found.
              /c  R.CO.E7: Min enclosure of contact at end of line
              /c    not_covered_by ..................................... 5 violations found.
              /c =============================
              /c 
[15:54:33.49] /m Information: Connection established with 'IC Validator VUE' running on 'bender.engr.ucr.edu'.
[15:54:54.17] /i db::setAttr iconified -of [gi::getFrames 3] -value true
[15:57:41.72] /m Information: Connection closed with 'IC Validator VUE' running on 'bender.engr.ucr.edu'.
[15:57:45.70] /# gi::executeAction leStretch -in [gi::getWindows 1]
[15:57:45.70] /i ile::stretch
[15:57:49.09] /# gi::executeAction deStartDrag -in [gi::getWindows 1]
[15:57:49.09] /i de::startDrag {1.251 -0.858} -window 1
[15:57:55.20] /# gi::executeAction deEndDrag -in [gi::getWindows 1]
[15:57:55.20] /i de::endDrag {1.243 -0.857} -window 1
[15:58:00.74] /i gi::executeAction deSaveDesign -in [gi::getWindows 1]
[15:58:00.77] /m Information: Saving design 'mylibrary inverter layout'. (DESIGN_WINDOW-004)
[15:58:03.41] /i db::setAttr iconified -of [gi::getFrames 3] -value false
[15:58:03.42] /i gi::setActiveWindow 3
[15:58:03.43] /i gi::setActiveWindow 3 -raise true
[15:58:04.70] /i gi::executeAction giCloseWindow -in [gi::getWindows 3]
[15:58:04.77] /i gi::setActiveWindow 1
[15:58:04.78] /i gi::setActiveWindow 1 -raise true
[15:58:15.94] /i db::setAttr iconified -of [gi::getFrames 1] -value true
[15:58:15.94] /i gi::setActiveWindow 0
[15:58:15.95] /i gi::setActiveWindow 0 -raise true
[15:58:22.47] /i db::setAttr iconified -of [gi::getFrames 1] -value false
[15:58:22.47] /i gi::setActiveWindow 1
[15:58:22.48] /i gi::setActiveWindow 1 -raise true
[15:58:28.42] /# gi::executeAction xtDRCSetup -in [gi::getWindows 1]
[15:58:28.42] /i xt::showDRCSetup -job drc -window 1
[15:58:29.70] /# gi::setActiveDialog [gi::getDialogs {xtDRCSetup} -parent [gi::getWindows 1]]
[15:58:30.05] /# db::setAttr geometry -of [gi::getDialogs {xtDRCSetup} -parent [gi::getWindows 1]] -value 445x457+470+45
[15:58:31.87] /# gi::pressButton {/ok} -in [gi::getDialogs {xtDRCSetup} -parent [gi::getWindows 1]]
[15:58:32.40] /# xt::physicalVerification::executePve drc 1
[15:58:32.45] /e Error: Error: The specified object does not have attribute 'defaultScopeName'. (TCL_OBJECT-003) (OPAL-006)
[15:58:32.70] /r giWindowId 4
[15:58:32.71] /r giWindowGeometry 800x600
[15:58:33.60] /e Error: Error: The object is invalid. It may have been destroyed or its database may be purged.  (TCL_OBJECT-007)
[15:58:33.60] /e Error: The object is invalid. It may have been destroyed or its database may be purged.  (TCL_OBJECT-007)
[15:58:33.70] /i db::setAttr geometry -of [gi::getFrames 4] -value 800x600+27+43
[15:58:39.94] /m Information: 
              /c =============================
              /c JobID: icv_drc_3
              /c --- ERROR SUMMARY -----------
              /c  R.CO.E7: Min enclosure of contact at end of line
              /c    not_covered_by ..................................... 5 violations found.
              /c =============================
              /c 
[15:58:42.58] /m Information: Connection established with 'IC Validator VUE' running on 'bender.engr.ucr.edu'.
[15:59:01.96] /i db::setAttr iconified -of [gi::getFrames 4] -value true
[15:59:09.45] /# gi::executeAction deZoomOutAtPoint -in [gi::getWindows 1]
[15:59:09.45] /i de::zoom -window 1 -factor 0.5 -center {0.706 1.123}
[15:59:09.46] /o {0.402 0.955} {0.906 1.279}
[15:59:09.48] /# gi::executeAction deZoomOutAtPoint -in [gi::getWindows 1]
[15:59:09.48] /i de::zoom -window 1 -factor 0.5 -center {0.705 1.124}
[15:59:09.49] /o {0.099 0.786} {1.107 1.434}
[15:59:09.49] /# gi::executeAction deZoomOutAtPoint -in [gi::getWindows 1]
[15:59:09.49] /i de::zoom -window 1 -factor 0.5 -center {0.706 1.123}
[15:59:09.50] /o {-0.508 0.449} {1.508 1.745}
[15:59:09.53] /# gi::executeAction deZoomOutAtPoint -in [gi::getWindows 1]
[15:59:09.53] /i de::zoom -window 1 -factor 0.5 -center {0.705 1.123}
[15:59:09.54] /o {-1.72 -0.225} {2.31 2.367}
[15:59:09.55] /# gi::executeAction deZoomOutAtPoint -in [gi::getWindows 1]
[15:59:09.55] /i de::zoom -window 1 -factor 0.5 -center {0.706 1.123}
[15:59:09.56] /o {-4.146 -1.573} {3.914 3.611}
[15:59:09.56] /# gi::executeAction deZoomOutAtPoint -in [gi::getWindows 1]
[15:59:09.56] /i de::zoom -window 1 -factor 0.5 -center {0.705 1.123}
[15:59:09.57] /o {-8.998 -4.269} {7.124 6.099}
[15:59:09.57] /# gi::executeAction deZoomOutAtPoint -in [gi::getWindows 1]
[15:59:09.57] /i de::zoom -window 1 -factor 0.5 -center {0.706 1.124}
[15:59:09.58] /o {-18.702 -9.662} {13.542 11.074}
[15:59:09.59] /# gi::executeAction deZoomOutAtPoint -in [gi::getWindows 1]
[15:59:09.59] /i de::zoom -window 1 -factor 0.5 -center {0.705 1.124}
[15:59:09.60] /o {-38.108 -20.448} {26.378 21.024}
[15:59:10.24] /# gi::executeAction deZoomInAtPoint -in [gi::getWindows 1]
[15:59:10.24] /i de::zoom -window 1 -factor 2.0 -center {0.705 1.124}
[15:59:10.26] /o {-18.702 -9.662} {13.542 11.074}
[15:59:10.32] /# gi::executeAction deZoomInAtPoint -in [gi::getWindows 1]
[15:59:10.32] /i de::zoom -window 1 -factor 2.0 -center {0.705 1.124}
[15:59:10.33] /o {-8.998 -4.269} {7.123 6.099}
[15:59:10.88] /# gi::executeAction deZoomInAtPoint -in [gi::getWindows 1]
[15:59:10.88] /i de::zoom -window 1 -factor 2.0 -center {0.705 1.124}
[15:59:11.10] /o {-4.147 -1.572} {3.914 3.612}
[15:59:11.28] /# gi::executeAction deZoomInAtPoint -in [gi::getWindows 1]
[15:59:11.28] /i de::zoom -window 1 -factor 2.0 -center {0.705 1.124}
[15:59:11.29] /o {-1.721 -0.224} {2.31 2.368}
[15:59:11.95] /# gi::executeAction deZoomInAtPoint -in [gi::getWindows 1]
[15:59:11.95] /i de::zoom -window 1 -factor 2.0 -center {0.705 1.124}
[15:59:11.95] /o {-0.508 0.45} {1.507 1.746}
[15:59:12.00] /# gi::executeAction deZoomInAtPoint -in [gi::getWindows 1]
[15:59:12.00] /i de::zoom -window 1 -factor 2.0 -center {0.705 1.124}
[15:59:12.02] /o {0.099 0.787} {1.106 1.435}
[15:59:13.02] /# gi::executeAction deZoomInAtPoint -in [gi::getWindows 1]
[15:59:13.02] /i de::zoom -window 1 -factor 2.0 -center {0.705 1.124}
[15:59:13.03] /o {0.402 0.955} {0.906 1.279}
[16:02:56.57] /# gi::executeAction leMove -in [gi::getWindows 1]
[16:02:56.57] /i ile::move
[16:02:58.11] /# gi::executeAction deStartDrag -in [gi::getWindows 1]
[16:02:58.11] /i de::startDrag {0.673 1.123} -window 1
[16:02:59.95] /# gi::executeAction deEndDrag -in [gi::getWindows 1]
[16:02:59.95] /i de::endDrag {0.754 1.131} -window 1
[16:03:00.97] /# gi::executeAction deSelectActive -in [gi::getWindows 1]
[16:03:00.97] /i de::select [de::getActiveFigure [gi::getWindows 1] -point {0.647 1.13} -index 0 -intent none] -replace true
[16:03:00.98] /o oa:0x260d3f80
[16:03:02.85] /# gi::executeAction leMove -in [gi::getWindows 1]
[16:03:02.85] /i ile::move
[16:03:04.99] /# gi::executeAction deAddPoint -in [gi::getWindows 1]
[16:03:04.99] /i de::addPoint {0.694 1.162} -window 1
[16:03:05.99] /# gi::executeAction deStartDrag -in [gi::getWindows 1]
[16:03:05.99] /i de::startDrag {0.694 1.162} -window 1
[16:03:06.60] /i gi::executeAction deCanvasDragEnd -in [gi::getWindows 1]
[16:03:07.31] /# gi::executeAction deSelectActive -in [gi::getWindows 1]
[16:03:07.31] /i de::cycleActiveFigure [gi::getWindows 1] -direction next
[16:03:07.31] /o oa:0x25890860
[16:03:07.31] /i de::select [de::getActiveFigure [gi::getWindows 1] -point {0.666 1.166} -index 1 -intent none] -replace true
[16:03:07.32] /o oa:0x259b1490
[16:03:08.89] /# gi::executeAction leMove -in [gi::getWindows 1]
[16:03:08.89] /i ile::move
[16:03:12.72] /# gi::executeAction deStartDrag -in [gi::getWindows 1]
[16:03:12.72] /i de::startDrag {0.676 1.123} -window 1
[16:03:19.88] /# gi::executeAction deEndDrag -in [gi::getWindows 1]
[16:03:19.88] /i de::endDrag {0.681 1.131} -window 1
[16:03:21.32] /# gi::executeAction deSelectActive -in [gi::getWindows 1]
[16:03:21.32] /i de::select [de::getActiveFigure [gi::getWindows 1] -point {0.681 1.131} -index 0 -intent none] -replace true
[16:03:21.33] /o oa:0x258d31a0
[16:03:25.03] /# gi::executeAction deSelectActive -in [gi::getWindows 1]
[16:03:25.03] /i de::select [de::getActiveFigure [gi::getWindows 1] -point {0.748 1.168} -index 0 -intent none] -replace true
[16:03:25.06] /o oa:0x26097810
[16:03:31.17] /i gi::executeAction deSaveDesign -in [gi::getWindows 1]
[16:03:31.20] /m Information: Saving design 'mylibrary inverter layout'. (DESIGN_WINDOW-004)
[16:03:35.76] /# gi::executeAction xtDRCSetup -in [gi::getWindows 1]
[16:03:35.76] /i xt::showDRCSetup -job drc -window 1
[16:03:36.89] /# gi::setActiveDialog [gi::getDialogs {xtDRCSetup} -parent [gi::getWindows 1]]
[16:03:37.29] /# db::setAttr geometry -of [gi::getDialogs {xtDRCSetup} -parent [gi::getWindows 1]] -value 445x457+470+45
[16:03:40.98] /o oa:0x25be85d0
[16:03:40.98] /i gi::setActiveWindow 4
[16:03:41.01] /i gi::setActiveWindow 4 -raise true
[16:03:43.54] /i gi::executeAction giCloseWindow -in [gi::getWindows 4]
[16:03:44.25] /i gi::setActiveWindow 1
[16:03:44.28] /i gi::setActiveWindow 1 -raise true
[16:03:47.98] /m Information: Connection closed with 'IC Validator VUE' running on 'bender.engr.ucr.edu'.
[16:03:49.40] /i gi::pressButton {/ok} -in [gi::getDialogs {xtDRCSetup} -parent [gi::getWindows 1]]
[16:03:49.89] /# xt::physicalVerification::executePve drc 1
[16:03:50.12] /r giWindowId 5
[16:03:50.13] /r giWindowGeometry 800x600
[16:03:50.50] /i db::setAttr geometry -of [gi::getFrames 5] -value 800x600+27+43
[16:03:57.22] /m Information: 
              /c =============================
              /c JobID: icv_drc_4
              /c --- ERROR SUMMARY -----------
              /c  CO.E.6: CONT is not enclosed by M1
              /c    not ................................................ 3 violations found.
              /c  R.CO.E7: Min enclosure of contact at end of line
              /c    not_covered_by ..................................... 4 violations found.
              /c  R.CO.W.1: Exact contact size 0.13x0.13um
              /c    not_rectangles ..................................... 1 violation found.
              /c =============================
              /c 
[16:04:08.83] /i db::setAttr iconified -of [gi::getFrames 5] -value true
[16:04:08.83] /i gi::setActiveWindow 1
[16:04:08.87] /i gi::setActiveWindow 1 -raise true
[16:04:14.28] /i db::setAttr iconified -of [gi::getFrames 5] -value false
[16:04:14.29] /i gi::setActiveWindow 5
[16:04:14.29] /i gi::setActiveWindow 5 -raise true
[16:04:16.56] /i db::setAttr iconified -of [gi::getFrames 5] -value true
[16:04:16.56] /i gi::setActiveWindow 1
[16:04:16.57] /i gi::setActiveWindow 1 -raise true
[16:04:19.72] /# gi::executeAction xtDRCDebug -in [gi::getWindows 1]
[16:04:19.72] /i xt::physicalVerification::startDebugger drc 1
[16:04:19.89] /o oa:0x256f0cc0
[16:04:25.33] /i db::setAttr iconified -of [gi::getFrames 5] -value false
[16:04:25.35] /i gi::setActiveWindow 5
[16:04:25.35] /i gi::setActiveWindow 5 -raise true
[16:04:27.58] /i gi::executeAction giCloseWindow -in [gi::getWindows 5]
[16:04:27.68] /i gi::setActiveWindow 1
[16:04:27.68] /i gi::setActiveWindow 1 -raise true
[16:04:29.85] /# gi::executeAction deSelectActive -in [gi::getWindows 1]
[16:04:29.86] /i de::select [de::getActiveFigure [gi::getWindows 1] -point {0.614 1.157} -index 0 -intent none] -replace true
[16:04:29.86] /o oa:0x2452bee0
[16:04:31.00] /# gi::executeAction deSelectByWindow -in [gi::getWindows 1]
[16:04:31.00] /i de::deselectAll [db::getNext [de::getContexts -window 1]]; ide::selectByRegion -region rectangle -select true -point {0.615 1.16} 
[16:04:31.80] /# gi::executeAction deEndDrag -in [gi::getWindows 1]
[16:04:31.80] /i de::endDrag {0.595 1.18} -window 1
[16:04:36.15] /i gi::executeAction deSaveDesign -in [gi::getWindows 1]
[16:04:36.18] /m Information: Saving design 'mylibrary inverter layout'. (DESIGN_WINDOW-004)
[16:04:39.13] /# gi::executeAction xtDRCSetup -in [gi::getWindows 1]
[16:04:39.13] /i xt::showDRCSetup -job drc -window 1
[16:04:40.54] /# gi::setActiveDialog [gi::getDialogs {xtDRCSetup} -parent [gi::getWindows 1]]
[16:04:40.91] /# db::setAttr geometry -of [gi::getDialogs {xtDRCSetup} -parent [gi::getWindows 1]] -value 445x457+470+45
[16:04:42.74] /# gi::pressButton {/apply} -in [gi::getDialogs {xtDRCSetup} -parent [gi::getWindows 1]]
[16:04:43.23] /# xt::physicalVerification::executePve drc 1
[16:04:43.40] /r giWindowId 6
[16:04:43.40] /r giWindowGeometry 800x600
[16:04:44.44] /o oa:0x25bc8120
[16:04:44.62] /i db::setAttr geometry -of [gi::getFrames 6] -value 790x600+490+65
[16:04:50.66] /m Information: 
              /c =============================
              /c JobID: icv_drc_5
              /c --- ERROR SUMMARY -----------
              /c  CO.E.6: CONT is not enclosed by M1
              /c    not ................................................ 3 violations found.
              /c  R.CO.E7: Min enclosure of contact at end of line
              /c    not_covered_by ..................................... 4 violations found.
              /c  R.CO.W.1: Exact contact size 0.13x0.13um
              /c    not_rectangles ..................................... 1 violation found.
              /c =============================
              /c 
[16:04:56.72] /i gi::setActiveTab {tabs} -tabName {inverter.LAYOUT_ERRORS} -in [gi::getWindows 6]
[16:05:07.03] /i gi::executeAction giCloseWindow -in [gi::getWindows 6]
[16:05:10.81] /i gi::closeWindows [gi::getDialogs {xtDRCSetup} -parent [gi::getWindows 1]]
[16:05:10.86] /i gi::setActiveWindow 1
[16:05:10.87] /i gi::setActiveWindow 1 -raise true
[16:05:15.71] /# gi::executeAction xtDRCDebug -in [gi::getWindows 1]
[16:05:15.71] /i xt::physicalVerification::startDebugger drc 1
[16:05:15.86] /o oa:0x25d035c0
[16:05:18.25] /i gi::executeAction giCloseWindow -in [gi::getWindows 1]
[16:05:18.89] /m Information: License 'Layout Editor' checked in. (LICENSE-004)
[16:05:18.99] /i gi::setActiveWindow 0
[16:05:18.99] /i gi::setActiveWindow 0 -raise true
[16:05:28.31] /i gi::executeAction giCloseWindow -in [gi::getWindows 0]
[16:05:28.44] /r giDialog gi::setActiveDialog [gi::getDialogs {deExitDialog}]
[16:05:28.90] /r giDialog db::setAttr geometry -of [gi::getDialogs {deExitDialog}] -value 371x218+20+417
[16:05:31.48] /r giDialog gi::setField {saveState} -value {true} -in [gi::getDialogs {deExitDialog}]
[16:05:32.64] /r giDialog gi::pressButton {ok} -in [gi::getDialogs {deExitDialog}]
[16:05:32.78] /o Shutdown time: Thu Jan 31 16:05:32 2019
[16:05:32.78] /o Elapsed session real time: 21.16 minutes
[16:05:32.78] /o Session terminated. Log is at /home/cemaj/tarora/eecs168/cdesigner.log
