[19:26:32.59] /o Custom Designer (TM) Version J-2014.12-SP2-2
              /c Build  (OPT) Config 2901729 compiled on Sun Jul 26 20:41:43 2015 for RHEL64 5.7
              /c Invocation: /usr/local/synopsys/customdesigner/J-2014.12-SP2-2/amd64/platform/bin/cdesigner
              /c Execution time: Fri Jan 25 19:26:29 2019
              /c Host: bender.engr.ucr.edu
              /c 
              /c Copyright © 2004-2015 Synopsys, Inc. All rights reserved.
              /c Your use of this program is subject to the terms and conditions of the written license agreement between you, or your company, and Synopsys.
              /c 
[19:26:41.00] /# gi::executeAction dmShowLibraryManager -in [gi::getWindows 0]
[19:26:41.00] /i dm::showLibraryManager
[19:26:41.01] /r giWindowId 1
[19:26:41.01] /r giWindowGeometry 660x600+50+50
[19:26:41.18] /o oa:0x23dda4a0
[19:26:42.56] /i gi::setCurrentIndex {libs} -index {mylibrary} -in [gi::getWindows 1]
[19:26:42.58] /i gi::setItemSelection {libs} -index {mylibrary} -in [gi::getWindows 1]
[19:26:43.68] /i gi::setCurrentIndex {cells} -index {inverter} -in [gi::getWindows 1]
[19:26:43.81] /i gi::setItemSelection {cells} -index {inverter} -in [gi::getWindows 1]
[19:26:45.05] /i gi::setCurrentIndex {views} -index {layout} -in [gi::getWindows 1]
[19:26:45.07] /i gi::setItemSelection {views} -index {layout} -in [gi::getWindows 1]
[19:26:45.25] /i gi::executeAction dmOpen -in [gi::getWindows 1]
[19:26:45.34] /m Information: License 'Layout Editor' checked out. (LICENSE-003)
[19:26:45.40] /o 	############################################
[19:26:45.40] /o 	--------------------------------------------
[19:26:45.41] /o 	PDK Name................... : SAED_PDK_90
[19:26:45.41] /o 	PDK Release Date........... : 29-Sep-2015
[19:26:45.41] /o 	PDK Custom Designer Version : J-2014.12-2
[19:26:45.41] /o 	--------------------------------------------
[19:26:45.41] /o 	############################################
[19:26:45.41] /o 
[19:26:45.41] /w Warning: Preference 'leActiveLPP' is deprecated and scheduled for removal in a future release with no replacement. For migration assistance, see the Custom Designer Tcl Reference Manual. (PREFERENCE-058)
[19:26:45.42] /o SAED PDK 90: Loaded callbacks
[19:26:45.43] /o SAED PDK 90: Loaded display resources
[19:26:45.54] /r giWindowId 2
[19:26:45.54] /r giWindowGeometry 1088x700
[19:26:46.71] /i db::setAttr dockSize -of [gi::getAssistants leObjectLayerPanel -from [gi::getWindows 2]] -value 190x550
[19:26:52.49] /# gi::executeAction xtDRCDebug -in [gi::getWindows 2]
[19:26:52.49] /i xt::physicalVerification::startDebugger drc 2
[19:26:52.67] /o oa:0x250b5bf0
[19:26:55.15] /m Information: Connection established with 'IC Validator VUE' running on 'bender.engr.ucr.edu'.
[19:27:12.68] /# gi::executeAction deZoomInAtPoint -in [gi::getWindows 2]
[19:27:12.68] /i de::zoom -window 2 -factor 2.0 -center {0.896 -0.056}
[19:27:12.69] /o {0.87 -0.064} {0.909 -0.039}
[19:27:12.72] /# gi::executeAction deZoomInAtPoint -in [gi::getWindows 2]
[19:27:12.72] /i de::zoom -window 2 -factor 2.0 -center {0.896 -0.056}
[19:27:12.73] /o {0.87 -0.064} {0.909 -0.039}
[19:27:12.77] /# gi::executeAction deZoomInAtPoint -in [gi::getWindows 2]
[19:27:12.77] /i de::zoom -window 2 -factor 2.0 -center {0.896 -0.056}
[19:27:12.79] /o {0.87 -0.064} {0.909 -0.039}
[19:27:12.79] /# gi::executeAction deZoomInAtPoint -in [gi::getWindows 2]
[19:27:12.79] /i de::zoom -window 2 -factor 2.0 -center {0.896 -0.056}
[19:27:12.80] /o {0.87 -0.064} {0.909 -0.039}
[19:27:13.17] /# gi::executeAction deZoomOutAtPoint -in [gi::getWindows 2]
[19:27:13.17] /i de::zoom -window 2 -factor 0.5 -center {0.896 -0.056}
[19:27:13.18] /o {0.844 -0.071} {0.922 -0.021}
[19:27:13.23] /# gi::executeAction deZoomOutAtPoint -in [gi::getWindows 2]
[19:27:13.23] /i de::zoom -window 2 -factor 0.5 -center {0.897 -0.056}
[19:27:13.24] /o {0.792 -0.086} {0.947 0.014}
[19:27:13.24] /# gi::executeAction deZoomOutAtPoint -in [gi::getWindows 2]
[19:27:13.24] /i de::zoom -window 2 -factor 0.5 -center {0.896 -0.055}
[19:27:13.25] /o {0.687 -0.117} {0.998 0.083}
[19:27:13.32] /# gi::executeAction deZoomOutAtPoint -in [gi::getWindows 2]
[19:27:13.32] /i de::zoom -window 2 -factor 0.5 -center {0.896 -0.056}
[19:27:13.33] /o {0.479 -0.179} {1.101 0.221}
[19:27:13.33] /# gi::executeAction deZoomOutAtPoint -in [gi::getWindows 2]
[19:27:13.33] /i de::zoom -window 2 -factor 0.5 -center {0.896 -0.056}
[19:27:13.34] /o {0.061 -0.302} {1.305 0.498}
[19:27:13.34] /# gi::executeAction deZoomOutAtPoint -in [gi::getWindows 2]
[19:27:13.34] /i de::zoom -window 2 -factor 0.5 -center {0.897 -0.056}
[19:27:13.36] /o {-0.774 -0.548} {1.714 1.052}
[19:27:14.25] /# gi::executeAction deZoomInAtPoint -in [gi::getWindows 2]
[19:27:14.25] /i de::zoom -window 2 -factor 2.0 -center {0.896 -0.055}
[19:27:14.26] /o {0.061 -0.301} {1.305 0.499}
[19:27:14.67] /# gi::executeAction deZoomInAtPoint -in [gi::getWindows 2]
[19:27:14.67] /i de::zoom -window 2 -factor 2.0 -center {0.896 -0.055}
[19:27:14.68] /o {0.478 -0.178} {1.1 0.222}
[19:27:14.95] /# gi::executeAction deZoomInAtPoint -in [gi::getWindows 2]
[19:27:14.95] /i de::zoom -window 2 -factor 2.0 -center {0.896 -0.055}
[19:27:14.96] /o {0.687 -0.117} {0.998 0.083}
[19:27:20.19] /# gi::executeAction deZoomInAtPoint -in [gi::getWindows 2]
[19:27:20.19] /i de::zoom -window 2 -factor 2.0 -center {0.899 -0.055}
[19:27:20.20] /o {0.793 -0.086} {0.949 0.014}
[19:27:31.34] /# gi::executeAction deZoomOutAtPoint -in [gi::getWindows 2]
[19:27:31.34] /i de::zoom -window 2 -factor 0.5 -center {0.912 -0.041}
[19:27:31.35] /o {0.84 -0.097} {0.974 -0.011}
[19:27:31.46] /# gi::executeAction deZoomOutAtPoint -in [gi::getWindows 2]
[19:27:31.46] /i de::zoom -window 2 -factor 0.5 -center {0.913 -0.042}
[19:27:31.47] /o {0.767 -0.152} {1.035 0.02}
[19:27:33.17] /# gi::executeAction deZoomInAtPoint -in [gi::getWindows 2]
[19:27:33.17] /i de::zoom -window 2 -factor 2.0 -center {0.913 -0.042}
[19:27:33.18] /o {0.84 -0.097} {0.974 -0.011}
[19:28:31.42] /# gi::executeAction deZoomOutAtPoint -in [gi::getWindows 2]
[19:28:31.42] /i de::zoom -window 2 -factor 0.5 -center {0.943 -0.088}
[19:28:31.43] /o {0.737 -0.106} {1.005 0.066}
[19:28:32.66] /# gi::executeAction deZoomInAtPoint -in [gi::getWindows 2]
[19:28:32.66] /i de::zoom -window 2 -factor 2.0 -center {0.941 -0.087}
[19:28:32.67] /o {0.839 -0.096} {0.973 -0.01}
[19:28:33.15] /# gi::executeAction deZoomOutAtPoint -in [gi::getWindows 2]
[19:28:33.15] /i de::zoom -window 2 -factor 0.5 -center {0.941 -0.087}
[19:28:33.16] /o {0.737 -0.106} {1.005 0.066}
[19:28:33.27] /# gi::executeAction deZoomOutAtPoint -in [gi::getWindows 2]
[19:28:33.27] /i de::zoom -window 2 -factor 0.5 -center {0.941 -0.087}
[19:28:33.28] /o {0.534 -0.125} {1.068 0.219}
[19:28:33.60] /# gi::executeAction deZoomOutAtPoint -in [gi::getWindows 2]
[19:28:33.60] /i de::zoom -window 2 -factor 0.5 -center {0.942 -0.087}
[19:28:33.61] /o {0.125 -0.163} {1.195 0.525}
[19:28:34.01] /# gi::executeAction deZoomOutAtPoint -in [gi::getWindows 2]
[19:28:34.01] /i de::zoom -window 2 -factor 0.5 -center {0.927 -0.056}
[19:28:34.02] /o {-0.677 -0.27} {1.463 1.106}
[19:28:34.11] /# gi::executeAction deZoomOutAtPoint -in [gi::getWindows 2]
[19:28:34.11] /i de::zoom -window 2 -factor 0.5 -center {0.926 -0.056}
[19:28:34.12] /o {-2.28 -0.484} {2.0 2.268}
[19:28:34.51] /# gi::executeAction deZoomOutAtPoint -in [gi::getWindows 2]
[19:28:34.51] /i de::zoom -window 2 -factor 0.5 -center {0.926 -0.056}
[19:28:34.52] /o {-5.485 -0.912} {3.073 4.592}
[19:28:34.65] /# gi::executeAction deZoomOutAtPoint -in [gi::getWindows 2]
[19:28:34.65] /i de::zoom -window 2 -factor 0.5 -center {0.896 -0.035}
[19:28:34.66] /o {-11.866 -1.789} {5.25 9.219}
[19:28:36.30] /# gi::executeAction deSelectByWindow -in [gi::getWindows 2]
[19:28:36.30] /i de::deselectAll [db::getNext [de::getContexts -window 2]]; ide::selectByRegion -region rectangle -select true -point {1.075 3.37} 
[19:28:36.89] /# gi::executeAction deEndDrag -in [gi::getWindows 2]
[19:28:36.89] /i de::endDrag {-0.677 5.57} -window 2
[19:28:37.39] /# gi::executeAction deZoomInAtPoint -in [gi::getWindows 2]
[19:28:37.39] /i de::zoom -window 2 -factor 2.0 -center {2.549 1.598}
[19:28:37.40] /o {-4.659 -0.095} {3.9 5.409}
[19:28:43.04] /# gi::executeAction xtDRCDebug -in [gi::getWindows 2]
[19:28:43.04] /i xt::physicalVerification::startDebugger drc 2
[19:28:43.24] /o oa:0x24e6f760
[19:28:45.68] /m Information: Connection established with 'IC Validator VUE' running on 'bender.engr.ucr.edu'.
[19:29:04.29] /# gi::executeAction deZoomInAtPoint -in [gi::getWindows 2]
[19:29:04.29] /i de::zoom -window 2 -factor 2.0 -center {0.86 -0.036}
[19:29:04.30] /o {0.841 -0.055} {0.88 -0.03}
[19:29:04.33] /# gi::executeAction deZoomInAtPoint -in [gi::getWindows 2]
[19:29:04.33] /i de::zoom -window 2 -factor 2.0 -center {0.86 -0.036}
[19:29:04.34] /o {0.841 -0.055} {0.88 -0.03}
[19:29:04.77] /# gi::executeAction deZoomOutAtPoint -in [gi::getWindows 2]
[19:29:04.77] /i de::zoom -window 2 -factor 0.5 -center {0.86 -0.036}
[19:29:04.79] /o {0.822 -0.074} {0.899 -0.024}
[19:29:04.83] /# gi::executeAction deZoomOutAtPoint -in [gi::getWindows 2]
[19:29:04.83] /i de::zoom -window 2 -factor 0.5 -center {0.86 -0.036}
[19:29:04.84] /o {0.783 -0.113} {0.939 -0.013}
[19:29:04.85] /# gi::executeAction deZoomOutAtPoint -in [gi::getWindows 2]
[19:29:04.85] /i de::zoom -window 2 -factor 0.5 -center {0.86 -0.036}
[19:29:04.86] /o {0.707 -0.189} {1.018 0.011}
[19:29:05.18] /# gi::executeAction deZoomOutAtPoint -in [gi::getWindows 2]
[19:29:05.18] /i de::zoom -window 2 -factor 0.5 -center {0.86 -0.037}
[19:29:05.19] /o {0.554 -0.342} {1.176 0.058}
[19:29:05.75] /# gi::executeAction deZoomOutAtPoint -in [gi::getWindows 2]
[19:29:05.75] /i de::zoom -window 2 -factor 0.5 -center {0.86 -0.036}
[19:29:05.76] /o {0.247 -0.648} {1.491 0.152}
[19:29:23.04] /# gi::executeAction deZoomOutAtPoint -in [gi::getWindows 2]
[19:29:23.04] /i de::zoom -window 2 -factor 0.5 -center {0.891 -0.031}
[19:29:23.05] /o {-0.396 -1.265} {2.092 0.335}
[19:29:23.41] /# gi::executeAction deZoomOutAtPoint -in [gi::getWindows 2]
[19:29:23.41] /i de::zoom -window 2 -factor 0.5 -center {0.887 -0.031}
[19:29:23.42] /o {-1.68 -2.499} {3.296 0.701}
[19:29:23.89] /# gi::executeAction deZoomInAtPoint -in [gi::getWindows 2]
[19:29:23.89] /i de::zoom -window 2 -factor 2.0 -center {0.887 -0.031}
[19:29:23.90] /o {-0.396 -1.265} {2.092 0.335}
[19:29:24.19] /# gi::executeAction deZoomInAtPoint -in [gi::getWindows 2]
[19:29:24.19] /i de::zoom -window 2 -factor 2.0 -center {0.887 -0.031}
[19:29:24.20] /o {0.245 -0.648} {1.489 0.152}
[19:29:24.31] /# gi::executeAction deZoomInAtPoint -in [gi::getWindows 2]
[19:29:24.31] /i de::zoom -window 2 -factor 2.0 -center {0.887 -0.031}
[19:29:24.32] /o {0.566 -0.339} {1.188 0.061}
[19:29:24.49] /# gi::executeAction deZoomInAtPoint -in [gi::getWindows 2]
[19:29:24.49] /i de::zoom -window 2 -factor 2.0 -center {0.887 -0.031}
[19:29:24.50] /o {0.727 -0.185} {1.038 0.015}
[19:29:24.62] /# gi::executeAction deZoomInAtPoint -in [gi::getWindows 2]
[19:29:24.62] /i de::zoom -window 2 -factor 2.0 -center {0.887 -0.031}
[19:29:24.63] /o {0.807 -0.108} {0.962 -0.008}
[19:29:25.16] /# gi::executeAction deZoomOutAtPoint -in [gi::getWindows 2]
[19:29:25.16] /i de::zoom -window 2 -factor 0.5 -center {0.887 -0.031}
[19:29:25.18] /o {0.727 -0.185} {1.038 0.015}
[19:29:25.83] /# gi::executeAction deZoomOutAtPoint -in [gi::getWindows 2]
[19:29:25.83] /i de::zoom -window 2 -factor 0.5 -center {0.887 -0.031}
[19:29:25.84] /o {0.566 -0.339} {1.188 0.061}
[19:29:27.84] /# gi::executeAction deZoomOutAtPoint -in [gi::getWindows 2]
[19:29:27.84] /i de::zoom -window 2 -factor 0.5 -center {0.798 -0.009}
[19:29:27.84] /o {0.334 -0.67} {1.578 0.13}
[19:29:28.75] /# gi::executeAction deZoomInAtPoint -in [gi::getWindows 2]
[19:29:28.75] /i de::zoom -window 2 -factor 2.0 -center {0.805 -0.009}
[19:29:28.76] /o {0.57 -0.339} {1.192 0.061}
[19:29:29.03] /# gi::executeAction deZoomInAtPoint -in [gi::getWindows 2]
[19:29:29.03] /i de::zoom -window 2 -factor 2.0 -center {0.805 -0.008}
[19:29:29.04] /o {0.687 -0.174} {0.998 0.026}
[19:30:02.17] /# gi::executeAction dePanEast -in [gi::getWindows 2]
[19:30:02.17] /i de::pan -direction E -multiplier 0.5
[19:30:02.18] /o {0.842 -0.174} {1.153 0.026}
[19:30:02.35] /# gi::executeAction dePanEast -in [gi::getWindows 2]
[19:30:02.35] /i de::pan -direction E -multiplier 0.5
[19:30:02.36] /o {0.997 -0.174} {1.308 0.026}
[19:30:02.51] /# gi::executeAction dePanEast -in [gi::getWindows 2]
[19:30:02.51] /i de::pan -direction E -multiplier 0.5
[19:30:02.52] /o {1.152 -0.174} {1.463 0.026}
[19:30:02.95] /# gi::executeAction dePanWest -in [gi::getWindows 2]
[19:30:02.95] /i de::pan -direction W -multiplier 0.5
[19:30:02.95] /o {0.997 -0.174} {1.308 0.026}
[19:30:03.25] /# gi::executeAction dePanWest -in [gi::getWindows 2]
[19:30:03.25] /i de::pan -direction W -multiplier 0.5
[19:30:03.26] /o {0.842 -0.174} {1.153 0.026}
[19:30:18.02] /# gi::executeAction dePanSouth -in [gi::getWindows 2]
[19:30:18.02] /i de::pan -direction S -multiplier 0.5
[19:30:18.03] /o {0.842 -0.274} {1.153 -0.074}
[19:30:18.45] /# gi::executeAction dePanSouth -in [gi::getWindows 2]
[19:30:18.45] /i de::pan -direction S -multiplier 0.5
[19:30:18.46] /o {0.842 -0.374} {1.153 -0.174}
[19:30:19.70] /# gi::executeAction dePanNorth -in [gi::getWindows 2]
[19:30:19.70] /i de::pan -direction N -multiplier 0.5
[19:30:19.71] /o {0.842 -0.274} {1.153 -0.074}
[19:30:20.13] /# gi::executeAction dePanNorth -in [gi::getWindows 2]
[19:30:20.14] /i de::pan -direction N -multiplier 0.5
[19:30:20.14] /o {0.842 -0.174} {1.153 0.026}
[19:30:20.50] /# gi::executeAction dePanWest -in [gi::getWindows 2]
[19:30:20.50] /i de::pan -direction W -multiplier 0.5
[19:30:20.51] /o {0.687 -0.174} {0.998 0.026}
[19:30:21.20] /# gi::executeAction dePanSouth -in [gi::getWindows 2]
[19:30:21.20] /i de::pan -direction S -multiplier 0.5
[19:30:21.22] /o {0.687 -0.274} {0.998 -0.074}
[19:30:21.70] /# gi::executeAction dePanEast -in [gi::getWindows 2]
[19:30:21.70] /i de::pan -direction E -multiplier 0.5
[19:30:21.71] /o {0.842 -0.274} {1.153 -0.074}
[19:30:22.21] /# gi::executeAction dePanNorth -in [gi::getWindows 2]
[19:30:22.21] /i de::pan -direction N -multiplier 0.5
[19:30:22.22] /o {0.842 -0.174} {1.153 0.026}
[19:30:22.82] /# gi::executeAction dePanWest -in [gi::getWindows 2]
[19:30:22.82] /i de::pan -direction W -multiplier 0.5
[19:30:22.83] /o {0.687 -0.174} {0.998 0.026}
[19:30:23.02] /# gi::executeAction dePanSouth -in [gi::getWindows 2]
[19:30:23.02] /i de::pan -direction S -multiplier 0.5
[19:30:23.03] /o {0.687 -0.274} {0.998 -0.074}
[19:30:23.88] /# gi::executeAction dePanNorth -in [gi::getWindows 2]
[19:30:23.88] /i de::pan -direction N -multiplier 0.5
[19:30:23.89] /o {0.687 -0.174} {0.998 0.026}
[19:30:24.32] /# gi::executeAction dePanEast -in [gi::getWindows 2]
[19:30:24.32] /i de::pan -direction E -multiplier 0.5
[19:30:24.33] /o {0.842 -0.174} {1.153 0.026}
[19:30:24.94] /# gi::executeAction dePanSouth -in [gi::getWindows 2]
[19:30:24.94] /i de::pan -direction S -multiplier 0.5
[19:30:24.95] /o {0.842 -0.274} {1.153 -0.074}
[19:30:25.45] /# gi::executeAction dePanWest -in [gi::getWindows 2]
[19:30:25.45] /i de::pan -direction W -multiplier 0.5
[19:30:25.46] /o {0.687 -0.274} {0.998 -0.074}
[19:30:25.86] /# gi::executeAction dePanNorth -in [gi::getWindows 2]
[19:30:25.86] /i de::pan -direction N -multiplier 0.5
[19:30:25.87] /o {0.687 -0.174} {0.998 0.026}
[19:30:26.46] /# gi::executeAction dePanSouth -in [gi::getWindows 2]
[19:30:26.46] /i de::pan -direction S -multiplier 0.5
[19:30:26.47] /o {0.687 -0.274} {0.998 -0.074}
[19:30:26.83] /# gi::executeAction dePanNorth -in [gi::getWindows 2]
[19:30:26.83] /i de::pan -direction N -multiplier 0.5
[19:30:26.84] /o {0.687 -0.174} {0.998 0.026}
[19:31:08.53] /# gi::executeAction xtDRCDebug -in [gi::getWindows 2]
[19:31:08.53] /i xt::physicalVerification::startDebugger drc 2
[19:31:08.70] /o oa:0x25f79e60
[19:31:09.12] /m Information: Connection established with 'IC Validator VUE' running on 'bender.engr.ucr.edu'.
[19:31:30.54] /# gi::executeAction deZoomInAtPoint -in [gi::getWindows 2]
[19:31:30.54] /i de::zoom -window 2 -factor 2.0 -center {0.964 -0.111}
[19:31:30.56] /o {0.887 -0.161} {1.012 -0.08}
[19:31:30.75] /# gi::executeAction deZoomInAtPoint -in [gi::getWindows 2]
[19:31:30.75] /i de::zoom -window 2 -factor 2.0 -center {0.963 -0.117}
[19:31:30.77] /o {0.925 -0.139} {0.988 -0.098}
[19:31:31.14] /# gi::executeAction deZoomOutAtPoint -in [gi::getWindows 2]
[19:31:31.14] /i de::zoom -window 2 -factor 0.5 -center {0.963 -0.117}
[19:31:31.15] /o {0.887 -0.161} {1.012 -0.08}
[19:31:31.24] /# gi::executeAction deZoomOutAtPoint -in [gi::getWindows 2]
[19:31:31.24] /i de::zoom -window 2 -factor 0.5 -center {0.963 -0.118}
[19:31:31.25] /o {0.81 -0.204} {1.062 -0.042}
[19:31:31.37] /# gi::executeAction deZoomOutAtPoint -in [gi::getWindows 2]
[19:31:31.37] /i de::zoom -window 2 -factor 0.5 -center {0.964 -0.118}
[19:31:31.38] /o {0.656 -0.29} {1.16 0.034}
[19:31:31.56] /# gi::executeAction deZoomOutAtPoint -in [gi::getWindows 2]
[19:31:31.56] /i de::zoom -window 2 -factor 0.5 -center {0.963 -0.118}
[19:31:31.58] /o {0.349 -0.462} {1.357 0.186}
[19:31:55.86] /# gi::executeAction deZoomInAtPoint -in [gi::getWindows 2]
[19:31:55.86] /i de::zoom -window 2 -factor 2.0 -center {1.04 -0.139}
[19:31:55.87] /o {0.695 -0.3} {1.198 0.024}
[19:31:55.99] /# gi::executeAction deZoomInAtPoint -in [gi::getWindows 2]
[19:31:55.99] /i de::zoom -window 2 -factor 2.0 -center {1.041 -0.139}
[19:31:56.00] /o {0.868 -0.22} {1.12 -0.058}
[19:31:56.26] /# gi::executeAction deZoomInAtPoint -in [gi::getWindows 2]
[19:31:56.26] /i de::zoom -window 2 -factor 2.0 -center {1.041 -0.139}
[19:31:56.27] /o {0.954 -0.179} {1.08 -0.098}
[19:31:56.73] /# gi::executeAction deZoomOutAtPoint -in [gi::getWindows 2]
[19:31:56.73] /i de::zoom -window 2 -factor 0.5 -center {1.041 -0.139}
[19:31:56.74] /o {0.868 -0.22} {1.12 -0.058}
[19:31:56.84] /# gi::executeAction deZoomOutAtPoint -in [gi::getWindows 2]
[19:31:56.84] /i de::zoom -window 2 -factor 0.5 -center {1.041 -0.139}
[19:31:56.85] /o {0.695 -0.3} {1.198 0.024}
[19:31:56.98] /# gi::executeAction deZoomOutAtPoint -in [gi::getWindows 2]
[19:31:56.98] /i de::zoom -window 2 -factor 0.5 -center {1.041 -0.139}
[19:31:56.99] /o {0.348 -0.462} {1.356 0.186}
[19:31:57.08] /# gi::executeAction deZoomOutAtPoint -in [gi::getWindows 2]
[19:31:57.08] /i de::zoom -window 2 -factor 0.5 -center {1.04 -0.139}
[19:31:57.10] /o {-0.344 -0.785} {1.672 0.511}
[19:31:57.42] /# gi::executeAction deZoomOutAtPoint -in [gi::getWindows 2]
[19:31:57.42] /i de::zoom -window 2 -factor 0.5 -center {1.04 -0.139}
[19:31:57.43] /o {-1.727 -1.431} {2.303 1.161}
[19:31:57.52] /# gi::executeAction deZoomOutAtPoint -in [gi::getWindows 2]
[19:31:57.52] /i de::zoom -window 2 -factor 0.5 -center {1.04 -0.14}
[19:31:57.54] /o {-4.494 -2.722} {3.566 2.462}
[19:32:16.16] /# gi::executeAction deZoomOutAtPoint -in [gi::getWindows 2]
[19:32:16.16] /i de::zoom -window 2 -factor 0.5 -center {0.538 0.05}
[19:32:16.17] /o {-9.527 -5.494} {6.595 4.874}
[19:32:16.83] /# gi::executeAction deZoomOutAtPoint -in [gi::getWindows 2]
[19:32:16.83] /i de::zoom -window 2 -factor 0.5 -center {1.354 0.658}
[19:32:16.84] /o {-20.408 -11.646} {11.836 9.09}
[19:32:17.37] /# gi::executeAction deZoomInAtPoint -in [gi::getWindows 2]
[19:32:17.37] /i de::zoom -window 2 -factor 2.0 -center {1.316 0.887}
[19:32:17.38] /o {-9.546 -5.379} {6.576 4.989}
[19:32:17.73] /# gi::executeAction deZoomInAtPoint -in [gi::getWindows 2]
[19:32:17.73] /i de::zoom -window 2 -factor 2.0 -center {1.316 0.887}
[19:32:17.74] /o {-4.115 -2.246} {3.946 2.938}
[19:32:17.88] /# gi::executeAction deZoomInAtPoint -in [gi::getWindows 2]
[19:32:17.88] /i de::zoom -window 2 -factor 2.0 -center {1.316 0.887}
[19:32:17.89] /o {-1.399 -0.68} {2.631 1.912}
[19:32:17.94] /# gi::executeAction deZoomInAtPoint -in [gi::getWindows 2]
[19:32:17.94] /i de::zoom -window 2 -factor 2.0 -center {1.316 0.887}
[19:32:17.95] /o {-0.042 0.104} {1.973 1.4}
[19:32:20.27] /# gi::executeAction deSelectByWindow -in [gi::getWindows 2]
[19:32:20.27] /i de::deselectAll [db::getNext [de::getContexts -window 2]]; ide::selectByRegion -region rectangle -select true -point {1.615 1.205} 
[19:32:20.73] /# gi::executeAction deEndDrag -in [gi::getWindows 2]
[19:32:20.73] /i de::endDrag {1.587 1.015} -window 2
[19:32:21.64] /# gi::executeAction dePanSouth -in [gi::getWindows 2]
[19:32:21.64] /i de::pan -direction S -multiplier 0.5
[19:32:21.65] /o {-0.042 -0.544} {1.973 0.752}
[19:32:21.65] /# gi::executeAction dePanNorth -in [gi::getWindows 2]
[19:32:21.65] /i de::pan -direction N -multiplier 0.5
[19:32:21.66] /o {-0.042 0.104} {1.973 1.4}
[19:32:21.83] /# gi::executeAction dePanNorth -in [gi::getWindows 2]
[19:32:21.83] /i de::pan -direction N -multiplier 0.5
[19:32:21.84] /o {-0.042 0.752} {1.973 2.048}
[19:32:21.97] /# gi::executeAction dePanNorth -in [gi::getWindows 2]
[19:32:21.97] /i de::pan -direction N -multiplier 0.5
[19:32:21.99] /o {-0.042 1.4} {1.973 2.696}
[19:32:22.42] /# gi::executeAction dePanSouth -in [gi::getWindows 2]
[19:32:22.42] /i de::pan -direction S -multiplier 0.5
[19:32:22.43] /o {-0.042 0.752} {1.973 2.048}
[19:32:47.37] /# gi::executeAction deZoomInAtPoint -in [gi::getWindows 2]
[19:32:47.37] /i de::zoom -window 2 -factor 2.0 -center {0.689 0.994}
[19:32:47.38] /o {0.324 0.873} {1.331 1.521}
[19:32:47.44] /# gi::executeAction deZoomInAtPoint -in [gi::getWindows 2]
[19:32:47.44] /i de::zoom -window 2 -factor 2.0 -center {0.69 0.996}
[19:32:47.45] /o {0.507 0.934} {1.011 1.258}
[19:32:47.90] /# gi::executeAction deZoomOutAtPoint -in [gi::getWindows 2]
[19:32:47.90] /i de::zoom -window 2 -factor 0.5 -center {0.69 0.996}
[19:32:47.91] /o {0.324 0.873} {1.331 1.521}
[19:32:48.01] /# gi::executeAction deZoomOutAtPoint -in [gi::getWindows 2]
[19:32:48.01] /i de::zoom -window 2 -factor 0.5 -center {0.69 0.996}
[19:32:48.02] /o {-0.043 0.75} {1.972 2.046}
[19:32:48.30] /# gi::executeAction deZoomOutAtPoint -in [gi::getWindows 2]
[19:32:48.30] /i de::zoom -window 2 -factor 0.5 -center {0.693 0.994}
[19:32:48.31] /o {-0.778 0.505} {3.252 3.097}
[19:32:48.75] /# gi::executeAction deZoomOutAtPoint -in [gi::getWindows 2]
[19:32:48.75] /i de::zoom -window 2 -factor 0.5 -center {0.698 1.061}
[19:32:48.76] /o {-2.255 -0.05} {5.806 5.134}
[19:32:53.08] /# gi::executeAction dePanSouth -in [gi::getWindows 2]
[19:32:53.08] /i de::pan -direction S -multiplier 0.5
[19:32:53.09] /o {-2.255 -2.642} {5.806 2.542}
[19:32:53.21] /# gi::executeAction dePanSouth -in [gi::getWindows 2]
[19:32:53.21] /i de::pan -direction S -multiplier 0.5
[19:32:53.23] /o {-2.255 -5.234} {5.806 -0.05}
[19:32:53.37] /# gi::executeAction dePanSouth -in [gi::getWindows 2]
[19:32:53.37] /i de::pan -direction S -multiplier 0.5
[19:32:53.38] /o {-2.255 -7.826} {5.806 -2.642}
[19:32:53.72] /# gi::executeAction dePanNorth -in [gi::getWindows 2]
[19:32:53.72] /i de::pan -direction N -multiplier 0.5
[19:32:53.73] /o {-2.255 -5.234} {5.806 -0.05}
[19:32:54.15] /# gi::executeAction dePanNorth -in [gi::getWindows 2]
[19:32:54.15] /i de::pan -direction N -multiplier 0.5
[19:32:54.17] /o {-2.255 -2.642} {5.806 2.542}
[19:32:58.60] /# gi::executeAction xtDRCDebug -in [gi::getWindows 2]
[19:32:58.60] /i xt::physicalVerification::startDebugger drc 2
[19:32:58.78] /o oa:0x2602b970
[19:32:59.20] /m Information: Connection established with 'IC Validator VUE' running on 'bender.engr.ucr.edu'.
[19:33:19.42] /# gi::executeAction deZoomInAtPoint -in [gi::getWindows 2]
[19:33:19.42] /i de::zoom -window 2 -factor 2.0 -center {0.848 -0.038}
[19:33:19.43] /o {0.836 -0.056} {0.875 -0.031}
[19:33:20.75] /# gi::executeAction deZoomOutAtPoint -in [gi::getWindows 2]
[19:33:20.75] /i de::zoom -window 2 -factor 0.5 -center {0.848 -0.039}
[19:33:20.76] /o {0.824 -0.073} {0.901 -0.023}
[19:33:21.27] /# gi::executeAction deZoomOutAtPoint -in [gi::getWindows 2]
[19:33:21.27] /i de::zoom -window 2 -factor 0.5 -center {0.849 -0.04}
[19:33:21.28] /o {0.798 -0.106} {0.954 -0.006}
[19:33:21.56] /# gi::executeAction deZoomOutAtPoint -in [gi::getWindows 2]
[19:33:21.56] /i de::zoom -window 2 -factor 0.5 -center {0.849 -0.04}
[19:33:21.57] /o {0.748 -0.172} {1.059 0.028}
[19:33:21.73] /# gi::executeAction deZoomOutAtPoint -in [gi::getWindows 2]
[19:33:21.73] /i de::zoom -window 2 -factor 0.5 -center {0.851 -0.039}
[19:33:21.75] /o {0.644 -0.305} {1.266 0.095}
[19:33:21.86] /# gi::executeAction deZoomOutAtPoint -in [gi::getWindows 2]
[19:33:21.86] /i de::zoom -window 2 -factor 0.5 -center {0.852 -0.039}
[19:33:21.87] /o {0.437 -0.572} {1.681 0.228}
[19:33:23.63] /# gi::executeAction deZoomOutAtPoint -in [gi::getWindows 2]
[19:33:23.64] /i de::zoom -window 2 -factor 0.5 -center {0.869 -0.081}
[19:33:23.65] /o {0.004 -1.062} {2.492 0.538}
[19:33:25.26] /# gi::executeAction deZoomInAtPoint -in [gi::getWindows 2]
[19:33:25.26] /i de::zoom -window 2 -factor 2.0 -center {0.93 -0.04}
[19:33:25.27] /o {0.467 -0.551} {1.711 0.249}
[19:33:26.42] /# gi::executeAction deZoomInAtPoint -in [gi::getWindows 2]
[19:33:26.42] /i de::zoom -window 2 -factor 2.0 -center {0.86 -0.043}
[19:33:26.43] /o {0.664 -0.297} {1.286 0.103}
[19:33:27.01] /# gi::executeAction deZoomInAtPoint -in [gi::getWindows 2]
[19:33:27.01] /i de::zoom -window 2 -factor 2.0 -center {0.861 -0.044}
[19:33:27.02] /o {0.762 -0.171} {1.073 0.029}
[19:33:29.20] /# gi::executeAction deZoomOutAtPoint -in [gi::getWindows 2]
[19:33:29.20] /i de::zoom -window 2 -factor 0.5 -center {0.895 -0.063}
[19:33:29.21] /o {0.63 -0.278} {1.252 0.122}
[19:33:42.89] /# gi::executeAction leRectangle -in [gi::getWindows 2]
[19:33:42.89] /i ile::createRectangle
[19:33:45.93] /# gi::executeAction deAddPoint -in [gi::getWindows 2]
[19:33:45.93] /i de::addPoint {0.891 -0.065} -window 2
[19:33:48.01] /# gi::executeAction deAbortCommand -in [gi::getWindows 2]
[19:33:48.01] /i de::abortCommand -window 2
[19:33:48.14] /i gi::executeAction deCanvasDragCancel -in [gi::getWindows 2]
[19:33:49.80] /# gi::executeAction leRuler -in [gi::getWindows 2]
[19:33:49.80] /i ile::createRuler
[19:33:50.94] /# gi::executeAction deAddPoint -in [gi::getWindows 2]
[19:33:50.94] /i de::addPoint {0.89 -0.065} -window 2
[19:33:54.36] /# gi::executeAction deAbortCommand -in [gi::getWindows 2]
[19:33:54.36] /i de::abortCommand -window 2
[19:33:56.85] /i gi::setActiveWindow 0
[19:33:56.86] /i gi::setActiveWindow 0 -raise true
[19:33:58.16] /i gi::setActiveWindow 1
[19:33:58.16] /i gi::setActiveWindow 1 -raise true
[19:33:58.69] /i gi::setActiveWindow 2
[19:33:58.70] /i gi::setActiveWindow 2 -raise true
[19:34:01.80] /# gi::executeAction dePanSouth -in [gi::getWindows 2]
[19:34:01.80] /i de::pan -direction S -multiplier 0.5
[19:34:01.81] /o {0.63 -0.478} {1.252 -0.078}
[19:34:02.32] /# gi::executeAction dePanNorth -in [gi::getWindows 2]
[19:34:02.32] /i de::pan -direction N -multiplier 0.5
[19:34:02.33] /o {0.63 -0.278} {1.252 0.122}
[19:34:04.04] /# gi::executeAction dePanSouth -in [gi::getWindows 2]
[19:34:04.04] /i de::pan -direction S -multiplier 0.5
[19:34:04.05] /o {0.63 -0.478} {1.252 -0.078}
[19:34:04.70] /# gi::executeAction dePanNorth -in [gi::getWindows 2]
[19:34:04.70] /i de::pan -direction N -multiplier 0.5
[19:34:04.72] /o {0.63 -0.278} {1.252 0.122}
[19:34:06.37] /# gi::executeAction deSelectActive -in [gi::getWindows 2]
[19:34:06.37] /i de::select [de::getActiveFigure [gi::getWindows 2] -point {0.871 -0.017} -index 0 -intent none] -replace true
[19:34:06.38] /o oa:0x2547c150
[19:34:09.98] /# gi::executeAction dePropertyEditorToggle -in [gi::getWindows 2]
[19:34:09.98] /i db::setAttr shown -of [gi::getAssistants dePropertyEditor -from [gi::getWindows 2]] -value true
[19:34:10.30] /i db::setAttr dockSize -of [gi::getAssistants leObjectLayerPanel -from [gi::getWindows 2]] -value 190x525
[19:34:10.38] /i db::setAttr dockSize -of [gi::getAssistants dePropertyEditor -from [gi::getWindows 2]] -value 190x525
[19:34:13.06] /# gi::executeAction deSelectActive -in [gi::getWindows 2]
[19:34:13.07] /i de::select [de::getActiveFigure [gi::getWindows 2] -point {0.936 -0.137} -index 0 -intent none] -replace true
[19:34:13.13] /o oa:0x2616a080
[19:34:14.25] /# gi::executeAction deSelectActive -in [gi::getWindows 2]
[19:34:14.25] /i de::cycleActiveFigure [gi::getWindows 2] -direction next
[19:34:14.25] /o oa:0x26146270
[19:34:14.25] /i de::select [de::getActiveFigure [gi::getWindows 2] -point {0.951 -0.109} -index 1 -intent none] -replace true
[19:34:14.30] /o oa:0x2619e7b0
[19:34:16.89] /i gi::executeAction deCanvasDragCancel -in [gi::getWindows 2]
[19:34:17.00] /i gi::executeAction deCanvasDragCancel -in [gi::getWindows 2]
[19:34:17.16] /i gi::executeAction deCanvasDragCancel -in [gi::getWindows 2]
[19:34:17.32] /i gi::executeAction deCanvasDragCancel -in [gi::getWindows 2]
[19:34:17.47] /i gi::executeAction deCanvasDragCancel -in [gi::getWindows 2]
[19:34:17.63] /i gi::executeAction deCanvasDragCancel -in [gi::getWindows 2]
[19:34:17.83] /i gi::executeAction deCanvasDragCancel -in [gi::getWindows 2]
[19:34:19.73] /i db::setAttr shown -of [gi::getAssistants dePropertyEditor -from [gi::getWindows 2]] -value false
[19:34:20.06] /i db::setAttr dockSize -of [gi::getAssistants leObjectLayerPanel -from [gi::getWindows 2]] -value 190x550
[19:34:27.22] /# gi::executeAction deSelectActive -in [gi::getWindows 2]
[19:34:27.23] /i de::deselectAll [db::getNext [de::getContexts -window 2]]
[19:34:27.61] /# gi::executeAction deZoomOutAtPoint -in [gi::getWindows 2]
[19:34:27.61] /i de::zoom -window 2 -factor 0.5 -center {1 -0.158}
[19:34:27.62] /o {0.259 -0.398} {1.503 0.402}
[19:34:28.37] /# gi::executeAction deZoomOutAtPoint -in [gi::getWindows 2]
[19:34:28.37] /i de::zoom -window 2 -factor 0.5 -center {0.942 -0.174}
[19:34:28.38] /o {-0.424 -0.622} {2.064 0.978}
[19:34:30.42] /# gi::executeAction dePanSouth -in [gi::getWindows 2]
[19:34:30.42] /i de::pan -direction S -multiplier 0.5
[19:34:30.43] /o {-0.424 -1.422} {2.064 0.178}
[19:34:30.95] /# gi::executeAction dePanNorth -in [gi::getWindows 2]
[19:34:30.95] /i de::pan -direction N -multiplier 0.5
[19:34:30.96] /o {-0.424 -0.622} {2.064 0.978}
[19:34:43.39] /i gi::executeAction deSaveDesign -in [gi::getWindows 2]
[19:34:43.40] /m Information: Saving design 'mylibrary inverter layout'. (DESIGN_WINDOW-004)
[19:34:47.49] /# gi::executeAction xtDRCRun -in [gi::getWindows 2]
[19:34:47.49] /i xt::physicalVerification::executeRun drc 2
[19:34:48.21] /# xt::physicalVerification::executePve drc 2
[19:34:48.39] /r giWindowId 3
[19:34:48.40] /r giWindowGeometry 800x600
[19:34:48.82] /i db::setAttr geometry -of [gi::getFrames 3] -value 800x600+27+43
[19:34:52.47] /r giWindowId 4
[19:34:52.47] /r giWindowGeometry 800x600
[19:34:52.56] /e Error: The job 'icv_drc_1' started on host 'localhost' with process id 8931 failed to start or complete successfully; the job's return code is 33.
[19:34:52.90] /i db::setAttr geometry -of [gi::getFrames 4] -value 800x600+47+63
[19:34:58.48] /i gi::setActiveTab {tabs} -tabName {inverter.LAYOUT_ERRORS} -in [gi::getWindows 4]
[19:34:59.30] /i gi::setActiveTab {tabs} -tabName {inverter.RESULTS} -in [gi::getWindows 4]
[19:35:01.72] /i gi::setActiveTab {tabs} -tabName {stdout.drc.log} -in [gi::getWindows 4]
[19:35:07.07] /i gi::executeAction giCloseWindow -in [gi::getWindows 4]
[19:35:07.14] /i gi::setActiveWindow 3
[19:35:07.15] /i gi::setActiveWindow 3 -raise true
[19:35:07.59] /i gi::executeAction giCloseWindow -in [gi::getWindows 3]
[19:35:07.63] /i gi::setActiveWindow 2
[19:35:07.63] /i gi::setActiveWindow 2 -raise true
[19:35:09.18] /# gi::executeAction deSelectActive -in [gi::getWindows 2]
[19:35:12.46] /m Information: Connection closed with 'IC Validator VUE' running on 'bender.engr.ucr.edu'.
[19:35:14.75] /# gi::executeAction xtDRCSetup -in [gi::getWindows 2]
[19:35:14.75] /i xt::showDRCSetup -job drc -window 2
[19:35:16.33] /# gi::setActiveDialog [gi::getDialogs {xtDRCSetup} -parent [gi::getWindows 2]]
[19:35:16.92] /# db::setAttr geometry -of [gi::getDialogs {xtDRCSetup} -parent [gi::getWindows 2]] -value 445x457+470+45
[19:35:17.28] /# gi::pressButton {/ok} -in [gi::getDialogs {xtDRCSetup} -parent [gi::getWindows 2]]
[19:35:17.30] /w Warning: Attribute 'foreground' is deprecated for objects of type 'giCell' and scheduled for removal in a future release. See instead 'style.foreground'. For migration assistance, see the Custom Designer Tcl Reference Manual. (TCL_OBJECT-061)
[19:35:17.80] /# xt::physicalVerification::executePve drc 2
[19:35:17.86] /e Error: Error: The specified object does not have attribute 'defaultScopeName'. (TCL_OBJECT-003) (OPAL-006)
[19:35:17.98] /r giWindowId 5
[19:35:17.98] /r giWindowGeometry 800x600
[19:35:22.25] /r giWindowId 6
[19:35:22.26] /r giWindowGeometry 800x600
[19:35:22.33] /e Error: The job 'icv_drc_2' started on host 'localhost' with process id 9225 failed to start or complete successfully; the job's return code is 33.
[19:35:25.12] /e Error: Error: The object is invalid. It may have been destroyed or its database may be purged.  (TCL_OBJECT-007)
[19:35:25.12] /e Error: The object is invalid. It may have been destroyed or its database may be purged.  (TCL_OBJECT-007)
[19:35:25.19] /i db::setAttr geometry -of [gi::getFrames 5] -value 800x600+27+43
[19:35:25.26] /i db::setAttr geometry -of [gi::getFrames 6] -value 800x600+67+83
[19:35:26.55] /i db::setAttr geometry -of [gi::getFrames 6] -value 800x600+354+82
[19:35:32.95] /i gi::executeAction giCloseWindow -in [gi::getWindows 6]
[19:35:33.01] /i gi::setActiveWindow 5
[19:35:33.02] /i gi::setActiveWindow 5 -raise true
[19:35:34.03] /i gi::executeAction giCloseWindow -in [gi::getWindows 5]
[19:35:34.12] /i gi::setActiveWindow 2
[19:35:34.13] /i gi::setActiveWindow 2 -raise true
[19:35:59.04] /m Information: Connection closed with 'IC Validator VUE' running on 'bender.engr.ucr.edu'.
[19:36:02.54] /m Information: Connection closed with 'IC Validator VUE' running on 'bender.engr.ucr.edu'.
[19:36:08.34] /m Information: Connection closed with 'IC Validator VUE' running on 'bender.engr.ucr.edu'.
[19:36:30.26] /# gi::executeAction xtDRCSetup -in [gi::getWindows 2]
[19:36:30.26] /i xt::showDRCSetup -job drc -window 2
[19:36:31.83] /# gi::setActiveDialog [gi::getDialogs {xtDRCSetup} -parent [gi::getWindows 2]]
[19:36:32.25] /# db::setAttr geometry -of [gi::getDialogs {xtDRCSetup} -parent [gi::getWindows 2]] -value 445x457+470+45
[19:36:32.60] /# gi::pressButton {/ok} -in [gi::getDialogs {xtDRCSetup} -parent [gi::getWindows 2]]
[19:36:33.09] /# xt::physicalVerification::executePve drc 2
[19:36:33.16] /e Error: Error: The specified object does not have attribute 'defaultScopeName'. (TCL_OBJECT-003) (OPAL-006)
[19:36:33.37] /r giWindowId 7
[19:36:33.37] /r giWindowGeometry 800x600
[19:36:35.72] /e Error: Error: The object is invalid. It may have been destroyed or its database may be purged.  (TCL_OBJECT-007)
[19:36:35.72] /e Error: The object is invalid. It may have been destroyed or its database may be purged.  (TCL_OBJECT-007)
[19:36:35.81] /i db::setAttr geometry -of [gi::getFrames 7] -value 800x600+27+43
[19:36:42.15] /m Information: 
              /c =============================
              /c JobID: icv_drc_3
              /c --- ERROR SUMMARY -----------
              /c  R.CO.E7: Min enclosure of contact at end of line
              /c    not_covered_by ..................................... 6 violations found.
              /c  R.M1.S.1: Minimum spacing=0.14um
              /c    external1 .......................................... 3 violations found.
              /c =============================
              /c 
[19:36:44.77] /m Information: Connection established with 'IC Validator VUE' running on 'bender.engr.ucr.edu'.
[19:36:57.80] /# gi::executeAction deZoomInAtPoint -in [gi::getWindows 2]
[19:36:57.80] /i de::zoom -window 2 -factor 2.0 -center {0.689 1.113}
[19:36:57.81] /o {0.622 1.076} {0.747 1.157}
[19:36:58.59] /# gi::executeAction deZoomOutAtPoint -in [gi::getWindows 2]
[19:36:58.59] /i de::zoom -window 2 -factor 0.5 -center {0.688 1.111}
[19:36:58.60] /o {0.555 1.041} {0.807 1.203}
[19:36:58.66] /# gi::executeAction deZoomOutAtPoint -in [gi::getWindows 2]
[19:36:58.66] /i de::zoom -window 2 -factor 0.5 -center {0.688 1.11}
[19:36:58.67] /o {0.422 0.972} {0.926 1.296}
[19:36:59.10] /# gi::executeAction deZoomOutAtPoint -in [gi::getWindows 2]
[19:36:59.10] /i de::zoom -window 2 -factor 0.5 -center {0.688 1.111}
[19:36:59.12] /o {0.156 0.833} {1.164 1.481}
[19:37:01.60] /i gi::setActiveWindow 7
[19:37:01.61] /i gi::setActiveWindow 7 -raise true
[19:38:04.71] /i db::setAttr iconified -of [gi::getFrames 7] -value true
[19:38:15.66] /# gi::executeAction deZoomInAtPoint -in [gi::getWindows 2]
[19:38:15.66] /i de::zoom -window 2 -factor 2.0 -center {1.148 -0.034}
[19:38:15.68] /o {1.116 -0.057} {1.2 -0.003}
[19:38:15.77] /# gi::executeAction deZoomInAtPoint -in [gi::getWindows 2]
[19:38:15.77] /i de::zoom -window 2 -factor 2.0 -center {1.148 -0.034}
[19:38:15.78] /o {1.132 -0.046} {1.174 -0.019}
[19:38:16.20] /# gi::executeAction deZoomOutAtPoint -in [gi::getWindows 2]
[19:38:16.20] /i de::zoom -window 2 -factor 0.5 -center {1.149 -0.034}
[19:38:16.21] /o {1.115 -0.057} {1.199 -0.003}
[19:38:16.26] /# gi::executeAction deZoomOutAtPoint -in [gi::getWindows 2]
[19:38:16.26] /i de::zoom -window 2 -factor 0.5 -center {1.148 -0.034}
[19:38:16.27] /o {1.081 -0.081} {1.25 0.028}
[19:38:16.37] /# gi::executeAction deZoomOutAtPoint -in [gi::getWindows 2]
[19:38:16.37] /i de::zoom -window 2 -factor 0.5 -center {1.148 -0.034}
[19:38:16.38] /o {1.014 -0.128} {1.352 0.09}
[19:38:16.38] /# gi::executeAction deZoomOutAtPoint -in [gi::getWindows 2]
[19:38:16.38] /i de::zoom -window 2 -factor 0.5 -center {1.149 -0.035}
[19:38:16.39] /o {0.879 -0.22} {1.555 0.214}
[19:38:16.74] /# gi::executeAction deZoomOutAtPoint -in [gi::getWindows 2]
[19:38:16.74] /i de::zoom -window 2 -factor 0.5 -center {1.151 -0.035}
[19:38:16.76] /o {0.607 -0.406} {1.959 0.464}
[19:38:18.07] /# gi::executeAction deZoomInAtPoint -in [gi::getWindows 2]
[19:38:18.07] /i de::zoom -window 2 -factor 2.0 -center {1.15 -0.036}
[19:38:18.08] /o {0.879 -0.221} {1.555 0.214}
[19:38:18.28] /# gi::executeAction deZoomInAtPoint -in [gi::getWindows 2]
[19:38:18.28] /i de::zoom -window 2 -factor 2.0 -center {1.15 -0.036}
[19:38:18.30] /o {1.014 -0.128} {1.352 0.089}
[19:38:18.70] /# gi::executeAction deZoomInAtPoint -in [gi::getWindows 2]
[19:38:18.70] /i de::zoom -window 2 -factor 2.0 -center {1.15 -0.036}
[19:38:18.72] /o {1.082 -0.082} {1.251 0.026}
[19:38:20.25] /# gi::executeAction deZoomInAtPoint -in [gi::getWindows 2]
[19:38:20.25] /i de::zoom -window 2 -factor 2.0 -center {1.238 -0.035}
[19:38:20.26] /o {1.16 -0.059} {1.245 -0.004}
[19:38:20.80] /# gi::executeAction deZoomInAtPoint -in [gi::getWindows 2]
[19:38:20.80] /i de::zoom -window 2 -factor 2.0 -center {1.238 -0.035}
[19:38:20.81] /o {1.199 -0.047} {1.241 -0.02}
[19:38:21.97] /# gi::executeAction deZoomInAtPoint -in [gi::getWindows 2]
[19:38:21.97] /i de::zoom -window 2 -factor 2.0 -center {1.238 -0.035}
[19:38:21.98] /o {1.202 -0.046} {1.241 -0.021}
[19:38:22.47] /# gi::executeAction deZoomInAtPoint -in [gi::getWindows 2]
[19:38:22.47] /i de::zoom -window 2 -factor 2.0 -center {1.238 -0.035}
[19:38:22.48] /o {1.202 -0.046} {1.241 -0.021}
[19:38:22.82] /# gi::executeAction deZoomInAtPoint -in [gi::getWindows 2]
[19:38:22.82] /i de::zoom -window 2 -factor 2.0 -center {1.238 -0.035}
[19:38:22.84] /o {1.202 -0.046} {1.241 -0.021}
[19:38:24.36] /# gi::executeAction deZoomOutAtPoint -in [gi::getWindows 2]
[19:38:24.36] /i de::zoom -window 2 -factor 0.5 -center {1.238 -0.035}
[19:38:24.37] /o {1.166 -0.057} {1.244 -0.007}
[19:38:24.41] /# gi::executeAction deZoomOutAtPoint -in [gi::getWindows 2]
[19:38:24.41] /i de::zoom -window 2 -factor 0.5 -center {1.238 -0.035}
[19:38:24.42] /o {1.095 -0.078} {1.25 0.022}
[19:38:24.44] /# gi::executeAction deZoomOutAtPoint -in [gi::getWindows 2]
[19:38:24.44] /i de::zoom -window 2 -factor 0.5 -center {1.237 -0.036}
[19:38:24.46] /o {0.952 -0.121} {1.263 0.079}
[19:38:24.49] /# gi::executeAction deZoomOutAtPoint -in [gi::getWindows 2]
[19:38:24.49] /i de::zoom -window 2 -factor 0.5 -center {1.238 -0.035}
[19:38:24.50] /o {0.666 -0.207} {1.288 0.193}
[19:38:24.50] /# gi::executeAction deZoomOutAtPoint -in [gi::getWindows 2]
[19:38:24.50] /i de::zoom -window 2 -factor 0.5 -center {1.237 -0.035}
[19:38:24.51] /o {0.096 -0.379} {1.34 0.421}
[19:38:24.51] /# gi::executeAction deZoomOutAtPoint -in [gi::getWindows 2]
[19:38:24.51] /i de::zoom -window 2 -factor 0.5 -center {1.237 -0.036}
[19:38:24.53] /o {-1.046 -0.721} {1.442 0.879}
[19:38:24.53] /# gi::executeAction deZoomOutAtPoint -in [gi::getWindows 2]
[19:38:24.53] /i de::zoom -window 2 -factor 0.5 -center {1.237 -0.038}
[19:38:24.54] /o {-3.328 -1.404} {1.647 1.796}
[19:38:24.57] /# gi::executeAction deZoomOutAtPoint -in [gi::getWindows 2]
[19:38:24.58] /i de::zoom -window 2 -factor 0.5 -center {1.237 -0.039}
[19:38:24.59] /o {-7.894 -2.769} {2.058 3.631}
[19:38:24.59] /# gi::executeAction deZoomOutAtPoint -in [gi::getWindows 2]
[19:38:24.59] /i de::zoom -window 2 -factor 0.5 -center {1.237 -0.038}
[19:38:24.60] /o {-17.025 -5.501} {2.879 7.299}
[19:38:24.60] /# gi::executeAction deZoomOutAtPoint -in [gi::getWindows 2]
[19:38:24.60] /i de::zoom -window 2 -factor 0.5 -center {1.238 -0.039}
[19:38:24.61] /o {-35.287 -10.963} {4.519 14.637}
[19:38:24.61] /# gi::executeAction deZoomOutAtPoint -in [gi::getWindows 2]
[19:38:24.61] /i de::zoom -window 2 -factor 0.5 -center {1.237 -0.038}
[19:38:24.63] /o {-71.811 -21.888} {7.802 29.312}
[19:38:25.08] /# gi::executeAction deZoomInAtPoint -in [gi::getWindows 2]
[19:38:25.08] /i de::zoom -window 2 -factor 2.0 -center {1.144 0.055}
[19:38:25.09] /o {-35.334 -10.916} {4.473 14.684}
[19:38:25.13] /# gi::executeAction deZoomInAtPoint -in [gi::getWindows 2]
[19:38:25.13] /i de::zoom -window 2 -factor 2.0 -center {1.144 0.055}
[19:38:25.14] /o {-17.095 -5.431} {2.808 7.369}
[19:38:25.14] /# gi::executeAction deZoomInAtPoint -in [gi::getWindows 2]
[19:38:25.14] /i de::zoom -window 2 -factor 2.0 -center {1.144 0.055}
[19:38:25.15] /o {-7.975 -2.688} {1.976 3.712}
[19:38:25.95] /# gi::executeAction deZoomInAtPoint -in [gi::getWindows 2]
[19:38:25.95] /i de::zoom -window 2 -factor 2.0 -center {1.039 -0.039}
[19:38:25.96] /o {-3.468 -1.363} {1.508 1.837}
[19:38:25.98] /# gi::executeAction deZoomInAtPoint -in [gi::getWindows 2]
[19:38:25.98] /i de::zoom -window 2 -factor 2.0 -center {1.039 -0.039}
[19:38:25.99] /o {-1.215 -0.701} {1.273 0.899}
[19:38:26.37] /# gi::executeAction deZoomInAtPoint -in [gi::getWindows 2]
[19:38:26.37] /i de::zoom -window 2 -factor 2.0 -center {1.03 -0.045}
[19:38:26.38] /o {-0.092 -0.373} {1.152 0.427}
[19:38:26.42] /# gi::executeAction deZoomInAtPoint -in [gi::getWindows 2]
[19:38:26.42] /i de::zoom -window 2 -factor 2.0 -center {1.03 -0.045}
[19:38:26.44] /o {0.469 -0.209} {1.091 0.191}
[19:38:40.27] /i db::setAttr geometry -of [gi::getFrames 2] -value 1088x700+-19+22
[19:38:43.21] /# gi::executeAction dePanEast -in [gi::getWindows 2]
[19:38:43.22] /i de::pan -direction E -multiplier 0.5
[19:38:43.23] /o {0.78 -0.209} {1.402 0.191}
[19:38:43.54] /# gi::executeAction dePanEast -in [gi::getWindows 2]
[19:38:43.54] /i de::pan -direction E -multiplier 0.5
[19:38:43.55] /o {1.092 -0.209} {1.714 0.191}
[19:38:44.05] /# gi::executeAction dePanWest -in [gi::getWindows 2]
[19:38:44.05] /i de::pan -direction W -multiplier 0.5
[19:38:44.07] /o {0.78 -0.209} {1.402 0.191}
[19:38:45.34] /# gi::executeAction deZoomOutAtPoint -in [gi::getWindows 2]
[19:38:45.34] /i de::zoom -window 2 -factor 0.5 -center {1.275 -0.093}
[19:38:45.35] /o {0.285 -0.325} {1.529 0.475}
[19:38:46.21] /# gi::executeAction deZoomInAtPoint -in [gi::getWindows 2]
[19:38:46.21] /i de::zoom -window 2 -factor 2.0 -center {1.274 -0.073}
[19:38:46.22] /o {0.78 -0.199} {1.402 0.201}
[19:38:46.55] /# gi::executeAction deZoomInAtPoint -in [gi::getWindows 2]
[19:38:46.55] /i de::zoom -window 2 -factor 2.0 -center {1.274 -0.063}
[19:38:46.56] /o {1.027 -0.131} {1.338 0.069}
[19:38:46.75] /# gi::executeAction deZoomInAtPoint -in [gi::getWindows 2]
[19:38:46.75] /i de::zoom -window 2 -factor 2.0 -center {1.272 -0.059}
[19:38:46.76] /o {1.149 -0.095} {1.305 0.005}
[19:38:46.94] /# gi::executeAction deZoomInAtPoint -in [gi::getWindows 2]
[19:38:46.94] /i de::zoom -window 2 -factor 2.0 -center {1.271 -0.057}
[19:38:46.96] /o {1.21 -0.076} {1.288 -0.026}
[19:38:47.35] /# gi::executeAction deZoomOutAtPoint -in [gi::getWindows 2]
[19:38:47.35] /i de::zoom -window 2 -factor 0.5 -center {1.271 -0.056}
[19:38:47.36] /o {1.149 -0.096} {1.305 0.004}
[19:38:47.85] /# gi::executeAction deZoomOutAtPoint -in [gi::getWindows 2]
[19:38:47.85] /i de::zoom -window 2 -factor 0.5 -center {1.27 -0.056}
[19:38:47.86] /o {1.029 -0.136} {1.34 0.064}
[19:38:48.48] /# gi::executeAction deZoomOutAtPoint -in [gi::getWindows 2]
[19:38:48.48] /i de::zoom -window 2 -factor 0.5 -center {1.271 -0.057}
[19:38:48.49] /o {0.787 -0.215} {1.409 0.185}
[19:38:48.65] /# gi::executeAction deZoomOutAtPoint -in [gi::getWindows 2]
[19:38:48.65] /i de::zoom -window 2 -factor 0.5 -center {1.27 -0.057}
[19:38:48.67] /o {0.303 -0.373} {1.547 0.427}
[19:38:48.79] /# gi::executeAction deZoomOutAtPoint -in [gi::getWindows 2]
[19:38:48.79] /i de::zoom -window 2 -factor 0.5 -center {1.27 -0.057}
[19:38:48.80] /o {-0.663 -0.689} {1.825 0.911}
[19:38:49.32] /# gi::executeAction deZoomOutAtPoint -in [gi::getWindows 2]
[19:38:49.32] /i de::zoom -window 2 -factor 0.5 -center {1.274 -0.053}
[19:38:49.33] /o {-2.6 -1.325} {2.375 1.875}
[19:38:49.62] /# gi::executeAction deZoomOutAtPoint -in [gi::getWindows 2]
[19:38:49.62] /i de::zoom -window 2 -factor 0.5 -center {1.274 -0.054}
[19:38:49.63] /o {-6.475 -2.597} {3.477 3.803}
[19:38:50.42] /# gi::executeAction deZoomInAtPoint -in [gi::getWindows 2]
[19:38:50.42] /i de::zoom -window 2 -factor 2.0 -center {1.297 -0.065}
[19:38:50.43] /o {-2.589 -1.331} {2.387 1.869}
[19:38:50.73] /# gi::executeAction deZoomInAtPoint -in [gi::getWindows 2]
[19:38:50.73] /i de::zoom -window 2 -factor 2.0 -center {1.297 -0.065}
[19:38:50.74] /o {-0.646 -0.698} {1.842 0.902}
[19:38:51.41] /# gi::executeAction deZoomInAtPoint -in [gi::getWindows 2]
[19:38:51.41] /i de::zoom -window 2 -factor 2.0 -center {1.297 -0.065}
[19:38:51.42] /o {0.326 -0.381} {1.569 0.419}
[19:38:59.77] /i db::setAttr geometry -of [gi::getFrames 2] -value 1088x700+57+22
[19:39:05.06] /# gi::executeAction leStretch -in [gi::getWindows 2]
[19:39:05.06] /i ile::stretch
[19:39:08.21] /# gi::executeAction deAddPoint -in [gi::getWindows 2]
[19:39:08.21] /i de::addPoint {1.237 -0.097} -window 2
[19:39:09.64] /# gi::executeAction deAddPoint -in [gi::getWindows 2]
[19:39:09.64] /i de::addPoint {1.241 -0.099} -window 2
[19:39:13.43] /# gi::executeAction deAddPoint -in [gi::getWindows 2]
[19:39:13.43] /i de::addPoint {1.41 -0.091} -window 2
[19:39:14.10] /# gi::executeAction deStartDrag -in [gi::getWindows 2]
[19:39:14.10] /i de::startDrag {1.41 -0.091} -window 2
[19:39:14.67] /# gi::executeAction deEndDrag -in [gi::getWindows 2]
[19:39:14.67] /i de::endDrag {1.446 -0.099} -window 2
[19:39:15.09] /# gi::executeAction deAddPoint -in [gi::getWindows 2]
[19:39:15.09] /i de::addPoint {1.398 -0.061} -window 2
[19:39:15.67] /# gi::executeAction deAddPoint -in [gi::getWindows 2]
[19:39:15.67] /i de::addPoint {1.373 -0.071} -window 2
[19:39:16.60] /# gi::executeAction deAddPoint -in [gi::getWindows 2]
[19:39:16.60] /i de::addPoint {1.405 -0.074} -window 2
[19:39:17.47] /# gi::executeAction deStartDrag -in [gi::getWindows 2]
[19:39:17.47] /i de::startDrag {1.323 -0.064} -window 2
[19:39:17.95] /# gi::executeAction deEndDrag -in [gi::getWindows 2]
[19:39:17.95] /i de::endDrag {1.408 -0.065} -window 2
[19:39:20.57] /# gi::executeAction deUndo -in [gi::getWindows 2]
[19:39:20.57] /i de::undoTransaction -design [db::getAttr editDesign -of [db::getNext [de::getContexts -window 2]]]
[19:39:23.12] /# gi::executeAction deAddPoint -in [gi::getWindows 2]
[19:39:23.12] /i de::addPoint {1.341 -0.052} -window 2
[19:39:25.23] /# gi::executeAction deAddPoint -in [gi::getWindows 2]
[19:39:25.23] /i de::addPoint {1.35 -0.053} -window 2
[19:39:25.82] /# gi::executeAction deZoomOutAtPoint -in [gi::getWindows 2]
[19:39:25.82] /i de::zoom -window 2 -factor 0.5 -center {1.35 -0.053}
[19:39:25.84] /o {-0.699 -0.71} {1.789 0.89}
[19:39:27.00] /# gi::executeAction deZoomInAtPoint -in [gi::getWindows 2]
[19:39:27.00] /i de::zoom -window 2 -factor 2.0 -center {1.349 -0.054}
[19:39:27.01] /o {0.325 -0.382} {1.569 0.418}
[19:39:28.92] /# gi::executeAction deZoomOutAtPoint -in [gi::getWindows 2]
[19:39:28.92] /i de::zoom -window 2 -factor 0.5 -center {1.333 0.178}
[19:39:28.93] /o {-0.683 -0.942} {1.805 0.658}
[19:39:29.00] /# gi::executeAction deZoomOutAtPoint -in [gi::getWindows 2]
[19:39:29.00] /i de::zoom -window 2 -factor 0.5 -center {1.336 0.177}
[19:39:29.01] /o {-2.702 -2.061} {2.274 1.139}
[19:39:30.93] /# gi::executeAction deZoomInAtPoint -in [gi::getWindows 2]
[19:39:30.93] /i de::zoom -window 2 -factor 2.0 -center {1.342 0.178}
[19:39:30.94] /o {-0.68 -0.941} {1.808 0.659}
[19:39:34.61] /# gi::executeAction deStartDrag -in [gi::getWindows 2]
[19:39:34.61] /i de::startDrag {1.371 0.213} -window 2
[19:39:34.76] /# gi::executeAction deEndDrag -in [gi::getWindows 2]
[19:39:34.76] /i de::endDrag {1.307 0.207} -window 2
[19:39:35.29] /# gi::executeAction deAddPoint -in [gi::getWindows 2]
[19:39:35.29] /i de::addPoint {1.304 0.201} -window 2
[19:39:35.48] /# gi::executeAction deCompleteShape -in [gi::getWindows 2]
[19:39:35.48] /i de::completeShape -window 2
[19:39:36.86] /# gi::executeAction deAddPoint -in [gi::getWindows 2]
[19:39:36.86] /i de::addPoint {1.304 0.201} -window 2
[19:39:42.55] /# gi::executeAction deAddPoint -in [gi::getWindows 2]
[19:39:42.55] /i de::addPoint {1.196 0.046} -window 2
[19:39:45.71] /# gi::executeAction deZoomInAtPoint -in [gi::getWindows 2]
[19:39:45.71] /i de::zoom -window 2 -factor 2.0 -center {1.228 -0.382}
[19:39:45.72] /o {0.274 -0.662} {1.518 0.138}
[19:39:46.59] /# gi::executeAction deZoomInAtPoint -in [gi::getWindows 2]
[19:39:46.59] /i de::zoom -window 2 -factor 2.0 -center {1.234 -0.367}
[19:39:46.60] /o {0.754 -0.514} {1.376 -0.114}
[19:39:47.52] /# gi::executeAction deZoomOutAtPoint -in [gi::getWindows 2]
[19:39:47.52] /i de::zoom -window 2 -factor 0.5 -center {1.191 -0.342}
[19:39:47.53] /o {0.317 -0.687} {1.561 0.113}
[19:39:52.14] /# gi::executeAction xtDRCRun -in [gi::getWindows 2]
[19:39:52.14] /i xt::physicalVerification::executeRun drc 2
[19:39:52.77] /r giDialog gi::setActiveDialog [gi::getDialogs {xtShowDesignsPrompt}]
[19:39:52.78] /r giDialog gi::setCurrentIndex {target} -index {0,0} -in [gi::getDialogs {xtShowDesignsPrompt}]
[19:39:52.98] /r giDialog db::setAttr geometry -of [gi::getDialogs {xtShowDesignsPrompt}] -value 654x337+77+42
[19:39:57.63] /r giDialog gi::pressButton {cancel} -in [gi::getDialogs {xtShowDesignsPrompt}]
[19:39:57.67] /e Error: can't read "jobTitle": no such variable (TCL)
[19:40:02.92] /i gi::executeAction deSaveDesign -in [gi::getWindows 2]
[19:40:02.94] /m Information: Saving design 'mylibrary inverter layout'. (DESIGN_WINDOW-004)
[19:40:13.10] /# gi::executeAction xtDRCSetup -in [gi::getWindows 2]
[19:40:13.10] /i xt::showDRCSetup -job drc -window 2
[19:40:14.15] /# gi::setActiveDialog [gi::getDialogs {xtDRCSetup} -parent [gi::getWindows 2]]
[19:40:14.52] /# db::setAttr geometry -of [gi::getDialogs {xtDRCSetup} -parent [gi::getWindows 2]] -value 445x457+470+45
[19:40:16.94] /# gi::pressButton {/ok} -in [gi::getDialogs {xtDRCSetup} -parent [gi::getWindows 2]]
[19:40:17.44] /# xt::physicalVerification::executePve drc 2
[19:40:17.50] /e Error: Error: The specified object does not have attribute 'defaultScopeName'. (TCL_OBJECT-003) (OPAL-006)
[19:40:17.61] /r giWindowId 8
[19:40:17.62] /r giWindowGeometry 800x600
[19:40:18.03] /e Error: Error: The object is invalid. It may have been destroyed or its database may be purged.  (TCL_OBJECT-007)
[19:40:18.03] /e Error: The object is invalid. It may have been destroyed or its database may be purged.  (TCL_OBJECT-007)
[19:40:18.18] /i db::setAttr geometry -of [gi::getFrames 8] -value 800x600+77+42
[19:40:25.57] /m Information: 
              /c =============================
              /c JobID: icv_drc_4
              /c --- ERROR SUMMARY -----------
              /c  CO.E.6: CONT is not enclosed by M1
              /c    not ................................................ 1 violation found.
              /c  CO.E.6: Minimum enclosure of any contact bby M1 
              /c  0.005um
              /c    enclose ............................................ 1 violation found.
              /c  R.CO.E7: Min enclosure of contact at end of line
              /c    not_covered_by ..................................... 4 violations found.
              /c =============================
              /c 
[19:40:26.26] /m Information: Connection established with 'IC Validator VUE' running on 'bender.engr.ucr.edu'.
[19:41:00.34] /# gi::executeAction deZoomOutAtPoint -in [gi::getWindows 2]
[19:41:00.34] /i de::zoom -window 2 -factor 0.5 -center {1.28 1.381}
[19:41:00.35] /o {1.145 1.261} {1.575 1.537}
[19:41:00.98] /# gi::executeAction deZoomOutAtPoint -in [gi::getWindows 2]
[19:41:00.98] /i de::zoom -window 2 -factor 0.5 -center {1.28 1.381}
[19:41:00.99] /o {1.011 1.141} {1.869 1.693}
[19:41:02.56] /# gi::executeAction deZoomInAtPoint -in [gi::getWindows 2]
[19:41:02.56] /i de::zoom -window 2 -factor 2.0 -center {1.28 1.382}
[19:41:02.58] /o {1.145 1.262} {1.575 1.538}
[19:41:03.52] /# gi::executeAction deZoomOutAtPoint -in [gi::getWindows 2]
[19:41:03.52] /i de::zoom -window 2 -factor 0.5 -center {1.28 1.382}
[19:41:03.54] /o {1.011 1.141} {1.869 1.693}
[19:41:03.61] /# gi::executeAction deZoomOutAtPoint -in [gi::getWindows 2]
[19:41:03.61] /i de::zoom -window 2 -factor 0.5 -center {1.28 1.382}
[19:41:03.62] /o {0.742 0.9} {2.458 2.004}
[19:41:05.07] /# gi::executeAction deZoomInAtPoint -in [gi::getWindows 2]
[19:41:05.07] /i de::zoom -window 2 -factor 2.0 -center {1.277 1.383}
[19:41:05.08] /o {1.009 1.142} {1.868 1.694}
[19:41:08.82] /# gi::executeAction deZoomOutAtPoint -in [gi::getWindows 2]
[19:41:08.82] /i de::zoom -window 2 -factor 0.5 -center {1.566 1.406}
[19:41:08.83] /o {0.453 0.877} {2.169 1.981}
[19:41:09.29] /# gi::executeAction deZoomOutAtPoint -in [gi::getWindows 2]
[19:41:09.29] /i de::zoom -window 2 -factor 0.5 -center {1.567 1.407}
[19:41:09.30] /o {-0.662 0.347} {2.772 2.555}
[19:41:09.55] /# gi::executeAction deZoomOutAtPoint -in [gi::getWindows 2]
[19:41:09.55] /i de::zoom -window 2 -factor 0.5 -center {1.567 1.407}
[19:41:09.56] /o {-2.89 -0.713} {3.976 3.703}
[19:41:10.20] /# gi::executeAction deZoomOutAtPoint -in [gi::getWindows 2]
[19:41:10.20] /i de::zoom -window 2 -factor 0.5 -center {1.566 1.406}
[19:41:10.20] /o {-7.347 -2.832} {6.387 6.0}
[19:41:11.44] /# gi::executeAction deZoomInAtPoint -in [gi::getWindows 2]
[19:41:11.44] /i de::zoom -window 2 -factor 2.0 -center {1.566 1.406}
[19:41:11.45] /o {-2.89 -0.713} {3.976 3.703}
[19:41:12.10] /# gi::executeAction deZoomInAtPoint -in [gi::getWindows 2]
[19:41:12.10] /i de::zoom -window 2 -factor 2.0 -center {1.566 1.406}
[19:41:12.11] /o {-0.662 0.347} {2.771 2.555}
[19:41:12.53] /# gi::executeAction deZoomInAtPoint -in [gi::getWindows 2]
[19:41:12.53] /i de::zoom -window 2 -factor 2.0 -center {1.566 1.406}
[19:41:12.55] /o {0.452 0.876} {2.169 1.98}
[19:41:21.64] /# gi::executeAction deZoomOutAtPoint -in [gi::getWindows 2]
[19:41:21.64] /i de::zoom -window 2 -factor 0.5 -center {1.23 -0.863}
[19:41:21.66] /o {1.017 -1.049} {1.521 -0.725}
[19:41:21.83] /# gi::executeAction deZoomOutAtPoint -in [gi::getWindows 2]
[19:41:21.83] /i de::zoom -window 2 -factor 0.5 -center {1.231 -0.863}
[19:41:21.85] /o {0.803 -1.235} {1.811 -0.587}
[19:41:22.68] /# gi::executeAction deZoomOutAtPoint -in [gi::getWindows 2]
[19:41:22.68] /i de::zoom -window 2 -factor 0.5 -center {1.23 -0.862}
[19:41:22.69] /o {0.376 -1.608} {2.392 -0.312}
[19:41:23.30] /# gi::executeAction deZoomOutAtPoint -in [gi::getWindows 2]
[19:41:23.30] /i de::zoom -window 2 -factor 0.5 -center {1.231 -0.863}
[19:41:23.32] /o {-0.478 -2.353} {3.552 0.239}
[19:41:23.87] /# gi::executeAction deZoomOutAtPoint -in [gi::getWindows 2]
[19:41:23.87] /i de::zoom -window 2 -factor 0.5 -center {1.231 -0.862}
[19:41:23.88] /o {-2.187 -3.844} {5.873 1.34}
[19:41:25.84] /# gi::executeAction deZoomInAtPoint -in [gi::getWindows 2]
[19:41:25.84] /i de::zoom -window 2 -factor 2.0 -center {1.202 -0.891}
[19:41:25.85] /o {-0.493 -2.367} {3.538 0.225}
[19:41:32.23] /m Information: Connection closed with 'IC Validator VUE' running on 'bender.engr.ucr.edu'.
[19:41:34.70] /i db::setAttr iconified -of [gi::getFrames 2] -value true
[19:41:34.71] /i gi::setActiveWindow 8
[19:41:34.71] /i gi::setActiveWindow 8 -raise true
[19:41:36.41] /i gi::setActiveWindow 1
[19:41:36.41] /i gi::setActiveWindow 1 -raise true
[19:41:36.44] /i db::setAttr iconified -of [gi::getFrames 8] -value true
[19:41:45.25] /i db::setAttr iconified -of [gi::getFrames 8] -value false
[19:41:45.27] /i gi::setActiveWindow 8
[19:41:45.28] /i gi::setActiveWindow 8 -raise true
[19:41:46.78] /i gi::executeAction giCloseWindow -in [gi::getWindows 8]
[19:41:53.45] /i db::setAttr iconified -of [gi::getFrames 7] -value false
[19:41:53.47] /i gi::setActiveWindow 7
[19:41:53.48] /i gi::setActiveWindow 7 -raise true
[19:41:55.56] /i db::setAttr iconified -of [gi::getFrames 7] -value true
[19:41:58.82] /i gi::setActiveWindow 1
[19:41:58.82] /i gi::setActiveWindow 1 -raise true
[19:42:02.04] /i db::setAttr iconified -of [gi::getFrames 1] -value true
[19:42:04.35] /i db::setAttr iconified -of [gi::getFrames 7] -value false
[19:42:04.36] /i gi::setActiveWindow 7
[19:42:04.43] /i gi::setActiveWindow 7 -raise true
[19:42:05.71] /i db::setAttr iconified -of [gi::getFrames 1] -value false
[19:42:05.72] /i gi::setActiveWindow 1
[19:42:05.72] /i gi::setActiveWindow 1 -raise true
[19:42:06.65] /i db::setAttr iconified -of [gi::getFrames 2] -value false
[19:42:06.66] /i gi::setActiveWindow 2
[19:42:06.66] /i gi::setActiveWindow 2 -raise true
[19:42:22.97] /# gi::executeAction deZoomInAtPoint -in [gi::getWindows 2]
[19:42:22.97] /i de::zoom -window 2 -factor 2.0 -center {0.772 1.142}
[19:42:22.98] /o {0.663 1.091} {0.789 1.172}
[19:42:24.31] /# gi::executeAction deZoomOutAtPoint -in [gi::getWindows 2]
[19:42:24.31] /i de::zoom -window 2 -factor 0.5 -center {0.768 1.136}
[19:42:24.32] /o {0.558 1.045} {0.81 1.207}
[19:42:24.53] /# gi::executeAction deZoomOutAtPoint -in [gi::getWindows 2]
[19:42:24.53] /i de::zoom -window 2 -factor 0.5 -center {0.769 1.137}
[19:42:24.54] /o {0.347 0.953} {0.851 1.277}
[19:42:29.33] /# gi::executeAction deZoomOutAtPoint -in [gi::getWindows 2]
[19:42:29.33] /i de::zoom -window 2 -factor 0.5 -center {0.767 1.132}
[19:42:29.35] /o {-0.073 0.774} {0.935 1.422}
[19:42:29.46] /# gi::executeAction deZoomOutAtPoint -in [gi::getWindows 2]
[19:42:29.46] /i de::zoom -window 2 -factor 0.5 -center {0.767 1.131}
[19:42:29.47] /o {-0.913 0.417} {1.103 1.713}
[19:42:30.22] /# gi::executeAction deZoomInAtPoint -in [gi::getWindows 2]
[19:42:30.22] /i de::zoom -window 2 -factor 2.0 -center {0.768 1.131}
[19:42:30.24] /o {-0.072 0.774} {0.935 1.422}
[19:42:30.82] /# gi::executeAction deZoomInAtPoint -in [gi::getWindows 2]
[19:42:30.82] /i de::zoom -window 2 -factor 2.0 -center {0.768 1.131}
[19:42:30.83] /o {0.348 0.953} {0.852 1.277}
[19:42:31.12] /# gi::executeAction deZoomInAtPoint -in [gi::getWindows 2]
[19:42:31.12] /i de::zoom -window 2 -factor 2.0 -center {0.768 1.131}
[19:42:31.13] /o {0.558 1.042} {0.81 1.204}
[19:42:32.26] /# gi::executeAction deZoomOutAtPoint -in [gi::getWindows 2]
[19:42:32.26] /i de::zoom -window 2 -factor 0.5 -center {0.768 1.131}
[19:42:32.27] /o {0.348 0.953} {0.852 1.277}
[19:42:45.54] /# gi::executeAction deZoomInAtPoint -in [gi::getWindows 2]
[19:42:45.54] /i de::zoom -window 2 -factor 2.0 -center {0.739 -0.891}
[19:42:45.55] /o {0.647 -0.923} {0.772 -0.842}
[19:42:46.21] /# gi::executeAction deZoomInAtPoint -in [gi::getWindows 2]
[19:42:46.21] /i de::zoom -window 2 -factor 2.0 -center {0.739 -0.891}
[19:42:46.22] /o {0.693 -0.907} {0.756 -0.867}
[19:42:46.46] /# gi::executeAction deZoomOutAtPoint -in [gi::getWindows 2]
[19:42:46.46] /i de::zoom -window 2 -factor 0.5 -center {0.739 -0.891}
[19:42:46.47] /o {0.647 -0.923} {0.772 -0.842}
[19:42:46.49] /# gi::executeAction deZoomOutAtPoint -in [gi::getWindows 2]
[19:42:46.49] /i de::zoom -window 2 -factor 0.5 -center {0.739 -0.891}
[19:42:46.50] /o {0.554 -0.956} {0.806 -0.794}
[19:42:46.50] /# gi::executeAction deZoomOutAtPoint -in [gi::getWindows 2]
[19:42:46.50] /i de::zoom -window 2 -factor 0.5 -center {0.739 -0.891}
[19:42:46.51] /o {0.369 -1.021} {0.873 -0.697}
[19:42:46.55] /# gi::executeAction deZoomOutAtPoint -in [gi::getWindows 2]
[19:42:46.55] /i de::zoom -window 2 -factor 0.5 -center {0.74 -0.89}
[19:42:46.56] /o {-0.002 -1.152} {1.006 -0.504}
[19:42:46.57] /# gi::executeAction deZoomOutAtPoint -in [gi::getWindows 2]
[19:42:46.57] /i de::zoom -window 2 -factor 0.5 -center {0.74 -0.891}
[19:42:46.58] /o {-0.744 -1.413} {1.272 -0.117}
[19:42:46.58] /# gi::executeAction deZoomOutAtPoint -in [gi::getWindows 2]
[19:42:46.58] /i de::zoom -window 2 -factor 0.5 -center {0.74 -0.891}
[19:42:46.59] /o {-2.227 -1.935} {1.803 0.657}
[19:42:46.59] /# gi::executeAction deZoomOutAtPoint -in [gi::getWindows 2]
[19:42:46.59] /i de::zoom -window 2 -factor 0.5 -center {0.74 -0.891}
[19:42:46.60] /o {-5.194 -2.979} {2.866 2.205}
[19:42:46.64] /# gi::executeAction deZoomOutAtPoint -in [gi::getWindows 2]
[19:42:46.64] /i de::zoom -window 2 -factor 0.5 -center {0.74 -0.89}
[19:42:46.65] /o {-11.129 -5.068} {4.993 5.3}
[19:42:46.66] /# gi::executeAction deZoomOutAtPoint -in [gi::getWindows 2]
[19:42:46.66] /i de::zoom -window 2 -factor 0.5 -center {0.739 -0.89}
[19:42:46.67] /o {-22.997 -9.246} {9.247 11.49}
[19:42:46.67] /# gi::executeAction deZoomOutAtPoint -in [gi::getWindows 2]
[19:42:46.67] /i de::zoom -window 2 -factor 0.5 -center {0.74 -0.891}
[19:42:46.68] /o {-46.733 -17.601} {17.753 23.871}
[19:42:46.68] /# gi::executeAction deZoomOutAtPoint -in [gi::getWindows 2]
[19:42:46.68] /i de::zoom -window 2 -factor 0.5 -center {0.739 -0.891}
[19:42:46.69] /o {-94.206 -34.311} {34.768 48.633}
[19:42:46.69] /# gi::executeAction deZoomOutAtPoint -in [gi::getWindows 2]
[19:42:46.69] /i de::zoom -window 2 -factor 0.5 -center {0.739 -0.89}
[19:42:46.70] /o {-189.15 -67.732} {68.796 98.156}
[19:42:46.72] /# gi::executeAction deZoomOutAtPoint -in [gi::getWindows 2]
[19:42:46.72] /i de::zoom -window 2 -factor 0.5 -center {0.74 -0.891}
[19:42:46.73] /o {-379.041 -134.573} {136.853 197.203}
[19:42:46.73] /# gi::executeAction deZoomOutAtPoint -in [gi::getWindows 2]
[19:42:46.73] /i de::zoom -window 2 -factor 0.5 -center {0.739 -0.89}
[19:42:46.74] /o {-758.82 -268.256} {272.966 395.296}
[19:42:46.74] /# gi::executeAction deZoomOutAtPoint -in [gi::getWindows 2]
[19:42:46.74] /i de::zoom -window 2 -factor 0.5 -center {0.74 -0.891}
[19:42:46.75] /o {-1518.381 -535.621} {545.193 791.483}
[19:42:46.75] /# gi::executeAction deZoomOutAtPoint -in [gi::getWindows 2]
[19:42:46.75] /i de::zoom -window 2 -factor 0.5 -center {0.74 -0.89}
[19:42:46.76] /w Warning: Could not zoom to factor '0.000206' because the length and width of the design must both remain at least one pixel in size. (CANVAS-002)
[19:42:46.77] /o {-2039.885 -719.191} {732.1 1063.499}
[19:42:46.85] /# gi::executeAction deZoomOutAtPoint -in [gi::getWindows 2]
[19:42:46.85] /i de::zoom -window 2 -factor 0.5 -center {0.74 -0.891}
[19:42:46.85] /w Warning: Could not zoom to factor '0.000153' because the length and width of the design must both remain at least one pixel in size. (CANVAS-002)
[19:42:46.86] /o {-2039.885 -719.191} {732.1 1063.499}
[19:42:46.86] /# gi::executeAction deZoomOutAtPoint -in [gi::getWindows 2]
[19:42:46.86] /i de::zoom -window 2 -factor 0.5 -center {0.74 -0.891}
[19:42:46.87] /w Warning: Could not zoom to factor '0.000153' because the length and width of the design must both remain at least one pixel in size. (CANVAS-002)
[19:42:46.88] /o {-2039.885 -719.191} {732.1 1063.499}
[19:42:46.88] /# gi::executeAction deZoomOutAtPoint -in [gi::getWindows 2]
[19:42:46.88] /i de::zoom -window 2 -factor 0.5 -center {0.74 -0.891}
[19:42:46.88] /w Warning: Could not zoom to factor '0.000153' because the length and width of the design must both remain at least one pixel in size. (CANVAS-002)
[19:42:46.89] /o {-2039.885 -719.191} {732.1 1063.499}
[19:42:46.89] /# gi::executeAction deZoomOutAtPoint -in [gi::getWindows 2]
[19:42:46.89] /i de::zoom -window 2 -factor 0.5 -center {0.74 -0.891}
[19:42:46.90] /w Warning: Could not zoom to factor '0.000153' because the length and width of the design must both remain at least one pixel in size. (CANVAS-002)
[19:42:46.90] /o {-2039.885 -719.191} {732.1 1063.499}
[19:42:46.90] /# gi::executeAction deZoomOutAtPoint -in [gi::getWindows 2]
[19:42:46.90] /i de::zoom -window 2 -factor 0.5 -center {0.74 -0.891}
[19:42:46.91] /w Warning: Could not zoom to factor '0.000153' because the length and width of the design must both remain at least one pixel in size. (CANVAS-002)
[19:42:46.91] /o {-2039.885 -719.191} {732.1 1063.499}
[19:42:47.19] /# gi::executeAction deZoomInAtPoint -in [gi::getWindows 2]
[19:42:47.19] /i de::zoom -window 2 -factor 2.0 -center {0.74 -0.891}
[19:42:47.21] /o {-1019.573 -360.041} {366.42 531.304}
[19:42:47.40] /# gi::executeAction deZoomInAtPoint -in [gi::getWindows 2]
[19:42:47.40] /i de::zoom -window 2 -factor 2.0 -center {0.74 -0.891}
[19:42:47.41] /o {-509.416 -180.466} {183.58 265.207}
[19:42:47.67] /# gi::executeAction deZoomInAtPoint -in [gi::getWindows 2]
[19:42:47.67] /i de::zoom -window 2 -factor 2.0 -center {0.74 -0.891}
[19:42:47.69] /o {-254.338 -90.678} {92.16 132.158}
[19:42:47.84] /# gi::executeAction deZoomInAtPoint -in [gi::getWindows 2]
[19:42:47.84] /i de::zoom -window 2 -factor 2.0 -center {0.74 -0.891}
[19:42:47.86] /o {-126.799 -45.785} {46.45 65.633}
[19:42:48.06] /# gi::executeAction deZoomInAtPoint -in [gi::getWindows 2]
[19:42:48.06] /i de::zoom -window 2 -factor 2.0 -center {0.74 -0.891}
[19:42:48.08] /o {-63.03 -23.338} {23.595 32.371}
[19:42:48.22] /# gi::executeAction deZoomInAtPoint -in [gi::getWindows 2]
[19:42:48.22] /i de::zoom -window 2 -factor 2.0 -center {0.74 -0.891}
[19:42:48.24] /o {-31.145 -12.114} {12.167 15.74}
[19:42:48.55] /# gi::executeAction deZoomInAtPoint -in [gi::getWindows 2]
[19:42:48.55] /i de::zoom -window 2 -factor 2.0 -center {0.74 -0.891}
[19:42:48.56] /o {-15.202 -6.503} {6.454 7.425}
[19:42:48.62] /# gi::executeAction deZoomInAtPoint -in [gi::getWindows 2]
[19:42:48.62] /i de::zoom -window 2 -factor 2.0 -center {0.74 -0.891}
[19:42:48.63] /o {-7.231 -3.697} {3.597 3.267}
[19:42:48.82] /# gi::executeAction deZoomInAtPoint -in [gi::getWindows 2]
[19:42:48.82] /i de::zoom -window 2 -factor 2.0 -center {0.74 -0.891}
[19:42:48.84] /o {-3.246 -2.294} {2.168 1.188}
[19:42:49.36] /# gi::executeAction deZoomInAtPoint -in [gi::getWindows 2]
[19:42:49.36] /i de::zoom -window 2 -factor 2.0 -center {0.74 -0.891}
[19:42:49.38] /o {-1.253 -1.592} {1.454 0.148}
[19:42:50.29] /# gi::executeAction deZoomInAtPoint -in [gi::getWindows 2]
[19:42:50.29] /i de::zoom -window 2 -factor 2.0 -center {0.74 -0.891}
[19:42:50.30] /o {-0.256 -1.242} {1.097 -0.371}
[19:42:50.65] /# gi::executeAction deZoomInAtPoint -in [gi::getWindows 2]
[19:42:50.65] /i de::zoom -window 2 -factor 2.0 -center {0.74 -0.891}
[19:42:50.66] /o {0.242 -1.066} {0.919 -0.631}
[19:43:06.72] /i gi::executeAction giCloseWindow -in [gi::getWindows 2]
[19:43:07.50] /m Information: License 'Layout Editor' checked in. (LICENSE-004)
[19:43:09.18] /i gi::executeAction giCloseWindow -in [gi::getWindows 1]
[19:43:10.71] /i gi::executeAction giCloseWindow -in [gi::getWindows 7]
[19:43:20.60] /i gi::setActiveWindow 0
[19:43:20.61] /i gi::setActiveWindow 0 -raise true
[19:43:20.70] /r giWindowId 9
[19:43:20.71] /r giWindowGeometry 1088x700
[19:43:21.35] /m Information: Connection closed with 'IC Validator VUE' running on 'bender.engr.ucr.edu'.
[19:43:21.35] /i db::setAttr dockSize -of [gi::getAssistants leObjectLayerPanel -from [gi::getWindows 9]] -value 190x550
[19:43:29.56] /i gi::executeAction giCloseWindow -in [gi::getWindows 9]
[19:43:30.26] /i gi::setActiveWindow 0
[19:43:30.27] /i gi::setActiveWindow 0 -raise true
[19:43:31.73] /i gi::executeAction giCloseWindow -in [gi::getWindows 0]
[19:43:31.84] /r giDialog gi::setActiveDialog [gi::getDialogs {deExitDialog}]
[19:43:32.15] /r giDialog db::setAttr geometry -of [gi::getDialogs {deExitDialog}] -value 371x218+20+417
[19:43:34.02] /r giDialog gi::pressButton {ok} -in [gi::getDialogs {deExitDialog}]
[19:43:34.08] /o Shutdown time: Fri Jan 25 19:43:34 2019
[19:43:34.08] /o Elapsed session real time: 17.01 minutes
[19:43:34.08] /o Session terminated. Log is at /home/cemaj/tarora/eecs168/cdesigner.tarora.25_1_17_19_2.log
