[18:20:24.42] /o Custom Designer (TM) Version J-2014.12-SP2-2
              /c Build  (OPT) Config 2901729 compiled on Sun Jul 26 20:41:43 2015 for RHEL64 5.7
              /c Invocation: /usr/local/synopsys/customdesigner/J-2014.12-SP2-2/amd64/platform/bin/cdesigner
              /c Execution time: Fri Feb  8 18:20:21 2019
              /c Host: bender.engr.ucr.edu
              /c 
              /c Copyright © 2004-2015 Synopsys, Inc. All rights reserved.
              /c Your use of this program is subject to the terms and conditions of the written license agreement between you, or your company, and Synopsys.
              /c 
[18:20:25.88] /m Information: ::xt::physicalVerification::_private::processValidationProc: Invalid process 'SAED 90nm'.
[18:20:25.88] /m Information: ::xt::physicalVerification::_private::variantValidationProc: Invalid process ''.
[18:20:30.39] /# gi::executeAction deOpenDesign -in [gi::getWindows 0]
[18:20:30.39] /i de::showOpenDesign
[18:20:30.43] /o oa:0x24960f20
[18:20:30.52] /i gi::setActiveDialog [gi::getDialogs {deOpenDesign}]
[18:20:30.80] /i db::setAttr geometry -of [gi::getDialogs {deOpenDesign}] -value 645x361+20+417
[18:20:31.87] /i gi::setCurrentIndex {designLibs} -index {mylibrary} -in [gi::getDialogs {deOpenDesign}]
[18:20:31.88] /i gi::setItemSelection {designLibs} -index {mylibrary} -in [gi::getDialogs {deOpenDesign}]
[18:20:34.25] /i gi::setCurrentIndex {designCells} -index {ringOscillator_testbench} -in [gi::getDialogs {deOpenDesign}]
[18:20:34.27] /i gi::setItemSelection {designCells} -index {ringOscillator_testbench} -in [gi::getDialogs {deOpenDesign}]
[18:20:35.42] /i gi::setCurrentIndex {designViews} -index {schematic} -in [gi::getDialogs {deOpenDesign}]
[18:20:35.59] /i gi::pressButton {ok} -in [gi::getDialogs {deOpenDesign}]
[18:20:35.60] /# de::open [dm::findCellView {schematic} -cellName {ringOscillator_testbench} -libName {mylibrary}] -readOnly 0
[18:20:35.65] /o 	############################################
[18:20:35.65] /o 	--------------------------------------------
[18:20:35.65] /o 	PDK Name................... : SAED_PDK_90
[18:20:35.65] /o 	PDK Release Date........... : 29-Sep-2015
[18:20:35.65] /o 	PDK Custom Designer Version : J-2014.12-2
[18:20:35.65] /o 	--------------------------------------------
[18:20:35.65] /o 	############################################
[18:20:35.65] /o 
[18:20:35.65] /w Warning: Preference 'leActiveLPP' is deprecated and scheduled for removal in a future release with no replacement. For migration assistance, see the Custom Designer Tcl Reference Manual. (PREFERENCE-058)
[18:20:35.65] /o SAED PDK 90: Loaded callbacks
[18:20:35.65] /o SAED PDK 90: Loaded display resources
[18:20:35.72] /m Information: License 'Schematic Editor' checked out. (LICENSE-003)
[18:20:35.78] /r giWindowId 1
[18:20:35.79] /r giWindowGeometry 1088x700
[18:20:36.14] /o 0.1
[18:20:44.40] /# gi::executeAction seSchCheckAndSave -in [gi::getWindows 1]
[18:20:44.40] /i ise::check
[18:20:44.44] /m Information: 
[18:20:44.44] /o Checking "mylibrary/ringOscillator_testbench/schematic"
[18:20:44.45] /o No rule violations found in "mylibrary/ringOscillator_testbench/schematic"
[18:20:44.45] /m Information: Checking process is completed: marking the design violations
[18:20:44.53] /m Information: Marking of designs is completed
[18:20:44.53] /o 1
[18:20:53.05] /i gi::setActiveWindow 0
[18:20:53.05] /i gi::setActiveWindow 0 -raise true
[18:20:53.07] /i db::setAttr iconified -of [gi::getFrames 1] -value true
[18:21:00.09] /# gi::executeAction dmShowNewCellView -in [gi::getWindows 0]
[18:21:00.09] /i dm::showNewCellView -parent 0
[18:21:00.12] /o oa:0x2878f700
[18:21:00.29] /i gi::setActiveDialog [gi::getDialogs {dmNewCellView}]
[18:21:00.45] /i db::setAttr geometry -of [gi::getDialogs {dmNewCellView}] -value 588x336+20+417
[18:21:01.55] /i gi::setCurrentIndex {libs} -index {mylibrary} -in [gi::getDialogs {dmNewCellView}]
[18:21:01.55] /i gi::setItemSelection {libs} -index {mylibrary} -in [gi::getDialogs {dmNewCellView}]
[18:21:09.27] /i gi::setField {cellName} -value {rin} -in [gi::getDialogs {dmNewCellView}]
[18:21:09.28] /i gi::setCurrentIndex {cells} -index {ringOscillator} -in [gi::getDialogs {dmNewCellView}]
[18:21:09.29] /i gi::setItemSelection {cells} -index {ringOscillator} -in [gi::getDialogs {dmNewCellView}]
[18:38:40.89] /o Process killed
              /c Information: The process was terminated by "Hangup" signal.
              /c signal number = 1
              /c Numeric Stack Dump 
              /c '76737780 140599980503679 140599981266711 140599980723256 140599995321080 140599995321503 140599980518248 140599980518326 140600169320007 140600122830637 140600122822762 140600122832592 140600122832830 140600171048139 140600171067877 140600170291138 140600170291359 140600170322843 140600170180302 140600170182888 140600170183769 140600172686725 140600172848455 140600169212349 140600168889379 140600168908766 140600164529835 140600169195687 140600169198702 140600169194985 140600169198702 140600169194985 140600169198702 140600169194985 140600171146344 140600169158575 140600169213735 154561550 140600168889379 140600168908766 140600164529835 140600164543748 140600164701618 140600148463688 140600148464551 140600148464731 140600164702030 140600169552653 140600164526689 140600164527275 140600164544426 73943954 67895282 140599980422100 73908908'
              /c PID Maps 
              /c 00400000-0d54c000 r-xp 00000000 08:02 412671200                          /usr/local/synopsys/customdesigner/J-2014.12-SP2-2/amd64/platform/bin/cdesigner
              /c 0d74b000-0e115000 rw-p 0d14b000 08:02 412671200                          /usr/local/synopsys/customdesigner/J-2014.12-SP2-2/amd64/platform/bin/cdesigner
              /c 0e115000-1fc37000 rw-p 00000000 00:00 0 
              /c 212e6000-28aac000 rw-p 00000000 00:00 0                                  [heap]
              /c 7fdfcc000000-7fdfcc064000 rw-p 00000000 00:00 0 
              /c 7fdfcc064000-7fdfd0000000 ---p 00000000 00:00 0 
              /c 7fdfd4000000-7fdfd4064000 rw-p 00000000 00:00 0 
              /c 7fdfd4064000-7fdfd8000000 ---p 00000000 00:00 0 
              /c 7fdfd8000000-7fdfd8064000 rw-p 00000000 00:00 0 
              /c 7fdfd8064000-7fdfdc000000 ---p 00000000 00:00 0 
              /c 7fdfdc000000-7fdfdc064000 rw-p 00000000 00:00 0 
              /c 7fdfdc064000-7fdfe0000000 ---p 00000000 00:00 0 
              /c 7fdfe17fb000-7fdfe17fc000 ---p 00000000 00:00 0 
              /c 7fdfe17fc000-7fdfe1ffc000 rw-p 00000000 00:00 0 
              /c 7fdfe1ffc000-7fdfe1ffd000 ---p 00000000 00:00 0 
              /c 7fdfe1ffd000-7fdfe27fd000 rw-p 00000000 00:00 0 
              /c 7fdfe27fd000-7fdfe27fe000 ---p 00000000 00:00 0 
              /c 7fdfe27fe000-7fdfe2ffe000 rw-p 00000000 00:00 0 
              /c 7fdfe2ffe000-7fdfe2fff000 ---p 00000000 00:00 0 
              /c 7fdfe2fff000-7fdfe37ff000 rw-p 00000000 00:00 0 
              /c 7fdfe37ff000-7fdfe3800000 ---p 00000000 00:00 0 
              /c 7fdfe3800000-7fdfe4000000 rw-p 00000000 00:00 0 
              /c 7fdfe4000000-7fdfe4074000 rw-p 00000000 00:00 0 
              /c 7fdfe4074000-7fdfe8000000 ---p 00000000 00:00 0 
              /c 7fdfe86df000-7fdfe86e1000 r-xp 00000000 08:02 782843                     /usr/lib64/libutil-2.17.so
              /c 7fdfe86e1000-7fdfe88e0000 ---p 00002000 08:02 782843                     /usr/lib64/libutil-2.17.so
              /c 7fdfe88e0000-7fdfe88e1000 r--p 00001000 08:02 782843                     /usr/lib64/libutil-2.17.so
              /c 7fdfe88e1000-7fdfe88e2000 rw-p 00002000 08:02 782843                     /usr/lib64/libutil-2.17.so
              /c 7fdfe88e2000-7fdfe8a5c000 r-xp 00000000 08:02 412637573                  /usr/local/synopsys/customdesigner/J-2014.12-SP2-2/amd64/Python/2.6.2/lib/libpython2.6.so.1.0
              /c 7fdfe8a5c000-7fdfe8c5b000 ---p 0017a000 08:02 412637573                  /usr/local/synopsys/customdesigner/J-2014.12-SP2-2/amd64/Python/2.6.2/lib/libpython2.6.so.1.0
              /c 7fdfe8c5b000-7fdfe8c97000 rw-p 00179000 08:02 412637573                  /usr/local/synopsys/customdesigner/J-2014.12-SP2-2/amd64/Python/2.6.2/lib/libpython2.6.so.1.0
              /c 7fdfe8c97000-7fdfe8ca5000 rw-p 00000000 00:00 0 
              /c 7fdfe8ca5000-7fdfe8e01000 r-xp 00000000 08:02 412679128                  /usr/local/synopsys/customdesigner/J-2014.12-SP2-2/amd64/tclpy/PY2.6.2/tclpy.so
              /c 7fdfe8e01000-7fdfe9000000 ---p 0015c000 08:02 412679128                  /usr/local/synopsys/customdesigner/J-2014.12-SP2-2/amd64/tclpy/PY2.6.2/tclpy.so
              /c 7fdfe9000000-7fdfe900c000 rw-p 0015b000 08:02 412679128                  /usr/local/synopsys/customdesigner/J-2014.12-SP2-2/amd64/tclpy/PY2.6.2/tclpy.so
              /c 7fdfe900c000-7fdfe9011000 r-xp 00000000 08:02 24295959                   /usr/local/synopsys/customdesigner/J-2014.12-SP2-2/amd64/tdk/lib/libtbcload1.7.so
              /c 7fdfe9011000-7fdfe9210000 ---p 00005000 08:02 24295959                   /usr/local/synopsys/customdesigner/J-2014.12-SP2-2/amd64/tdk/lib/libtbcload1.7.so
              /c 7fdfe9210000-7fdfe9211000 rw-p 00004000 08:02 24295959                   /usr/local/synopsys/customdesigner/J-2014.12-SP2-2/amd64/tdk/lib/libtbcload1.7.so
              /c 7fdfe9211000-7fdfe9212000 ---p 00000000 00:00 0 
              /c 7fdfe9212000-7fdfea413000 rw-p 00000000 00:00 0 
              /c 7fdfea413000-7fdfea422000 r-xp 00000000 08:02 31865                      /usr/lib64/libbz2.so.1.0.6
              /c 7fdfea422000-7fdfea621000 ---p 0000f000 08:02 31865                      /usr/lib64/libbz2.so.1.0.6
              /c 7fdfea621000-7fdfea622000 r--p 0000e000 08:02 31865                      /usr/lib64/libbz2.so.1.0.6
              /c 7fdfea622000-7fdfea623000 rw-p 0000f000 08:02 31865                      /usr/lib64/libbz2.so.1.0.6
              /c 7fdfea623000-7fdfea63a000 r-xp 00000000 08:02 494600                     /usr/lib64/libelf-0.172.so
              /c 7fdfea63a000-7fdfea839000 ---p 00017000 08:02 494600                     /usr/lib64/libelf-0.172.so
              /c 7fdfea839000-7fdfea83a000 r--p 00016000 08:02 494600                     /usr/lib64/libelf-0.172.so
              /c 7fdfea83a000-7fdfea83b000 rw-p 00017000 08:02 494600                     /usr/lib64/libelf-0.172.so
              /c 7fdfea83b000-7fdfea83f000 r-xp 00000000 08:02 32132                      /usr/lib64/libattr.so.1.1.0
              /c 7fdfea83f000-7fdfeaa3e000 ---p 00004000 08:02 32132                      /usr/lib64/libattr.so.1.1.0
              /c 7fdfeaa3e000-7fdfeaa3f000 r--p 00003000 08:02 32132                      /usr/lib64/libattr.so.1.1.0
              /c 7fdfeaa3f000-7fdfeaa40000 rw-p 00004000 08:02 32132                      /usr/lib64/libattr.so.1.1.0
              /c 7fdfeaa40000-7fdfeaa8c000 r-xp 00000000 08:02 814018                     /usr/lib64/libdw-0.172.so
              /c 7fdfeaa8c000-7fdfeac8c000 ---p 0004c000 08:02 814018                     /usr/lib64/libdw-0.172.so
              /c 7fdfeac8c000-7fdfeac8e000 r--p 0004c000 08:02 814018                     /usr/lib64/libdw-0.172.so
              /c 7fdfeac8e000-7fdfeac8f000 rw-p 0004e000 08:02 814018                     /usr/lib64/libdw-0.172.so
              /c 7fdfeac8f000-7fdfeac93000 r-xp 00000000 08:02 32759                      /usr/lib64/libgpg-error.so.0.10.0
              /c 7fdfeac93000-7fdfeae92000 ---p 00004000 08:02 32759                      /usr/lib64/libgpg-error.so.0.10.0
              /c 7fdfeae92000-7fdfeae93000 r--p 00003000 08:02 32759                      /usr/lib64/libgpg-error.so.0.10.0
              /c 7fdfeae93000-7fdfeae94000 rw-p 00004000 08:02 32759                      /usr/lib64/libgpg-error.so.0.10.0
              /c 7fdfeae94000-7fdfeaf11000 r-xp 00000000 08:02 31722                      /usr/lib64/libgcrypt.so.11.8.2
              /c 7fdfeaf11000-7fdfeb110000 ---p 0007d000 08:02 31722                      /usr/lib64/libgcrypt.so.11.8.2
              /c 7fdfeb110000-7fdfeb111000 r--p 0007c000 08:02 31722                      /usr/lib64/libgcrypt.so.11.8.2
              /c 7fdfeb111000-7fdfeb114000 rw-p 0007d000 08:02 31722                      /usr/lib64/libgcrypt.so.11.8.2
              /c 7fdfeb114000-7fdfeb115000 rw-p 00000000 00:00 0 
              /c 7fdfeb115000-7fdfeb129000 r-xp 00000000 08:02 634055                     /usr/lib64/liblz4.so.1.7.5
              /c 7fdfeb129000-7fdfeb328000 ---p 00014000 08:02 634055                     /usr/lib64/liblz4.so.1.7.5
              /c 7fdfeb328000-7fdfeb329000 r--p 00013000 08:02 634055                     /usr/lib64/liblz4.so.1.7.5
              /c 7fdfeb329000-7fdfeb32a000 rw-p 00014000 08:02 634055                     /usr/lib64/liblz4.so.1.7.5
              /c 7fdfeb32a000-7fdfeb34f000 r-xp 00000000 08:02 31744                      /usr/lib64/liblzma.so.5.2.2
              /c 7fdfeb34f000-7fdfeb54e000 ---p 00025000 08:02 31744                      /usr/lib64/liblzma.so.5.2.2
              /c 7fdfeb54e000-7fdfeb54f000 r--p 00024000 08:02 31744                      /usr/lib64/liblzma.so.5.2.2
              /c 7fdfeb54f000-7fdfeb550000 rw-p 00025000 08:02 31744                      /usr/lib64/liblzma.so.5.2.2
              /c 7fdfeb550000-7fdfeb554000 r-xp 00000000 08:02 32138                      /usr/lib64/libcap.so.2.22
              /c 7fdfeb554000-7fdfeb753000 ---p 00004000 08:02 32138                      /usr/lib64/libcap.so.2.22
              /c 7fdfeb753000-7fdfeb754000 r--p 00003000 08:02 32138                      /usr/lib64/libcap.so.2.22
              /c 7fdfeb754000-7fdfeb755000 rw-p 00004000 08:02 32138                      /usr/lib64/libcap.so.2.22
              /c 7fdfeb755000-7fdfeb784000 r-xp 00000000 08:02 814029                     /usr/lib64/libsystemd.so.0.6.0
              /c 7fdfeb784000-7fdfeb984000 ---p 0002f000 08:02 814029                     /usr/lib64/libsystemd.so.0.6.0
              /c 7fdfeb984000-7fdfeb985000 r--p 0002f000 08:02 814029                     /usr/lib64/libsystemd.so.0.6.0
              /c 7fdfeb985000-7fdfeb986000 rw-p 00030000 08:02 814029                     /usr/lib64/libsystemd.so.0.6.0
              /c 7fdfeb986000-7fdfeb9aa000 r-xp 00000000 08:02 782851                     /usr/lib64/libselinux.so.1
              /c 7fdfeb9aa000-7fdfebba9000 ---p 00024000 08:02 782851                     /usr/lib64/libselinux.so.1
              /c 7fdfebba9000-7fdfebbaa000 r--p 00023000 08:02 782851                     /usr/lib64/libselinux.so.1
              /c 7fdfebbaa000-7fdfebbab000 rw-p 00024000 08:02 782851                     /usr/lib64/libselinux.so.1
              /c 7fdfebbab000-7fdfebbad000 rw-p 00000000 00:00 0 
              /c 7fdfebbad000-7fdfebbaf000 r-xp 00000000 08:02 681468                     /usr/lib64/libfreebl3.so
              /c 7fdfebbaf000-7fdfebdae000 ---p 00002000 08:02 681468                     /usr/lib64/libfreebl3.so
              /c 7fdfebdae000-7fdfebdaf000 r--p 00001000 08:02 681468                     /usr/lib64/libfreebl3.so
              /c 7fdfebdaf000-7fdfebdb0000 rw-p 00002000 08:02 681468                     /usr/lib64/libfreebl3.so
              /c 7fdfebdb0000-7fdfebdfe000 r-xp 00000000 08:02 814033                     /usr/lib64/libdbus-1.so.3.14.14
              /c 7fdfebdfe000-7fdfebffd000 ---p 0004e000 08:02 814033                     /usr/lib64/libdbus-1.so.3.14.14
              /c 7fdfebffd000-7fdfebffe000 r--p 0004d000 08:02 814033                     /usr/lib64/libdbus-1.so.3.14.14
              /c 7fdfebffe000-7fdfebfff000 rw-p 0004e000 08:02 814033                     /usr/lib64/libdbus-1.so.3.14.14
              /c 7fdfebfff000-7fdfec000000 rw-p 00000000 00:00 0 
              /c 7fdfec000000-7fdfec021000 rw-p 00000000 00:00 0 
              /c 7fdfec021000-7fdff0000000 ---p 00000000 00:00 0 
              /c 7fdff0003000-7fdff0043000 rw-p 00000000 00:00 0 
              /c 7fdff0043000-7fdff0090000 r--p 00000000 08:02 342042148                  /usr/share/fonts/dejavu/DejaVuSansMono-Bold.ttf
              /c 7fdff0090000-7fdff00e2000 r--p 00000000 08:02 342042151                  /usr/share/fonts/dejavu/DejaVuSansMono.ttf
              /c 7fdff00e2000-7fdff00e5000 r-xp 00000000 08:02 53265                      /usr/lib64/libkeyutils.so.1.5
              /c 7fdff00e5000-7fdff02e4000 ---p 00003000 08:02 53265                      /usr/lib64/libkeyutils.so.1.5
              /c 7fdff02e4000-7fdff02e5000 r--p 00002000 08:02 53265                      /usr/lib64/libkeyutils.so.1.5
              /c 7fdff02e5000-7fdff02e6000 rw-p 00003000 08:02 53265                      /usr/lib64/libkeyutils.so.1.5
              /c 7fdff02e6000-7fdff02f3000 r-xp 00000000 08:02 1611                       /usr/lib64/libkrb5support.so.0.1
              /c 7fdff02f3000-7fdff04f3000 ---p 0000d000 08:02 1611                       /usr/lib64/libkrb5support.so.0.1
              /c 7fdff04f3000-7fdff04f4000 r--p 0000d000 08:02 1611                       /usr/lib64/libkrb5support.so.0.1
              /c 7fdff04f4000-7fdff04f5000 rw-p 0000e000 08:02 1611                       /usr/lib64/libkrb5support.so.0.1
              /c 7fdff04f5000-7fdff04fd000 r-xp 00000000 08:02 1592                       /usr/lib64/libcrypt-2.17.so
              /c 7fdff04fd000-7fdff06fc000 ---p 00008000 08:02 1592                       /usr/lib64/libcrypt-2.17.so
              /c 7fdff06fc000-7fdff06fd000 r--p 00007000 08:02 1592                       /usr/lib64/libcrypt-2.17.so
              /c 7fdff06fd000-7fdff06fe000 rw-p 00008000 08:02 1592                       /usr/lib64/libcrypt-2.17.so
              /c 7fdff06fe000-7fdff072c000 rw-p 00000000 00:00 0 
              /c 7fdff072c000-7fdff073c000 r-xp 00000000 08:02 34191                      /usr/lib64/libavahi-client.so.3.2.9
              /c 7fdff073c000-7fdff093b000 ---p 00010000 08:02 34191                      /usr/lib64/libavahi-client.so.3.2.9
              /c 7fdff093b000-7fdff093c000 r--p 0000f000 08:02 34191                      /usr/lib64/libavahi-client.so.3.2.9
              /c 7fdff093c000-7fdff093d000 rw-p 00010000 08:02 34191                      /usr/lib64/libavahi-client.so.3.2.9
              /c 7fdff093d000-7fdff0949000 r-xp 00000000 08:02 34196                      /usr/lib64/libavahi-common.so.3.5.3
              /c 7fdff0949000-7fdff0b48000 ---p 0000c000 08:02 34196                      /usr/lib64/libavahi-common.so.3.5.3
              /c 7fdff0b48000-7fdff0b49000 r--p 0000b000 08:02 34196                      /usr/lib64/libavahi-common.so.3.5.3
              /c 7fdff0b49000-7fdff0b4a000 rw-p 0000c000 08:02 34196                      /usr/lib64/libavahi-common.so.3.5.3
              /c 7fdff0b4a000-7fdff0d7e000 r-xp 00000000 08:02 1616                       /usr/lib64/libcrypto.so.1.0.2k
              /c 7fdff0d7e000-7fdff0f7e000 ---p 00234000 08:02 1616                       /usr/lib64/libcrypto.so.1.0.2k
              /c 7fdff0f7e000-7fdff0f9a000 r--p 00234000 08:02 1616                       /usr/lib64/libcrypto.so.1.0.2k
              /c 7fdff0f9a000-7fdff0fa7000 rw-p 00250000 08:02 1616                       /usr/lib64/libcrypto.so.1.0.2k
              /c 7fdff0fa7000-7fdff0fab000 rw-p 00000000 00:00 0 
              /c 7fdff0fab000-7fdff1012000 r-xp 00000000 08:02 1623                       /usr/lib64/libssl.so.1.0.2k
              /c 7fdff1012000-7fdff1212000 ---p 00067000 08:02 1623                       /usr/lib64/libssl.so.1.0.2k
              /c 7fdff1212000-7fdff1216000 r--p 00067000 08:02 1623                       /usr/lib64/libssl.so.1.0.2k
              /c 7fdff1216000-7fdff121d000 rw-p 0006b000 08:02 1623                       /usr/lib64/libssl.so.1.0.2k
              /c 7fdff121d000-7fdff1220000 r-xp 00000000 08:02 782872                     /usr/lib64/libcom_err.so.2.1
              /c 7fdff1220000-7fdff141f000 ---p 00003000 08:02 782872                     /usr/lib64/libcom_err.so.2.1
              /c 7fdff141f000-7fdff1420000 r--p 00002000 08:02 782872                     /usr/lib64/libcom_err.so.2.1
              /c 7fdff1420000-7fdff1421000 rw-p 00003000 08:02 782872                     /usr/lib64/libcom_err.so.2.1
              /c 7fdff1421000-7fdff143a000 r-xp 00000000 08:02 1601                       /usr/lib64/libk5crypto.so.3.1
              /c 7fdff143a000-7fdff1639000 ---p 00019000 08:02 1601                       /usr/lib64/libk5crypto.so.3.1
              /c 7fdff1639000-7fdff163b000 r--p 00018000 08:02 1601                       /usr/lib64/libk5crypto.so.3.1
              /c 7fdff163b000-7fdff163c000 rw-p 0001a000 08:02 1601                       /usr/lib64/libk5crypto.so.3.1
              /c 7fdff163c000-7fdff1715000 r-xp 00000000 08:02 1609                       /usr/lib64/libkrb5.so.3.3
              /c 7fdff1715000-7fdff1914000 ---p 000d9000 08:02 1609                       /usr/lib64/libkrb5.so.3.3
              /c 7fdff1914000-7fdff1922000 r--p 000d8000 08:02 1609                       /usr/lib64/libkrb5.so.3.3
              /c 7fdff1922000-7fdff1925000 rw-p 000e6000 08:02 1609                       /usr/lib64/libkrb5.so.3.3
              /c 7fdff1925000-7fdff196f000 r-xp 00000000 08:02 782875                     /usr/lib64/libgssapi_krb5.so.2.2
              /c 7fdff196f000-7fdff1b6f000 ---p 0004a000 08:02 782875                     /usr/lib64/libgssapi_krb5.so.2.2
              /c 7fdff1b6f000-7fdff1b70000 r--p 0004a000 08:02 782875                     /usr/lib64/libgssapi_krb5.so.2.2
              /c 7fdff1b70000-7fdff1b72000 rw-p 0004b000 08:02 782875                     /usr/lib64/libgssapi_krb5.so.2.2
              /c 7fdff1b72000-7fdff1bd5000 r-xp 00000000 08:02 512449                     /usr/lib64/libcups.so.2
              /c 7fdff1bd5000-7fdff1dd5000 ---p 00063000 08:02 512449                     /usr/lib64/libcups.so.2
              /c 7fdff1dd5000-7fdff1dd9000 r--p 00063000 08:02 512449                     /usr/lib64/libcups.so.2
              /c 7fdff1dd9000-7fdff1dda000 rw-p 00067000 08:02 512449                     /usr/lib64/libcups.so.2
              /c 7fdff1dda000-7fdff1ddb000 rw-p 00000000 00:00 0 
              /c 7fdff1ddb000-7fdff1df1000 r-xp 00000000 08:02 782837                     /usr/lib64/libresolv-2.17.so
              /c 7fdff1df1000-7fdff1ff0000 ---p 00016000 08:02 782837                     /usr/lib64/libresolv-2.17.so
              /c 7fdff1ff0000-7fdff1ff1000 r--p 00015000 08:02 782837                     /usr/lib64/libresolv-2.17.so
              /c 7fdff1ff1000-7fdff1ff2000 rw-p 00016000 08:02 782837                     /usr/lib64/libresolv-2.17.so
              /c 7fdff1ff2000-7fdff1ff4000 rw-p 00000000 00:00 0 
              /c 7fdff1ff4000-7fdff1ff9000 r-xp 00000000 08:02 782825                     /usr/lib64/libnss_dns-2.17.so
              /c 7fdff1ff9000-7fdff21f9000 ---p 00005000 08:02 782825                     /usr/lib64/libnss_dns-2.17.so
              /c 7fdff21f9000-7fdff21fa000 r--p 00005000 08:02 782825                     /usr/lib64/libnss_dns-2.17.so
              /c 7fdff21fa000-7fdff21fb000 rw-p 00006000 08:02 782825                     /usr/lib64/libnss_dns-2.17.so
              /c 7fdff21fb000-7fdff2214000 r-xp 00000000 08:02 412673893                  /usr/local/synopsys/customdesigner/J-2014.12-SP2-2/amd64/tcl-dp/lib/libdp42.so
              /c 7fdff2214000-7fdff2413000 ---p 00019000 08:02 412673893                  /usr/local/synopsys/customdesigner/J-2014.12-SP2-2/amd64/tcl-dp/lib/libdp42.so
              /c 7fdff2413000-7fdff2415000 rw-p 00018000 08:02 412673893                  /usr/local/synopsys/customdesigner/J-2014.12-SP2-2/amd64/tcl-dp/lib/libdp42.so
              /c 7fdff2415000-7fdff2427000 r-xp 00000000 08:02 354137                     /usr/local/synopsys/customdesigner/J-2014.12-SP2-2/amd64/OA/lib/linux_rhel50_gcc44x_64/opt/liboaTclEngine.so
              /c 7fdff2427000-7fdff2627000 ---p 00012000 08:02 354137                     /usr/local/synopsys/customdesigner/J-2014.12-SP2-2/amd64/OA/lib/linux_rhel50_gcc44x_64/opt/liboaTclEngine.so
              /c 7fdff2627000-7fdff2629000 rw-p 00012000 08:02 354137                     /usr/local/synopsys/customdesigner/J-2014.12-SP2-2/amd64/OA/lib/linux_rhel50_gcc44x_64/opt/liboaTclEngine.so
              /c 7fdff2629000-7fdff2706000 r-xp 00000000 08:02 25101292                   /usr/local/synopsys/customdesigner/J-2014.12-SP2-2/amd64/platform/lib/librq_plugin.so
              /c 7fdff2706000-7fdff2905000 ---p 000dd000 08:02 25101292                   /usr/local/synopsys/customdesigner/J-2014.12-SP2-2/amd64/platform/lib/librq_plugin.so
              /c 7fdff2905000-7fdff290c000 rw-p 000dc000 08:02 25101292                   /usr/local/synopsys/customdesigner/J-2014.12-SP2-2/amd64/platform/lib/librq_plugin.so
              /c 7fdff290c000-7fdff2969000 r-xp 00000000 08:02 25101291                   /usr/local/synopsys/customdesigner/J-2014.12-SP2-2/amd64/platform/lib/libpcell_caching.so
              /c 7fdff2969000-7fdff2b68000 ---p 0005d000 08:02 25101291                   /usr/local/synopsys/customdesigner/J-2014.12-SP2-2/amd64/platform/lib/libpcell_caching.so
              /c 7fdff2b68000-7fdff2b6d000 rw-p 0005c000 08:02 25101291                   /usr/local/synopsys/customdesigner/J-2014.12-SP2-2/amd64/platform/lib/libpcell_caching.so
              /c 7fdff2b6d000-7fdff2b77000 r-xp 00000000 08:02 354127                     /usr/local/synopsys/customdesigner/J-2014.12-SP2-2/amd64/OA/lib/linux_rhel50_gcc44x_64/opt/liboaNativeLock.so
              /c 7fdff2b77000-7fdff2d77000 ---p 0000a000 08:02 354127                     /usr/local/synopsys/customdesigner/J-2014.12-SP2-2/amd64/OA/lib/linux_rhel50_gcc44x_64/opt/liboaNativeLock.so
              /c 7fdff2d77000-7fdff2d78000 rw-p 0000a000 08:02 354127                     /usr/local/synopsys/customdesigner/J-2014.12-SP2-2/amd64/OA/lib/linux_rhel50_gcc44x_64/opt/liboaNativeLock.so
              /c 7fdff2d78000-7fdff2daf000 r-xp 00000000 08:02 354144                     /usr/local/synopsys/customdesigner/J-2014.12-SP2-2/amd64/OA/lib/linux_rhel50_gcc44x_64/opt/libsnpsLibDef.so
              /c 7fdff2daf000-7fdff2fae000 ---p 00037000 08:02 354144                     /usr/local/synopsys/customdesigner/J-2014.12-SP2-2/amd64/OA/lib/linux_rhel50_gcc44x_64/opt/libsnpsLibDef.so
              /c 7fdff2fae000-7fdff2fb0000 rw-p 00036000 08:02 354144                     /usr/local/synopsys/customdesigner/J-2014.12-SP2-2/amd64/OA/lib/linux_rhel50_gcc44x_64/opt/libsnpsLibDef.so
              /c 7fdff2fb0000-7fdff2fb1000 rw-p 00000000 00:00 0 
              /c 7fdff2fb1000-7fdff3061000 r--p 00000000 08:02 347820209                  /usr/share/fonts/dejavu/DejaVuSans.ttf
              /c 7fdff3061000-7fdff30ba000 r-xp 00000000 08:02 294590794                  /usr/local/synopsys/customdesigner/J-2014.12-SP2-2/amd64/qt/plugins/imageformats/libqtiff.so
              /c 7fdff30ba000-7fdff31b9000 ---p 00059000 08:02 294590794                  /usr/local/synopsys/customdesigner/J-2014.12-SP2-2/amd64/qt/plugins/imageformats/libqtiff.so
              /c 7fdff31b9000-7fdff31bc000 rw-p 00058000 08:02 294590794                  /usr/local/synopsys/customdesigner/J-2014.12-SP2-2/amd64/qt/plugins/imageformats/libqtiff.so
              /c 7fdff31bc000-7fdff31c1000 r-xp 00000000 08:02 294130453                  /usr/local/synopsys/customdesigner/J-2014.12-SP2-2/amd64/qt/plugins/imageformats/libqsvg.so
              /c 7fdff31c1000-7fdff32c1000 ---p 00005000 08:02 294130453                  /usr/local/synopsys/customdesigner/J-2014.12-SP2-2/amd64/qt/plugins/imageformats/libqsvg.so
              /c 7fdff32c1000-7fdff32c2000 rw-p 00005000 08:02 294130453                  /usr/local/synopsys/customdesigner/J-2014.12-SP2-2/amd64/qt/plugins/imageformats/libqsvg.so
              /c 7fdff32c2000-7fdff331e000 r-xp 00000000 08:02 294130457                  /usr/local/synopsys/customdesigner/J-2014.12-SP2-2/amd64/qt/plugins/imageformats/libqmng.so
              /c 7fdff331e000-7fdff341d000 ---p 0005c000 08:02 294130457                  /usr/local/synopsys/customdesigner/J-2014.12-SP2-2/amd64/qt/plugins/imageformats/libqmng.so
              /c 7fdff341d000-7fdff3421000 rw-p 0005b000 08:02 294130457                  /usr/local/synopsys/customdesigner/J-2014.12-SP2-2/amd64/qt/plugins/imageformats/libqmng.so
              /c 7fdff3421000-7fdff345d000 r-xp 00000000 08:02 294130454                  /usr/local/synopsys/customdesigner/J-2014.12-SP2-2/amd64/qt/plugins/imageformats/libqjpeg.so
              /c 7fdff345d000-7fdff355d000 ---p 0003c000 08:02 294130454                  /usr/local/synopsys/customdesigner/J-2014.12-SP2-2/amd64/qt/plugins/imageformats/libqjpeg.so
              /c 7fdff355d000-7fdff355e000 rw-p 0003c000 08:02 294130454                  /usr/local/synopsys/customdesigner/J-2014.12-SP2-2/amd64/qt/plugins/imageformats/libqjpeg.so
              /c 7fdff355e000-7fdff3565000 r-xp 00000000 08:02 294130456                  /usr/local/synopsys/customdesigner/J-2014.12-SP2-2/amd64/qt/plugins/imageformats/libqico.so
              /c 7fdff3565000-7fdff3664000 ---p 00007000 08:02 294130456                  /usr/local/synopsys/customdesigner/J-2014.12-SP2-2/amd64/qt/plugins/imageformats/libqico.so
              /c 7fdff3664000-7fdff3665000 rw-p 00006000 08:02 294130456                  /usr/local/synopsys/customdesigner/J-2014.12-SP2-2/amd64/qt/plugins/imageformats/libqico.so
              /c 7fdff3665000-7fdff366c000 r-xp 00000000 08:02 294130455                  /usr/local/synopsys/customdesigner/J-2014.12-SP2-2/amd64/qt/plugins/imageformats/libqgif.so
              /c 7fdff366c000-7fdff376b000 ---p 00007000 08:02 294130455                  /usr/local/synopsys/customdesigner/J-2014.12-SP2-2/amd64/qt/plugins/imageformats/libqgif.so
              /c 7fdff376b000-7fdff376c000 rw-p 00006000 08:02 294130455                  /usr/local/synopsys/customdesigner/J-2014.12-SP2-2/amd64/qt/plugins/imageformats/libqgif.so
              /c 7fdff376c000-7fdff376e000 r-xp 00000000 08:02 134236303                  /usr/lib64/gconv/UTF-16.so
              /c 7fdff376e000-7fdff396e000 ---p 00002000 08:02 134236303                  /usr/lib64/gconv/UTF-16.so
              /c 7fdff396e000-7fdff396f000 r--p 00002000 08:02 134236303                  /usr/lib64/gconv/UTF-16.so
              /c 7fdff396f000-7fdff3970000 rw-p 00003000 08:02 134236303                  /usr/lib64/gconv/UTF-16.so
              /c 7fdff3970000-7fdff9e9a000 r--p 00000000 08:02 16790311                   /usr/lib/locale/locale-archive
              /c 7fdff9e9a000-7fdffa69f000 r--s 00000000 08:02 1225344                    /var/lib/sss/mc/passwd
              /c 7fdffa69f000-7fdffa6a7000 r-xp 00000000 08:02 813860                     /usr/lib64/libnss_sss.so.2
              /c 7fdffa6a7000-7fdffa8a6000 ---p 00008000 08:02 813860                     /usr/lib64/libnss_sss.so.2
              /c 7fdffa8a6000-7fdffa8a7000 r--p 00007000 08:02 813860                     /usr/lib64/libnss_sss.so.2
              /c 7fdffa8a7000-7fdffa8a8000 rw-p 00008000 08:02 813860                     /usr/lib64/libnss_sss.so.2
              /c 7fdffa8a8000-7fdffa8b4000 r-xp 00000000 08:02 782827                     /usr/lib64/libnss_files-2.17.so
              /c 7fdffa8b4000-7fdffaab3000 ---p 0000c000 08:02 782827                     /usr/lib64/libnss_files-2.17.so
              /c 7fdffaab3000-7fdffaab4000 r--p 0000b000 08:02 782827                     /usr/lib64/libnss_files-2.17.so
              /c 7fdffaab4000-7fdffaab5000 rw-p 0000c000 08:02 782827                     /usr/lib64/libnss_files-2.17.so
              /c 7fdffaab5000-7fdffaabb000 rw-p 00000000 00:00 0 
              /c 7fdffaabb000-7fdffaabd000 r-xp 00000000 08:02 532095                     /usr/lib64/libXau.so.6.0.0
              /c 7fdffaabd000-7fdffacbd000 ---p 00002000 08:02 532095                     /usr/lib64/libXau.so.6.0.0
              /c 7fdffacbd000-7fdffacbe000 r--p 00002000 08:02 532095                     /usr/lib64/libXau.so.6.0.0
              /c 7fdffacbe000-7fdffacbf000 rw-p 00003000 08:02 532095                     /usr/lib64/libXau.so.6.0.0
              /c 7fdffacbf000-7fdffad20000 r-xp 00000000 08:02 495355                     /usr/lib64/libXt.so.6.0.0
              /c 7fdffad20000-7fdffaf1f000 ---p 00061000 08:02 495355                     /usr/lib64/libXt.so.6.0.0
              /c 7fdffaf1f000-7fdffaf20000 r--p 00060000 08:02 495355                     /usr/lib64/libXt.so.6.0.0
              /c 7fdffaf20000-7fdffaf25000 rw-p 00061000 08:02 495355                     /usr/lib64/libXt.so.6.0.0
              /c 7fdffaf25000-7fdffaf26000 rw-p 00000000 00:00 0 
              /c 7fdffaf26000-7fdffaf2c000 r-xp 00000000 08:02 354120                     /usr/local/synopsys/customdesigner/J-2014.12-SP2-2/amd64/OA/lib/linux_rhel50_gcc44x_64/opt/liboaDMFileSysBase.so
              /c 7fdffaf2c000-7fdffb12b000 ---p 00006000 08:02 354120                     /usr/local/synopsys/customdesigner/J-2014.12-SP2-2/amd64/OA/lib/linux_rhel50_gcc44x_64/opt/liboaDMFileSysBase.so
              /c 7fdffb12b000-7fdffb12c000 rw-p 00005000 08:02 354120                     /usr/local/synopsys/customdesigner/J-2014.12-SP2-2/amd64/OA/lib/linux_rhel50_gcc44x_64/opt/liboaDMFileSysBase.so
              /c 7fdffb12c000-7fdffb151000 r-xp 00000000 08:02 31710                      /usr/lib64/libtinfo.so.5.9
              /c 7fdffb151000-7fdffb351000 ---p 00025000 08:02 31710                      /usr/lib64/libtinfo.so.5.9
              /c 7fdffb351000-7fdffb355000 r--p 00025000 08:02 31710                      /usr/lib64/libtinfo.so.5.9
              /c 7fdffb355000-7fdffb356000 rw-p 00029000 08:02 31710                      /usr/lib64/libtinfo.so.5.9
              /c 7fdffb356000-7fdffb37d000 r-xp 00000000 08:02 34188                      /usr/lib64/libxcb.so.1.1.0
              /c 7fdffb37d000-7fdffb57c000 ---p 00027000 08:02 34188                      /usr/lib64/libxcb.so.1.1.0
              /c 7fdffb57c000-7fdffb57d000 r--p 00026000 08:02 34188                      /usr/lib64/libxcb.so.1.1.0
              /c 7fdffb57d000-7fdffb57e000 rw-p 00027000 08:02 34188                      /usr/lib64/libxcb.so.1.1.0
              /c 7fdffb57e000-7fdffb5a5000 r-xp 00000000 08:02 31856                      /usr/lib64/libexpat.so.1.6.0
              /c 7fdffb5a5000-7fdffb7a5000 ---p 00027000 08:02 31856                      /usr/lib64/libexpat.so.1.6.0
              /c 7fdffb7a5000-7fdffb7a7000 r--p 00027000 08:02 31856                      /usr/lib64/libexpat.so.1.6.0
              /c 7fdffb7a7000-7fdffb7a8000 rw-p 00029000 08:02 31856                      /usr/lib64/libexpat.so.1.6.0
              /c 7fdffb7a8000-7fdffb7ad000 r-xp 00000000 08:02 532109                     /usr/lib64/libXfixes.so.3.1.0
              /c 7fdffb7ad000-7fdffb9ac000 ---p 00005000 08:02 532109                     /usr/lib64/libXfixes.so.3.1.0
              /c 7fdffb9ac000-7fdffb9ad000 r--p 00004000 08:02 532109                     /usr/lib64/libXfixes.so.3.1.0
              /c 7fdffb9ad000-7fdffb9ae000 rw-p 00005000 08:02 532109                     /usr/lib64/libXfixes.so.3.1.0
              /c 7fdffb9ae000-7fdffb9b2000 r-xp 00000000 08:02 144630                     /usr/lib64/libuuid.so.1.3.0
              /c 7fdffb9b2000-7fdffbbb1000 ---p 00004000 08:02 144630                     /usr/lib64/libuuid.so.1.3.0
              /c 7fdffbbb1000-7fdffbbb2000 r--p 00003000 08:02 144630                     /usr/lib64/libuuid.so.1.3.0
              /c 7fdffbbb2000-7fdffbbb3000 rw-p 00004000 08:02 144630                     /usr/lib64/libuuid.so.1.3.0
              /c 7fdffbbb3000-7fdffbc13000 r-xp 00000000 08:02 31712                      /usr/lib64/libpcre.so.1.2.0
              /c 7fdffbc13000-7fdffbe13000 ---p 00060000 08:02 31712                      /usr/lib64/libpcre.so.1.2.0
              /c 7fdffbe13000-7fdffbe14000 r--p 00060000 08:02 31712                      /usr/lib64/libpcre.so.1.2.0
              /c 7fdffbe14000-7fdffbe15000 rw-p 00061000 08:02 31712                      /usr/lib64/libpcre.so.1.2.0
              /c 7fdffbe15000-7fdffbfd7000 r-xp 00000000 08:02 1588                       /usr/lib64/libc-2.17.so
              /c 7fdffbfd7000-7fdffc1d7000 ---p 001c2000 08:02 1588                       /usr/lib64/libc-2.17.so
              /c 7fdffc1d7000-7fdffc1db000 r--p 001c2000 08:02 1588                       /usr/lib64/libc-2.17.so
              /c 7fdffc1db000-7fdffc1dd000 rw-p 001c6000 08:02 1588                       /usr/lib64/libc-2.17.so
              /c 7fdffc1dd000-7fdffc1e2000 rw-p 00000000 00:00 0 
              /c 7fdffc1e2000-7fdffc1f7000 r-xp 00000000 08:02 294115924                  /usr/local/synopsys/customdesigner/J-2014.12-SP2-2/amd64/lib/libgcc_s.so.1
              /c 7fdffc1f7000-7fdffc3f6000 ---p 00015000 08:02 294115924                  /usr/local/synopsys/customdesigner/J-2014.12-SP2-2/amd64/lib/libgcc_s.so.1
              /c 7fdffc3f6000-7fdffc3f7000 rw-p 00014000 08:02 294115924                  /usr/local/synopsys/customdesigner/J-2014.12-SP2-2/amd64/lib/libgcc_s.so.1
              /c 7fdffc3f7000-7fdffc405000 r-xp 00000000 08:02 294115923                  /usr/local/synopsys/customdesigner/J-2014.12-SP2-2/amd64/lib/libgomp.so.1.0.0
              /c 7fdffc405000-7fdffc604000 ---p 0000e000 08:02 294115923                  /usr/local/synopsys/customdesigner/J-2014.12-SP2-2/amd64/lib/libgomp.so.1.0.0
              /c 7fdffc604000-7fdffc605000 rw-p 0000d000 08:02 294115923                  /usr/local/synopsys/customdesigner/J-2014.12-SP2-2/amd64/lib/libgomp.so.1.0.0
              /c 7fdffc605000-7fdffc60c000 r-xp 00000000 08:02 782839                     /usr/lib64/librt-2.17.so
              /c 7fdffc60c000-7fdffc80b000 ---p 00007000 08:02 782839                     /usr/lib64/librt-2.17.so
              /c 7fdffc80b000-7fdffc80c000 r--p 00006000 08:02 782839                     /usr/lib64/librt-2.17.so
              /c 7fdffc80c000-7fdffc80d000 rw-p 00007000 08:02 782839                     /usr/lib64/librt-2.17.so
              /c 7fdffc80d000-7fdffc825000 r-xp 00000000 08:02 754330                     /usr/lib64/libXmu.so.6.2.0
              /c 7fdffc825000-7fdffca25000 ---p 00018000 08:02 754330                     /usr/lib64/libXmu.so.6.2.0
              /c 7fdffca25000-7fdffca26000 r--p 00018000 08:02 754330                     /usr/lib64/libXmu.so.6.2.0
              /c 7fdffca26000-7fdffca27000 rw-p 00019000 08:02 754330                     /usr/lib64/libXmu.so.6.2.0
              /c 7fdffca27000-7fdffca28000 rw-p 00000000 00:00 0 
              /c 7fdffca28000-7fdffca2e000 r-xp 00000000 08:02 412668065                  /usr/local/synopsys/customdesigner/J-2014.12-SP2-2/amd64/ext/lib/webworks/libwwhapi.so
              /c 7fdffca2e000-7fdffcc2d000 ---p 00006000 08:02 412668065                  /usr/local/synopsys/customdesigner/J-2014.12-SP2-2/amd64/ext/lib/webworks/libwwhapi.so
              /c 7fdffcc2d000-7fdffcc2e000 rw-p 00005000 08:02 412668065                  /usr/local/synopsys/customdesigner/J-2014.12-SP2-2/amd64/ext/lib/webworks/libwwhapi.so
              /c 7fdffcc2e000-7fdffcc2f000 rw-p 00000000 00:00 0 
              /c 7fdffcc2f000-7fdffcc7b000 r-xp 00000000 08:02 354119                     /usr/local/synopsys/customdesigner/J-2014.12-SP2-2/amd64/OA/lib/linux_rhel50_gcc44x_64/opt/liboaDMFileSys.so
              /c 7fdffcc7b000-7fdffce7a000 ---p 0004c000 08:02 354119                     /usr/local/synopsys/customdesigner/J-2014.12-SP2-2/amd64/OA/lib/linux_rhel50_gcc44x_64/opt/liboaDMFileSys.so
              /c 7fdffce7a000-7fdffce7d000 rw-p 0004b000 08:02 354119                     /usr/local/synopsys/customdesigner/J-2014.12-SP2-2/amd64/OA/lib/linux_rhel50_gcc44x_64/opt/liboaDMFileSys.so
              /c 7fdffce7d000-7fdffce7f000 rw-p 00000000 00:00 0 
              /c 7fdffce7f000-7fdffcf1c000 r-xp 00000000 08:02 354143                     /usr/local/synopsys/customdesigner/J-2014.12-SP2-2/amd64/OA/lib/linux_rhel50_gcc44x_64/opt/liboaWafer.so
              /c 7fdffcf1c000-7fdffd11c000 ---p 0009d000 08:02 354143                     /usr/local/synopsys/customdesigner/J-2014.12-SP2-2/amd64/OA/lib/linux_rhel50_gcc44x_64/opt/liboaWafer.so
              /c 7fdffd11c000-7fdffd124000 rw-p 0009d000 08:02 354143                     /usr/local/synopsys/customdesigner/J-2014.12-SP2-2/amd64/OA/lib/linux_rhel50_gcc44x_64/opt/liboaWafer.so
              /c 7fdffd124000-7fdffd125000 rw-p 00000000 00:00 0 
              /c 7fdffd125000-7fdffd15d000 r-xp 00000000 08:02 354113                     /usr/local/synopsys/customdesigner/J-2014.12-SP2-2/amd64/OA/lib/linux_rhel50_gcc44x_64/opt/liboaCM.so
              /c 7fdffd15d000-7fdffd35d000 ---p 00038000 08:02 354113                     /usr/local/synopsys/customdesigner/J-2014.12-SP2-2/amd64/OA/lib/linux_rhel50_gcc44x_64/opt/liboaCM.so
              /c 7fdffd35d000-7fdffd360000 rw-p 00038000 08:02 354113                     /usr/local/synopsys/customdesigner/J-2014.12-SP2-2/amd64/OA/lib/linux_rhel50_gcc44x_64/opt/liboaCM.so
              /c 7fdffd360000-7fdffd363000 r-xp 00000000 08:02 354139                     /usr/local/synopsys/customdesigner/J-2014.12-SP2-2/amd64/OA/lib/linux_rhel50_gcc44x_64/opt/liboaTclPlugIn.so
              /c 7fdffd363000-7fdffd562000 ---p 00003000 08:02 354139                     /usr/local/synopsys/customdesigner/J-2014.12-SP2-2/amd64/OA/lib/linux_rhel50_gcc44x_64/opt/liboaTclPlugIn.so
              /c 7fdffd562000-7fdffd563000 rw-p 00002000 08:02 354139                     /usr/local/synopsys/customdesigner/J-2014.12-SP2-2/amd64/OA/lib/linux_rhel50_gcc44x_64/opt/liboaTclPlugIn.so
              /c 7fdffd563000-7fdffdb47000 r-xp 00000000 08:02 354138                     /usr/local/synopsys/customdesigner/J-2014.12-SP2-2/amd64/OA/lib/linux_rhel50_gcc44x_64/opt/liboaTclHelp.so
              /c 7fdffdb47000-7fdffdd47000 ---p 005e4000 08:02 354138                     /usr/local/synopsys/customdesigner/J-2014.12-SP2-2/amd64/OA/lib/linux_rhel50_gcc44x_64/opt/liboaTclHelp.so
              /c 7fdffdd47000-7fdffdd48000 rw-p 005e4000 08:02 354138                     /usr/local/synopsys/customdesigner/J-2014.12-SP2-2/amd64/OA/lib/linux_rhel50_gcc44x_64/opt/liboaTclHelp.so
              /c 7fdffdd48000-7fdffde28000 r-xp 00000000 08:02 354118                     /usr/local/synopsys/customdesigner/J-2014.12-SP2-2/amd64/OA/lib/linux_rhel50_gcc44x_64/opt/liboaDM.so
              /c 7fdffde28000-7fdffe027000 ---p 000e0000 08:02 354118                     /usr/local/synopsys/customdesigner/J-2014.12-SP2-2/amd64/OA/lib/linux_rhel50_gcc44x_64/opt/liboaDM.so
              /c 7fdffe027000-7fdffe034000 rw-p 000df000 08:02 354118                     /usr/local/synopsys/customdesigner/J-2014.12-SP2-2/amd64/OA/lib/linux_rhel50_gcc44x_64/opt/liboaDM.so
              /c 7fdffe034000-7fdffe035000 rw-p 00000000 00:00 0 
              /c 7fdffe035000-7fdffe062000 r-xp 00000000 08:02 354117                     /usr/local/synopsys/customdesigner/J-2014.12-SP2-2/amd64/OA/lib/linux_rhel50_gcc44x_64/opt/liboaCommon.so
              /c 7fdffe062000-7fdffe261000 ---p 0002d000 08:02 354117                     /usr/local/synopsys/customdesigner/J-2014.12-SP2-2/amd64/OA/lib/linux_rhel50_gcc44x_64/opt/liboaCommon.so
              /c 7fdffe261000-7fdffe263000 rw-p 0002c000 08:02 354117                     /usr/local/synopsys/customdesigner/J-2014.12-SP2-2/amd64/OA/lib/linux_rhel50_gcc44x_64/opt/liboaCommon.so
              /c 7fdffe263000-7fdffe469000 r-xp 00000000 08:02 354140                     /usr/local/synopsys/customdesigner/J-2014.12-SP2-2/amd64/OA/lib/linux_rhel50_gcc44x_64/opt/liboaTech.so
              /c 7fdffe469000-7fdffe669000 ---p 00206000 08:02 354140                     /usr/local/synopsys/customdesigner/J-2014.12-SP2-2/amd64/OA/lib/linux_rhel50_gcc44x_64/opt/liboaTech.so
              /c 7fdffe669000-7fdffe684000 rw-p 00206000 08:02 354140                     /usr/local/synopsys/customdesigner/J-2014.12-SP2-2/amd64/OA/lib/linux_rhel50_gcc44x_64/opt/liboaTech.so
              /c 7fdffe684000-7fdffe686000 rw-p 00000000 00:00 0 
              /c 7fdffe686000-7fdffe9bd000 r-xp 00000000 08:02 354112                     /usr/local/synopsys/customdesigner/J-2014.12-SP2-2/amd64/OA/lib/linux_rhel50_gcc44x_64/opt/liboaBase.so
              /c 7fdffe9bd000-7fdffebbd000 ---p 00337000 08:02 354112                     /usr/local/synopsys/customdesigner/J-2014.12-SP2-2/amd64/OA/lib/linux_rhel50_gcc44x_64/opt/liboaBase.so
              /c 7fdffebbd000-7fdffebe1000 rw-p 00337000 08:02 354112                     /usr/local/synopsys/customdesigner/J-2014.12-SP2-2/amd64/OA/lib/linux_rhel50_gcc44x_64/opt/liboaBase.so
              /c 7fdffebe1000-7fdffec05000 rw-p 00000000 00:00 0 
              /c 7fdffec05000-7fdfff3fc000 r-xp 00000000 08:02 354123                     /usr/local/synopsys/customdesigner/J-2014.12-SP2-2/amd64/OA/lib/linux_rhel50_gcc44x_64/opt/liboaDesign.so
              /c 7fdfff3fc000-7fdfff5fc000 ---p 007f7000 08:02 354123                     /usr/local/synopsys/customdesigner/J-2014.12-SP2-2/amd64/OA/lib/linux_rhel50_gcc44x_64/opt/liboaDesign.so
              /c 7fdfff5fc000-7fdfff654000 rw-p 007f7000 08:02 354123                     /usr/local/synopsys/customdesigner/J-2014.12-SP2-2/amd64/OA/lib/linux_rhel50_gcc44x_64/opt/liboaDesign.so
              /c 7fdfff654000-7fdfff65b000 rw-p 00000000 00:00 0 
              /c 7fdfff65b000-7fdfff665000 r-xp 00000000 08:02 354124                     /usr/local/synopsys/customdesigner/J-2014.12-SP2-2/amd64/OA/lib/linux_rhel50_gcc44x_64/opt/liboaLangBase.so
              /c 7fdfff665000-7fdfff864000 ---p 0000a000 08:02 354124                     /usr/local/synopsys/customdesigner/J-2014.12-SP2-2/amd64/OA/lib/linux_rhel50_gcc44x_64/opt/liboaLangBase.so
              /c 7fdfff864000-7fdfff865000 rw-p 00009000 08:02 354124                     /usr/local/synopsys/customdesigner/J-2014.12-SP2-2/amd64/OA/lib/linux_rhel50_gcc44x_64/opt/liboaLangBase.so
              /c 7fdfff865000-7fdfff878000 r-xp 00000000 08:02 354131                     /usr/local/synopsys/customdesigner/J-2014.12-SP2-2/amd64/OA/lib/linux_rhel50_gcc44x_64/opt/liboaPlugIn.so
              /c 7fdfff878000-7fdfffa78000 ---p 00013000 08:02 354131                     /usr/local/synopsys/customdesigner/J-2014.12-SP2-2/amd64/OA/lib/linux_rhel50_gcc44x_64/opt/liboaPlugIn.so
              /c 7fdfffa78000-7fdfffa7a000 rw-p 00013000 08:02 354131                     /usr/local/synopsys/customdesigner/J-2014.12-SP2-2/amd64/OA/lib/linux_rhel50_gcc44x_64/opt/liboaPlugIn.so
              /c 7fdfffa7a000-7fdfffc98000 r-xp 00000000 08:02 354125                     /usr/local/synopsys/customdesigner/J-2014.12-SP2-2/amd64/OA/lib/linux_rhel50_gcc44x_64/opt/liboaLangInfo.so
              /c 7fdfffc98000-7fdfffe98000 ---p 0021e000 08:02 354125                     /usr/local/synopsys/customdesigner/J-2014.12-SP2-2/amd64/OA/lib/linux_rhel50_gcc44x_64/opt/liboaLangInfo.so
              /c 7fdfffe98000-7fdfffeb7000 rw-p 0021e000 08:02 354125                     /usr/local/synopsys/customdesigner/J-2014.12-SP2-2/amd64/OA/lib/linux_rhel50_gcc44x_64/opt/liboaLangInfo.so
              /c 7fdfffeb7000-7fdfffec6000 r-xp 00000000 08:02 354135                     /usr/local/synopsys/customdesigner/J-2014.12-SP2-2/amd64/OA/lib/linux_rhel50_gcc44x_64/opt/liboaTclCommon.so
              /c 7fdfffec6000-7fe0000c5000 ---p 0000f000 08:02 354135                     /usr/local/synopsys/customdesigner/J-2014.12-SP2-2/amd64/OA/lib/linux_rhel50_gcc44x_64/opt/liboaTclCommon.so
              /c 7fe0000c5000-7fe0000c7000 rw-p 0000e000 08:02 354135                     /usr/local/synopsys/customdesigner/J-2014.12-SP2-2/amd64/OA/lib/linux_rhel50_gcc44x_64/opt/liboaTclCommon.so
              /c 7fe0000c7000-7fe0000d9000 r-xp 00000000 08:02 354134                     /usr/local/synopsys/customdesigner/J-2014.12-SP2-2/amd64/OA/lib/linux_rhel50_gcc44x_64/opt/liboaTclBase.so
              /c 7fe0000d9000-7fe0002d9000 ---p 00012000 08:02 354134                     /usr/local/synopsys/customdesigner/J-2014.12-SP2-2/amd64/OA/lib/linux_rhel50_gcc44x_64/opt/liboaTclBase.so
              /c 7fe0002d9000-7fe0002da000 rw-p 00012000 08:02 354134                     /usr/local/synopsys/customdesigner/J-2014.12-SP2-2/amd64/OA/lib/linux_rhel50_gcc44x_64/opt/liboaTclBase.so
              /c 7fe0002da000-7fe0015aa000 r-xp 00000000 08:02 354133                     /usr/local/synopsys/customdesigner/J-2014.12-SP2-2/amd64/OA/lib/linux_rhel50_gcc44x_64/opt/liboaTcl.so
              /c 7fe0015aa000-7fe0017aa000 ---p 012d0000 08:02 354133                     /usr/local/synopsys/customdesigner/J-2014.12-SP2-2/amd64/OA/lib/linux_rhel50_gcc44x_64/opt/liboaTcl.so
              /c 7fe0017aa000-7fe0017cf000 rw-p 012d0000 08:02 354133                     /usr/local/synopsys/customdesigner/J-2014.12-SP2-2/amd64/OA/lib/linux_rhel50_gcc44x_64/opt/liboaTcl.so
              /c 7fe0017cf000-7fe0017f5000 r-xp 00000000 08:02 31700                      /usr/lib64/libncurses.so.5.9
              /c 7fe0017f5000-7fe0019f4000 ---p 00026000 08:02 31700                      /usr/lib64/libncurses.so.5.9
              /c 7fe0019f4000-7fe0019f5000 r--p 00025000 08:02 31700                      /usr/lib64/libncurses.so.5.9
              /c 7fe0019f5000-7fe0019f6000 rw-p 00026000 08:02 31700                      /usr/lib64/libncurses.so.5.9
              /c 7fe0019f6000-7fe001b77000 r-xp 00000000 08:02 354099                     /usr/local/synopsys/customdesigner/J-2014.12-SP2-2/amd64/MYMLibrary/lib/libsym_datacore-O.so
              /c 7fe001b77000-7fe001d77000 ---p 00181000 08:02 354099                     /usr/local/synopsys/customdesigner/J-2014.12-SP2-2/amd64/MYMLibrary/lib/libsym_datacore-O.so
              /c 7fe001d77000-7fe001d83000 rw-p 00181000 08:02 354099                     /usr/local/synopsys/customdesigner/J-2014.12-SP2-2/amd64/MYMLibrary/lib/libsym_datacore-O.so
              /c 7fe001d83000-7fe001da9000 r-xp 00000000 08:02 354095                     /usr/local/synopsys/customdesigner/J-2014.12-SP2-2/amd64/MYMLibrary/lib/libmym_core-O.so
              /c 7fe001da9000-7fe001fa8000 ---p 00026000 08:02 354095                     /usr/local/synopsys/customdesigner/J-2014.12-SP2-2/amd64/MYMLibrary/lib/libmym_core-O.so
              /c 7fe001fa8000-7fe001fab000 rw-p 00025000 08:02 354095                     /usr/local/synopsys/customdesigner/J-2014.12-SP2-2/amd64/MYMLibrary/lib/libmym_core-O.so
              /c 7fe001fab000-7fe00207d000 r-xp 00000000 08:02 354094                     /usr/local/synopsys/customdesigner/J-2014.12-SP2-2/amd64/MYMLibrary/lib/libgui_controls-O.so
              /c 7fe00207d000-7fe00227d000 ---p 000d2000 08:02 354094                     /usr/local/synopsys/customdesigner/J-2014.12-SP2-2/amd64/MYMLibrary/lib/libgui_controls-O.so
              /c 7fe00227d000-7fe002285000 rw-p 000d2000 08:02 354094                     /usr/local/synopsys/customdesigner/J-2014.12-SP2-2/amd64/MYMLibrary/lib/libgui_controls-O.so
              /c 7fe002285000-7fe0026ea000 r-xp 00000000 08:02 354097                     /usr/local/synopsys/customdesigner/J-2014.12-SP2-2/amd64/MYMLibrary/lib/libsnpsst-O.so
              /c 7fe0026ea000-7fe0028e9000 ---p 00465000 08:02 354097                     /usr/local/synopsys/customdesigner/J-2014.12-SP2-2/amd64/MYMLibrary/lib/libsnpsst-O.so
              /c 7fe0028e9000-7fe002909000 rw-p 00464000 08:02 354097                     /usr/local/synopsys/customdesigner/J-2014.12-SP2-2/amd64/MYMLibrary/lib/libsnpsst-O.so
              /c 7fe002909000-7fe00290a000 rw-p 00000000 00:00 0 
              /c 7fe00290a000-7fe0029f4000 r-xp 00000000 08:02 294115921                  /usr/local/synopsys/customdesigner/J-2014.12-SP2-2/amd64/lib/libstdc++.so.6.0.17
              /c 7fe0029f4000-7fe002bf3000 ---p 000ea000 08:02 294115921                  /usr/local/synopsys/customdesigner/J-2014.12-SP2-2/amd64/lib/libstdc++.so.6.0.17
              /c 7fe002bf3000-7fe002bfb000 r--p 000e9000 08:02 294115921                  /usr/local/synopsys/customdesigner/J-2014.12-SP2-2/amd64/lib/libstdc++.so.6.0.17
              /c 7fe002bfb000-7fe002bfd000 rw-p 000f1000 08:02 294115921                  /usr/local/synopsys/customdesigner/J-2014.12-SP2-2/amd64/lib/libstdc++.so.6.0.17
              /c 7fe002bfd000-7fe002c12000 rw-p 00000000 00:00 0 
              /c 7fe002c12000-7fe002c66000 r-xp 00000000 08:02 294131101                  /usr/local/synopsys/customdesigner/J-2014.12-SP2-2/amd64/boost/lib/libsnps_boost_1_55_0_wserialization.so.1.55.0
              /c 7fe002c66000-7fe002e66000 ---p 00054000 08:02 294131101                  /usr/local/synopsys/customdesigner/J-2014.12-SP2-2/amd64/boost/lib/libsnps_boost_1_55_0_wserialization.so.1.55.0
              /c 7fe002e66000-7fe002e69000 rw-p 00054000 08:02 294131101                  /usr/local/synopsys/customdesigner/J-2014.12-SP2-2/amd64/boost/lib/libsnps_boost_1_55_0_wserialization.so.1.55.0
              /c 7fe002e69000-7fe002e80000 r-xp 00000000 08:02 294130436                  /usr/local/synopsys/customdesigner/J-2014.12-SP2-2/amd64/boost/lib/libsnps_boost_1_55_0_signals.so.1.55.0
              /c 7fe002e80000-7fe003080000 ---p 00017000 08:02 294130436                  /usr/local/synopsys/customdesigner/J-2014.12-SP2-2/amd64/boost/lib/libsnps_boost_1_55_0_signals.so.1.55.0
              /c 7fe003080000-7fe003081000 rw-p 00017000 08:02 294130436                  /usr/local/synopsys/customdesigner/J-2014.12-SP2-2/amd64/boost/lib/libsnps_boost_1_55_0_signals.so.1.55.0
              /c 7fe003081000-7fe0030f6000 r-xp 00000000 08:02 294130447                  /usr/local/synopsys/customdesigner/J-2014.12-SP2-2/amd64/boost/lib/libsnps_boost_1_55_0_serialization.so.1.55.0
              /c 7fe0030f6000-7fe0032f6000 ---p 00075000 08:02 294130447                  /usr/local/synopsys/customdesigner/J-2014.12-SP2-2/amd64/boost/lib/libsnps_boost_1_55_0_serialization.so.1.55.0
              /c 7fe0032f6000-7fe0032fa000 rw-p 00075000 08:02 294130447                  /usr/local/synopsys/customdesigner/J-2014.12-SP2-2/amd64/boost/lib/libsnps_boost_1_55_0_serialization.so.1.55.0
              /c 7fe0032fa000-7fe0032fb000 rw-p 00000000 00:00 0 
              /c 7fe0032fb000-7fe0033f3000 r-xp 00000000 08:02 294130446                  /usr/local/synopsys/customdesigner/J-2014.12-SP2-2/amd64/boost/lib/libsnps_boost_1_55_0_regex.so.1.55.0
              /c 7fe0033f3000-7fe0035f3000 ---p 000f8000 08:02 294130446                  /usr/local/synopsys/customdesigner/J-2014.12-SP2-2/amd64/boost/lib/libsnps_boost_1_55_0_regex.so.1.55.0
              /c 7fe0035f3000-7fe0035f9000 rw-p 000f8000 08:02 294130446                  /usr/local/synopsys/customdesigner/J-2014.12-SP2-2/amd64/boost/lib/libsnps_boost_1_55_0_regex.so.1.55.0
              /c 7fe0035f9000-7fe003665000 r-xp 00000000 08:02 294130433                  /usr/local/synopsys/customdesigner/J-2014.12-SP2-2/amd64/boost/lib/libsnps_boost_1_55_0_program_options.so.1.55.0
              /c 7fe003665000-7fe003864000 ---p 0006c000 08:02 294130433                  /usr/local/synopsys/customdesigner/J-2014.12-SP2-2/amd64/boost/lib/libsnps_boost_1_55_0_program_options.so.1.55.0
              /c 7fe003864000-7fe003868000 rw-p 0006b000 08:02 294130433                  /usr/local/synopsys/customdesigner/J-2014.12-SP2-2/amd64/boost/lib/libsnps_boost_1_55_0_program_options.so.1.55.0
              /c 7fe003868000-7fe00387d000 r-xp 00000000 08:02 294130432                  /usr/local/synopsys/customdesigner/J-2014.12-SP2-2/amd64/boost/lib/libsnps_boost_1_55_0_iostreams.so.1.55.0
              /c 7fe00387d000-7fe003a7d000 ---p 00015000 08:02 294130432                  /usr/local/synopsys/customdesigner/J-2014.12-SP2-2/amd64/boost/lib/libsnps_boost_1_55_0_iostreams.so.1.55.0
              /c 7fe003a7d000-7fe003a7e000 rw-p 00015000 08:02 294130432                  /usr/local/synopsys/customdesigner/J-2014.12-SP2-2/amd64/boost/lib/libsnps_boost_1_55_0_iostreams.so.1.55.0
              /c 7fe003a7e000-7fe003a7f000 rw-p 00000000 00:00 0 
              /c 7fe003a7f000-7fe003a95000 r-xp 00000000 08:02 294131100                  /usr/local/synopsys/customdesigner/J-2014.12-SP2-2/amd64/boost/lib/libsnps_boost_1_55_0_filesystem.so.1.55.0
              /c 7fe003a95000-7fe003c95000 ---p 00016000 08:02 294131100                  /usr/local/synopsys/customdesigner/J-2014.12-SP2-2/amd64/boost/lib/libsnps_boost_1_55_0_filesystem.so.1.55.0
              /c 7fe003c95000-7fe003c96000 rw-p 00016000 08:02 294131100                  /usr/local/synopsys/customdesigner/J-2014.12-SP2-2/amd64/boost/lib/libsnps_boost_1_55_0_filesystem.so.1.55.0
              /c 7fe003c96000-7fe003c99000 r-xp 00000000 08:02 294130438                  /usr/local/synopsys/customdesigner/J-2014.12-SP2-2/amd64/boost/lib/libsnps_boost_1_55_0_system.so.1.55.0
              /c 7fe003c99000-7fe003e98000 ---p 00003000 08:02 294130438                  /usr/local/synopsys/customdesigner/J-2014.12-SP2-2/amd64/boost/lib/libsnps_boost_1_55_0_system.so.1.55.0
              /c 7fe003e98000-7fe003e99000 rw-p 00002000 08:02 294130438                  /usr/local/synopsys/customdesigner/J-2014.12-SP2-2/amd64/boost/lib/libsnps_boost_1_55_0_system.so.1.55.0
              /c 7fe003e99000-7fe003ea9000 r-xp 00000000 08:02 294131099                  /usr/local/synopsys/customdesigner/J-2014.12-SP2-2/amd64/boost/lib/libsnps_boost_1_55_0_date_time.so.1.55.0
              /c 7fe003ea9000-7fe0040a8000 ---p 00010000 08:02 294131099                  /usr/local/synopsys/customdesigner/J-2014.12-SP2-2/amd64/boost/lib/libsnps_boost_1_55_0_date_time.so.1.55.0
              /c 7fe0040a8000-7fe0040aa000 rw-p 0000f000 08:02 294131099                  /usr/local/synopsys/customdesigner/J-2014.12-SP2-2/amd64/boost/lib/libsnps_boost_1_55_0_date_time.so.1.55.0
              /c 7fe0040aa000-7fe0041ab000 r-xp 00000000 08:02 782817                     /usr/lib64/libm-2.17.so
              /c 7fe0041ab000-7fe0043aa000 ---p 00101000 08:02 782817                     /usr/lib64/libm-2.17.so
              /c 7fe0043aa000-7fe0043ab000 r--p 00100000 08:02 782817                     /usr/lib64/libm-2.17.so
              /c 7fe0043ab000-7fe0043ac000 rw-p 00101000 08:02 782817                     /usr/lib64/libm-2.17.so
              /c 7fe0043ac000-7fe0043c1000 r-xp 00000000 08:02 1228                       /usr/lib64/libz.so.1.2.7
              /c 7fe0043c1000-7fe0045c0000 ---p 00015000 08:02 1228                       /usr/lib64/libz.so.1.2.7
              /c 7fe0045c0000-7fe0045c1000 r--p 00014000 08:02 1228                       /usr/lib64/libz.so.1.2.7
              /c 7fe0045c1000-7fe0045c2000 rw-p 00015000 08:02 1228                       /usr/lib64/libz.so.1.2.7
              /c 7fe0045c2000-7fe0046fa000 r-xp 00000000 08:02 34236                      /usr/lib64/libX11.so.6.3.0
              /c 7fe0046fa000-7fe0048fa000 ---p 00138000 08:02 34236                      /usr/lib64/libX11.so.6.3.0
              /c 7fe0048fa000-7fe0048fb000 r--p 00138000 08:02 34236                      /usr/lib64/libX11.so.6.3.0
              /c 7fe0048fb000-7fe004900000 rw-p 00139000 08:02 34236                      /usr/lib64/libX11.so.6.3.0
              /c 7fe004900000-7fe004911000 r-xp 00000000 08:02 532153                     /usr/lib64/libXext.so.6.4.0
              /c 7fe004911000-7fe004b10000 ---p 00011000 08:02 532153                     /usr/lib64/libXext.so.6.4.0
              /c 7fe004b10000-7fe004b11000 r--p 00010000 08:02 532153                     /usr/lib64/libXext.so.6.4.0
              /c 7fe004b11000-7fe004b12000 rw-p 00011000 08:02 532153                     /usr/lib64/libXext.so.6.4.0
              /c 7fe004b12000-7fe004b52000 r-xp 00000000 08:02 726271                     /usr/lib64/libfontconfig.so.1.11.1
              /c 7fe004b52000-7fe004d51000 ---p 00040000 08:02 726271                     /usr/lib64/libfontconfig.so.1.11.1
              /c 7fe004d51000-7fe004d53000 r--p 0003f000 08:02 726271                     /usr/lib64/libfontconfig.so.1.11.1
              /c 7fe004d53000-7fe004d54000 rw-p 00041000 08:02 726271                     /usr/lib64/libfontconfig.so.1.11.1
              /c 7fe004d54000-7fe004dd0000 r-xp 00000000 08:02 294115922                  /usr/local/synopsys/customdesigner/J-2014.12-SP2-2/amd64/lib/libfreetype.so.6.3.20
              /c 7fe004dd0000-7fe004fcf000 ---p 0007c000 08:02 294115922                  /usr/local/synopsys/customdesigner/J-2014.12-SP2-2/amd64/lib/libfreetype.so.6.3.20
              /c 7fe004fcf000-7fe004fd5000 rw-p 0007b000 08:02 294115922                  /usr/local/synopsys/customdesigner/J-2014.12-SP2-2/amd64/lib/libfreetype.so.6.3.20
              /c 7fe004fd5000-7fe004fd7000 r-xp 00000000 08:02 532173                     /usr/lib64/libXinerama.so.1.0.0
              /c 7fe004fd7000-7fe0051d6000 ---p 00002000 08:02 532173                     /usr/lib64/libXinerama.so.1.0.0
              /c 7fe0051d6000-7fe0051d7000 r--p 00001000 08:02 532173                     /usr/lib64/libXinerama.so.1.0.0
              /c 7fe0051d7000-7fe0051d8000 rw-p 00002000 08:02 532173                     /usr/lib64/libXinerama.so.1.0.0
              /c 7fe0051d8000-7fe0051e1000 r-xp 00000000 08:02 34190                      /usr/lib64/libXcursor.so.1.0.2
              /c 7fe0051e1000-7fe0053e1000 ---p 00009000 08:02 34190                      /usr/lib64/libXcursor.so.1.0.2
              /c 7fe0053e1000-7fe0053e2000 r--p 00009000 08:02 34190                      /usr/lib64/libXcursor.so.1.0.2
              /c 7fe0053e2000-7fe0053e3000 rw-p 0000a000 08:02 34190                      /usr/lib64/libXcursor.so.1.0.2
              /c 7fe0053e3000-7fe0053ed000 r-xp 00000000 08:02 532163                     /usr/lib64/libXrandr.so.2.2.0
              /c 7fe0053ed000-7fe0055ec000 ---p 0000a000 08:02 532163                     /usr/lib64/libXrandr.so.2.2.0
              /c 7fe0055ec000-7fe0055ed000 r--p 00009000 08:02 532163                     /usr/lib64/libXrandr.so.2.2.0
              /c 7fe0055ed000-7fe0055ee000 rw-p 0000a000 08:02 532163                     /usr/lib64/libXrandr.so.2.2.0
              /c 7fe0055ee000-7fe0055f7000 r-xp 00000000 08:02 532100                     /usr/lib64/libXrender.so.1.3.0
              /c 7fe0055f7000-7fe0057f7000 ---p 00009000 08:02 532100                     /usr/lib64/libXrender.so.1.3.0
              /c 7fe0057f7000-7fe0057f8000 r--p 00009000 08:02 532100                     /usr/lib64/libXrender.so.1.3.0
              /c 7fe0057f8000-7fe0057f9000 rw-p 0000a000 08:02 532100                     /usr/lib64/libXrender.so.1.3.0
              /c 7fe0057f9000-7fe005808000 r-xp 00000000 08:02 532102                     /usr/lib64/libXi.so.6.1.0
              /c 7fe005808000-7fe005a07000 ---p 0000f000 08:02 532102                     /usr/lib64/libXi.so.6.1.0
              /c 7fe005a07000-7fe005a08000 r--p 0000e000 08:02 532102                     /usr/lib64/libXi.so.6.1.0
              /c 7fe005a08000-7fe005a09000 rw-p 0000f000 08:02 532102                     /usr/lib64/libXi.so.6.1.0
              /c 7fe005a09000-7fe005a20000 r-xp 00000000 08:02 339308                     /usr/lib64/libICE.so.6.3.0
              /c 7fe005a20000-7fe005c1f000 ---p 00017000 08:02 339308                     /usr/lib64/libICE.so.6.3.0
              /c 7fe005c1f000-7fe005c20000 r--p 00016000 08:02 339308                     /usr/lib64/libICE.so.6.3.0
              /c 7fe005c20000-7fe005c21000 rw-p 00017000 08:02 339308                     /usr/lib64/libICE.so.6.3.0
              /c 7fe005c21000-7fe005c25000 rw-p 00000000 00:00 0 
              /c 7fe005c25000-7fe005c2c000 r-xp 00000000 08:02 495410                     /usr/lib64/libSM.so.6.0.1
              /c 7fe005c2c000-7fe005e2b000 ---p 00007000 08:02 495410                     /usr/lib64/libSM.so.6.0.1
              /c 7fe005e2b000-7fe005e2c000 r--p 00006000 08:02 495410                     /usr/lib64/libSM.so.6.0.1
              /c 7fe005e2c000-7fe005e2d000 rw-p 00007000 08:02 495410                     /usr/lib64/libSM.so.6.0.1
              /c 7fe005e2d000-7fe005f41000 r-xp 00000000 08:02 32073                      /usr/lib64/libglib-2.0.so.0.5600.1
              /c 7fe005f41000-7fe006140000 ---p 00114000 08:02 32073                      /usr/lib64/libglib-2.0.so.0.5600.1
              /c 7fe006140000-7fe006141000 r--p 00113000 08:02 32073                      /usr/lib64/libglib-2.0.so.0.5600.1
              /c 7fe006141000-7fe006142000 rw-p 00114000 08:02 32073                      /usr/lib64/libglib-2.0.so.0.5600.1
              /c 7fe006142000-7fe006143000 rw-p 00000000 00:00 0 
              /c 7fe006143000-7fe006144000 r-xp 00000000 08:02 917260                     /usr/lib64/libgthread-2.0.so.0.5600.1
              /c 7fe006144000-7fe006343000 ---p 00001000 08:02 917260                     /usr/lib64/libgthread-2.0.so.0.5600.1
              /c 7fe006343000-7fe006344000 r--p 00000000 08:02 917260                     /usr/lib64/libgthread-2.0.so.0.5600.1
              /c 7fe006344000-7fe006345000 rw-p 00001000 08:02 917260                     /usr/lib64/libgthread-2.0.so.0.5600.1
              /c 7fe006345000-7fe00636b000 r-xp 00000000 08:02 75828359                   /usr/lib64/libpng12.so.0.50.0
              /c 7fe00636b000-7fe00656a000 ---p 00026000 08:02 75828359                   /usr/lib64/libpng12.so.0.50.0
              /c 7fe00656a000-7fe00656b000 r--p 00025000 08:02 75828359                   /usr/lib64/libpng12.so.0.50.0
              /c 7fe00656b000-7fe00656c000 rw-p 00026000 08:02 75828359                   /usr/lib64/libpng12.so.0.50.0
              /c 7fe00656c000-7fe006583000 r-xp 00000000 08:02 782835                     /usr/lib64/libpthread-2.17.so
              /c 7fe006583000-7fe006782000 ---p 00017000 08:02 782835                     /usr/lib64/libpthread-2.17.so
              /c 7fe006782000-7fe006783000 r--p 00016000 08:02 782835                     /usr/lib64/libpthread-2.17.so
              /c 7fe006783000-7fe006784000 rw-p 00017000 08:02 782835                     /usr/lib64/libpthread-2.17.so
              /c 7fe006784000-7fe006788000 rw-p 00000000 00:00 0 
              /c 7fe006788000-7fe0067c6000 r-xp 00000000 08:02 143398000                  /usr/local/synopsys/customdesigner/J-2014.12-SP2-2/amd64/qt/lib/libQtSql.so.4.7.4
              /c 7fe0067c6000-7fe0068c5000 ---p 0003e000 08:02 143398000                  /usr/local/synopsys/customdesigner/J-2014.12-SP2-2/amd64/qt/lib/libQtSql.so.4.7.4
              /c 7fe0068c5000-7fe0068c7000 rw-p 0003d000 08:02 143398000                  /usr/local/synopsys/customdesigner/J-2014.12-SP2-2/amd64/qt/lib/libQtSql.so.4.7.4
              /c 7fe0068c7000-7fe00691d000 r-xp 00000000 08:02 143397998                  /usr/local/synopsys/customdesigner/J-2014.12-SP2-2/amd64/qt/lib/libQtSvg.so.4.7.4
              /c 7fe00691d000-7fe006a1d000 ---p 00056000 08:02 143397998                  /usr/local/synopsys/customdesigner/J-2014.12-SP2-2/amd64/qt/lib/libQtSvg.so.4.7.4
              /c 7fe006a1d000-7fe006a20000 rw-p 00056000 08:02 143397998                  /usr/local/synopsys/customdesigner/J-2014.12-SP2-2/amd64/qt/lib/libQtSvg.so.4.7.4
              /c 7fe006a20000-7fe006b4f000 r-xp 00000000 08:02 143398016                  /usr/local/synopsys/customdesigner/J-2014.12-SP2-2/amd64/qt/lib/libQtNetwork.so.4.7.4
              /c 7fe006b4f000-7fe006c4f000 ---p 0012f000 08:02 143398016                  /usr/local/synopsys/customdesigner/J-2014.12-SP2-2/amd64/qt/lib/libQtNetwork.so.4.7.4
              /c 7fe006c4f000-7fe006c57000 rw-p 0012f000 08:02 143398016                  /usr/local/synopsys/customdesigner/J-2014.12-SP2-2/amd64/qt/lib/libQtNetwork.so.4.7.4
              /c 7fe006c57000-7fe006ef8000 r-xp 00000000 08:02 143398015                  /usr/local/synopsys/customdesigner/J-2014.12-SP2-2/amd64/qt/lib/libQtCore.so.4.7.4
              /c 7fe006ef8000-7fe006ff8000 ---p 002a1000 08:02 143398015                  /usr/local/synopsys/customdesigner/J-2014.12-SP2-2/amd64/qt/lib/libQtCore.so.4.7.4
              /c 7fe006ff8000-7fe007007000 rw-p 002a1000 08:02 143398015                  /usr/local/synopsys/customdesigner/J-2014.12-SP2-2/amd64/qt/lib/libQtCore.so.4.7.4
              /c 7fe007007000-7fe007a79000 r-xp 00000000 08:02 143397997                  /usr/local/synopsys/customdesigner/J-2014.12-SP2-2/amd64/qt/lib/libQtGui.so.4.7.4
              /c 7fe007a79000-7fe007b79000 ---p 00a72000 08:02 143397997                  /usr/local/synopsys/customdesigner/J-2014.12-SP2-2/amd64/qt/lib/libQtGui.so.4.7.4
              /c 7fe007b79000-7fe007bca000 rw-p 00a72000 08:02 143397997                  /usr/local/synopsys/customdesigner/J-2014.12-SP2-2/amd64/qt/lib/libQtGui.so.4.7.4
              /c 7fe007bca000-7fe007bcd000 rw-p 00000000 00:00 0 
              /c 7fe007bcd000-7fe007bcf000 r-xp 00000000 08:02 1594                       /usr/lib64/libdl-2.17.so
              /c 7fe007bcf000-7fe007dcf000 ---p 00002000 08:02 1594                       /usr/lib64/libdl-2.17.so
              /c 7fe007dcf000-7fe007dd0000 r--p 00002000 08:02 1594                       /usr/lib64/libdl-2.17.so
              /c 7fe007dd0000-7fe007dd1000 rw-p 00003000 08:02 1594                       /usr/lib64/libdl-2.17.so
              /c 7fe007dd1000-7fe007df3000 r-xp 00000000 08:02 1580                       /usr/lib64/ld-2.17.so
              /c 7fe007e04000-7fe007e15000 r--p 00000000 08:02 412688650                  /usr/local/synopsys/customdesigner/J-2014.12-SP2-2/auxx/fonts/luxisri.ttf
              /c 7fe007e15000-7fe007e31000 r--p 00000000 08:02 412692245                  /usr/local/synopsys/customdesigner/J-2014.12-SP2-2/auxx/fonts/INFOT_Synopsys.ttf
              /c 7fe007e31000-7fe007e43000 r--p 00000000 08:02 412693764                  /usr/local/synopsys/customdesigner/J-2014.12-SP2-2/auxx/fonts/luxisb.ttf
              /c 7fe007e43000-7fe007e44000 ---p 00000000 00:00 0 
              /c 7fe007e44000-7fe007e5d000 rw-p 00000000 00:00 0 
              /c 7fe007e5d000-7fe007e69000 r--s 00000000 08:02 938255                     /usr/lib/fontconfig/cache/e3019ca6-b077-457e-a411-5236bffc3af2-le64.cache-7
              /c 7fe007e69000-7fe007e88000 rw-p 00000000 00:00 0 
              /c 7fe007e88000-7fe007eca000 r-xp 00000000 08:02 143398007                  /usr/local/synopsys/customdesigner/J-2014.12-SP2-2/amd64/qt/lib/libQtXml.so.4.7.4
              /c 7fe007eca000-7fe007fc9000 ---p 00042000 08:02 143398007                  /usr/local/synopsys/customdesigner/J-2014.12-SP2-2/amd64/qt/lib/libQtXml.so.4.7.4
              /c 7fe007fc9000-7fe007fcc000 rw-p 00041000 08:02 143398007                  /usr/local/synopsys/customdesigner/J-2014.12-SP2-2/amd64/qt/lib/libQtXml.so.4.7.4
              /c 7fe007fcc000-7fe007fcd000 rw-p 00000000 00:00 0 
              /c 7fe007fd3000-7fe007fd6000 rw-p 00000000 00:00 0 
              /c 7fe007fd6000-7fe007fd8000 r--s 00000000 08:02 1111568                    /usr/lib/fontconfig/cache/57cac5c9-dbee-4497-a172-fc40e1ac2ce0-le64.cache-7
              /c 7fe007fd8000-7fe007fdb000 r--s 00000000 08:02 1111572                    /usr/lib/fontconfig/cache/b07da3e5-a062-45bc-98d3-0973af7354c3-le64.cache-7
              /c 7fe007fdb000-7fe007fe3000 r--s 00000000 08:02 1111570                    /usr/lib/fontconfig/cache/bcdb72a8-ef49-4f06-af7e-278f1c4329f0-le64.cache-7
              /c 7fe007fe3000-7fe007fe4000 r--s 00000000 08:02 1111576                    /usr/lib/fontconfig/cache/67c4ea48-27e1-46ad-a590-63427a93bb5f-le64.cache-7
              /c 7fe007fe4000-7fe007fe9000 r--s 00000000 08:02 1111574                    /usr/lib/fontconfig/cache/e0432c4e-2531-4780-a952-1c44f6029c72-le64.cache-7
              /c 7fe007fe9000-7fe007ff0000 r--s 00000000 08:02 134235954                  /usr/lib64/gconv/gconv-modules.cache
              /c 7fe007ff0000-7fe007ff2000 rw-p 00000000 00:00 0 
              /c 7fe007ff2000-7fe007ff3000 r--p 00021000 08:02 1580                       /usr/lib64/ld-2.17.so
              /c 7fe007ff3000-7fe007ff4000 rw-p 00022000 08:02 1580                       /usr/lib64/ld-2.17.so
              /c 7fe007ff4000-7fe007ff5000 rw-p 00000000 00:00 0 
              /c 7ffcd1da4000-7ffcd1dc6000 rw-p 00000000 00:00 0                          [stack]
              /c 7ffcd1dd0000-7ffcd1dd2000 r-xp 00000000 00:00 0                          [vdso]
              /c ffffffffff600000-ffffffffff601000 r-xp 00000000 00:00 0                  [vsyscall]
              /c 
[18:38:40.93] /e Error: The application was unexpectedly terminated.
              /c See the session log file for recovery details. (SHUT_DOWN-001)
