[15:55:14.73] /o Custom Designer (TM) Version J-2014.12-SP2-2
              /c Build  (OPT) Config 2901729 compiled on Sun Jul 26 20:41:43 2015 for RHEL64 5.7
              /c Invocation: /usr/local/synopsys/customdesigner/J-2014.12-SP2-2/amd64/platform/bin/cdesigner
              /c Execution time: Wed Mar 13 15:55:12 2019
              /c Host: bender.engr.ucr.edu
              /c 
              /c Copyright © 2004-2015 Synopsys, Inc. All rights reserved.
              /c Your use of this program is subject to the terms and conditions of the written license agreement between you, or your company, and Synopsys.
              /c 
[15:55:16.21] /m Information: ::xt::physicalVerification::_private::processValidationProc: Invalid process 'SAED 90nm'.
[15:55:16.22] /m Information: ::xt::physicalVerification::_private::variantValidationProc: Invalid process ''.
[15:56:00.15] /# gi::executeAction dmShowLibraryManager -in [gi::getWindows 0]
[15:56:00.15] /i dm::showLibraryManager
[15:56:00.15] /r giWindowId 1
[15:56:00.16] /r giWindowGeometry 660x600+50+50
[15:56:00.38] /o oa:0x223c53a0
[15:56:03.93] /i gi::setCurrentIndex {libs} -index {mylibrary} -in [gi::getWindows 1]
[15:56:04.01] /i gi::setItemSelection {libs} -index {mylibrary} -in [gi::getWindows 1]
[15:56:18.69] /i gi::setCurrentIndex {cells} -index {adder_1bit_testbench} -in [gi::getWindows 1]
[15:56:18.76] /i gi::setItemSelection {cells} -index {adder_1bit_testbench} -in [gi::getWindows 1]
[15:56:21.97] /i gi::setCurrentIndex {views} -index {schematic} -in [gi::getWindows 1]
[15:56:21.99] /i gi::setItemSelection {views} -index {schematic} -in [gi::getWindows 1]
[15:56:22.16] /i gi::executeAction dmOpen -in [gi::getWindows 1]
[15:56:22.18] /o 	############################################
[15:56:22.18] /o 	--------------------------------------------
[15:56:22.18] /o 	PDK Name................... : SAED_PDK_90
[15:56:22.18] /o 	PDK Release Date........... : 29-Sep-2015
[15:56:22.18] /o 	PDK Custom Designer Version : J-2014.12-2
[15:56:22.19] /o 	--------------------------------------------
[15:56:22.19] /o 	############################################
[15:56:22.19] /o 
[15:56:22.19] /w Warning: Preference 'leActiveLPP' is deprecated and scheduled for removal in a future release with no replacement. For migration assistance, see the Custom Designer Tcl Reference Manual. (PREFERENCE-058)
[15:56:22.19] /o SAED PDK 90: Loaded callbacks
[15:56:22.20] /o SAED PDK 90: Loaded display resources
[15:56:22.26] /m Information: License 'Schematic Editor' checked out. (LICENSE-003)
[15:56:22.33] /r giWindowId 2
[15:56:22.33] /r giWindowGeometry 1088x700
[15:56:23.36] /i gi::setActiveWindow 1
[15:56:23.37] /i gi::setActiveWindow 1 -raise true
[15:56:23.47] /i gi::setActiveWindow 2
[15:56:23.47] /i gi::setActiveWindow 2 -raise true
[15:56:26.41] /i gi::executeAction deObjectActivation -in [gi::getWindows 2]
[15:56:30.30] /i gi::executeAction deObjectActivation -in [gi::getWindows 2]
[15:57:06.96] /# gi::executeAction seShowConsoleForWindow -in [gi::getWindows 2]
[15:57:06.96] /i sa::showConsole -context [db::getNext [de::getContexts -window 2]]
[15:57:07.15] /m Information: License 'Simulation & Analysis Environment' checked out. (LICENSE-003)
[15:57:07.18] /r giWindowId 3
[15:57:07.19] /r giWindowGeometry 600x500
[15:57:07.47] /o oa:0x2766ce10
[15:57:07.88] /i db::setAttr geometry -of [gi::getFrames 3] -value 600x500+27+43
[15:57:10.41] /i gi::executeAction menuPreShow -in [gi::getWindows 3]
[15:57:10.42] /r giMenuAccess db::getNext [gi::getMenus saConsoleSessionMenu -from [gi::getWindows 3]]
[15:57:11.78] /# gi::executeAction saLoadState -in [gi::getWindows 3]
[15:57:11.78] /i sa::showLoadState -parent 3
[15:57:12.01] /o oa:0x27b2b160
[15:57:12.48] /i gi::setActiveDialog [gi::getDialogs {saShowLoadState} -parent [gi::getWindows 3]]
[15:57:12.94] /i db::setAttr geometry -of [gi::getDialogs {saShowLoadState} -parent [gi::getWindows 3]] -value 600x645+154+65
[15:57:14.21] /i gi::setField {/loadFrom/openAccess} -value {true} -in [gi::getDialogs {saShowLoadState} -parent [gi::getWindows 3]]
[15:57:14.76] /i db::setAttr geometry -of [gi::getDialogs {saShowLoadState} -parent [gi::getWindows 3]] -value 600x616+154+65
[15:57:16.35] /i gi::pressButton {/ok} -in [gi::getDialogs {saShowLoadState} -parent [gi::getWindows 3]]
[15:57:18.68] /i gi::pressButton {plotButton} -in [gi::getWindows 3]
[15:57:18.79] /m Information: Launching Waveform Viewer "cd /home/cemaj/tarora/simulation/mylibrary/adder_1bit_testbench/schematic/HSPICE/nominal/results && wv -k -cdesigner > /home/cemaj/tarora/simulation/mylibrary/adder_1bit_testbench/schematic/HSPICE/nominal/results/viewer.log 2>&1"
[15:57:48.07] /m Information: Waveform Viewer exited normally.
[15:58:29.08] /i gi::executeAction giCloseWindow -in [gi::getWindows 3]
[15:58:29.13] /m Information: License 'Simulation & Analysis Environment' checked in. (LICENSE-004)
[15:58:30.74] /i gi::executeAction giCloseWindow -in [gi::getWindows 2]
[15:58:31.44] /m Information: License 'Schematic Editor' checked in. (LICENSE-004)
[15:58:31.59] /i gi::setActiveWindow 1
[15:58:31.59] /i gi::setActiveWindow 1 -raise true
[15:58:36.09] /i gi::setCurrentIndex {cells} -index {adder_1bit} -in [gi::getWindows 1]
[15:58:36.31] /i gi::setItemSelection {cells} -index {adder_1bit} -in [gi::getWindows 1]
[15:58:37.86] /i gi::setCurrentIndex {views} -index {layout} -in [gi::getWindows 1]
[15:58:37.88] /i gi::setItemSelection {views} -index {layout} -in [gi::getWindows 1]
[15:58:38.60] /i gi::executeAction dmOpen -in [gi::getWindows 1]
[15:58:38.66] /m Information: License 'Layout Editor' checked out. (LICENSE-003)
[15:58:38.71] /r giWindowId 4
[15:58:38.71] /r giWindowGeometry 1088x700
[15:58:39.51] /i db::setAttr dockSize -of [gi::getAssistants leObjectLayerPanel -from [gi::getWindows 4]] -value 190x550
[15:58:42.44] /i gi::executeAction deObjectActivation -in [gi::getWindows 4]
[15:58:45.32] /i gi::executeAction deObjectActivation -in [gi::getWindows 4]
[15:59:49.83] /i gi::executeAction giCloseWindow -in [gi::getWindows 4]
[15:59:51.14] /m Information: License 'Layout Editor' checked in. (LICENSE-004)
[15:59:51.32] /i gi::setActiveWindow 1
[15:59:51.33] /i gi::setActiveWindow 1 -raise true
[15:59:53.22] /i gi::setCurrentIndex {cells} -index {ripple_carry_adder_4bit} -in [gi::getWindows 1]
[15:59:53.34] /i gi::setItemSelection {cells} -index {ripple_carry_adder_4bit} -in [gi::getWindows 1]
[16:00:37.72] /i gi::setCurrentIndex {views} -index {schematic} -in [gi::getWindows 1]
[16:00:37.74] /i gi::setItemSelection {views} -index {schematic} -in [gi::getWindows 1]
[16:00:40.42] /i gi::executeAction dmOpen -in [gi::getWindows 1]
[16:00:40.47] /m Information: License 'Schematic Editor' checked out. (LICENSE-003)
[16:00:40.53] /r giWindowId 5
[16:00:40.53] /r giWindowGeometry 1088x700
[16:00:42.43] /i gi::executeAction deObjectActivation -in [gi::getWindows 5]
[16:00:44.98] /i gi::executeAction deObjectActivation -in [gi::getWindows 5]
[16:01:30.90] /i gi::executeAction giCloseWindow -in [gi::getWindows 5]
[16:01:32.62] /m Information: License 'Schematic Editor' checked in. (LICENSE-004)
[16:01:32.79] /i gi::setActiveWindow 1
[16:01:32.80] /i gi::setActiveWindow 1 -raise true
[16:01:34.83] /i gi::setCurrentIndex {views} -index {layout} -in [gi::getWindows 1]
[16:01:34.84] /i gi::setItemSelection {views} -index {layout} -in [gi::getWindows 1]
[16:01:35.04] /i gi::executeAction dmOpen -in [gi::getWindows 1]
[16:01:35.10] /m Information: License 'Layout Editor' checked out. (LICENSE-003)
[16:01:35.14] /r giWindowId 6
[16:01:35.15] /r giWindowGeometry 1088x700
[16:01:35.85] /i db::setAttr dockSize -of [gi::getAssistants leObjectLayerPanel -from [gi::getWindows 6]] -value 190x550
[16:01:41.73] /i gi::setField {stopLevel} -value {32} -in [gi::getToolbars {leHierarchy} -from [gi::getWindows 6]]
[16:01:44.81] /i gi::setField {stopLevel} -value {32} -in [gi::getToolbars {leHierarchy} -from [gi::getWindows 6]]
[16:01:45.88] /# gi::executeAction deZoomOutAtPoint -in [gi::getWindows 6]
[16:01:45.88] /i de::zoom -window 6 -factor 0.5 -center {36.053 5.077}
[16:01:45.90] /o {-42.649 -34.662} {89.663 50.428}
[16:01:45.92] /# gi::executeAction deZoomOutAtPoint -in [gi::getWindows 6]
[16:01:45.92] /i de::zoom -window 6 -factor 0.5 -center {36.052 5.078}
[16:01:45.93] /o {-121.349 -74.403} {143.273 95.779}
[16:01:45.96] /# gi::executeAction deZoomOutAtPoint -in [gi::getWindows 6]
[16:01:45.96] /i de::zoom -window 6 -factor 0.5 -center {36.053 5.078}
[16:01:45.98] /o {-278.751 -153.883} {250.493 186.479}
[16:01:46.05] /# gi::executeAction deZoomOutAtPoint -in [gi::getWindows 6]
[16:01:46.05] /i de::zoom -window 6 -factor 0.5 -center {36.053 5.077}
[16:01:46.09] /o {-593.555 -312.843} {464.933 367.881}
[16:01:46.49] /# gi::executeAction deZoomInAtPoint -in [gi::getWindows 6]
[16:01:46.49] /i de::zoom -window 6 -factor 2.0 -center {36.052 5.078}
[16:01:46.50] /o {-278.752 -153.883} {250.493 186.48}
[16:01:46.53] /# gi::executeAction deZoomInAtPoint -in [gi::getWindows 6]
[16:01:46.53] /i de::zoom -window 6 -factor 2.0 -center {36.052 5.078}
[16:01:46.55] /o {-121.35 -74.402} {143.272 95.779}
[16:01:46.99] /# gi::executeAction deZoomInAtPoint -in [gi::getWindows 6]
[16:01:46.99] /i de::zoom -window 6 -factor 2.0 -center {36.052 5.078}
[16:01:47.00] /o {-42.649 -34.662} {89.662 50.428}
[16:01:47.05] /# gi::executeAction deZoomInAtPoint -in [gi::getWindows 6]
[16:01:47.05] /i de::zoom -window 6 -factor 2.0 -center {36.052 5.078}
[16:01:47.07] /o {-3.298 -14.792} {62.857 27.753}
[16:01:47.07] /# gi::executeAction deZoomInAtPoint -in [gi::getWindows 6]
[16:01:47.07] /i de::zoom -window 6 -factor 2.0 -center {36.052 5.078}
[16:01:47.09] /o {16.377 -4.857} {49.455 16.416}
[16:01:47.21] /# gi::executeAction deZoomInAtPoint -in [gi::getWindows 6]
[16:01:47.21] /i de::zoom -window 6 -factor 2.0 -center {36.052 5.078}
[16:01:47.23] /o {26.214 0.11} {42.753 10.747}
[16:01:47.66] /# gi::executeAction deZoomOutAtPoint -in [gi::getWindows 6]
[16:01:47.66] /i de::zoom -window 6 -factor 0.5 -center {36.052 5.078}
[16:01:47.68] /o {16.377 -4.857} {49.455 16.416}
[16:01:47.74] /# gi::executeAction deZoomOutAtPoint -in [gi::getWindows 6]
[16:01:47.74] /i de::zoom -window 6 -factor 0.5 -center {36.052 5.078}
[16:01:47.75] /o {-3.298 -14.792} {62.857 27.753}
[16:01:47.75] /# gi::executeAction deZoomOutAtPoint -in [gi::getWindows 6]
[16:01:47.75] /i de::zoom -window 6 -factor 0.5 -center {36.052 5.078}
[16:01:47.76] /o {-42.649 -34.662} {89.662 50.428}
[16:01:49.66] /# gi::executeAction deZoomInAtPoint -in [gi::getWindows 6]
[16:01:49.67] /i de::zoom -window 6 -factor 2.0 -center {36.052 5.078}
[16:01:49.67] /o {-3.298 -14.792} {62.857 27.753}
[16:01:51.45] /i gi::executeAction deObjectActivation -in [gi::getWindows 6]
[16:01:55.48] /i gi::executeAction deObjectActivation -in [gi::getWindows 6]
[16:02:57.52] /i gi::executeAction giCloseWindow -in [gi::getWindows 6]
[16:02:58.36] /m Information: License 'Layout Editor' checked in. (LICENSE-004)
[16:02:58.53] /i gi::setActiveWindow 1
[16:02:58.55] /i gi::setActiveWindow 1 -raise true
[16:03:01.11] /i gi::setCurrentIndex {cells} -index {ripple_carry_adder_4bit_testbench} -in [gi::getWindows 1]
[16:03:01.27] /i gi::setItemSelection {cells} -index {ripple_carry_adder_4bit_testbench} -in [gi::getWindows 1]
[16:03:03.97] /i gi::setCurrentIndex {views} -index {schematic} -in [gi::getWindows 1]
[16:03:03.98] /i gi::setItemSelection {views} -index {schematic} -in [gi::getWindows 1]
[16:03:04.65] /i gi::executeAction dmOpen -in [gi::getWindows 1]
[16:03:04.71] /m Information: License 'Schematic Editor' checked out. (LICENSE-003)
[16:03:04.74] /r giWindowId 7
[16:03:04.74] /r giWindowGeometry 1088x700
[16:03:22.50] /i gi::executeAction deObjectActivation -in [gi::getWindows 7]
[16:03:25.21] /i gi::executeAction deObjectActivation -in [gi::getWindows 7]
[16:04:04.28] /i gi::executeAction giCloseWindow -in [gi::getWindows 7]
[16:04:05.20] /m Information: License 'Schematic Editor' checked in. (LICENSE-004)
[16:04:05.42] /i gi::setActiveWindow 1
[16:04:05.44] /i gi::setActiveWindow 1 -raise true
[16:04:07.25] /i gi::executeAction dmOpen -in [gi::getWindows 1]
[16:04:07.32] /m Information: License 'Schematic Editor' checked out. (LICENSE-003)
[16:04:07.35] /r giWindowId 8
[16:04:07.35] /r giWindowGeometry 1088x700
[16:04:11.42] /# gi::executeAction seShowConsoleForWindow -in [gi::getWindows 8]
[16:04:11.42] /i sa::showConsole -context [db::getNext [de::getContexts -window 8]]
[16:04:11.53] /m Information: License 'Simulation & Analysis Environment' checked out. (LICENSE-003)
[16:04:11.56] /r giWindowId 9
[16:04:11.57] /r giWindowGeometry 600x500
[16:04:11.87] /o oa:0x27f14880
[16:04:12.44] /i db::setAttr geometry -of [gi::getFrames 9] -value 600x500+117+79
[16:04:15.74] /i gi::executeAction menuPreShow -in [gi::getWindows 9]
[16:04:15.75] /r giMenuAccess db::getNext [gi::getMenus saConsoleSetupMenu -from [gi::getWindows 9]]
[16:04:16.46] /i gi::executeAction menuPreShow -in [gi::getWindows 9]
[16:04:16.49] /r giMenuAccess db::getNext [gi::getMenus saConsoleSessionMenu -from [gi::getWindows 9]]
[16:04:19.23] /# gi::executeAction saLoadState -in [gi::getWindows 9]
[16:04:19.23] /i sa::showLoadState -parent 9
[16:04:19.50] /o oa:0x279f64f0
[16:04:19.86] /i gi::setActiveDialog [gi::getDialogs {saShowLoadState} -parent [gi::getWindows 9]]
[16:04:20.45] /i db::setAttr geometry -of [gi::getDialogs {saShowLoadState} -parent [gi::getWindows 9]] -value 600x645+244+101
[16:04:21.53] /i gi::setField {/loadFrom/openAccess} -value {true} -in [gi::getDialogs {saShowLoadState} -parent [gi::getWindows 9]]
[16:04:22.00] /i db::setAttr geometry -of [gi::getDialogs {saShowLoadState} -parent [gi::getWindows 9]] -value 600x616+244+101
[16:04:23.76] /i gi::pressButton {/ok} -in [gi::getDialogs {saShowLoadState} -parent [gi::getWindows 9]]
[16:04:26.11] /i gi::pressButton {plotButton} -in [gi::getWindows 9]
[16:04:26.36] /m Information: Launching Waveform Viewer "cd /home/cemaj/tarora/simulation/mylibrary/ripple_carry_adder_4bit_testbench/schematic/HSPICE/nominal/results && wv -k -cdesigner > /home/cemaj/tarora/simulation/mylibrary/ripple_carry_adder_4bit_testbench/schematic/HSPICE/nominal/results/viewer.log 2>&1"
[16:04:54.36] /m Information: Waveform Viewer exited normally.
[16:05:27.61] /i gi::executeAction giCloseWindow -in [gi::getWindows 9]
[16:05:27.67] /m Information: License 'Simulation & Analysis Environment' checked in. (LICENSE-004)
[16:05:29.31] /i gi::executeAction giCloseWindow -in [gi::getWindows 8]
[16:05:29.95] /m Information: License 'Schematic Editor' checked in. (LICENSE-004)
[16:05:30.09] /i gi::setActiveWindow 1
[16:05:30.10] /i gi::setActiveWindow 1 -raise true
[16:05:49.51] /i gi::executeAction giCloseWindow -in [gi::getWindows 1]
[16:05:49.62] /i gi::setActiveWindow 0
[16:05:49.63] /i gi::setActiveWindow 0 -raise true
