[13:30:39.86] /o Custom Designer (TM) Version J-2014.12-SP2-2
              /c Build  (OPT) Config 2901729 compiled on Sun Jul 26 20:41:43 2015 for RHEL64 5.7
              /c Invocation: /usr/local/synopsys/customdesigner/J-2014.12-SP2-2/amd64/platform/bin/cdesigner
              /c Execution time: Wed Mar 13 13:30:36 2019
              /c Host: bender.engr.ucr.edu
              /c 
              /c Copyright © 2004-2015 Synopsys, Inc. All rights reserved.
              /c Your use of this program is subject to the terms and conditions of the written license agreement between you, or your company, and Synopsys.
              /c 
[13:30:41.37] /m Information: ::xt::physicalVerification::_private::processValidationProc: Invalid process 'SAED 90nm'.
[13:30:41.38] /m Information: ::xt::physicalVerification::_private::variantValidationProc: Invalid process ''.
[13:30:45.17] /# gi::executeAction dmShowLibraryManager -in [gi::getWindows 0]
[13:30:45.17] /i dm::showLibraryManager
[13:30:45.17] /r giWindowId 1
[13:30:45.18] /r giWindowGeometry 660x600+50+50
[13:30:45.26] /o oa:0x237d89a0
[13:30:46.68] /i gi::setCurrentIndex {libs} -index {mylibrary} -in [gi::getWindows 1]
[13:30:46.70] /i gi::setItemSelection {libs} -index {mylibrary} -in [gi::getWindows 1]
[13:30:48.30] /i gi::setCurrentIndex {cells} -index {ringOscillator_testbench} -in [gi::getWindows 1]
[13:30:48.32] /i gi::setItemSelection {cells} -index {ringOscillator_testbench} -in [gi::getWindows 1]
[13:30:49.71] /i gi::setCurrentIndex {views} -index {TRAN_DC_SAE} -in [gi::getWindows 1]
[13:30:49.72] /i gi::setItemSelection {views} -index {TRAN_DC_SAE} -in [gi::getWindows 1]
[13:30:49.89] /i gi::executeAction dmOpen -in [gi::getWindows 1]
[13:30:49.95] /m Information: License 'Simulation & Analysis Environment' checked out. (LICENSE-003)
[13:30:50.03] /r giWindowId 2
[13:30:50.04] /r giWindowGeometry 600x500
[13:30:50.94] /i db::setAttr geometry -of [gi::getFrames 2] -value 600x500+70+70
[13:30:53.93] /i gi::executeAction menuPreShow -in [gi::getWindows 2]
[13:30:53.94] /r giMenuAccess db::getNext [gi::getMenus saConsoleSimMenu -from [gi::getWindows 2]]
[13:30:54.88] /# gi::executeAction saNetlistAndRun -in [gi::getWindows 2]
[13:30:54.88] /i isa::netlistAndRun -testbench [sa::findActiveTestbench -window 2]
[13:30:54.95] /m Information: "Starting incremental netlisting for design "mylibrary/ringOscillator_testbench/schematic"..." (NETLISTING-010)
[13:30:54.96] /o 	############################################
[13:30:54.97] /o 	--------------------------------------------
[13:30:54.97] /o 	PDK Name................... : SAED_PDK_90
[13:30:54.97] /o 	PDK Release Date........... : 29-Sep-2015
[13:30:54.97] /o 	PDK Custom Designer Version : J-2014.12-2
[13:30:54.97] /o 	--------------------------------------------
[13:30:54.97] /o 	############################################
[13:30:54.97] /o 
[13:30:54.97] /w Warning: Preference 'leActiveLPP' is deprecated and scheduled for removal in a future release with no replacement. For migration assistance, see the Custom Designer Tcl Reference Manual. (PREFERENCE-058)
[13:30:54.98] /o SAED PDK 90: Loaded callbacks
[13:30:54.98] /o SAED PDK 90: Loaded display resources
[13:30:55.10] /o No Design Integrity rule violations found in "mylibrary/ringOscillator_testbench/schematic"
[13:30:55.20] /m Information: "Netlisting design "mylibrary/ringOscillator_testbench/schematic" finished successfully." (NETLISTING-012)
[13:30:55.21] /m Information: "Composing simulator input file for design "mylibrary/ringOscillator_testbench/schematic"..."
[13:30:55.29] /m Information: "Simulator input file composed successfully for design "mylibrary/ringOscillator_testbench/schematic""
[13:30:55.70] /r giWindowId 3
[13:30:55.71] /r giWindowGeometry 800x600
[13:30:56.20] /# gi::expand {jobMonitorTable} -index {0,0} -in [gi::getWindows 3]
[13:30:56.20] /# gi::expand {jobMonitorTable} -index {0.0,0} -in [gi::getWindows 3]
[13:30:56.38] /m Information: "Starting HSPICE simulation for design: mylibrary/ringOscillator_testbench/schematic"
[13:30:56.39] /# gi::collapse {jobMonitorTable} -index {0.0,0} -in [gi::getWindows 3]
[13:30:56.44] /o 1
[13:30:56.44] /i gi::expand {jobMonitorTable} -index {0.0,0} -in [gi::getWindows 3]
[13:30:56.58] /i db::setAttr geometry -of [gi::getFrames 3] -value 800x600+90+90
[13:30:56.83] /m Information: "Simulation completed successfully for design: mylibrary/ringOscillator_testbench/schematic "
[13:30:57.10] /m Information: Measurement calculations completed for testbench: default in 1s
[13:30:57.11] /m Information: "Evaluating and plotting outputs..."
[13:30:57.17] /m Information: Launching Waveform Viewer "cd /home/cemaj/tarora/simulation/mylibrary/ringOscillator_testbench/schematic/HSPICE/nominal/results && wv -k -cdesigner > /home/cemaj/tarora/simulation/mylibrary/ringOscillator_testbench/schematic/HSPICE/nominal/results/viewer.log 2>&1"
[13:31:14.30] /m Information: Waveform Viewer exited normally.
[13:31:19.89] /i db::setAttr geometry -of [gi::getFrames 3] -value 800x600+484+93
[13:31:20.93] /i gi::executeAction giCloseWindow -in [gi::getWindows 3]
[13:31:21.22] /i gi::setActiveWindow 2
[13:31:21.23] /i gi::setActiveWindow 2 -raise true
[13:31:21.97] /i gi::setCurrentIndex {analysisPane} -index {0,1} -in [gi::getWindows 2]
[13:31:21.97] /i gi::setItemSelection {analysisPane} -index {0,1} -in [gi::getWindows 2]
[13:31:21.97] /i gi::setItemSelection {analysisPane} -index {0,1} -in [gi::getWindows 2]
[13:31:24.35] /i gi::setCurrentIndex {analysisPane} -index {0,0} -in [gi::getWindows 2]
[13:31:24.35] /i gi::setItemSelection {analysisPane} -index {0,0} -in [gi::getWindows 2]
[13:31:24.35] /i gi::setItemSelection {analysisPane} -index {0,0} -in [gi::getWindows 2]
[13:31:24.99] /i gi::setActiveDialog [gi::getDialogs {saEditAnalysesDialogXsaeSession0} -parent [gi::getWindows 2]]
[13:31:25.13] /i db::setAttr geometry -of [gi::getDialogs {saEditAnalysesDialogXsaeSession0} -parent [gi::getWindows 2]] -value 511x596+173+190
[13:31:30.07] /i gi::setField {/analysesGroups/tabGeneral/anaPane/step} -value {1ps} -in [gi::getDialogs {saEditAnalysesDialogXsaeSession0} -parent [gi::getWindows 2]]
[13:31:33.38] /i gi::setField {/analysesGroups/tabGeneral/anaPane/stop} -value {1ns} -in [gi::getDialogs {saEditAnalysesDialogXsaeSession0} -parent [gi::getWindows 2]]
[13:31:35.15] /i db::setAttr geometry -of [gi::getDialogs {saEditAnalysesDialogXsaeSession0} -parent [gi::getWindows 2]] -value 511x596+237+30
[13:31:35.95] /i gi::pressButton {/ok} -in [gi::getDialogs {saEditAnalysesDialogXsaeSession0} -parent [gi::getWindows 2]]
[13:31:40.97] /i gi::executeAction menuPreShow -in [gi::getWindows 2]
[13:31:40.98] /r giMenuAccess db::getNext [gi::getMenus saConsoleSessionMenu -from [gi::getWindows 2]]
[13:31:42.11] /# gi::executeAction saSaveState -in [gi::getWindows 2]
[13:31:42.11] /i sa::showSaveState -parent 2
[13:31:42.38] /o oa:0x29202740
[13:31:42.72] /i gi::setActiveDialog [gi::getDialogs {saShowSaveState} -parent [gi::getWindows 2]]
[13:31:43.06] /i db::setAttr geometry -of [gi::getDialogs {saShowSaveState} -parent [gi::getWindows 2]] -value 506x565+197+92
[13:31:45.60] /i gi::pressButton {/ok} -in [gi::getDialogs {saShowSaveState} -parent [gi::getWindows 2]]
[13:31:48.05] /i gi::executeAction menuPreShow -in [gi::getWindows 2]
[13:31:48.05] /r giMenuAccess db::getNext [gi::getMenus saConsoleSimMenu -from [gi::getWindows 2]]
[13:31:49.22] /# gi::executeAction saNetlistAndRun -in [gi::getWindows 2]
[13:31:49.22] /i isa::netlistAndRun -testbench [sa::findActiveTestbench -window 2]
[13:31:49.41] /m Information: "Starting incremental netlisting for design "mylibrary/ringOscillator_testbench/schematic"..." (NETLISTING-010)
[13:31:49.51] /o No Design Integrity rule violations found in "mylibrary/ringOscillator_testbench/schematic"
[13:31:49.61] /m Information: "Netlisting design "mylibrary/ringOscillator_testbench/schematic" finished successfully." (NETLISTING-012)
[13:31:49.62] /m Information: "Composing simulator input file for design "mylibrary/ringOscillator_testbench/schematic"..."
[13:31:49.70] /m Information: "Simulator input file composed successfully for design "mylibrary/ringOscillator_testbench/schematic""
[13:31:50.12] /r giWindowId 4
[13:31:50.13] /r giWindowGeometry 800x600
[13:31:50.42] /# gi::expand {jobMonitorTable} -index {0,0} -in [gi::getWindows 4]
[13:31:50.42] /# gi::expand {jobMonitorTable} -index {0.0,0} -in [gi::getWindows 4]
[13:31:50.50] /m Information: "Starting HSPICE simulation for design: mylibrary/ringOscillator_testbench/schematic"
[13:31:50.51] /# gi::collapse {jobMonitorTable} -index {0.0,0} -in [gi::getWindows 4]
[13:31:50.61] /o 1
[13:31:50.61] /i gi::expand {jobMonitorTable} -index {0.0,0} -in [gi::getWindows 4]
[13:31:50.75] /i db::setAttr geometry -of [gi::getFrames 4] -value 800x600+90+90
[13:31:50.95] /m Information: "Simulation completed successfully for design: mylibrary/ringOscillator_testbench/schematic "
[13:31:51.30] /m Information: Measurement calculations completed for testbench: default in 0s
[13:31:51.31] /m Information: "Evaluating and plotting outputs..."
[13:31:51.38] /m Information: Launching Waveform Viewer "cd /home/cemaj/tarora/simulation/mylibrary/ringOscillator_testbench/schematic/HSPICE/nominal/results && wv -k -cdesigner > /home/cemaj/tarora/simulation/mylibrary/ringOscillator_testbench/schematic/HSPICE/nominal/results/viewer.log 2>&1"
[13:32:04.94] /i db::setAttr iconified -of [gi::getFrames 4] -value true
[13:32:04.95] /i gi::setActiveWindow 2
[13:32:04.95] /i gi::setActiveWindow 2 -raise true
[13:32:04.99] /i gi::executeAction menuPreShow -in [gi::getWindows 2]
[13:32:04.99] /r giMenuAccess db::getNext [gi::getMenus saConsoleSessionMenu -from [gi::getWindows 2]]
[13:32:08.06] /i gi::executeAction giCloseWindow -in [gi::getWindows 2]
[13:32:08.21] /i gi::setActiveWindow 1
[13:32:08.43] /i gi::setActiveWindow 1 -raise true
[13:32:12.82] /i gi::setCurrentIndex {views} -index {config} -in [gi::getWindows 1]
[13:32:12.83] /i gi::setItemSelection {views} -index {config} -in [gi::getWindows 1]
[13:32:14.48] /i gi::setCurrentIndex {views} -index {schematic} -in [gi::getWindows 1]
[13:32:14.49] /i gi::setItemSelection {views} -index {schematic} -in [gi::getWindows 1]
[13:32:15.27] /i gi::executeAction dmOpen -in [gi::getWindows 1]
[13:32:15.33] /m Information: License 'Schematic Editor' checked out. (LICENSE-003)
[13:32:15.37] /r giWindowId 5
[13:32:15.37] /r giWindowGeometry 1088x700
[13:32:22.50] /# gi::executeAction deSelectActive -in [gi::getWindows 5]
[13:32:22.50] /i de::select [de::getActiveFigure [gi::getWindows 5] -point {1.61875 1.38125} -index 0 -intent none] -replace true
[13:32:22.50] /o oa:0x290318e0
[13:32:22.66] /# gi::executeAction deDescend -in [gi::getWindows 5]
[13:32:22.66] /i ide::descend 5 -inPlace false -promptView false -readOnly [expr ![de::isEditable [db::getNext [de::getContexts -window 5]]]]
[13:32:22.83] /r giDialog gi::setActiveDialog [gi::getDialogs {deDescendFailed} -parent [gi::getWindows 5]]
[13:32:23.27] /r giDialog db::setAttr geometry -of [gi::getDialogs {deDescendFailed} -parent [gi::getWindows 5]] -value 426x89+338+45
[13:32:28.50] /r giDialog gi::pressButton {cancel} -in [gi::getDialogs {deDescendFailed} -parent [gi::getWindows 5]]
[13:32:30.67] /# gi::executeAction dePropertyEditorToggle -in [gi::getWindows 5]
[13:32:30.67] /i db::setAttr shown -of [gi::getAssistants dePropertyEditor -from [gi::getWindows 5]] -value true
[13:32:37.56] /# gi::executeAction deSelectActive -in [gi::getWindows 5]
[13:32:37.56] /i de::select [de::getActiveFigure [gi::getWindows 5] -point {3.7 1.525} -index 0 -intent none] -replace true
[13:32:37.57] /o oa:0x227ed9c0
[13:33:04.95] /i gi::executeAction giCloseWindow -in [gi::getWindows 5]
[13:33:06.25] /m Information: License 'Schematic Editor' checked in. (LICENSE-004)
[13:33:06.40] /i gi::setActiveWindow 1
[13:33:06.42] /i gi::setActiveWindow 1 -raise true
[13:33:08.06] /i gi::setCurrentIndex {cells} -index {ripple_carry_adder_4bit} -in [gi::getWindows 1]
[13:33:08.35] /i gi::setItemSelection {cells} -index {ripple_carry_adder_4bit} -in [gi::getWindows 1]
[13:33:09.86] /i gi::setCurrentIndex {views} -index {layout} -in [gi::getWindows 1]
[13:33:09.89] /i gi::setItemSelection {views} -index {layout} -in [gi::getWindows 1]
[13:33:10.03] /i gi::executeAction dmOpen -in [gi::getWindows 1]
[13:33:10.08] /m Information: License 'Layout Editor' checked out. (LICENSE-003)
[13:33:10.22] /r giWindowId 6
[13:33:10.22] /r giWindowGeometry 1088x700
[13:33:11.03] /i db::setAttr dockSize -of [gi::getAssistants leObjectLayerPanel -from [gi::getWindows 6]] -value 190x550
[13:33:13.45] /i gi::executeAction giCloseWindow -in [gi::getWindows 6]
[13:33:14.63] /m Information: License 'Layout Editor' checked in. (LICENSE-004)
[13:33:14.82] /i gi::setActiveWindow 1
[13:33:14.82] /i gi::setActiveWindow 1 -raise true
[13:33:16.26] /i gi::setCurrentIndex {views} -index {schematic} -in [gi::getWindows 1]
[13:33:16.33] /i gi::setItemSelection {views} -index {schematic} -in [gi::getWindows 1]
[13:33:16.48] /i gi::executeAction dmOpen -in [gi::getWindows 1]
[13:33:16.58] /m Information: License 'Schematic Editor' checked out. (LICENSE-003)
[13:33:16.76] /r giWindowId 7
[13:33:16.76] /r giWindowGeometry 1088x700
[13:33:19.25] /i gi::executeAction giCloseWindow -in [gi::getWindows 7]
[13:33:20.80] /m Information: License 'Schematic Editor' checked in. (LICENSE-004)
[13:33:21.04] /i gi::setActiveWindow 1
[13:33:21.07] /i gi::setActiveWindow 1 -raise true
[13:33:22.17] /i gi::setCurrentIndex {cells} -index {ripple_carry_adder_4bit_testbench} -in [gi::getWindows 1]
[13:33:22.48] /i gi::setItemSelection {cells} -index {ripple_carry_adder_4bit_testbench} -in [gi::getWindows 1]
[13:33:24.28] /i gi::setCurrentIndex {views} -index {ripple_carry_adder_SAE} -in [gi::getWindows 1]
[13:33:24.29] /i gi::setItemSelection {views} -index {ripple_carry_adder_SAE} -in [gi::getWindows 1]
[13:33:24.44] /i gi::executeAction dmOpen -in [gi::getWindows 1]
[13:33:24.61] /r giWindowId 8
[13:33:24.61] /r giWindowGeometry 600x500
[13:33:25.42] /i db::setAttr geometry -of [gi::getFrames 8] -value 600x500+70+70
[13:33:27.04] /i gi::pressButton {plotButton} -in [gi::getWindows 8]
[13:33:27.06] /e Error: Plotting failed: Error: System exception while executing sa::createResultsMap: The directory '/home/cemaj/tarora/simulation/HSPICE/nominal/results' does not exists. (COMMAND-001) (SAE-002)
[13:33:29.33] /i gi::executeAction giCloseWindow -in [gi::getWindows 8]
[13:33:29.48] /i gi::setActiveWindow 1
[13:33:29.49] /i gi::setActiveWindow 1 -raise true
[13:33:31.78] /i gi::setCurrentIndex {views} -index {schematic} -in [gi::getWindows 1]
[13:33:31.81] /i gi::setItemSelection {views} -index {schematic} -in [gi::getWindows 1]
[13:33:32.05] /i gi::executeAction dmOpen -in [gi::getWindows 1]
[13:33:32.14] /m Information: License 'Schematic Editor' checked out. (LICENSE-003)
[13:33:32.28] /r giWindowId 9
[13:33:32.28] /r giWindowGeometry 1088x700
[13:33:40.82] /# gi::executeAction seShowConsoleForWindow -in [gi::getWindows 9]
[13:33:40.82] /i sa::showConsole -context [db::getNext [de::getContexts -window 9]]
[13:33:40.88] /r giWindowId 10
[13:33:40.89] /r giWindowGeometry 600x500
[13:33:41.17] /o oa:0x29548e40
[13:33:41.92] /i db::setAttr geometry -of [gi::getFrames 10] -value 600x500+81+43
[13:33:43.45] /i gi::executeAction menuPreShow -in [gi::getWindows 10]
[13:33:43.46] /r giMenuAccess db::getNext [gi::getMenus saConsoleSessionMenu -from [gi::getWindows 10]]
[13:33:44.46] /# gi::executeAction saLoadState -in [gi::getWindows 10]
[13:33:44.46] /i sa::showLoadState -parent 10
[13:33:44.67] /o oa:0x28eb92d0
[13:33:44.95] /i gi::setActiveDialog [gi::getDialogs {saShowLoadState} -parent [gi::getWindows 10]]
[13:33:45.53] /i db::setAttr geometry -of [gi::getDialogs {saShowLoadState} -parent [gi::getWindows 10]] -value 600x645+208+65
[13:33:46.72] /i gi::setField {/loadFrom/openAccess} -value {true} -in [gi::getDialogs {saShowLoadState} -parent [gi::getWindows 10]]
[13:33:47.20] /i db::setAttr geometry -of [gi::getDialogs {saShowLoadState} -parent [gi::getWindows 10]] -value 600x616+208+65
[13:33:57.85] /i gi::pressButton {/ok} -in [gi::getDialogs {saShowLoadState} -parent [gi::getWindows 10]]
[13:34:04.78] /i gi::pressButton {plotButton} -in [gi::getWindows 10]
[13:40:03.89] /i db::setAttr iconified -of [gi::getFrames 10] -value true
[13:40:03.89] /i gi::setActiveWindow 9
[13:40:04.10] /i gi::setActiveWindow 9 -raise true
[13:40:05.41] /i db::setAttr iconified -of [gi::getFrames 9] -value true
[13:40:05.45] /i gi::setActiveWindow 1
[13:40:05.45] /i gi::setActiveWindow 1 -raise true
[13:40:10.51] /i gi::setActiveWindow 0
[13:40:10.52] /i gi::setActiveWindow 0 -raise true
[13:40:23.97] /i db::setAttr iconified -of [gi::getFrames 0] -value true
[13:40:23.98] /i gi::setActiveWindow 1
[13:40:23.98] /i gi::setActiveWindow 1 -raise true
[13:40:28.04] /i db::setAttr iconified -of [gi::getFrames 9] -value false
[13:40:28.05] /i gi::setActiveWindow 9
[13:40:28.05] /i gi::setActiveWindow 9 -raise true
[13:41:32.22] /i gi::executeAction giCloseWindow -in [gi::getWindows 9]
[13:41:32.74] /m Information: License 'Schematic Editor' checked in. (LICENSE-004)
[13:41:32.91] /i gi::setActiveWindow 1
[13:41:32.91] /i gi::setActiveWindow 1 -raise true
[13:41:50.21] /m Information: Waveform Viewer exited normally.
[13:41:51.80] /i gi::setCurrentIndex {cells} -index {adder_1bit} -in [gi::getWindows 1]
[13:41:52.15] /i gi::setItemSelection {cells} -index {adder_1bit} -in [gi::getWindows 1]
[13:41:56.42] /i gi::setCurrentIndex {views} -index {layout} -in [gi::getWindows 1]
[13:41:56.43] /i gi::setItemSelection {views} -index {layout} -in [gi::getWindows 1]
[13:41:56.60] /i gi::executeAction dmOpen -in [gi::getWindows 1]
[13:41:56.65] /m Information: License 'Layout Editor' checked out. (LICENSE-003)
[13:41:56.68] /r giWindowId 11
[13:41:56.69] /r giWindowGeometry 1088x700
[13:41:57.29] /i db::setAttr dockSize -of [gi::getAssistants leObjectLayerPanel -from [gi::getWindows 11]] -value 190x550
[13:42:04.46] /# gi::executeAction xtDRCViewOutputs -in [gi::getWindows 11]
[13:42:04.46] /i xt::physicalVerification::viewJobOutputs drc 11
[13:42:04.48] /w Warning: PVE Showing files for the last 'DRC' job because a 'DRC' job was not found for the current cellview (based on searching run directory names) for any of the 'DRC' tools: {IC Validator}.
[13:42:04.48] /r giWindowId 12
[13:42:04.49] /r giWindowGeometry 800x600
[13:42:04.69] /o oa:0x29edb930
[13:42:05.27] /i db::setAttr geometry -of [gi::getFrames 12] -value 800x600+99+61
[13:42:06.24] /i gi::setActiveTab {tabs} -tabName {ringOscillator.LAYOUT_ERRORS} -in [gi::getWindows 12]
[13:42:13.28] /i gi::executeAction giCloseWindow -in [gi::getWindows 12]
[13:42:13.41] /i gi::setActiveWindow 11
[13:42:13.42] /i gi::setActiveWindow 11 -raise true
[13:42:19.61] /# gi::executeAction xtDRCViewOutputs -in [gi::getWindows 11]
[13:42:19.61] /i xt::physicalVerification::viewJobOutputs drc 11
[13:42:19.66] /w Warning: PVE Showing files for the last 'DRC' job because a 'DRC' job was not found for the current cellview (based on searching run directory names) for any of the 'DRC' tools: {IC Validator}.
[13:42:19.66] /r giWindowId 13
[13:42:19.67] /r giWindowGeometry 800x600
[13:42:19.94] /o oa:0x29f26c40
[13:42:20.54] /i db::setAttr geometry -of [gi::getFrames 13] -value 800x600+99+61
[13:42:21.11] /i gi::setActiveTab {tabs} -tabName {ringOscillator.LAYOUT_ERRORS} -in [gi::getWindows 13]
[13:42:22.90] /i gi::executeAction giCloseWindow -in [gi::getWindows 13]
[13:42:22.99] /i gi::setActiveWindow 11
[13:42:23.00] /i gi::setActiveWindow 11 -raise true
[13:42:26.36] /# gi::executeAction xtDRCSetup -in [gi::getWindows 11]
[13:42:26.36] /i xt::showDRCSetup -job drc -window 11
[13:42:28.32] /# gi::setActiveDialog [gi::getDialogs {xtDRCSetup} -parent [gi::getWindows 11]]
[13:42:28.92] /# db::setAttr geometry -of [gi::getDialogs {xtDRCSetup} -parent [gi::getWindows 11]] -value 445x457+542+63
[13:42:30.67] /# gi::setField {/tabGroup/mainTab/jobParametersGroup/launchDebugger} -value {false} -in [gi::getDialogs {xtDRCSetup} -parent [gi::getWindows 11]]
[13:42:31.95] /# gi::pressButton {/ok} -in [gi::getDialogs {xtDRCSetup} -parent [gi::getWindows 11]]
[13:42:31.98] /w Warning: Attribute 'foreground' is deprecated for objects of type 'giCell' and scheduled for removal in a future release. See instead 'style.foreground'. For migration assistance, see the Custom Designer Tcl Reference Manual. (TCL_OBJECT-061)
[13:42:32.54] /# xt::physicalVerification::executePve drc 11
[13:42:32.88] /e Error: Error: The specified object does not have attribute 'defaultScopeName'. (TCL_OBJECT-003) (OPAL-006)
[13:42:33.26] /r giWindowId 14
[13:42:33.27] /r giWindowGeometry 800x600
[13:42:37.16] /e Error: Error: The object is invalid. It may have been destroyed or its database may be purged.  (TCL_OBJECT-007)
[13:42:37.17] /e Error: The object is invalid. It may have been destroyed or its database may be purged.  (TCL_OBJECT-007)
[13:42:37.18] /i db::setAttr geometry -of [gi::getFrames 14] -value 698x600+582+103
[13:42:42.69] /m Information: 
              /c =============================
              /c JobID: icv_drc_1
              /c Completed with no errors.
              /c =============================
              /c 
[13:42:45.26] /i gi::setActiveTab {tabs} -tabName {adder_1bit.LAYOUT_ERRORS} -in [gi::getWindows 14]
[13:42:47.07] /i gi::executeAction giCloseWindow -in [gi::getWindows 14]
[13:42:47.12] /i gi::setActiveWindow 11
[13:42:47.13] /i gi::setActiveWindow 11 -raise true
[13:42:50.44] /# gi::executeAction xtLVSSetup -in [gi::getWindows 11]
[13:42:50.44] /i xt::showLVSSetup -job lvs -window 11
[13:42:52.09] /o oa:0x2a21b600
[13:42:52.45] /i gi::setActiveDialog [gi::getDialogs {xtLVSSetup} -parent [gi::getWindows 11]]
[13:42:52.82] /i db::setAttr geometry -of [gi::getDialogs {xtLVSSetup} -parent [gi::getWindows 11]] -value 704x485+466+63
[13:42:54.25] /i gi::setField {/tabGroup/mainTab/jobParametersGroup/launchDebugger} -value {false} -in [gi::getDialogs {xtLVSSetup} -parent [gi::getWindows 11]]
[13:42:57.44] /i gi::pressButton {/ok} -in [gi::getDialogs {xtLVSSetup} -parent [gi::getWindows 11]]
[13:42:57.99] /# xt::physicalVerification::executePve lvs 11
[13:42:58.04] /m Information: "Starting netlisting for design "mylibrary/adder_1bit/schematic"..." (NETLISTING-010)
[13:42:58.38] /o No Design Integrity rule violations found in "mylibrary/adder_1bit/schematic"
[13:42:58.70] /m Information: "Netlisting design "mylibrary/adder_1bit/schematic" finished successfully." (NETLISTING-012)
[13:42:59.13] /r giWindowId 15
[13:42:59.14] /r giWindowGeometry 800x600
[13:42:59.52] /i db::setAttr geometry -of [gi::getFrames 15] -value 800x600+99+61
[13:43:00.76] /i gi::setActiveTab {tabs} -tabName {adder_1bit.LVS_ERRORS} -in [gi::getWindows 15]
[13:43:02.65] /i gi::setActiveTab {tabs} -tabName {stdout.lvs.log} -in [gi::getWindows 15]
[13:43:16.01] /m Information: 
              /c =============================
              /c JobID: icv_lvs_2
              /c --- EXTRACT ERROR SUMMARY ---
              /c LAYOUT ERRORS RESULTS: CLEAN
              /c --- COMPARE ERROR SUMMARY ---
              /c 
              /c =============================
              /c 
[13:43:17.64] /i gi::setActiveTab {tabs} -tabName {adder_1bit.LVS_ERRORS} -in [gi::getWindows 15]
[13:43:21.13] /i gi::executeAction giCloseWindow -in [gi::getWindows 15]
[13:43:21.24] /i gi::setActiveWindow 11
[13:43:21.24] /i gi::setActiveWindow 11 -raise true
[13:43:37.21] /i gi::executeAction giCloseWindow -in [gi::getWindows 11]
[13:43:37.88] /m Information: License 'Layout Editor' checked in. (LICENSE-004)
[13:43:37.97] /i gi::setActiveWindow 1
[13:43:37.99] /i gi::setActiveWindow 1 -raise true
[13:43:39.56] /i gi::setCurrentIndex {cells} -index {adder_1bit_testbench} -in [gi::getWindows 1]
[13:43:39.81] /i gi::setItemSelection {cells} -index {adder_1bit_testbench} -in [gi::getWindows 1]
[13:43:41.52] /i gi::setCurrentIndex {views} -index {Tran_DC_SAE} -in [gi::getWindows 1]
[13:43:41.53] /i gi::setItemSelection {views} -index {Tran_DC_SAE} -in [gi::getWindows 1]
[13:43:41.70] /i gi::executeAction dmOpen -in [gi::getWindows 1]
[13:43:42.15] /r giWindowId 16
[13:43:42.15] /r giWindowGeometry 600x500
[13:43:43.60] /i db::setAttr geometry -of [gi::getFrames 16] -value 600x500+70+70
[13:43:47.02] /i gi::pressButton {plotButton} -in [gi::getWindows 16]
[13:43:47.98] /m Information: Launching Waveform Viewer "cd /home/cemaj/tarora/simulation/mylibrary/adder_1bit_testbench/schematic/HSPICE/nominal/results && wv -k -cdesigner > /home/cemaj/tarora/simulation/mylibrary/adder_1bit_testbench/schematic/HSPICE/nominal/results/viewer.log 2>&1"
[13:44:17.43] /m Information: Waveform Viewer exited normally.
[13:44:19.22] /i gi::executeAction giCloseWindow -in [gi::getWindows 16]
[13:44:19.38] /i gi::setActiveWindow 1
[13:44:19.38] /i gi::setActiveWindow 1 -raise true
[13:44:22.09] /i gi::setCurrentIndex {cells} -index {ripple_carry_adder_4bit} -in [gi::getWindows 1]
[13:44:22.13] /i gi::setItemSelection {cells} -index {ripple_carry_adder_4bit} -in [gi::getWindows 1]
[13:44:23.71] /i gi::setCurrentIndex {views} -index {layout} -in [gi::getWindows 1]
[13:44:23.72] /i gi::setItemSelection {views} -index {layout} -in [gi::getWindows 1]
[13:44:23.96] /i gi::executeAction dmOpen -in [gi::getWindows 1]
[13:44:24.02] /m Information: License 'Layout Editor' checked out. (LICENSE-003)
[13:44:24.06] /r giWindowId 17
[13:44:24.06] /r giWindowGeometry 1088x700
[13:44:24.71] /i db::setAttr dockSize -of [gi::getAssistants leObjectLayerPanel -from [gi::getWindows 17]] -value 190x550
[13:44:29.53] /# gi::executeAction xtDRCViewOutputs -in [gi::getWindows 17]
[13:44:29.53] /i xt::physicalVerification::viewJobOutputs drc 17
[13:44:29.56] /w Warning: PVE Showing files for the last 'DRC' job because a 'DRC' job was not found for the current cellview (based on searching run directory names) for any of the 'DRC' tools: {IC Validator}.
[13:44:29.56] /r giWindowId 18
[13:44:29.57] /r giWindowGeometry 800x600
[13:44:29.64] /o oa:0x29603ec0
[13:44:30.12] /i db::setAttr geometry -of [gi::getFrames 18] -value 800x600+117+79
[13:44:32.05] /i gi::setActiveTab {tabs} -tabName {adder_1bit.LAYOUT_ERRORS} -in [gi::getWindows 18]
[13:44:33.73] /i gi::executeAction giCloseWindow -in [gi::getWindows 18]
[13:44:33.81] /i gi::setActiveWindow 17
[13:44:33.81] /i gi::setActiveWindow 17 -raise true
[13:44:37.73] /# gi::executeAction xtDRCSetup -in [gi::getWindows 17]
[13:44:37.73] /i xt::showDRCSetup -job drc -window 17
[13:44:40.19] /# gi::setActiveDialog [gi::getDialogs {xtDRCSetup} -parent [gi::getWindows 17]]
[13:44:40.77] /# db::setAttr geometry -of [gi::getDialogs {xtDRCSetup} -parent [gi::getWindows 17]] -value 445x457+560+81
[13:44:42.61] /# gi::setField {/tabGroup/mainTab/jobParametersGroup/launchDebugger} -value {false} -in [gi::getDialogs {xtDRCSetup} -parent [gi::getWindows 17]]
[13:44:44.28] /o oa:0x29327ca0
[13:44:44.76] /i gi::pressButton {/ok} -in [gi::getDialogs {xtDRCSetup} -parent [gi::getWindows 17]]
[13:44:45.38] /# xt::physicalVerification::executePve drc 17
[13:44:45.67] /r giWindowId 19
[13:44:45.68] /r giWindowGeometry 800x600
[13:44:46.05] /i db::setAttr geometry -of [gi::getFrames 19] -value 800x600+117+79
[13:44:56.22] /m Information: 
              /c =============================
              /c JobID: icv_drc_3
              /c Completed with no errors.
              /c =============================
              /c 
[13:44:56.59] /i gi::setActiveTab {tabs} -tabName {ripple_carry_adder_4bit.LAYOUT_ERRORS} -in [gi::getWindows 19]
[13:45:04.61] /i gi::executeAction giCloseWindow -in [gi::getWindows 19]
[13:45:04.73] /i gi::setActiveWindow 17
[13:45:04.74] /i gi::setActiveWindow 17 -raise true
[13:45:09.36] /# gi::executeAction xtLVSSetup -in [gi::getWindows 17]
[13:45:09.36] /i xt::showLVSSetup -job lvs -window 17
[13:45:11.19] /o oa:0x28df22d0
[13:45:11.57] /i gi::setActiveDialog [gi::getDialogs {xtLVSSetup} -parent [gi::getWindows 17]]
[13:45:11.93] /i db::setAttr geometry -of [gi::getDialogs {xtLVSSetup} -parent [gi::getWindows 17]] -value 704x485+484+81
[13:45:13.35] /i gi::setField {/tabGroup/mainTab/jobParametersGroup/viewOutput} -value {true} -in [gi::getDialogs {xtLVSSetup} -parent [gi::getWindows 17]]
[13:45:14.35] /i gi::setField {/tabGroup/mainTab/jobParametersGroup/launchDebugger} -value {false} -in [gi::getDialogs {xtLVSSetup} -parent [gi::getWindows 17]]
[13:45:15.74] /i gi::pressButton {/ok} -in [gi::getDialogs {xtLVSSetup} -parent [gi::getWindows 17]]
[13:45:16.21] /# xt::physicalVerification::executePve lvs 17
[13:45:16.26] /m Information: "Starting netlisting for design "mylibrary/ripple_carry_adder_4bit/schematic"..." (NETLISTING-010)
[13:45:16.30] /o No Design Integrity rule violations found in "mylibrary/ripple_carry_adder_4bit/schematic"
[13:45:16.84] /m Information: "Netlisting design "mylibrary/ripple_carry_adder_4bit/schematic" finished successfully." (NETLISTING-012)
[13:45:17.32] /r giWindowId 20
[13:45:17.33] /r giWindowGeometry 800x600
[13:45:17.72] /i db::setAttr geometry -of [gi::getFrames 20] -value 800x600+117+79
[13:45:21.26] /i gi::setActiveTab {tabs} -tabName {ripple_carry_adder_4bit.LVS_ERRORS} -in [gi::getWindows 20]
[13:45:25.91] /i gi::setActiveTab {tabs} -tabName {stdout.lvs.log} -in [gi::getWindows 20]
[13:45:32.43] /m Information: 
              /c =============================
              /c JobID: icv_lvs_3
              /c --- EXTRACT ERROR SUMMARY ---
              /c LAYOUT ERRORS RESULTS: CLEAN
              /c --- COMPARE ERROR SUMMARY ---
              /c 
              /c =============================
              /c 
[13:45:36.28] /i gi::setActiveTab {tabs} -tabName {ripple_carry_adder_4bit.LVS_ERRORS} -in [gi::getWindows 20]
[13:45:39.01] /i gi::executeAction giCloseWindow -in [gi::getWindows 20]
[13:45:39.12] /i gi::setActiveWindow 17
[13:45:39.13] /i gi::setActiveWindow 17 -raise true
[13:45:46.32] /i gi::executeAction giCloseWindow -in [gi::getWindows 17]
[13:45:47.06] /m Information: License 'Layout Editor' checked in. (LICENSE-004)
[13:45:47.15] /i gi::setActiveWindow 1
[13:45:47.15] /i gi::setActiveWindow 1 -raise true
[13:45:48.65] /i gi::setCurrentIndex {cells} -index {ripple_carry_adder_4bit_testbench} -in [gi::getWindows 1]
[13:45:48.69] /i gi::setItemSelection {cells} -index {ripple_carry_adder_4bit_testbench} -in [gi::getWindows 1]
[13:45:52.40] /i gi::setCurrentIndex {views} -index {ripple_carry_adder_SAE} -in [gi::getWindows 1]
[13:45:52.41] /i gi::setItemSelection {views} -index {ripple_carry_adder_SAE} -in [gi::getWindows 1]
[13:45:59.07] /i db::setAttr iconified -of [gi::getFrames 0] -value false
[13:45:59.08] /i gi::setActiveWindow 0
[13:45:59.08] /i gi::setActiveWindow 0 -raise true
[13:46:02.60] /i gi::setActiveWindow 1
[13:46:02.61] /i gi::setActiveWindow 1 -raise true
[13:46:04.60] /i gi::setCurrentIndex {views} -index {config} -in [gi::getWindows 1]
[13:46:04.61] /i gi::setItemSelection {views} -index {config} -in [gi::getWindows 1]
[13:46:04.77] /i gi::executeAction dmOpen -in [gi::getWindows 1]
[13:46:05.00] /m Information: License 'Schematic Editor' checked out. (LICENSE-003)
[13:46:05.04] /r giWindowId 21
[13:46:05.04] /r giWindowGeometry 1088x700
[13:46:05.52] /r giWindowId 22
[13:46:05.53] /r giWindowGeometry 750x750
[13:46:05.81] /i gi::setActiveWindow 21
[13:46:05.82] /i gi::setActiveWindow 21 -raise true
[13:46:05.90] /i gi::setActiveWindow 22
[13:46:05.90] /i gi::setActiveWindow 22 -raise true
[13:46:06.16] /i db::setAttr geometry -of [gi::getFrames 22] -value 750x735+135+43
[13:46:09.10] /i gi::setField {heViewSearchList} -value {schematic\ hspice\ symbol} -in [gi::getWindows 22]
[13:46:09.11] /i gi::executeAction giCloseWindow -in [gi::getWindows 22]
[13:46:09.23] /i gi::setActiveWindow 21
[13:46:09.23] /i gi::setActiveWindow 21 -raise true
[13:46:11.33] /i gi::setActiveWindow 1
[13:46:11.33] /i gi::setActiveWindow 1 -raise true
[13:46:11.36] /i db::setAttr iconified -of [gi::getFrames 21] -value true
[13:46:13.23] /i gi::setCurrentIndex {views} -index {ripple_carry_adder_SAE} -in [gi::getWindows 1]
[13:46:13.23] /i gi::setItemSelection {views} -index {ripple_carry_adder_SAE} -in [gi::getWindows 1]
[13:46:13.76] /i gi::executeAction dmOpen -in [gi::getWindows 1]
[13:46:13.85] /r giWindowId 23
[13:46:13.85] /r giWindowGeometry 600x500
[13:46:14.55] /i db::setAttr geometry -of [gi::getFrames 23] -value 600x500+70+70
[13:46:16.77] /i gi::pressButton {plotButton} -in [gi::getWindows 23]
[13:46:16.78] /e Error: Plotting failed: Error: System exception while executing sa::createResultsMap: The directory '/home/cemaj/tarora/simulation/HSPICE/nominal/results' does not exists. (COMMAND-001) (SAE-002)
[13:46:19.18] /i gi::setActiveWindow 0
[13:46:19.19] /i gi::setActiveWindow 0 -raise true
[13:46:34.86] /i gi::executeAction giCloseWindow -in [gi::getWindows 0]
[13:46:35.05] /r giDialog gi::setActiveDialog [gi::getDialogs {deExitDialog}]
[13:46:35.36] /r giDialog db::setAttr geometry -of [gi::getDialogs {deExitDialog}] -value 371x218+20+417
[13:46:37.31] /r giDialog gi::pressButton {cancel} -in [gi::getDialogs {deExitDialog}]
[13:46:39.50] /i gi::setActiveWindow 23
[13:46:39.51] /i gi::setActiveWindow 23 -raise true
[13:46:41.31] /i gi::executeAction giCloseWindow -in [gi::getWindows 23]
[13:46:41.42] /i gi::setActiveWindow 0
[13:46:41.43] /i gi::setActiveWindow 0 -raise true
[13:46:42.82] /i gi::executeAction giCloseWindow -in [gi::getWindows 1]
[13:46:46.80] /i gi::executeAction giCloseWindow -in [gi::getWindows 0]
[13:46:46.89] /r giDialog gi::setActiveDialog [gi::getDialogs {deExitDialog}]
[13:46:47.32] /r giDialog db::setAttr geometry -of [gi::getDialogs {deExitDialog}] -value 371x218+20+417
[13:46:51.01] /r giDialog gi::pressButton {ok} -in [gi::getDialogs {deExitDialog}]
[13:46:51.52] /m Information: License 'Schematic Editor' checked in. (LICENSE-004)
[13:46:51.69] /o Shutdown time: Wed Mar 13 13:46:51 2019
[13:46:51.69] /o Elapsed session real time: 16.18 minutes
[13:46:51.69] /o Session terminated. Log is at /home/cemaj/tarora/eecs168/cdesigner.tarora.13_3_13_3_1.log
