[12:25:14.10] /o Custom Designer (TM) Version J-2014.12-SP2-2
              /c Build  (OPT) Config 2901729 compiled on Sun Jul 26 20:41:43 2015 for RHEL64 5.7
              /c Invocation: /usr/local/synopsys/customdesigner/J-2014.12-SP2-2/amd64/platform/bin/cdesigner
              /c Execution time: Wed Mar 13 12:25:11 2019
              /c Host: bender.engr.ucr.edu
              /c 
              /c Copyright © 2004-2015 Synopsys, Inc. All rights reserved.
              /c Your use of this program is subject to the terms and conditions of the written license agreement between you, or your company, and Synopsys.
              /c 
[12:25:15.55] /m Information: ::xt::physicalVerification::_private::processValidationProc: Invalid process 'SAED 90nm'.
[12:25:15.55] /m Information: ::xt::physicalVerification::_private::variantValidationProc: Invalid process ''.
[12:25:23.65] /# gi::executeAction dmShowLibraryManager -in [gi::getWindows 0]
[12:25:23.65] /i dm::showLibraryManager
[12:25:23.65] /r giWindowId 1
[12:25:23.65] /r giWindowGeometry 660x600+50+50
[12:25:23.74] /o oa:0x234969f0
[12:25:25.13] /i gi::setCurrentIndex {libs} -index {mylibrary} -in [gi::getWindows 1]
[12:25:25.14] /i gi::setItemSelection {libs} -index {mylibrary} -in [gi::getWindows 1]
[12:30:31.37] /i gi::setActiveWindow 0
[12:30:31.38] /i gi::setActiveWindow 0 -raise true
[12:30:35.24] /# gi::executeAction dmShowLibraryManager -in [gi::getWindows 0]
[12:30:35.24] /i dm::showLibraryManager
[12:30:35.25] /# gi::setActiveWindow 1 -raise true
[12:30:35.25] /# gi::setActiveWindow 1 -raise true
[12:30:35.26] /o oa:0x23585750
[12:30:38.72] /i gi::executeAction giCloseWindow -in [gi::getWindows 1]
[12:30:38.78] /i gi::setActiveWindow 0
[12:30:38.78] /i gi::setActiveWindow 0 -raise true
[12:30:39.91] /i gi::executeAction giCloseWindow -in [gi::getWindows 0]
[12:30:40.03] /r giDialog gi::setActiveDialog [gi::getDialogs {deExitDialog}]
[12:30:40.34] /r giDialog db::setAttr geometry -of [gi::getDialogs {deExitDialog}] -value 371x218+20+417
[12:30:41.86] /r giDialog gi::pressButton {ok} -in [gi::getDialogs {deExitDialog}]
[12:30:42.40] /o Shutdown time: Wed Mar 13 12:30:42 2019
[12:30:42.40] /o Elapsed session real time: 5.46 minutes
[12:30:42.40] /o Session terminated. Log is at /home/cemaj/tarora/eecs168/cdesigner.log
