[16:00:33.65] /o Custom Designer (TM) Version J-2014.12-SP2-2
              /c Build  (OPT) Config 2901729 compiled on Sun Jul 26 20:41:43 2015 for RHEL64 5.7
              /c Invocation: /usr/local/synopsys/customdesigner/J-2014.12-SP2-2/amd64/platform/bin/cdesigner
              /c Execution time: Fri Feb  1 16:00:31 2019
              /c Host: bender.engr.ucr.edu
              /c 
              /c Copyright © 2004-2015 Synopsys, Inc. All rights reserved.
              /c Your use of this program is subject to the terms and conditions of the written license agreement between you, or your company, and Synopsys.
              /c 
[16:00:35.12] /m Information: ::xt::physicalVerification::_private::processValidationProc: Invalid process 'SAED 90nm'.
[16:00:35.13] /m Information: ::xt::physicalVerification::_private::variantValidationProc: Invalid process ''.
[16:00:39.47] /# gi::executeAction deOpenDesign -in [gi::getWindows 0]
[16:00:39.47] /i de::showOpenDesign
[16:00:39.51] /o oa:0x240d3420
[16:00:39.59] /i gi::setActiveDialog [gi::getDialogs {deOpenDesign}]
[16:00:39.87] /i db::setAttr geometry -of [gi::getDialogs {deOpenDesign}] -value 645x361+20+417
[16:00:41.57] /i gi::setCurrentIndex {designLibs} -index {mylibrary} -in [gi::getDialogs {deOpenDesign}]
[16:00:41.58] /i gi::setItemSelection {designLibs} -index {mylibrary} -in [gi::getDialogs {deOpenDesign}]
[16:00:43.09] /i gi::setCurrentIndex {designCells} -index {nand} -in [gi::getDialogs {deOpenDesign}]
[16:00:43.11] /i gi::setItemSelection {designCells} -index {nand} -in [gi::getDialogs {deOpenDesign}]
[16:00:44.12] /i gi::setCurrentIndex {designViews} -index {layout} -in [gi::getDialogs {deOpenDesign}]
[16:00:44.13] /i gi::setItemSelection {designViews} -index {layout} -in [gi::getDialogs {deOpenDesign}]
[16:00:52.66] /i gi::setCurrentIndex {designCells} -index {inverter_testbench} -in [gi::getDialogs {deOpenDesign}]
[16:00:52.67] /i gi::setItemSelection {designCells} -index {inverter_testbench} -in [gi::getDialogs {deOpenDesign}]
[16:00:53.87] /i gi::setCurrentIndex {designCells} -index {nand} -in [gi::getDialogs {deOpenDesign}]
[16:00:53.88] /i gi::setItemSelection {designCells} -index {nand} -in [gi::getDialogs {deOpenDesign}]
[16:00:55.02] /i gi::setCurrentIndex {designViews} -index {layout} -in [gi::getDialogs {deOpenDesign}]
[16:00:55.03] /i gi::setItemSelection {designViews} -index {layout} -in [gi::getDialogs {deOpenDesign}]
[16:00:55.68] /i gi::pressButton {ok} -in [gi::getDialogs {deOpenDesign}]
[16:00:55.69] /# de::open [dm::findCellView {layout} -cellName {nand} -libName {mylibrary}] -readOnly 0
[16:00:55.74] /m Information: License 'Layout Editor' checked out. (LICENSE-003)
[16:00:55.76] /o 	############################################
[16:00:55.76] /o 	--------------------------------------------
[16:00:55.76] /o 	PDK Name................... : SAED_PDK_90
[16:00:55.76] /o 	PDK Release Date........... : 29-Sep-2015
[16:00:55.76] /o 	PDK Custom Designer Version : J-2014.12-2
[16:00:55.76] /o 	--------------------------------------------
[16:00:55.76] /o 	############################################
[16:00:55.76] /o 
[16:00:55.76] /w Warning: Preference 'leActiveLPP' is deprecated and scheduled for removal in a future release with no replacement. For migration assistance, see the Custom Designer Tcl Reference Manual. (PREFERENCE-058)
[16:00:55.76] /o SAED PDK 90: Loaded callbacks
[16:00:55.77] /o SAED PDK 90: Loaded display resources
[16:00:55.82] /r giWindowId 1
[16:00:55.82] /r giWindowGeometry 1088x700
[16:00:56.83] /o 0.1
[16:00:56.85] /i db::setAttr dockSize -of [gi::getAssistants leObjectLayerPanel -from [gi::getWindows 1]] -value 190x550
[16:01:04.67] /# gi::executeAction xtDRCSetup -in [gi::getWindows 1]
[16:01:04.67] /i xt::showDRCSetup -job drc -window 1
[16:01:06.06] /# gi::setActiveDialog [gi::getDialogs {xtDRCSetup} -parent [gi::getWindows 1]]
[16:01:06.66] /# db::setAttr geometry -of [gi::getDialogs {xtDRCSetup} -parent [gi::getWindows 1]] -value 445x457+470+45
[16:01:07.21] /# gi::pressButton {/ok} -in [gi::getDialogs {xtDRCSetup} -parent [gi::getWindows 1]]
[16:01:07.24] /w Warning: Attribute 'foreground' is deprecated for objects of type 'giCell' and scheduled for removal in a future release. See instead 'style.foreground'. For migration assistance, see the Custom Designer Tcl Reference Manual. (TCL_OBJECT-061)
[16:01:07.70] /# xt::physicalVerification::executePve drc 1
[16:01:07.78] /e Error: Error: The specified object does not have attribute 'defaultScopeName'. (TCL_OBJECT-003) (OPAL-006)
[16:01:14.48] /e Error: Error: The object is invalid. It may have been destroyed or its database may be purged.  (TCL_OBJECT-007)
[16:01:14.48] /e Error: The object is invalid. It may have been destroyed or its database may be purged.  (TCL_OBJECT-007)
[16:01:15.40] /m Information: 
              /c =============================
              /c JobID: icv_drc_2
              /c --- ERROR SUMMARY -----------
              /c  R.M1.S.1: Minimum spacing=0.14um
              /c    external1 .......................................... 3 violations found.
              /c  R.PO.EX.1: Minimum gate extension of active (endcap) 
              /c  0.18um
              /c    enclose ............................................ 4 violations found.
              /c  R.PO.W.1: Minimum width=0.1um
              /c    internal1 .......................................... 1 violation found.
              /c =============================
              /c 
[16:01:16.97] /m Information: Connection established with 'IC Validator VUE' running on 'bender.engr.ucr.edu'.
[16:01:17.83] /i db::setAttr geometry -of [gi::getFrames 1] -value 1088x700+413+42
[16:01:18.19] /i db::setAttr geometry -of [gi::getFrames 1] -value 1088x700+413+42
[16:01:22.08] /i gi::setActiveWindow 0
[16:01:22.09] /i gi::setActiveWindow 0 -raise true
[16:01:22.93] /i db::setAttr geometry -of [gi::getFrames 0] -value 600x300+-229+348
[16:01:34.26] /i db::setAttr geometry -of [gi::getFrames 1] -value 1088x700+330+22
[16:01:34.94] /i db::setAttr geometry -of [gi::getFrames 1] -value 1088x700+361+22
[16:01:36.40] /i db::setAttr geometry -of [gi::getFrames 1] -value 1088x700+466+36
[16:01:38.28] /i db::setAttr geometry -of [gi::getFrames 1] -value 1088x700+576+22
[16:01:39.12] /i db::setAttr geometry -of [gi::getFrames 1] -value 1088x700+618+25
[16:01:47.24] /i db::setAttr geometry -of [gi::getFrames 1] -value 1088x700+300+22
[16:01:48.71] /i db::setAttr geometry -of [gi::getFrames 1] -value 1088x700+591+22
[16:01:56.63] /i db::setAttr geometry -of [gi::getFrames 1] -value 1088x700+473+28
[16:01:57.34] /i db::setAttr geometry -of [gi::getFrames 1] -value 1088x700+476+28
[16:01:58.20] /i db::setAttr geometry -of [gi::getFrames 1] -value 1088x700+715+45
[16:02:02.20] /i db::setAttr geometry -of [gi::getFrames 1] -value 1088x700+266+22
[16:02:03.22] /# gi::executeAction deZoomOutAtPoint -in [gi::getWindows 1]
[16:02:03.22] /i de::zoom -window 1 -factor 0.5 -center {3.903 -0.636}
[16:02:03.24] /o {3.755 -0.798} {4.125 -0.56}
[16:02:03.29] /# gi::executeAction deZoomOutAtPoint -in [gi::getWindows 1]
[16:02:03.29] /i de::zoom -window 1 -factor 0.5 -center {3.903 -0.637}
[16:02:03.30] /o {3.607 -0.959} {4.347 -0.483}
[16:02:03.80] /# gi::executeAction deZoomOutAtPoint -in [gi::getWindows 1]
[16:02:03.80] /i de::zoom -window 1 -factor 0.5 -center {3.903 -0.636}
[16:02:03.81] /o {3.311 -1.282} {4.791 -0.33}
[16:02:03.84] /# gi::executeAction deZoomOutAtPoint -in [gi::getWindows 1]
[16:02:03.84] /i de::zoom -window 1 -factor 0.5 -center {3.904 -0.637}
[16:02:03.85] /o {2.718 -1.927} {5.678 -0.023}
[16:02:03.85] /# gi::executeAction deZoomOutAtPoint -in [gi::getWindows 1]
[16:02:03.85] /i de::zoom -window 1 -factor 0.5 -center {3.903 -0.637}
[16:02:03.86] /o {1.532 -3.217} {7.454 0.591}
[16:02:04.97] /# gi::executeAction deZoomInAtPoint -in [gi::getWindows 1]
[16:02:04.97] /i de::zoom -window 1 -factor 2.0 -center {3.904 -0.636}
[16:02:04.98] /o {2.718 -1.926} {5.679 -0.022}
[16:02:04.98] /# gi::executeAction deZoomInAtPoint -in [gi::getWindows 1]
[16:02:04.98] /i de::zoom -window 1 -factor 2.0 -center {3.904 -0.636}
[16:02:04.99] /o {3.311 -1.281} {4.791 -0.329}
[16:02:05.85] /# gi::executeAction deZoomInAtPoint -in [gi::getWindows 1]
[16:02:05.85] /i de::zoom -window 1 -factor 2.0 -center {3.904 -0.636}
[16:02:05.86] /o {3.608 -0.959} {4.348 -0.483}
[16:02:05.89] /# gi::executeAction deZoomInAtPoint -in [gi::getWindows 1]
[16:02:05.89] /i de::zoom -window 1 -factor 2.0 -center {3.904 -0.636}
[16:02:05.90] /o {3.756 -0.797} {4.126 -0.559}
[16:02:06.31] /# gi::executeAction deZoomOutAtPoint -in [gi::getWindows 1]
[16:02:06.31] /i de::zoom -window 1 -factor 0.5 -center {3.904 -0.636}
[16:02:06.32] /o {3.608 -0.959} {4.348 -0.483}
[16:02:06.52] /# gi::executeAction deZoomOutAtPoint -in [gi::getWindows 1]
[16:02:06.52] /i de::zoom -window 1 -factor 0.5 -center {3.904 -0.636}
[16:02:06.53] /o {3.311 -1.281} {4.791 -0.329}
[16:02:06.56] /# gi::executeAction deZoomOutAtPoint -in [gi::getWindows 1]
[16:02:06.56] /i de::zoom -window 1 -factor 0.5 -center {3.904 -0.636}
[16:02:06.56] /o {2.718 -1.926} {5.679 -0.022}
[16:02:06.56] /# gi::executeAction deZoomOutAtPoint -in [gi::getWindows 1]
[16:02:06.56] /i de::zoom -window 1 -factor 0.5 -center {3.904 -0.636}
[16:02:06.57] /o {1.532 -3.217} {7.454 0.591}
[16:02:08.12] /# gi::executeAction deZoomInAtPoint -in [gi::getWindows 1]
[16:02:08.12] /i de::zoom -window 1 -factor 2.0 -center {3.904 -0.636}
[16:02:08.20] /o {2.718 -1.926} {5.679 -0.022}
[16:02:08.23] /# gi::executeAction deZoomInAtPoint -in [gi::getWindows 1]
[16:02:08.23] /i de::zoom -window 1 -factor 2.0 -center {3.904 -0.636}
[16:02:08.24] /o {3.311 -1.281} {4.791 -0.329}
[16:02:10.99] /# gi::executeAction deSelectActive -in [gi::getWindows 1]
[16:02:12.30] /# gi::executeAction dePanWest -in [gi::getWindows 1]
[16:02:12.30] /i de::pan -direction W -multiplier 0.5
[16:02:12.31] /o {2.572 -1.281} {4.052 -0.329}
[16:02:14.94] /# gi::executeAction deSelectByWindow -in [gi::getWindows 1]
[16:02:14.94] /i de::deselectAll [db::getNext [de::getContexts -window 1]]; ide::selectByRegion -region rectangle -select true -point {3.24 -0.34} 
[16:02:16.73] /# gi::executeAction deEndDrag -in [gi::getWindows 1]
[16:02:16.73] /i de::endDrag {3.948 -0.681} -window 1
[16:02:20.18] /# gi::executeAction leMove -in [gi::getWindows 1]
[16:02:20.18] /i ile::move
[16:02:22.00] /# gi::executeAction deAddPoint -in [gi::getWindows 1]
[16:02:22.00] /i de::addPoint {3.695 -0.512} -window 1
[16:02:27.06] /# gi::executeAction deAddPoint -in [gi::getWindows 1]
[16:02:27.06] /i de::addPoint {3.707 -0.411} -window 1
[16:02:36.74] /m Information: Connection closed with 'IC Validator VUE' running on 'bender.engr.ucr.edu'.
[16:02:39.67] /i gi::executeAction deSaveDesign -in [gi::getWindows 1]
[16:02:39.70] /m Information: Saving design 'mylibrary nand layout'. (DESIGN_WINDOW-004)
[16:02:44.66] /# gi::executeAction xtDRCSetup -in [gi::getWindows 1]
[16:02:44.66] /i xt::showDRCSetup -job drc -window 1
[16:02:45.66] /# gi::setActiveDialog [gi::getDialogs {xtDRCSetup} -parent [gi::getWindows 1]]
[16:02:46.00] /# db::setAttr geometry -of [gi::getDialogs {xtDRCSetup} -parent [gi::getWindows 1]] -value 445x457+470+45
[16:02:48.81] /# gi::pressButton {/ok} -in [gi::getDialogs {xtDRCSetup} -parent [gi::getWindows 1]]
[16:02:49.27] /# xt::physicalVerification::executePve drc 1
[16:02:49.33] /e Error: Error: The specified object does not have attribute 'defaultScopeName'. (TCL_OBJECT-003) (OPAL-006)
[16:02:49.73] /e Error: Error: The object is invalid. It may have been destroyed or its database may be purged.  (TCL_OBJECT-007)
[16:02:49.73] /e Error: The object is invalid. It may have been destroyed or its database may be purged.  (TCL_OBJECT-007)
[16:02:53.07] /i gi::setActiveWindow 0
[16:02:53.08] /i gi::setActiveWindow 0 -raise true
[16:02:54.57] /i db::setAttr geometry -of [gi::getFrames 0] -value 600x300+233+228
[16:02:57.16] /m Information: 
              /c =============================
              /c JobID: icv_drc_3
              /c --- ERROR SUMMARY -----------
              /c  R.PO.EX.1: Minimum gate extension of active (endcap) 
              /c  0.18um
              /c    enclose ............................................ 4 violations found.
              /c  R.PO.W.1: Minimum width=0.1um
              /c    internal1 .......................................... 1 violation found.
              /c =============================
              /c 
[16:02:58.74] /m Information: Connection established with 'IC Validator VUE' running on 'bender.engr.ucr.edu'.
[16:03:10.74] /i gi::setActiveWindow 0
[16:03:10.75] /i gi::setActiveWindow 0 -raise true
[16:03:11.75] /i db::setAttr geometry -of [gi::getFrames 0] -value 600x300+-205+590
[16:03:12.36] /i gi::setActiveWindow 1
[16:03:12.37] /i gi::setActiveWindow 1 -raise true
[16:03:31.95] /# gi::executeAction leRuler -in [gi::getWindows 1]
[16:03:31.95] /i ile::createRuler
[16:03:33.47] /# gi::executeAction deAddPoint -in [gi::getWindows 1]
[16:03:33.47] /i de::addPoint {3.78 -4.665} -window 1
[16:03:35.66] /# gi::executeAction deAddPoint -in [gi::getWindows 1]
[16:03:35.66] /i de::addPoint {3.782 -4.83} -window 1
[16:03:43.95] /# gi::executeAction leStretch -in [gi::getWindows 1]
[16:03:43.95] /i ile::stretch
[16:03:45.63] /# gi::executeAction deAddPoint -in [gi::getWindows 1]
[16:03:45.63] /i de::addPoint {3.861 -4.831} -window 1
[16:03:48.33] /# gi::executeAction deAddPoint -in [gi::getWindows 1]
[16:03:48.33] /i de::addPoint {3.848 -4.829} -window 1
[16:03:50.54] /# gi::executeAction deSelectActive -in [gi::getWindows 1]
[16:03:50.54] /i de::select [de::getActiveFigure [gi::getWindows 1] -point {3.853 -4.812} -index 0 -intent none] -replace true
[16:03:50.55] /o oa:0x2599f340
[16:03:53.02] /# gi::executeAction leStretch -in [gi::getWindows 1]
[16:03:53.02] /i ile::stretch
[16:03:54.71] /# gi::executeAction deAddPoint -in [gi::getWindows 1]
[16:03:54.71] /i de::addPoint {3.822 -4.831} -window 1
[16:03:57.67] /# gi::executeAction dePanSouth -in [gi::getWindows 1]
[16:03:57.67] /i de::pan -direction S -multiplier 0.5
[16:03:57.68] /o {3.67 -4.954} {3.991 -4.747}
[16:04:03.74] /# gi::executeAction deAddPoint -in [gi::getWindows 1]
[16:04:03.74] /i de::addPoint {3.82 -4.855} -window 1
[16:04:07.28] /# gi::executeAction dePanNorth -in [gi::getWindows 1]
[16:04:07.28] /i de::pan -direction N -multiplier 0.5
[16:04:07.29] /o {3.67 -4.851} {3.991 -4.644}
[16:04:09.37] /# gi::executeAction leRuler -in [gi::getWindows 1]
[16:04:09.37] /i ile::createRuler
[16:04:11.29] /# gi::executeAction deAddPoint -in [gi::getWindows 1]
[16:04:11.29] /i de::addPoint {3.881 -4.666} -window 1
[16:04:13.29] /# gi::executeAction dePanSouth -in [gi::getWindows 1]
[16:04:13.29] /i de::pan -direction S -multiplier 0.5
[16:04:13.30] /o {3.67 -4.954} {3.991 -4.747}
[16:04:15.56] /# gi::executeAction deAddPoint -in [gi::getWindows 1]
[16:04:15.57] /i de::addPoint {3.88 -4.854} -window 1
[16:04:20.18] /i gi::executeAction deSaveDesign -in [gi::getWindows 1]
[16:04:20.22] /m Information: Saving design 'mylibrary nand layout'. (DESIGN_WINDOW-004)
[16:04:32.77] /# gi::executeAction deAddPoint -in [gi::getWindows 1]
[16:04:32.77] /i de::addPoint {1.004 0.998} -window 1
[16:04:35.31] /# gi::executeAction deAbortCommand -in [gi::getWindows 1]
[16:04:35.31] /i de::abortCommand -window 1
[16:04:36.81] /# gi::executeAction deSelectActive -in [gi::getWindows 1]
[16:04:36.81] /i de::select [de::getActiveFigure [gi::getWindows 1] -point {1.004 0.996} -index 0 -intent none] -replace true
[16:04:36.82] /o oa:0x2613f860
[16:04:38.21] /# gi::executeAction deSelectActive -in [gi::getWindows 1]
[16:04:38.21] /i de::cycleActiveFigure [gi::getWindows 1] -direction next
[16:04:38.21] /o oa:0x259e8100
[16:04:38.21] /i de::select [de::getActiveFigure [gi::getWindows 1] -point {1.006 0.994} -index 1 -intent none] -replace true
[16:04:38.22] /o oa:0x25c1e780
[16:04:41.67] /# gi::executeAction leStretch -in [gi::getWindows 1]
[16:04:41.67] /i ile::stretch
[16:04:43.77] /# gi::executeAction deAddPoint -in [gi::getWindows 1]
[16:04:43.77] /i de::addPoint {1.03 0.826} -window 1
[16:04:45.37] /# gi::executeAction dePanSouth -in [gi::getWindows 1]
[16:04:45.37] /i de::pan -direction S -multiplier 0.5
[16:04:45.38] /o {0.86 0.701} {1.181 0.908}
[16:04:45.86] /# gi::executeAction deAddPoint -in [gi::getWindows 1]
[16:04:45.86] /i de::addPoint {1.032 0.703} -window 1
[16:04:48.48] /# gi::executeAction deZoomOutAtPoint -in [gi::getWindows 1]
[16:04:48.48] /i de::zoom -window 1 -factor 0.5 -center {1.081 0.809}
[16:04:48.49] /o {0.638 0.593} {1.282 1.007}
[16:04:48.49] /# gi::executeAction deZoomOutAtPoint -in [gi::getWindows 1]
[16:04:48.49] /i de::zoom -window 1 -factor 0.5 -center {1.081 0.808}
[16:04:48.50] /o {0.195 0.378} {1.483 1.206}
[16:04:48.53] /# gi::executeAction deZoomOutAtPoint -in [gi::getWindows 1]
[16:04:48.53] /i de::zoom -window 1 -factor 0.5 -center {1.081 0.808}
[16:04:48.54] /o {-0.69 -0.053} {1.884 1.603}
[16:04:48.54] /# gi::executeAction deZoomOutAtPoint -in [gi::getWindows 1]
[16:04:48.54] /i de::zoom -window 1 -factor 0.5 -center {1.081 0.808}
[16:04:48.57] /o {-2.462 -0.914} {2.688 2.398}
[16:04:50.46] /# gi::executeAction deZoomInAtPoint -in [gi::getWindows 1]
[16:04:50.46] /i de::zoom -window 1 -factor 2.0 -center {1.081 0.809}
[16:04:50.47] /o {-0.69 -0.052} {1.884 1.604}
[16:04:50.47] /# gi::executeAction deZoomInAtPoint -in [gi::getWindows 1]
[16:04:50.47] /i de::zoom -window 1 -factor 2.0 -center {1.081 0.809}
[16:04:50.48] /o {0.195 0.378} {1.483 1.206}
[16:04:50.50] /# gi::executeAction deZoomInAtPoint -in [gi::getWindows 1]
[16:04:50.50] /i de::zoom -window 1 -factor 2.0 -center {1.081 0.809}
[16:04:50.50] /o {0.638 0.594} {1.282 1.008}
[16:04:52.80] /# gi::executeAction deUndo -in [gi::getWindows 1]
[16:04:52.80] /i de::undoTransaction -design [db::getAttr editDesign -of [db::getNext [de::getContexts -window 1]]]
[16:04:58.33] /# gi::executeAction leStretch -in [gi::getWindows 1]
[16:04:58.33] /i ile::stretch
[16:05:00.21] /# gi::executeAction deAddPoint -in [gi::getWindows 1]
[16:05:00.21] /i de::addPoint {0.981 0.825} -window 1
[16:05:04.92] /# gi::executeAction deAddPoint -in [gi::getWindows 1]
[16:05:04.92] /i de::addPoint {0.983 0.8} -window 1
[16:05:06.75] /i gi::executeAction deCanvasDragCancel -in [gi::getWindows 1]
[16:05:13.27] /i gi::executeAction deSaveDesign -in [gi::getWindows 1]
[16:05:13.30] /m Information: Saving design 'mylibrary nand layout'. (DESIGN_WINDOW-004)
[16:05:27.47] /# gi::executeAction deSelectActive -in [gi::getWindows 1]
[16:05:27.47] /i de::select [de::getActiveFigure [gi::getWindows 1] -point {3.785 -2.821} -index 0 -intent none] -replace true
[16:05:27.47] /o oa:0x25948920
[16:05:29.53] /# gi::executeAction leStretch -in [gi::getWindows 1]
[16:05:29.53] /i ile::stretch
[16:05:31.02] /# gi::executeAction deAddPoint -in [gi::getWindows 1]
[16:05:31.02] /i de::addPoint {3.79 -2.975} -window 1
[16:05:33.06] /# gi::executeAction dePanSouth -in [gi::getWindows 1]
[16:05:33.06] /i de::pan -direction S -multiplier 0.5
[16:05:33.07] /o {3.655 -3.106} {3.996 -2.887}
[16:05:37.63] /# gi::executeAction deAddPoint -in [gi::getWindows 1]
[16:05:37.63] /i de::addPoint {3.794 -2.991} -window 1
[16:05:57.63] /# gi::executeAction deSelectActive -in [gi::getWindows 1]
[16:05:57.63] /i de::select [de::getActiveFigure [gi::getWindows 1] -point {6.8 0.922} -index 0 -intent none] -replace true
[16:05:57.64] /o oa:0x25611ef0
[16:06:00.22] /# gi::executeAction leStretch -in [gi::getWindows 1]
[16:06:00.22] /i ile::stretch
[16:06:02.04] /# gi::executeAction deAddPoint -in [gi::getWindows 1]
[16:06:02.04] /i de::addPoint {6.799 0.83} -window 1
[16:06:03.93] /# gi::executeAction dePanSouth -in [gi::getWindows 1]
[16:06:03.93] /i de::pan -direction S -multiplier 0.5
[16:06:03.95] /o {6.67 0.71} {6.981 0.91}
[16:06:06.12] /# gi::executeAction deAddPoint -in [gi::getWindows 1]
[16:06:06.12] /i de::addPoint {6.812 0.798} -window 1
[16:06:09.35] /i gi::executeAction deSaveDesign -in [gi::getWindows 1]
[16:06:09.39] /m Information: Saving design 'mylibrary nand layout'. (DESIGN_WINDOW-004)
[16:06:21.20] /# gi::executeAction deZoomOutAtPoint -in [gi::getWindows 1]
[16:06:21.20] /i de::zoom -window 1 -factor 0.5 -center {3.814 3.32}
[16:06:21.22] /o {3.722 3.277} {3.86 3.365}
[16:06:21.23] /# gi::executeAction deZoomOutAtPoint -in [gi::getWindows 1]
[16:06:21.23] /i de::zoom -window 1 -factor 0.5 -center {3.814 3.32}
[16:06:21.24] /o {3.63 3.233} {3.906 3.411}
[16:06:21.24] /# gi::executeAction deZoomOutAtPoint -in [gi::getWindows 1]
[16:06:21.24] /i de::zoom -window 1 -factor 0.5 -center {3.813 3.321}
[16:06:21.25] /o {3.447 3.146} {3.999 3.5}
[16:06:21.26] /# gi::executeAction deZoomOutAtPoint -in [gi::getWindows 1]
[16:06:21.26] /i de::zoom -window 1 -factor 0.5 -center {3.813 3.32}
[16:06:21.27] /o {3.081 2.971} {4.185 3.681}
[16:06:22.24] /# gi::executeAction deZoomInAtPoint -in [gi::getWindows 1]
[16:06:22.24] /i de::zoom -window 1 -factor 2.0 -center {3.813 3.321}
[16:06:22.25] /o {3.447 3.146} {3.999 3.501}
[16:06:22.33] /# gi::executeAction deZoomInAtPoint -in [gi::getWindows 1]
[16:06:22.33] /i de::zoom -window 1 -factor 2.0 -center {3.813 3.321}
[16:06:22.34] /o {3.63 3.234} {3.906 3.411}
[16:06:24.63] /# gi::executeAction deZoomOutAtPoint -in [gi::getWindows 1]
[16:06:24.63] /i de::zoom -window 1 -factor 0.5 -center {3.813 3.321}
[16:06:24.64] /o {3.447 3.146} {3.999 3.501}
[16:06:24.77] /# gi::executeAction deZoomOutAtPoint -in [gi::getWindows 1]
[16:06:24.77] /i de::zoom -window 1 -factor 0.5 -center {3.813 3.321}
[16:06:24.78] /o {3.081 2.971} {4.185 3.681}
[16:06:28.57] /i gi::setCurrentIndex {lpps} -index {9,0} -in [gi::getAssistants leObjectLayerPanel -from [gi::getWindows 1]]
[16:06:28.58] /i gi::setItemSelection {lpps} -index {9,0} -in [gi::getAssistants leObjectLayerPanel -from [gi::getWindows 1]]
[16:06:28.58] /i gi::executeAction leOLPSelect -in [gi::getAssistants leObjectLayerPanel -from [gi::getWindows 1]]
[16:06:28.59] /# gi::setItemSelection {lpps} -index {} -in [gi::getAssistants leObjectLayerPanel -from [gi::getWindows 1]]
[16:06:28.59] /# gi::setItemSelection {lpps} -index {9,0} -in [gi::getAssistants leObjectLayerPanel -from [gi::getWindows 1]]
[16:06:28.59] /i gi::executeAction leOLPSetActiveLPP -in [gi::getAssistants leObjectLayerPanel -from [gi::getWindows 1]]
[16:06:30.83] /# gi::executeAction leRectangle -in [gi::getWindows 1]
[16:06:30.84] /i ile::createRectangle
[16:06:35.62] /# gi::executeAction deStartDrag -in [gi::getWindows 1]
[16:06:35.62] /i de::startDrag {3.777 3.279} -window 1
[16:06:38.01] /# gi::executeAction deEndDrag -in [gi::getWindows 1]
[16:06:38.01] /i de::endDrag {3.874 3.179} -window 1
[16:06:41.46] /# gi::executeAction deStartDrag -in [gi::getWindows 1]
[16:06:41.46] /i de::startDrag {3.774 3.33} -window 1
[16:06:43.32] /# gi::executeAction deEndDrag -in [gi::getWindows 1]
[16:06:43.32] /i de::endDrag {3.876 3.26} -window 1
[16:06:45.93] /# gi::executeAction deAbortCommand -in [gi::getWindows 1]
[16:06:45.93] /i de::abortCommand -window 1
[16:06:49.52] /i gi::executeAction deSaveDesign -in [gi::getWindows 1]
[16:06:49.55] /m Information: Saving design 'mylibrary nand layout'. (DESIGN_WINDOW-004)
[16:06:54.20] /m Information: Connection closed with 'IC Validator VUE' running on 'bender.engr.ucr.edu'.
[16:06:56.48] /# gi::executeAction xtDRCSetup -in [gi::getWindows 1]
[16:06:56.48] /i xt::showDRCSetup -job drc -window 1
[16:06:57.58] /# gi::setActiveDialog [gi::getDialogs {xtDRCSetup} -parent [gi::getWindows 1]]
[16:06:57.93] /# db::setAttr geometry -of [gi::getDialogs {xtDRCSetup} -parent [gi::getWindows 1]] -value 445x457+470+45
[16:07:01.43] /o oa:0x25faef40
[16:07:02.10] /i gi::pressButton {/ok} -in [gi::getDialogs {xtDRCSetup} -parent [gi::getWindows 1]]
[16:07:02.57] /# xt::physicalVerification::executePve drc 1
[16:07:05.95] /i gi::setActiveWindow 0
[16:07:05.95] /i gi::setActiveWindow 0 -raise true
[16:07:07.28] /i db::setAttr geometry -of [gi::getFrames 0] -value 600x300+-100+232
[16:07:10.24] /m Information: 
              /c =============================
              /c JobID: icv_drc_4
              /c Completed with no errors.
              /c =============================
              /c 
[16:07:14.30] /i db::setAttr geometry -of [gi::getFrames 0] -value 600x300+85+226
[16:07:31.16] /i gi::setActiveWindow 1
[16:07:31.16] /i gi::setActiveWindow 1 -raise true
[16:07:34.36] /# gi::executeAction xtLVSSetup -in [gi::getWindows 1]
[16:07:34.36] /i xt::showLVSSetup -job lvs -window 1
[16:07:35.17] /o oa:0x261dc800
[16:07:35.48] /i gi::setActiveDialog [gi::getDialogs {xtLVSSetup} -parent [gi::getWindows 1]]
[16:07:35.84] /i db::setAttr geometry -of [gi::getDialogs {xtLVSSetup} -parent [gi::getWindows 1]] -value 704x485+653+44
[16:07:38.86] /i gi::setField {/tabGroup/mainTab/jobParametersGroup/viewOutput} -value {true} -in [gi::getDialogs {xtLVSSetup} -parent [gi::getWindows 1]]
[16:07:40.45] /i gi::pressButton {/ok} -in [gi::getDialogs {xtLVSSetup} -parent [gi::getWindows 1]]
[16:07:40.86] /# xt::physicalVerification::executePve lvs 1
[16:07:40.91] /m Information: "Starting netlisting for design "mylibrary/nand/schematic"..." (NETLISTING-010)
[16:07:40.97] /o No Design Integrity rule violations found in "mylibrary/nand/schematic"
[16:07:41.15] /m Information: "Netlisting design "mylibrary/nand/schematic" finished successfully." (NETLISTING-012)
[16:07:41.69] /r giWindowId 2
[16:07:41.70] /r giWindowGeometry 800x600
[16:07:42.10] /i db::setAttr geometry -of [gi::getFrames 2] -value 800x600+286+42
[16:07:52.52] /m Information: 
              /c =============================
              /c JobID: icv_lvs_1
              /c --- EXTRACT ERROR SUMMARY ---
              /c LAYOUT ERRORS RESULTS: CLEAN
              /c --- COMPARE ERROR SUMMARY ---
              /c 
              /c =============================
              /c 
[16:07:55.09] /m Information: Connection established with 'IC Validator VUE' running on 'bender.engr.ucr.edu'.
[16:07:55.51] /i gi::setActiveWindow 0
[16:07:55.54] /i gi::setActiveWindow 0 -raise true
[16:07:56.24] /r giWindowId 3
[16:07:56.25] /r giWindowGeometry 1088x700
[16:07:59.44] /i db::setAttr iconified -of [gi::getFrames 3] -value true
[16:08:27.05] /i gi::setActiveWindow 0
[16:08:27.06] /i gi::setActiveWindow 0 -raise true
[16:08:27.23] /m Information: Connection closed with 'IC Validator VUE' running on 'bender.engr.ucr.edu'.
[16:08:31.42] /i gi::executeAction giCloseWindow -in [gi::getWindows 0]
[16:08:31.57] /r giDialog gi::setActiveDialog [gi::getDialogs {deExitDialog}]
[16:08:31.88] /r giDialog db::setAttr geometry -of [gi::getDialogs {deExitDialog}] -value 371x218+105+246
[16:08:35.98] /r giDialog gi::pressButton {ok} -in [gi::getDialogs {deExitDialog}]
[16:08:36.60] /m Information: License 'Layout Editor' checked in. (LICENSE-004)
[16:08:36.99] /o Shutdown time: Fri Feb  1 16:08:36 2019
[16:08:36.99] /o Elapsed session real time: 8.05 minutes
[16:08:36.99] /o Session terminated. Log is at /home/cemaj/tarora/eecs168/cdesigner.log
