[13:04:51.56] /o Custom Designer (TM) Version J-2014.12-SP2-2
              /c Build  (OPT) Config 2901729 compiled on Sun Jul 26 20:41:43 2015 for RHEL64 5.7
              /c Invocation: /usr/local/synopsys/customdesigner/J-2014.12-SP2-2/amd64/platform/bin/cdesigner
              /c Execution time: Wed Mar 13 13:04:48 2019
              /c Host: bender.engr.ucr.edu
              /c 
              /c Copyright © 2004-2015 Synopsys, Inc. All rights reserved.
              /c Your use of this program is subject to the terms and conditions of the written license agreement between you, or your company, and Synopsys.
              /c 
[13:04:53.04] /m Information: ::xt::physicalVerification::_private::processValidationProc: Invalid process 'SAED 90nm'.
[13:04:53.04] /m Information: ::xt::physicalVerification::_private::variantValidationProc: Invalid process ''.
[13:04:58.28] /# gi::executeAction dmShowLibraryManager -in [gi::getWindows 0]
[13:04:58.28] /i dm::showLibraryManager
[13:04:58.28] /r giWindowId 1
[13:04:58.28] /r giWindowGeometry 660x600+50+50
[13:04:58.36] /o oa:0x2264a430
[13:05:00.03] /i gi::setCurrentIndex {libs} -index {mylibrary} -in [gi::getWindows 1]
[13:05:00.05] /i gi::setItemSelection {libs} -index {mylibrary} -in [gi::getWindows 1]
[13:05:02.79] /i gi::setCurrentIndex {cells} -index {ringOscillator} -in [gi::getWindows 1]
[13:05:02.82] /i gi::setItemSelection {cells} -index {ringOscillator} -in [gi::getWindows 1]
[13:05:04.10] /i gi::setCurrentIndex {cells} -index {ringOscillator_testbench} -in [gi::getWindows 1]
[13:05:04.13] /i gi::setItemSelection {cells} -index {ringOscillator_testbench} -in [gi::getWindows 1]
[13:05:05.38] /i gi::setCurrentIndex {views} -index {ring_tran_dc} -in [gi::getWindows 1]
[13:05:05.39] /i gi::setItemSelection {views} -index {ring_tran_dc} -in [gi::getWindows 1]
[13:05:13.35] /i gi::executeAction dmShowLockInformation -in [gi::getWindows 1]
[13:05:13.48] /i gi::setActiveDialog [gi::getDialogs {dmLockInformation} -parent [gi::getWindows 1]]
[13:05:13.73] /i db::setAttr geometry -of [gi::getDialogs {dmLockInformation} -parent [gi::getWindows 1]] -value 400x350+180+72
[13:05:16.88] /i gi::pressButton {cancel} -in [gi::getDialogs {dmLockInformation} -parent [gi::getWindows 1]]
[13:05:19.76] /i gi::executeAction dmOpen -in [gi::getWindows 1]
[13:05:19.82] /m Information: License 'Simulation & Analysis Environment' checked out. (LICENSE-003)
[13:05:19.89] /r giWindowId 2
[13:05:19.89] /r giWindowGeometry 600x500
[13:05:20.52] /i db::setAttr geometry -of [gi::getFrames 2] -value 600x500+70+70
[13:05:22.84] /i db::setAttr geometry -of [gi::getFrames 2] -value 600x500+723+91
[13:05:23.41] /i db::setAttr geometry -of [gi::getFrames 2] -value 600x500+721+91
[13:05:28.98] /i gi::setActiveWindow 1
[13:05:28.98] /i gi::setActiveWindow 1 -raise true
[13:05:29.17] /i gi::setCurrentIndex {views} -index {schematic} -in [gi::getWindows 1]
[13:05:29.18] /i gi::setItemSelection {views} -index {schematic} -in [gi::getWindows 1]
[13:05:31.71] /i gi::executeAction dmOpen -in [gi::getWindows 1]
[13:05:31.73] /o 	############################################
[13:05:31.73] /o 	--------------------------------------------
[13:05:31.73] /o 	PDK Name................... : SAED_PDK_90
[13:05:31.74] /o 	PDK Release Date........... : 29-Sep-2015
[13:05:31.74] /o 	PDK Custom Designer Version : J-2014.12-2
[13:05:31.74] /o 	--------------------------------------------
[13:05:31.74] /o 	############################################
[13:05:31.74] /o 
[13:05:31.74] /w Warning: Preference 'leActiveLPP' is deprecated and scheduled for removal in a future release with no replacement. For migration assistance, see the Custom Designer Tcl Reference Manual. (PREFERENCE-058)
[13:05:31.75] /o SAED PDK 90: Loaded callbacks
[13:05:31.75] /o SAED PDK 90: Loaded display resources
[13:05:31.82] /m Information: License 'Schematic Editor' checked out. (LICENSE-003)
[13:05:31.87] /r giWindowId 3
[13:05:31.87] /r giWindowGeometry 1088x700
[13:05:35.80] /i db::setAttr geometry -of [gi::getFrames 3] -value 1088x700+2+74
[13:05:39.50] /i db::setAttr geometry -of [gi::getFrames 3] -value 873x526+2+74
[13:05:40.19] /i db::setAttr geometry -of [gi::getFrames 3] -value 702x659+2+74
[13:05:42.02] /# gi::executeAction seShowConsoleForWindow -in [gi::getWindows 3]
[13:05:42.02] /i sa::showConsole -context [db::getNext [de::getContexts -window 3]]
[13:05:42.09] /r giWindowId 4
[13:05:42.10] /r giWindowGeometry 600x500
[13:05:42.27] /o oa:0x279af7f0
[13:05:42.64] /i db::setAttr geometry -of [gi::getFrames 4] -value 600x500+22+94
[13:05:45.36] /i gi::executeAction menuPreShow -in [gi::getWindows 4]
[13:05:45.37] /r giMenuAccess db::getNext [gi::getMenus saConsoleSetupMenu -from [gi::getWindows 4]]
[13:05:46.79] /# gi::executeAction saEditModels -in [gi::getWindows 4]
[13:05:46.79] /i sa::showModelFiles -parent 4
[13:05:47.19] /i gi::setActiveDialog [gi::getDialogs {saModelFilesSetup} -parent [gi::getWindows 4]]
[13:05:47.45] /i db::setAttr geometry -of [gi::getDialogs {saModelFilesSetup} -parent [gi::getWindows 4]] -value 760x500+95+67
[13:05:49.97] /i gi::setActiveWindow 2
[13:05:50.01] /i gi::setActiveWindow 2 -raise true
[13:05:51.02] /i gi::executeAction menuPreShow -in [gi::getWindows 2]
[13:05:51.02] /r giMenuAccess db::getNext [gi::getMenus saConsoleSetupMenu -from [gi::getWindows 2]]
[13:05:52.93] /# gi::executeAction saEditModels -in [gi::getWindows 2]
[13:05:52.93] /i sa::showModelFiles -parent 2
[13:05:53.20] /i gi::setActiveDialog [gi::getDialogs {saModelFilesSetup} -parent [gi::getWindows 2]]
[13:05:53.44] /i db::setAttr geometry -of [gi::getDialogs {saModelFilesSetup} -parent [gi::getWindows 2]] -value 760x500+794+64
[13:05:54.52] /i gi::setCurrentIndex {modelFilesTable} -index {0,1} -in [gi::getDialogs {saModelFilesSetup} -parent [gi::getWindows 2]]
[13:05:54.54] /i gi::setItemSelection {modelFilesTable} -index {0,1} -in [gi::getDialogs {saModelFilesSetup} -parent [gi::getWindows 2]]
[13:05:56.84] /i gi::setField {modelFilesTable} -index {0,1} -value {/usr/local/synopsys/pdk/SAED_PDK90nm/hspice/SAED90nm.lib} -in [gi::getDialogs {saModelFilesSetup} -parent [gi::getWindows 2]]
[13:05:56.85] /i gi::setField {modelFilesTable} -index {0,1} -value {/usr/local/synopsys/pdk/SAED_PDK90nm/hspice/SAED90nm.lib} -in [gi::getDialogs {saModelFilesSetup} -parent [gi::getWindows 2]]
[13:06:00.54] /i gi::setField {modelFilesTable} -index {0,1} -value {/usr/local/synopsys/pdk/SAED_PDK90nm/hspice/SAED90nm.lib} -in [gi::getDialogs {saModelFilesSetup} -parent [gi::getWindows 2]]
[13:06:00.62] /i gi::setField {modelFilesTable} -index {0,1} -value {/usr/local/synopsys/pdk/SAED_PDK90nm/hspice/SAED90nm.lib} -in [gi::getDialogs {saModelFilesSetup} -parent [gi::getWindows 2]]
[13:06:01.38] /i gi::setActiveDialog [gi::getDialogs {saModelFilesSetup} -parent [gi::getWindows 4]]
[13:06:02.69] /i gi::setCurrentIndex {modelFilesTable} -index {0,1} -in [gi::getDialogs {saModelFilesSetup} -parent [gi::getWindows 4]]
[13:06:06.70] /i gi::setField {modelFilesTable} -index {0,1} -value {/usr/local/synopsys/pdk/SAED_PDK90nm/hspice/SAED90nm.lib} -in [gi::getDialogs {saModelFilesSetup} -parent [gi::getWindows 4]]
[13:06:06.71] /i gi::setField {modelFilesTable} -index {0,1} -value {/usr/local/synopsys/pdk/SAED_PDK90nm/hspice/SAED90nm.lib} -in [gi::getDialogs {saModelFilesSetup} -parent [gi::getWindows 4]]
[13:06:06.73] /i gi::pressButton {apply} -in [gi::getDialogs {saModelFilesSetup} -parent [gi::getWindows 4]]
[13:06:07.81] /i gi::pressButton {ok} -in [gi::getDialogs {saModelFilesSetup} -parent [gi::getWindows 4]]
[13:06:07.84] /i gi::setActiveWindow 4
[13:06:07.85] /i gi::setActiveWindow 4 -raise true
[13:06:10.06] /i gi::executeAction menuPreShow -in [gi::getWindows 4]
[13:06:10.07] /r giMenuAccess db::getNext [gi::getMenus saConsoleSetupMenu -from [gi::getWindows 4]]
[13:06:11.59] /# gi::executeAction saShowEditAnalyses -in [gi::getWindows 4]
[13:06:11.59] /i sa::showEditAnalyses -parent 4 -analysisName "" 
[13:06:11.89] /o oa:0x27d0a750
[13:06:12.18] /i gi::setActiveDialog [gi::getDialogs {saEditAnalysesDialogXsaeSession1} -parent [gi::getWindows 4]]
[13:06:12.52] /i db::setAttr geometry -of [gi::getDialogs {saEditAnalysesDialogXsaeSession1} -parent [gi::getWindows 4]] -value 511x596+135+116
[13:06:15.08] /i gi::closeWindows [gi::getDialogs {saModelFilesSetup} -parent [gi::getWindows 2]]
[13:06:16.13] /i gi::setActiveWindow 2
[13:06:16.14] /i gi::setActiveWindow 2 -raise true
[13:06:16.72] /i gi::executeAction menuPreShow -in [gi::getWindows 2]
[13:06:16.73] /r giMenuAccess db::getNext [gi::getMenus saConsoleSessionMenu -from [gi::getWindows 2]]
[13:06:21.62] /i gi::setCurrentIndex {analysisPane} -index {0,1} -in [gi::getWindows 2]
[13:06:21.63] /i gi::setItemSelection {analysisPane} -index {0,1} -in [gi::getWindows 2]
[13:06:21.63] /i gi::setItemSelection {analysisPane} -index {0,1} -in [gi::getWindows 2]
[13:06:22.93] /i gi::executeAction menuPreShow -in [gi::getWindows 2]
[13:06:22.93] /r giMenuAccess db::getNext [gi::getMenus saConsoleSetupMenu -from [gi::getWindows 2]]
[13:06:24.47] /# gi::executeAction saShowEditAnalyses -in [gi::getWindows 2]
[13:06:24.47] /i sa::showEditAnalyses -parent 2 -analysisName "" 
[13:06:24.68] /o oa:0x28159400
[13:06:24.93] /i gi::setActiveDialog [gi::getDialogs {saEditAnalysesDialogXsaeSession0} -parent [gi::getWindows 2]]
[13:06:25.26] /i db::setAttr geometry -of [gi::getDialogs {saEditAnalysesDialogXsaeSession0} -parent [gi::getWindows 2]] -value 511x596+834+113
[13:06:28.03] /i gi::setActiveWindow 4
[13:06:28.04] /i gi::setActiveWindow 4 -raise true
[13:06:29.72] /i gi::setActiveDialog [gi::getDialogs {saEditAnalysesDialogXsaeSession1} -parent [gi::getWindows 4]]
[13:06:33.24] /i gi::setField {/analysesGroups/tabGeneral/anaPane/step} -value {1ps} -in [gi::getDialogs {saEditAnalysesDialogXsaeSession1} -parent [gi::getWindows 4]]
[13:06:43.65] /i gi::setField {/analysesGroups/tabGeneral/anaPane/stop} -value {1ns} -in [gi::getDialogs {saEditAnalysesDialogXsaeSession1} -parent [gi::getWindows 4]]
[13:06:43.67] /i gi::setField {/analysesGroups/tabGeneral/analysisTypeSel/dc} -value {true} -in [gi::getDialogs {saEditAnalysesDialogXsaeSession1} -parent [gi::getWindows 4]]
[13:06:46.25] /i gi::setActiveDialog [gi::getDialogs {saEditAnalysesDialogXsaeSession0} -parent [gi::getWindows 2]]
[13:06:46.94] /i gi::setField {/analysesGroups/tabGeneral/analysisTypeSel/dc} -value {true} -in [gi::getDialogs {saEditAnalysesDialogXsaeSession0} -parent [gi::getWindows 2]]
[13:06:47.94] /i gi::setActiveWindow 2
[13:06:47.95] /i gi::setActiveWindow 2 -raise true
[13:06:51.13] /i gi::setActiveDialog [gi::getDialogs {saEditAnalysesDialogXsaeSession1} -parent [gi::getWindows 4]]
[13:06:52.52] /i gi::pressButton {/analysesGroups/tabGeneral/anaPane/gsource} -in [gi::getDialogs {saEditAnalysesDialogXsaeSession1} -parent [gi::getWindows 4]]
[13:06:55.77] /# gi::executeAction deAddPoint -in [gi::getWindows 3]
[13:06:55.77] /i de::addPoint {1.61875 1.5625} -window 3
[13:06:56.08] /i de::commandOption acceptDelayedAddPoint
[13:07:01.96] /i gi::setField {/analysesGroups/tabGeneral/anaPane/start} -value {0} -in [gi::getDialogs {saEditAnalysesDialogXsaeSession1} -parent [gi::getWindows 4]]
[13:07:03.91] /i gi::setField {/analysesGroups/tabGeneral/anaPane/stop} -value {1.2} -in [gi::getDialogs {saEditAnalysesDialogXsaeSession1} -parent [gi::getWindows 4]]
[13:07:07.09] /i gi::setField {/analysesGroups/tabGeneral/anaPane/stepSize} -value {0.01} -in [gi::getDialogs {saEditAnalysesDialogXsaeSession1} -parent [gi::getWindows 4]]
[13:07:07.13] /i gi::pressButton {/ok} -in [gi::getDialogs {saEditAnalysesDialogXsaeSession1} -parent [gi::getWindows 4]]
[13:07:10.92] /i gi::closeWindows [gi::getDialogs {saEditAnalysesDialogXsaeSession0} -parent [gi::getWindows 2]]
[13:07:14.64] /i gi::setCurrentIndex {outputsTable} -index {0,0} -in [gi::getWindows 4]
[13:07:23.68] /i gi::setField {outputsTable} -index {0,0} -value {VO1} -in [gi::getWindows 4]
[13:07:23.69] /i gi::setCurrentIndex {outputsTable} -index {0,1} -in [gi::getWindows 4]
[13:07:23.69] /i gi::setItemSelection {outputsTable} -index {0,1} -in [gi::getWindows 4]
[13:07:23.70] /i gi::setItemSelection {outputsTable} -index {0,1} -in [gi::getWindows 4]
[13:07:25.16] /i sa::selectOutputs -outputIndex 0 -window [gi::getWindows 4]
[13:07:25.29] /i gi::setField {outputsTable} -index {0,0} -value {} -in [gi::getWindows 4]
[13:07:27.59] /# gi::executeAction dePanEast -in [gi::getWindows 3]
[13:07:27.59] /i de::pan -direction E -multiplier 0.5
[13:07:27.60] /o {1.98125 0.125} {5.23125 2.76875}
[13:07:29.84] /# gi::executeAction deAddPoint -in [gi::getWindows 3]
[13:07:29.84] /i de::addPoint {4.2625 1.61875} -window 3
[13:07:31.58] /i gi::setCurrentIndex {outputsTable} -index {1,0} -in [gi::getWindows 4]
[13:07:31.58] /i gi::setItemSelection {outputsTable} -index {} -in [gi::getWindows 4]
[13:07:31.59] /i gi::setItemSelection {outputsTable} -index {} -in [gi::getWindows 4]
[13:07:36.50] /i gi::setField {outputsTable} -index {1,0} -value {VO2} -in [gi::getWindows 4]
[13:07:36.51] /i gi::setCurrentIndex {outputsTable} -index {1,1} -in [gi::getWindows 4]
[13:07:36.51] /i gi::setItemSelection {outputsTable} -index {1,1} -in [gi::getWindows 4]
[13:07:36.52] /i gi::setItemSelection {outputsTable} -index {1,1} -in [gi::getWindows 4]
[13:07:38.12] /i sa::selectOutputs -outputIndex 1 -window [gi::getWindows 4]
[13:07:38.22] /i gi::setField {outputsTable} -index {1,0} -value {} -in [gi::getWindows 4]
[13:07:39.43] /# gi::executeAction deAddPoint -in [gi::getWindows 3]
[13:07:39.43] /i de::addPoint {4.35 1.49375} -window 3
[13:07:40.57] /i gi::setCurrentIndex {outputsTable} -index {2,0} -in [gi::getWindows 4]
[13:07:40.57] /i gi::setItemSelection {outputsTable} -index {} -in [gi::getWindows 4]
[13:07:40.58] /i gi::setItemSelection {outputsTable} -index {} -in [gi::getWindows 4]
[13:07:44.78] /i gi::setField {outputsTable} -index {2,0} -value {VO3} -in [gi::getWindows 4]
[13:07:44.78] /i gi::setCurrentIndex {outputsTable} -index {2,1} -in [gi::getWindows 4]
[13:07:44.79] /i gi::setItemSelection {outputsTable} -index {2,1} -in [gi::getWindows 4]
[13:07:44.79] /i gi::setItemSelection {outputsTable} -index {2,1} -in [gi::getWindows 4]
[13:07:46.39] /i sa::selectOutputs -outputIndex 2 -window [gi::getWindows 4]
[13:07:46.50] /i gi::setField {outputsTable} -index {2,0} -value {} -in [gi::getWindows 4]
[13:07:49.98] /# gi::executeAction deAddPoint -in [gi::getWindows 3]
[13:07:49.98] /i de::addPoint {4.4375 1.3625} -window 3
[13:07:51.29] /i gi::setCurrentIndex {outputsTable} -index {3,0} -in [gi::getWindows 4]
[13:07:51.30] /i gi::setItemSelection {outputsTable} -index {} -in [gi::getWindows 4]
[13:07:51.30] /i gi::setItemSelection {outputsTable} -index {} -in [gi::getWindows 4]
[13:07:55.59] /i gi::setField {outputsTable} -index {3,0} -value {VO4} -in [gi::getWindows 4]
[13:07:55.59] /i gi::setCurrentIndex {outputsTable} -index {3,1} -in [gi::getWindows 4]
[13:07:55.60] /i gi::setItemSelection {outputsTable} -index {3,1} -in [gi::getWindows 4]
[13:07:55.60] /i gi::setItemSelection {outputsTable} -index {3,1} -in [gi::getWindows 4]
[13:07:57.54] /i sa::selectOutputs -outputIndex 3 -window [gi::getWindows 4]
[13:07:57.67] /i gi::setField {outputsTable} -index {3,0} -value {} -in [gi::getWindows 4]
[13:07:59.10] /# gi::executeAction deAddPoint -in [gi::getWindows 3]
[13:07:59.10] /i de::addPoint {4.3625 1.25} -window 3
[13:08:00.72] /i gi::setCurrentIndex {outputsTable} -index {4,0} -in [gi::getWindows 4]
[13:08:00.73] /i gi::setItemSelection {outputsTable} -index {} -in [gi::getWindows 4]
[13:08:00.73] /i gi::setItemSelection {outputsTable} -index {} -in [gi::getWindows 4]
[13:08:05.25] /i gi::setField {outputsTable} -index {4,0} -value {VO5} -in [gi::getWindows 4]
[13:08:05.25] /i gi::setCurrentIndex {outputsTable} -index {4,1} -in [gi::getWindows 4]
[13:08:05.26] /i gi::setItemSelection {outputsTable} -index {4,1} -in [gi::getWindows 4]
[13:08:05.26] /i gi::setItemSelection {outputsTable} -index {4,1} -in [gi::getWindows 4]
[13:08:06.49] /i sa::selectOutputs -outputIndex 4 -window [gi::getWindows 4]
[13:08:06.80] /i gi::setField {outputsTable} -index {4,0} -value {} -in [gi::getWindows 4]
[13:08:09.07] /# gi::executeAction deAddPoint -in [gi::getWindows 3]
[13:08:09.07] /i de::addPoint {4.3125 1.1125} -window 3
[13:08:21.19] /i gi::setCurrentIndex {outputsTable} -index {0,2} -in [gi::getWindows 4]
[13:08:21.20] /i gi::setItemSelection {outputsTable} -index {0,2} -in [gi::getWindows 4]
[13:08:21.21] /i gi::setItemSelection {outputsTable} -index {0,2} -in [gi::getWindows 4]
[13:08:23.57] /i gi::setField {outputsTable} -index {0,2} -value {dc} -in [gi::getWindows 4]
[13:08:24.62] /i gi::setField {outputsTable} -index {0,2} -value {dc\ tran} -in [gi::getWindows 4]
[13:08:26.55] /i gi::setField {outputsTable} -index {0,2} -value {dc\ tran} -in [gi::getWindows 4]
[13:08:26.55] /i gi::setCurrentIndex {outputsTable} -index {1,2} -in [gi::getWindows 4]
[13:08:26.56] /i gi::setItemSelection {outputsTable} -index {1,2} -in [gi::getWindows 4]
[13:08:26.56] /i gi::setItemSelection {outputsTable} -index {1,2} -in [gi::getWindows 4]
[13:08:29.11] /i gi::setField {outputsTable} -index {1,2} -value {dc} -in [gi::getWindows 4]
[13:08:29.96] /i gi::setField {outputsTable} -index {1,2} -value {dc\ tran} -in [gi::getWindows 4]
[13:08:31.86] /i gi::setField {outputsTable} -index {1,2} -value {dc\ tran} -in [gi::getWindows 4]
[13:08:31.86] /i gi::setCurrentIndex {outputsTable} -index {2,2} -in [gi::getWindows 4]
[13:08:31.87] /i gi::setItemSelection {outputsTable} -index {2,2} -in [gi::getWindows 4]
[13:08:31.88] /i gi::setItemSelection {outputsTable} -index {2,2} -in [gi::getWindows 4]
[13:08:33.88] /i gi::setField {outputsTable} -index {2,2} -value {dc} -in [gi::getWindows 4]
[13:08:34.75] /i gi::setField {outputsTable} -index {2,2} -value {dc\ tran} -in [gi::getWindows 4]
[13:08:36.35] /i gi::setField {outputsTable} -index {2,2} -value {dc\ tran} -in [gi::getWindows 4]
[13:08:36.35] /i gi::setCurrentIndex {outputsTable} -index {3,2} -in [gi::getWindows 4]
[13:08:36.36] /i gi::setItemSelection {outputsTable} -index {3,2} -in [gi::getWindows 4]
[13:08:36.36] /i gi::setItemSelection {outputsTable} -index {3,2} -in [gi::getWindows 4]
[13:08:42.20] /i gi::setField {outputsTable} -index {3,2} -value {dc} -in [gi::getWindows 4]
[13:08:42.99] /i gi::setField {outputsTable} -index {3,2} -value {dc\ tran} -in [gi::getWindows 4]
[13:08:44.15] /i gi::setField {outputsTable} -index {3,2} -value {dc\ tran} -in [gi::getWindows 4]
[13:08:45.21] /i gi::setCurrentIndex {outputsTable} -index {4,2} -in [gi::getWindows 4]
[13:08:45.22] /i gi::setItemSelection {outputsTable} -index {4,2} -in [gi::getWindows 4]
[13:08:45.22] /i gi::setItemSelection {outputsTable} -index {4,2} -in [gi::getWindows 4]
[13:08:47.27] /i gi::setField {outputsTable} -index {4,2} -value {dc} -in [gi::getWindows 4]
[13:08:48.17] /i gi::setField {outputsTable} -index {4,2} -value {dc\ tran} -in [gi::getWindows 4]
[13:08:51.40] /i gi::setField {outputsTable} -index {4,2} -value {dc\ tran} -in [gi::getWindows 4]
[13:08:51.41] /i gi::executeAction giCloseWindow -in [gi::getWindows 2]
[13:08:51.42] /# gi::closeWindows [gi::getDialogs {saModelFilesSetup} -parent [gi::getWindows 2]]
[13:08:53.93] /i db::setAttr geometry -of [gi::getFrames 4] -value 600x500+645+67
[13:08:54.86] /i gi::executeAction menuPreShow -in [gi::getWindows 4]
[13:08:54.86] /r giMenuAccess db::getNext [gi::getMenus saConsoleSessionMenu -from [gi::getWindows 4]]
[13:08:56.13] /# gi::executeAction saSaveState -in [gi::getWindows 4]
[13:08:56.13] /i sa::showSaveState -parent 4
[13:08:56.44] /o oa:0x267952d0
[13:08:56.70] /i gi::setActiveDialog [gi::getDialogs {saShowSaveState} -parent [gi::getWindows 4]]
[13:08:57.18] /i db::setAttr geometry -of [gi::getDialogs {saShowSaveState} -parent [gi::getWindows 4]] -value 463x477+772+89
[13:09:00.22] /i gi::setField {/saveTo/openAccess} -value {true} -in [gi::getDialogs {saShowSaveState} -parent [gi::getWindows 4]]
[13:09:00.62] /i db::setAttr geometry -of [gi::getDialogs {saShowSaveState} -parent [gi::getWindows 4]] -value 463x535+772+89
[13:09:13.53] /i gi::setField {/name} -value {TRAN_DC_SAE} -in [gi::getDialogs {saShowSaveState} -parent [gi::getWindows 4]]
[13:09:18.00] /i gi::pressButton {/ok} -in [gi::getDialogs {saShowSaveState} -parent [gi::getWindows 4]]
[13:09:24.15] /i gi::executeAction menuPreShow -in [gi::getWindows 4]
[13:09:24.15] /r giMenuAccess db::getNext [gi::getMenus saConsoleSimMenu -from [gi::getWindows 4]]
[13:09:25.07] /# gi::executeAction saNetlistAndRun -in [gi::getWindows 4]
[13:09:25.07] /i isa::netlistAndRun -testbench [sa::findActiveTestbench -window 4]
[13:09:25.57] /m Information: "Starting incremental netlisting for design "mylibrary/ringOscillator_testbench/schematic"..." (NETLISTING-010)
[13:09:25.60] /o No Design Integrity rule violations found in "mylibrary/ringOscillator_testbench/schematic"
[13:09:25.82] /m Information: "Netlisting design "mylibrary/ringOscillator_testbench/schematic" finished successfully." (NETLISTING-012)
[13:09:25.83] /m Information: "Composing simulator input file for design "mylibrary/ringOscillator_testbench/schematic"..."
[13:09:25.91] /m Information: "Simulator input file composed successfully for design "mylibrary/ringOscillator_testbench/schematic""
[13:09:26.47] /r giWindowId 5
[13:09:26.48] /r giWindowGeometry 800x600
[13:09:26.61] /# gi::expand {jobMonitorTable} -index {0,0} -in [gi::getWindows 5]
[13:09:26.61] /# gi::expand {jobMonitorTable} -index {0.0,0} -in [gi::getWindows 5]
[13:09:26.95] /m Information: "Starting HSPICE simulation for design: mylibrary/ringOscillator_testbench/schematic"
[13:09:27.01] /# db::setAttr geometry -of [gi::getFrames 5] -value 615x600+665+87
[13:09:27.01] /# gi::collapse {jobMonitorTable} -index {0.0,0} -in [gi::getWindows 5]
[13:09:27.04] /o 1
[13:09:27.04] /i gi::expand {jobMonitorTable} -index {0.0,0} -in [gi::getWindows 5]
[13:09:27.39] /e Error: "Simulation failed for design: mylibrary/ringOscillator_testbench/schematic "
[13:09:27.56] /m Information: Expression 'v(/VIO1)' did not evaluate: No results found.
[13:09:27.56] /m Information: Expression 'v(/VIO2)' did not evaluate: No results found.
[13:09:27.56] /m Information: Expression 'v(/VIO3)' did not evaluate: No results found.
[13:09:27.57] /m Information: Expression 'v(/VIO4)' did not evaluate: No results found.
[13:09:27.57] /m Information: Expression 'v(/VIO5)' did not evaluate: No results found.
[13:09:27.58] /m Information: Re-evaluating the failed expression 'v(/VIO1)'
[13:09:27.58] /m Information: Expression 'v(/VIO1)' did not evaluate: No results found.
[13:09:27.59] /m Information: Re-evaluating the failed expression 'v(/VIO2)'
[13:09:27.59] /m Information: Expression 'v(/VIO2)' did not evaluate: No results found.
[13:09:27.59] /m Information: Re-evaluating the failed expression 'v(/VIO3)'
[13:09:27.60] /m Information: Expression 'v(/VIO3)' did not evaluate: No results found.
[13:09:27.60] /m Information: Re-evaluating the failed expression 'v(/VIO4)'
[13:09:27.61] /m Information: Expression 'v(/VIO4)' did not evaluate: No results found.
[13:09:27.61] /m Information: Re-evaluating the failed expression 'v(/VIO5)'
[13:09:27.61] /m Information: Expression 'v(/VIO5)' did not evaluate: No results found.
[13:09:27.65] /m Information: Measurement calculations completed for testbench: default in 0s
[13:09:30.39] /i db::setAttr geometry -of [gi::getFrames 5] -value 615x600+362+94
[13:09:34.88] /i gi::setCurrentIndex {jobMonitorTable} -index {0.0.0,0} -in [gi::getWindows 5]
[13:09:34.89] /i gi::setItemSelection {jobMonitorTable} -index {0.0.0,all} -in [gi::getWindows 5]
[13:09:35.71] /i gi::executeAction xtJobMonitorViewOutput -in 5
[13:09:35.71] /# xt::_jobMonitorActions::viewOutput 5
[13:09:35.71] /r giWindowId 6
[13:09:35.72] /r giWindowGeometry 800x600
[13:09:36.10] /i db::setAttr geometry -of [gi::getFrames 6] -value 800x600+382+114
[13:09:37.61] /i gi::setActiveTab {tabs} -tabName {run.log} -in [gi::getWindows 6]
[13:09:45.44] /i gi::executeAction giCloseWindow -in [gi::getWindows 6]
[13:09:45.53] /i gi::setActiveWindow 5
[13:09:45.54] /i gi::setActiveWindow 5 -raise true
[13:09:46.96] /i gi::executeAction giCloseWindow -in [gi::getWindows 5]
[13:09:47.06] /i gi::setActiveWindow 4
[13:09:47.07] /i gi::setActiveWindow 4 -raise true
[13:09:48.61] /i gi::executeAction giCloseWindow -in [gi::getWindows 4]
[13:09:49.61] /i gi::setActiveWindow 1
[13:09:49.62] /i gi::setActiveWindow 1 -raise true
[13:09:51.50] /i gi::setCurrentIndex {views} -index {ring_tran_dc} -in [gi::getWindows 1]
[13:09:51.72] /i gi::setItemSelection {views} -index {ring_tran_dc} -in [gi::getWindows 1]
[13:09:54.45] /i gi::executeAction dmDeleteCellView -in [gi::getWindows 1]
[13:09:54.56] /r giDialog gi::setActiveDialog [gi::getDialogs {dmDelete}]
[13:09:54.87] /r giDialog db::setAttr geometry -of [gi::getDialogs {dmDelete}] -value 364x104+70+70
[13:09:56.56] /r giDialog gi::pressButton {delete} -in [gi::getDialogs {dmDelete}]
[13:09:56.59] /# db::destroy [dm::findCellView ring\_tran\_dc -cell [dm::findCell ringOscillator\_testbench -lib [oa::LibFind [oa::ScalarName [oa::CdbaNS] mylibrary ]]]]
[13:09:56.64] /# gi::setCurrentIndex {views} -index {config} -in [gi::getWindows 1]
[13:09:56.73] /# gi::setItemSelection {views} -index {} -in [gi::getWindows 1]
[13:10:00.35] /i gi::executeAction giCloseWindow -in [gi::getWindows 1]
[13:10:00.41] /i gi::setActiveWindow 3
[13:10:00.41] /i gi::setActiveWindow 3 -raise true
[13:10:02.16] /i gi::executeAction giCloseWindow -in [gi::getWindows 3]
[13:10:02.74] /m Information: License 'Schematic Editor' checked in. (LICENSE-004)
[13:10:02.87] /i gi::setActiveWindow 0
[13:10:02.88] /i gi::setActiveWindow 0 -raise true
[13:10:28.51] /i gi::executeAction giCloseWindow -in [gi::getWindows 0]
[13:10:28.59] /r giDialog gi::setActiveDialog [gi::getDialogs {deExitDialog}]
[13:10:28.99] /r giDialog db::setAttr geometry -of [gi::getDialogs {deExitDialog}] -value 371x218+20+417
[13:10:30.00] /r giDialog gi::pressButton {ok} -in [gi::getDialogs {deExitDialog}]
[13:10:30.06] /o Shutdown time: Wed Mar 13 13:10:30 2019
[13:10:30.06] /o Elapsed session real time: 5.63 minutes
[13:10:30.06] /o Session terminated. Log is at /home/cemaj/tarora/eecs168/cdesigner.tarora.13_3_13_3.log
