[15:55:08.89] /o Custom Designer (TM) Version J-2014.12-SP2-2
              /c Build  (OPT) Config 2901729 compiled on Sun Jul 26 20:41:43 2015 for RHEL64 5.7
              /c Invocation: /usr/local/synopsys/customdesigner/J-2014.12-SP2-2/amd64/platform/bin/cdesigner
              /c Execution time: Fri Feb  1 15:55:06 2019
              /c Host: bender.engr.ucr.edu
              /c 
              /c Copyright © 2004-2015 Synopsys, Inc. All rights reserved.
              /c Your use of this program is subject to the terms and conditions of the written license agreement between you, or your company, and Synopsys.
              /c 
[15:55:10.37] /m Information: ::xt::physicalVerification::_private::processValidationProc: Invalid process 'SAED 90nm'.
[15:55:10.37] /m Information: ::xt::physicalVerification::_private::variantValidationProc: Invalid process ''.
[15:55:36.61] /# gi::executeAction deOpenDesign -in [gi::getWindows 0]
[15:55:36.61] /i de::showOpenDesign
[15:55:36.64] /o oa:0x242f0990
[15:55:36.76] /i gi::setActiveDialog [gi::getDialogs {deOpenDesign}]
[15:55:37.10] /i db::setAttr geometry -of [gi::getDialogs {deOpenDesign}] -value 645x361+20+417
[15:55:38.62] /i gi::setCurrentIndex {designLibs} -index {mylibrary} -in [gi::getDialogs {deOpenDesign}]
[15:55:38.63] /i gi::setItemSelection {designLibs} -index {mylibrary} -in [gi::getDialogs {deOpenDesign}]
[15:55:41.09] /i gi::setCurrentIndex {designCells} -index {nand} -in [gi::getDialogs {deOpenDesign}]
[15:55:41.10] /i gi::setItemSelection {designCells} -index {nand} -in [gi::getDialogs {deOpenDesign}]
[15:55:42.40] /i gi::setCurrentIndex {designViews} -index {layout} -in [gi::getDialogs {deOpenDesign}]
[15:55:42.41] /i gi::setItemSelection {designViews} -index {layout} -in [gi::getDialogs {deOpenDesign}]
[15:55:42.61] /i gi::pressButton {ok} -in [gi::getDialogs {deOpenDesign}]
[15:55:42.62] /# de::open [dm::findCellView {layout} -cellName {nand} -libName {mylibrary}] -readOnly 0
[15:55:42.68] /m Information: License 'Layout Editor' checked out. (LICENSE-003)
[15:55:42.70] /o 	############################################
[15:55:42.70] /o 	--------------------------------------------
[15:55:42.70] /o 	PDK Name................... : SAED_PDK_90
[15:55:42.70] /o 	PDK Release Date........... : 29-Sep-2015
[15:55:42.70] /o 	PDK Custom Designer Version : J-2014.12-2
[15:55:42.70] /o 	--------------------------------------------
[15:55:42.70] /o 	############################################
[15:55:42.70] /o 
[15:55:42.70] /w Warning: Preference 'leActiveLPP' is deprecated and scheduled for removal in a future release with no replacement. For migration assistance, see the Custom Designer Tcl Reference Manual. (PREFERENCE-058)
[15:55:42.70] /o SAED PDK 90: Loaded callbacks
[15:55:42.71] /o SAED PDK 90: Loaded display resources
[15:55:42.77] /r giWindowId 1
[15:55:42.77] /r giWindowGeometry 1088x700
[15:55:44.00] /o 0.1
[15:55:44.01] /i db::setAttr dockSize -of [gi::getAssistants leObjectLayerPanel -from [gi::getWindows 1]] -value 190x550
[15:55:50.53] /# gi::executeAction xtDRCSetup -in [gi::getWindows 1]
[15:55:50.53] /i xt::showDRCSetup -job drc -window 1
[15:55:51.66] /# gi::setActiveDialog [gi::getDialogs {xtDRCSetup} -parent [gi::getWindows 1]]
[15:55:52.22] /# db::setAttr geometry -of [gi::getDialogs {xtDRCSetup} -parent [gi::getWindows 1]] -value 445x457+470+45
[15:55:54.12] /# gi::pressButton {/ok} -in [gi::getDialogs {xtDRCSetup} -parent [gi::getWindows 1]]
[15:55:54.54] /# xt::physicalVerification::executePve drc 1
[15:55:54.61] /e Error: Error: The specified object does not have attribute 'defaultScopeName'. (TCL_OBJECT-003) (OPAL-006)
[15:56:00.18] /e Error: Error: The object is invalid. It may have been destroyed or its database may be purged.  (TCL_OBJECT-007)
[15:56:00.19] /e Error: The object is invalid. It may have been destroyed or its database may be purged.  (TCL_OBJECT-007)
[15:56:02.56] /m Information: 
              /c =============================
              /c JobID: icv_drc_2
              /c --- ERROR SUMMARY -----------
              /c  R.CO.E7: Min enclosure of contact at end of line
              /c    not_covered_by ..................................... 3 violations found.
              /c  R.M1.S.1: Minimum spacing=0.14um
              /c    external1 .......................................... 3 violations found.
              /c  R.PO.EX.1: Minimum gate extension of active (endcap) 
              /c  0.18um
              /c    enclose ............................................ 4 violations found.
              /c  R.PO.W.1: Minimum width=0.1um
              /c    internal1 .......................................... 1 violation found.
              /c =============================
              /c 
[15:56:05.29] /m Information: Connection established with 'IC Validator VUE' running on 'bender.engr.ucr.edu'.
[15:56:06.28] /i db::setAttr geometry -of [gi::getFrames 1] -value 1088x700+18+22
[15:56:18.03] /# gi::executeAction deZoomOutAtPoint -in [gi::getWindows 1]
[15:56:18.03] /i de::zoom -window 1 -factor 0.5 -center {6.529 1.128}
[15:56:18.05] /o {6.239 0.92} {6.743 1.244}
[15:56:18.05] /# gi::executeAction deZoomOutAtPoint -in [gi::getWindows 1]
[15:56:18.05] /i de::zoom -window 1 -factor 0.5 -center {6.529 1.128}
[15:56:18.06] /o {5.949 0.712} {6.957 1.36}
[15:56:29.47] /# gi::executeAction leRuler -in [gi::getWindows 1]
[15:56:29.47] /i ile::createRuler
[15:56:36.05] /# gi::executeAction deAddPoint -in [gi::getWindows 1]
[15:56:36.05] /i de::addPoint {6.445 1.04} -window 1
[15:56:40.52] /# gi::executeAction dePanNorth -in [gi::getWindows 1]
[15:56:40.52] /i de::pan -direction N -multiplier 0.5
[15:56:40.54] /o {5.949 1.036} {6.957 1.684}
[15:56:43.61] /# gi::executeAction deZoomOutAtPoint -in [gi::getWindows 1]
[15:56:43.61] /i de::zoom -window 1 -factor 0.5 -center {6.442 1.05}
[15:56:43.62] /o {5.456 1.022} {7.472 2.318}
[15:56:43.63] /# gi::executeAction deZoomOutAtPoint -in [gi::getWindows 1]
[15:56:43.63] /i de::zoom -window 1 -factor 0.5 -center {6.441 1.05}
[15:56:43.64] /o {4.472 0.994} {8.502 3.586}
[15:56:44.43] /# gi::executeAction deZoomInAtPoint -in [gi::getWindows 1]
[15:56:44.43] /i de::zoom -window 1 -factor 2.0 -center {6.442 1.051}
[15:56:44.44] /o {5.457 1.023} {7.472 2.319}
[15:56:44.44] /# gi::executeAction deZoomInAtPoint -in [gi::getWindows 1]
[15:56:44.44] /i de::zoom -window 1 -factor 2.0 -center {6.442 1.051}
[15:56:44.45] /o {5.949 1.037} {6.957 1.685}
[15:56:44.61] /# gi::executeAction deZoomInAtPoint -in [gi::getWindows 1]
[15:56:44.61] /i de::zoom -window 1 -factor 2.0 -center {6.442 1.051}
[15:56:44.62] /o {6.196 1.044} {6.7 1.368}
[15:56:49.14] /# gi::executeAction dePanSouth -in [gi::getWindows 1]
[15:56:49.14] /i de::pan -direction S -multiplier 0.5
[15:56:49.16] /o {6.196 0.882} {6.7 1.206}
[15:56:51.62] /# gi::executeAction deAddPoint -in [gi::getWindows 1]
[15:56:51.62] /i de::addPoint {6.449 0.995} -window 1
[15:56:55.84] /# gi::executeAction deAbortCommand -in [gi::getWindows 1]
[15:56:55.84] /i de::abortCommand -window 1
[15:56:57.75] /# gi::executeAction leMove -in [gi::getWindows 1]
[15:56:57.75] /i ile::move
[15:56:59.52] /# gi::executeAction deAddPoint -in [gi::getWindows 1]
[15:56:59.52] /i de::addPoint {6.531 1.117} -window 1
[15:57:01.93] /# gi::executeAction deAbortCommand -in [gi::getWindows 1]
[15:57:01.93] /i de::abortCommand -window 1
[15:57:04.55] /# gi::executeAction deSelectActive -in [gi::getWindows 1]
[15:57:04.55] /i de::select [de::getActiveFigure [gi::getWindows 1] -point {6.556 1.064} -index 0 -intent none] -replace true
[15:57:04.55] /o oa:0x25eaf6c0
[15:57:05.22] /# gi::executeAction deSelectActive -in [gi::getWindows 1]
[15:57:05.22] /i de::cycleActiveFigure [gi::getWindows 1] -direction next
[15:57:05.23] /o oa:0x25eaefd0
[15:57:05.23] /i de::select [de::getActiveFigure [gi::getWindows 1] -point {6.556 1.064} -index 1 -intent none] -replace true
[15:57:05.23] /o oa:0x25e9a050
[15:57:07.95] /# gi::executeAction deSelectActive -in [gi::getWindows 1]
[15:57:07.95] /i de::select [de::getActiveFigure [gi::getWindows 1] -point {6.658 1.104} -index 0 -intent none] -replace true
[15:57:07.96] /o oa:0x251a28a0
[15:57:09.14] /# gi::executeAction deSelectActive -in [gi::getWindows 1]
[15:57:09.14] /i de::select [de::getActiveFigure [gi::getWindows 1] -point {6.551 1.109} -index 0 -intent none] -replace true
[15:57:09.15] /o oa:0x25d96f60
[15:57:12.52] /# gi::executeAction leMove -in [gi::getWindows 1]
[15:57:12.52] /i ile::move
[15:57:13.99] /# gi::executeAction deStartDrag -in [gi::getWindows 1]
[15:57:13.99] /i de::startDrag {6.532 1.135} -window 1
[15:57:21.04] /# gi::executeAction deEndDrag -in [gi::getWindows 1]
[15:57:21.04] /i de::endDrag {6.527 1.144} -window 1
[15:57:25.14] /w Warning: Nothing is bound to the 'Meta-s' in the current active set. (WINDOW-015)
[15:57:28.70] /i gi::executeAction deSaveDesign -in [gi::getWindows 1]
[15:57:28.73] /m Information: Saving design 'mylibrary nand layout'. (DESIGN_WINDOW-004)
[15:57:35.40] /# gi::executeAction deZoomOutAtPoint -in [gi::getWindows 1]
[15:57:35.40] /i de::zoom -window 1 -factor 0.5 -center {0.746 1.069}
[15:57:35.41] /o {0.422 0.979} {0.926 1.303}
[15:57:35.42] /# gi::executeAction deZoomOutAtPoint -in [gi::getWindows 1]
[15:57:35.42] /i de::zoom -window 1 -factor 0.5 -center {0.746 1.069}
[15:57:35.43] /o {0.098 0.889} {1.106 1.537}
[15:57:35.46] /# gi::executeAction deZoomOutAtPoint -in [gi::getWindows 1]
[15:57:35.46] /i de::zoom -window 1 -factor 0.5 -center {0.745 1.069}
[15:57:35.47] /o {-0.549 0.709} {1.467 2.005}
[15:57:35.48] /# gi::executeAction deZoomOutAtPoint -in [gi::getWindows 1]
[15:57:35.48] /i de::zoom -window 1 -factor 0.5 -center {0.745 1.07}
[15:57:35.49] /o {-1.842 0.348} {2.188 2.94}
[15:57:35.49] /# gi::executeAction deZoomOutAtPoint -in [gi::getWindows 1]
[15:57:35.49] /i de::zoom -window 1 -factor 0.5 -center {0.745 1.07}
[15:57:35.50] /o {-4.429 -0.374} {3.631 4.81}
[15:57:35.83] /# gi::executeAction deZoomInAtPoint -in [gi::getWindows 1]
[15:57:35.83] /i de::zoom -window 1 -factor 2.0 -center {0.745 1.069}
[15:57:35.84] /o {-1.842 0.348} {2.188 2.94}
[15:57:36.14] /# gi::executeAction deZoomInAtPoint -in [gi::getWindows 1]
[15:57:36.14] /i de::zoom -window 1 -factor 2.0 -center {0.745 1.069}
[15:57:36.15] /o {-0.549 0.708} {1.467 2.004}
[15:57:36.46] /# gi::executeAction deZoomInAtPoint -in [gi::getWindows 1]
[15:57:36.46] /i de::zoom -window 1 -factor 2.0 -center {0.745 1.069}
[15:57:36.47] /o {0.098 0.889} {1.106 1.537}
[15:57:37.32] /# gi::executeAction deZoomInAtPoint -in [gi::getWindows 1]
[15:57:37.32] /i de::zoom -window 1 -factor 2.0 -center {0.745 1.069}
[15:57:37.33] /o {0.422 0.979} {0.925 1.303}
[15:57:46.13] /# gi::executeAction leRuler -in [gi::getWindows 1]
[15:57:46.13] /i ile::createRuler
[15:57:47.60] /# gi::executeAction deAddPoint -in [gi::getWindows 1]
[15:57:47.60] /i de::addPoint {0.645 1.038} -window 1
[15:57:50.41] /# gi::executeAction deAddPoint -in [gi::getWindows 1]
[15:57:50.41] /i de::addPoint {0.648 0.995} -window 1
[15:57:53.50] /# gi::executeAction leStretch -in [gi::getWindows 1]
[15:57:53.50] /i ile::stretch
[15:57:56.00] /# gi::executeAction deAddPoint -in [gi::getWindows 1]
[15:57:56.00] /i de::addPoint {0.724 0.996} -window 1
[15:57:57.32] /# gi::executeAction deAddPoint -in [gi::getWindows 1]
[15:57:57.32] /i de::addPoint {0.733 0.995} -window 1
[15:58:01.31] /# gi::executeAction leStretch -in [gi::getWindows 1]
[15:58:01.31] /i ile::stretch
[15:58:02.99] /# gi::executeAction deAddPoint -in [gi::getWindows 1]
[15:58:02.99] /i de::addPoint {0.724 1} -window 1
[15:58:04.60] /# gi::executeAction deAddPoint -in [gi::getWindows 1]
[15:58:04.60] /i de::addPoint {0.727 0.993} -window 1
[15:58:08.06] /# gi::executeAction deSelectActive -in [gi::getWindows 1]
[15:58:08.06] /i de::select [de::getActiveFigure [gi::getWindows 1] -point {0.733 1.209} -index 0 -intent none] -replace true
[15:58:08.07] /o oa:0x25dff990
[15:58:09.93] /# gi::executeAction leStretch -in [gi::getWindows 1]
[15:58:09.93] /i ile::stretch
[15:58:11.94] /# gi::executeAction deAddPoint -in [gi::getWindows 1]
[15:58:11.94] /i de::addPoint {0.725 0.996} -window 1
[15:58:16.70] /# gi::executeAction deAddPoint -in [gi::getWindows 1]
[15:58:16.70] /i de::addPoint {0.726 0.991} -window 1
[15:58:23.31] /i gi::executeAction deCanvasDragCancel -in [gi::getWindows 1]
[15:58:24.46] /i gi::executeAction deCanvasDragCancel -in [gi::getWindows 1]
[15:58:28.72] /i gi::executeAction deSaveDesign -in [gi::getWindows 1]
[15:58:28.76] /m Information: Saving design 'mylibrary nand layout'. (DESIGN_WINDOW-004)
[15:58:34.10] /# gi::executeAction xtDRCSetup -in [gi::getWindows 1]
[15:58:34.10] /i xt::showDRCSetup -job drc -window 1
[15:58:35.09] /# gi::setActiveDialog [gi::getDialogs {xtDRCSetup} -parent [gi::getWindows 1]]
[15:58:35.45] /# db::setAttr geometry -of [gi::getDialogs {xtDRCSetup} -parent [gi::getWindows 1]] -value 445x457+470+45
[15:58:39.11] /o oa:0x25ce06f0
[15:58:40.21] /m Information: Connection closed with 'IC Validator VUE' running on 'bender.engr.ucr.edu'.
[15:58:41.35] /i gi::pressButton {/ok} -in [gi::getDialogs {xtDRCSetup} -parent [gi::getWindows 1]]
[15:58:41.37] /w Warning: Attribute 'foreground' is deprecated for objects of type 'giCell' and scheduled for removal in a future release. See instead 'style.foreground'. For migration assistance, see the Custom Designer Tcl Reference Manual. (TCL_OBJECT-061)
[15:58:41.82] /# xt::physicalVerification::executePve drc 1
[15:58:49.81] /m Information: 
              /c =============================
              /c JobID: icv_drc_3
              /c --- ERROR SUMMARY -----------
              /c  R.CO.E7: Min enclosure of contact at end of line
              /c    not_covered_by ..................................... 1 violation found.
              /c  R.M1.S.1: Minimum spacing=0.14um
              /c    external1 .......................................... 3 violations found.
              /c  R.PO.EX.1: Minimum gate extension of active (endcap) 
              /c  0.18um
              /c    enclose ............................................ 4 violations found.
              /c  R.PO.W.1: Minimum width=0.1um
              /c    internal1 .......................................... 1 violation found.
              /c =============================
              /c 
[15:58:52.46] /m Information: Connection established with 'IC Validator VUE' running on 'bender.engr.ucr.edu'.
[15:59:14.61] /# gi::executeAction dePanSouth -in [gi::getWindows 1]
[15:59:14.61] /i de::pan -direction S -multiplier 0.5
[15:59:14.62] /o {7.024 1.208} {7.276 1.37}
[15:59:15.19] /# gi::executeAction dePanSouth -in [gi::getWindows 1]
[15:59:15.19] /i de::pan -direction S -multiplier 0.5
[15:59:15.20] /o {7.024 1.127} {7.276 1.289}
[15:59:16.16] /# gi::executeAction dePanNorth -in [gi::getWindows 1]
[15:59:16.16] /i de::pan -direction N -multiplier 0.5
[15:59:16.17] /o {7.024 1.208} {7.276 1.37}
[15:59:16.64] /# gi::executeAction dePanNorth -in [gi::getWindows 1]
[15:59:16.64] /i de::pan -direction N -multiplier 0.5
[15:59:16.65] /o {7.024 1.289} {7.276 1.451}
[15:59:17.16] /# gi::executeAction dePanNorth -in [gi::getWindows 1]
[15:59:17.16] /i de::pan -direction N -multiplier 0.5
[15:59:17.16] /o {7.024 1.37} {7.276 1.532}
[15:59:20.34] /# gi::executeAction deSelectActive -in [gi::getWindows 1]
[15:59:20.34] /i de::select [de::getActiveFigure [gi::getWindows 1] -point {7.112 1.452} -index 0 -intent none] -replace true
[15:59:20.35] /o oa:0x25f93b20
[15:59:22.15] /# gi::executeAction leStretch -in [gi::getWindows 1]
[15:59:22.15] /i ile::stretch
[15:59:24.37] /# gi::executeAction deStartDrag -in [gi::getWindows 1]
[15:59:24.37] /i de::startDrag {7.14 1.48} -window 1
[15:59:26.38] /# gi::executeAction deEndDrag -in [gi::getWindows 1]
[15:59:26.38] /i de::endDrag {7.141 1.486} -window 1
[15:59:28.40] /# gi::executeAction leRuler -in [gi::getWindows 1]
[15:59:28.40] /i ile::createRuler
[15:59:30.63] /# gi::executeAction deAddPoint -in [gi::getWindows 1]
[15:59:30.63] /i de::addPoint {7.086 1.435} -window 1
[15:59:31.93] /# gi::executeAction deAddPoint -in [gi::getWindows 1]
[15:59:31.93] /i de::addPoint {7.086 1.487} -window 1
[15:59:32.72] /# gi::executeAction deAbortCommand -in [gi::getWindows 1]
[15:59:32.72] /i de::abortCommand -window 1
[15:59:32.94] /i gi::executeAction leFocusCanvasToolbar -in [gi::getWindows 1]
[15:59:33.64] /i gi::executeAction leFocusCanvasToolbar -in [gi::getWindows 1]
[15:59:39.85] /i gi::executeAction deSaveDesign -in [gi::getWindows 1]
[15:59:39.89] /m Information: Saving design 'mylibrary nand layout'. (DESIGN_WINDOW-004)
[15:59:42.54] /# gi::executeAction xtDRCSetup -in [gi::getWindows 1]
[15:59:42.54] /i xt::showDRCSetup -job drc -window 1
[15:59:43.75] /# gi::setActiveDialog [gi::getDialogs {xtDRCSetup} -parent [gi::getWindows 1]]
[15:59:44.09] /# db::setAttr geometry -of [gi::getDialogs {xtDRCSetup} -parent [gi::getWindows 1]] -value 445x457+470+45
[15:59:47.72] /o oa:0x25e3f900
[15:59:51.03] /m Information: Connection closed with 'IC Validator VUE' running on 'bender.engr.ucr.edu'.
[15:59:52.50] /i gi::pressButton {/ok} -in [gi::getDialogs {xtDRCSetup} -parent [gi::getWindows 1]]
[15:59:52.96] /# xt::physicalVerification::executePve drc 1
[15:59:59.33] /# gi::executeAction xtDRCSetup -in [gi::getWindows 1]
[15:59:59.33] /i xt::showDRCSetup -job drc -window 1
[16:00:00.57] /# gi::setActiveDialog [gi::getDialogs {xtDRCSetup} -parent [gi::getWindows 1]]
[16:00:00.94] /# db::setAttr geometry -of [gi::getDialogs {xtDRCSetup} -parent [gi::getWindows 1]] -value 445x457+470+45
[16:00:01.43] /m Information: 
              /c =============================
              /c JobID: icv_drc_4
              /c --- ERROR SUMMARY -----------
              /c  R.M1.S.1: Minimum spacing=0.14um
              /c    external1 .......................................... 3 violations found.
              /c  R.PO.EX.1: Minimum gate extension of active (endcap) 
              /c  0.18um
              /c    enclose ............................................ 4 violations found.
              /c  R.PO.W.1: Minimum width=0.1um
              /c    internal1 .......................................... 1 violation found.
              /c =============================
              /c 
