[15:47:12.38] /o Custom Designer (TM) Version J-2014.12-SP2-2
              /c Build  (OPT) Config 2901729 compiled on Sun Jul 26 20:41:43 2015 for RHEL64 5.7
              /c Invocation: /usr/local/synopsys/customdesigner/J-2014.12-SP2-2/amd64/platform/bin/cdesigner
              /c Execution time: Fri Feb 22 15:47:09 2019
              /c Host: bender.engr.ucr.edu
              /c 
              /c Copyright © 2004-2015 Synopsys, Inc. All rights reserved.
              /c Your use of this program is subject to the terms and conditions of the written license agreement between you, or your company, and Synopsys.
              /c 
[15:47:14.16] /m Information: ::xt::physicalVerification::_private::processValidationProc: Invalid process 'SAED 90nm'.
[15:47:14.16] /m Information: ::xt::physicalVerification::_private::variantValidationProc: Invalid process ''.
[16:30:10.79] /o Process killed
              /c Information: The process was terminated by "Termination" signal.
              /c signal number = 15
              /c Numeric Stack Dump 
              /c '76737780 140274261471871 140274262245901 140274429432619 140274429432923 140274445670222 140274450520845 140274445494881 140274445495467 140274445512618 73943954 67895282 140274261390292 73908908'
              /c PID Maps 
              /c 00400000-0d54c000 r-xp 00000000 08:02 412671200                          /usr/local/synopsys/customdesigner/J-2014.12-SP2-2/amd64/platform/bin/cdesigner
              /c 0d74b000-0e115000 rw-p 0d14b000 08:02 412671200                          /usr/local/synopsys/customdesigner/J-2014.12-SP2-2/amd64/platform/bin/cdesigner
              /c 0e115000-1fc37000 rw-p 00000000 00:00 0 
              /c 210ad000-27ca1000 rw-p 00000000 00:00 0                                  [heap]
              /c 7f940c000000-7f940c074000 rw-p 00000000 00:00 0 
              /c 7f940c074000-7f9410000000 ---p 00000000 00:00 0 
              /c 7f9412146000-7f9412148000 r-xp 00000000 08:02 782843                     /usr/lib64/libutil-2.17.so
              /c 7f9412148000-7f9412347000 ---p 00002000 08:02 782843                     /usr/lib64/libutil-2.17.so
              /c 7f9412347000-7f9412348000 r--p 00001000 08:02 782843                     /usr/lib64/libutil-2.17.so
              /c 7f9412348000-7f9412349000 rw-p 00002000 08:02 782843                     /usr/lib64/libutil-2.17.so
              /c 7f9412349000-7f94124c3000 r-xp 00000000 08:02 412637573                  /usr/local/synopsys/customdesigner/J-2014.12-SP2-2/amd64/Python/2.6.2/lib/libpython2.6.so.1.0
              /c 7f94124c3000-7f94126c2000 ---p 0017a000 08:02 412637573                  /usr/local/synopsys/customdesigner/J-2014.12-SP2-2/amd64/Python/2.6.2/lib/libpython2.6.so.1.0
              /c 7f94126c2000-7f94126fe000 rw-p 00179000 08:02 412637573                  /usr/local/synopsys/customdesigner/J-2014.12-SP2-2/amd64/Python/2.6.2/lib/libpython2.6.so.1.0
              /c 7f94126fe000-7f941270c000 rw-p 00000000 00:00 0 
              /c 7f941270c000-7f9412868000 r-xp 00000000 08:02 412679128                  /usr/local/synopsys/customdesigner/J-2014.12-SP2-2/amd64/tclpy/PY2.6.2/tclpy.so
              /c 7f9412868000-7f9412a67000 ---p 0015c000 08:02 412679128                  /usr/local/synopsys/customdesigner/J-2014.12-SP2-2/amd64/tclpy/PY2.6.2/tclpy.so
              /c 7f9412a67000-7f9412a73000 rw-p 0015b000 08:02 412679128                  /usr/local/synopsys/customdesigner/J-2014.12-SP2-2/amd64/tclpy/PY2.6.2/tclpy.so
              /c 7f9412a73000-7f9412a78000 r-xp 00000000 08:02 24295959                   /usr/local/synopsys/customdesigner/J-2014.12-SP2-2/amd64/tdk/lib/libtbcload1.7.so
              /c 7f9412a78000-7f9412c77000 ---p 00005000 08:02 24295959                   /usr/local/synopsys/customdesigner/J-2014.12-SP2-2/amd64/tdk/lib/libtbcload1.7.so
              /c 7f9412c77000-7f9412c78000 rw-p 00004000 08:02 24295959                   /usr/local/synopsys/customdesigner/J-2014.12-SP2-2/amd64/tdk/lib/libtbcload1.7.so
              /c 7f9412c78000-7f9412c79000 ---p 00000000 00:00 0 
              /c 7f9412c79000-7f9413e7a000 rw-p 00000000 00:00 0 
              /c 7f9413e7a000-7f9413ecc000 r--p 00000000 08:02 342042151                  /usr/share/fonts/dejavu/DejaVuSansMono.ttf
              /c 7f9413ecc000-7f9413edb000 r-xp 00000000 08:02 31865                      /usr/lib64/libbz2.so.1.0.6
              /c 7f9413edb000-7f94140da000 ---p 0000f000 08:02 31865                      /usr/lib64/libbz2.so.1.0.6
              /c 7f94140da000-7f94140db000 r--p 0000e000 08:02 31865                      /usr/lib64/libbz2.so.1.0.6
              /c 7f94140db000-7f94140dc000 rw-p 0000f000 08:02 31865                      /usr/lib64/libbz2.so.1.0.6
              /c 7f94140dc000-7f94140f3000 r-xp 00000000 08:02 494600                     /usr/lib64/libelf-0.172.so
              /c 7f94140f3000-7f94142f2000 ---p 00017000 08:02 494600                     /usr/lib64/libelf-0.172.so
              /c 7f94142f2000-7f94142f3000 r--p 00016000 08:02 494600                     /usr/lib64/libelf-0.172.so
              /c 7f94142f3000-7f94142f4000 rw-p 00017000 08:02 494600                     /usr/lib64/libelf-0.172.so
              /c 7f94142f4000-7f94142f8000 r-xp 00000000 08:02 32132                      /usr/lib64/libattr.so.1.1.0
              /c 7f94142f8000-7f94144f7000 ---p 00004000 08:02 32132                      /usr/lib64/libattr.so.1.1.0
              /c 7f94144f7000-7f94144f8000 r--p 00003000 08:02 32132                      /usr/lib64/libattr.so.1.1.0
              /c 7f94144f8000-7f94144f9000 rw-p 00004000 08:02 32132                      /usr/lib64/libattr.so.1.1.0
              /c 7f94144f9000-7f9414545000 r-xp 00000000 08:02 814018                     /usr/lib64/libdw-0.172.so
              /c 7f9414545000-7f9414745000 ---p 0004c000 08:02 814018                     /usr/lib64/libdw-0.172.so
              /c 7f9414745000-7f9414747000 r--p 0004c000 08:02 814018                     /usr/lib64/libdw-0.172.so
              /c 7f9414747000-7f9414748000 rw-p 0004e000 08:02 814018                     /usr/lib64/libdw-0.172.so
              /c 7f9414748000-7f941474c000 r-xp 00000000 08:02 32759                      /usr/lib64/libgpg-error.so.0.10.0
              /c 7f941474c000-7f941494b000 ---p 00004000 08:02 32759                      /usr/lib64/libgpg-error.so.0.10.0
              /c 7f941494b000-7f941494c000 r--p 00003000 08:02 32759                      /usr/lib64/libgpg-error.so.0.10.0
              /c 7f941494c000-7f941494d000 rw-p 00004000 08:02 32759                      /usr/lib64/libgpg-error.so.0.10.0
              /c 7f941494d000-7f94149ca000 r-xp 00000000 08:02 31722                      /usr/lib64/libgcrypt.so.11.8.2
              /c 7f94149ca000-7f9414bc9000 ---p 0007d000 08:02 31722                      /usr/lib64/libgcrypt.so.11.8.2
              /c 7f9414bc9000-7f9414bca000 r--p 0007c000 08:02 31722                      /usr/lib64/libgcrypt.so.11.8.2
              /c 7f9414bca000-7f9414bcd000 rw-p 0007d000 08:02 31722                      /usr/lib64/libgcrypt.so.11.8.2
              /c 7f9414bcd000-7f9414bce000 rw-p 00000000 00:00 0 
              /c 7f9414bce000-7f9414be2000 r-xp 00000000 08:02 634055                     /usr/lib64/liblz4.so.1.7.5
              /c 7f9414be2000-7f9414de1000 ---p 00014000 08:02 634055                     /usr/lib64/liblz4.so.1.7.5
              /c 7f9414de1000-7f9414de2000 r--p 00013000 08:02 634055                     /usr/lib64/liblz4.so.1.7.5
              /c 7f9414de2000-7f9414de3000 rw-p 00014000 08:02 634055                     /usr/lib64/liblz4.so.1.7.5
              /c 7f9414de3000-7f9414e08000 r-xp 00000000 08:02 31744                      /usr/lib64/liblzma.so.5.2.2
              /c 7f9414e08000-7f9415007000 ---p 00025000 08:02 31744                      /usr/lib64/liblzma.so.5.2.2
              /c 7f9415007000-7f9415008000 r--p 00024000 08:02 31744                      /usr/lib64/liblzma.so.5.2.2
              /c 7f9415008000-7f9415009000 rw-p 00025000 08:02 31744                      /usr/lib64/liblzma.so.5.2.2
              /c 7f9415009000-7f941500d000 r-xp 00000000 08:02 32138                      /usr/lib64/libcap.so.2.22
              /c 7f941500d000-7f941520c000 ---p 00004000 08:02 32138                      /usr/lib64/libcap.so.2.22
              /c 7f941520c000-7f941520d000 r--p 00003000 08:02 32138                      /usr/lib64/libcap.so.2.22
              /c 7f941520d000-7f941520e000 rw-p 00004000 08:02 32138                      /usr/lib64/libcap.so.2.22
              /c 7f941520e000-7f941523d000 r-xp 00000000 08:02 814029                     /usr/lib64/libsystemd.so.0.6.0
              /c 7f941523d000-7f941543d000 ---p 0002f000 08:02 814029                     /usr/lib64/libsystemd.so.0.6.0
              /c 7f941543d000-7f941543e000 r--p 0002f000 08:02 814029                     /usr/lib64/libsystemd.so.0.6.0
              /c 7f941543e000-7f941543f000 rw-p 00030000 08:02 814029                     /usr/lib64/libsystemd.so.0.6.0
              /c 7f941543f000-7f9415463000 r-xp 00000000 08:02 782851                     /usr/lib64/libselinux.so.1
              /c 7f9415463000-7f9415662000 ---p 00024000 08:02 782851                     /usr/lib64/libselinux.so.1
              /c 7f9415662000-7f9415663000 r--p 00023000 08:02 782851                     /usr/lib64/libselinux.so.1
              /c 7f9415663000-7f9415664000 rw-p 00024000 08:02 782851                     /usr/lib64/libselinux.so.1
              /c 7f9415664000-7f9415666000 rw-p 00000000 00:00 0 
              /c 7f9415666000-7f9415668000 r-xp 00000000 08:02 681468                     /usr/lib64/libfreebl3.so
              /c 7f9415668000-7f9415867000 ---p 00002000 08:02 681468                     /usr/lib64/libfreebl3.so
              /c 7f9415867000-7f9415868000 r--p 00001000 08:02 681468                     /usr/lib64/libfreebl3.so
              /c 7f9415868000-7f9415869000 rw-p 00002000 08:02 681468                     /usr/lib64/libfreebl3.so
              /c 7f9415869000-7f94158b7000 r-xp 00000000 08:02 814033                     /usr/lib64/libdbus-1.so.3.14.14
              /c 7f94158b7000-7f9415ab6000 ---p 0004e000 08:02 814033                     /usr/lib64/libdbus-1.so.3.14.14
              /c 7f9415ab6000-7f9415ab7000 r--p 0004d000 08:02 814033                     /usr/lib64/libdbus-1.so.3.14.14
              /c 7f9415ab7000-7f9415ab8000 rw-p 0004e000 08:02 814033                     /usr/lib64/libdbus-1.so.3.14.14
              /c 7f9415ab8000-7f9415ab9000 rw-p 00000000 00:00 0 
              /c 7f9415ab9000-7f9415abc000 r-xp 00000000 08:02 53265                      /usr/lib64/libkeyutils.so.1.5
              /c 7f9415abc000-7f9415cbb000 ---p 00003000 08:02 53265                      /usr/lib64/libkeyutils.so.1.5
              /c 7f9415cbb000-7f9415cbc000 r--p 00002000 08:02 53265                      /usr/lib64/libkeyutils.so.1.5
              /c 7f9415cbc000-7f9415cbd000 rw-p 00003000 08:02 53265                      /usr/lib64/libkeyutils.so.1.5
              /c 7f9415cbd000-7f9415cca000 r-xp 00000000 08:02 1611                       /usr/lib64/libkrb5support.so.0.1
              /c 7f9415cca000-7f9415eca000 ---p 0000d000 08:02 1611                       /usr/lib64/libkrb5support.so.0.1
              /c 7f9415eca000-7f9415ecb000 r--p 0000d000 08:02 1611                       /usr/lib64/libkrb5support.so.0.1
              /c 7f9415ecb000-7f9415ecc000 rw-p 0000e000 08:02 1611                       /usr/lib64/libkrb5support.so.0.1
              /c 7f9415ecc000-7f9415ed4000 r-xp 00000000 08:02 1592                       /usr/lib64/libcrypt-2.17.so
              /c 7f9415ed4000-7f94160d3000 ---p 00008000 08:02 1592                       /usr/lib64/libcrypt-2.17.so
              /c 7f94160d3000-7f94160d4000 r--p 00007000 08:02 1592                       /usr/lib64/libcrypt-2.17.so
              /c 7f94160d4000-7f94160d5000 rw-p 00008000 08:02 1592                       /usr/lib64/libcrypt-2.17.so
              /c 7f94160d5000-7f9416103000 rw-p 00000000 00:00 0 
              /c 7f9416103000-7f9416113000 r-xp 00000000 08:02 34191                      /usr/lib64/libavahi-client.so.3.2.9
              /c 7f9416113000-7f9416312000 ---p 00010000 08:02 34191                      /usr/lib64/libavahi-client.so.3.2.9
              /c 7f9416312000-7f9416313000 r--p 0000f000 08:02 34191                      /usr/lib64/libavahi-client.so.3.2.9
              /c 7f9416313000-7f9416314000 rw-p 00010000 08:02 34191                      /usr/lib64/libavahi-client.so.3.2.9
              /c 7f9416314000-7f9416320000 r-xp 00000000 08:02 34196                      /usr/lib64/libavahi-common.so.3.5.3
              /c 7f9416320000-7f941651f000 ---p 0000c000 08:02 34196                      /usr/lib64/libavahi-common.so.3.5.3
              /c 7f941651f000-7f9416520000 r--p 0000b000 08:02 34196                      /usr/lib64/libavahi-common.so.3.5.3
              /c 7f9416520000-7f9416521000 rw-p 0000c000 08:02 34196                      /usr/lib64/libavahi-common.so.3.5.3
              /c 7f9416521000-7f9416755000 r-xp 00000000 08:02 1616                       /usr/lib64/libcrypto.so.1.0.2k
              /c 7f9416755000-7f9416955000 ---p 00234000 08:02 1616                       /usr/lib64/libcrypto.so.1.0.2k
              /c 7f9416955000-7f9416971000 r--p 00234000 08:02 1616                       /usr/lib64/libcrypto.so.1.0.2k
              /c 7f9416971000-7f941697e000 rw-p 00250000 08:02 1616                       /usr/lib64/libcrypto.so.1.0.2k
              /c 7f941697e000-7f9416982000 rw-p 00000000 00:00 0 
              /c 7f9416982000-7f94169e9000 r-xp 00000000 08:02 1623                       /usr/lib64/libssl.so.1.0.2k
              /c 7f94169e9000-7f9416be9000 ---p 00067000 08:02 1623                       /usr/lib64/libssl.so.1.0.2k
              /c 7f9416be9000-7f9416bed000 r--p 00067000 08:02 1623                       /usr/lib64/libssl.so.1.0.2k
              /c 7f9416bed000-7f9416bf4000 rw-p 0006b000 08:02 1623                       /usr/lib64/libssl.so.1.0.2k
              /c 7f9416bf4000-7f9416bf7000 r-xp 00000000 08:02 782872                     /usr/lib64/libcom_err.so.2.1
              /c 7f9416bf7000-7f9416df6000 ---p 00003000 08:02 782872                     /usr/lib64/libcom_err.so.2.1
              /c 7f9416df6000-7f9416df7000 r--p 00002000 08:02 782872                     /usr/lib64/libcom_err.so.2.1
              /c 7f9416df7000-7f9416df8000 rw-p 00003000 08:02 782872                     /usr/lib64/libcom_err.so.2.1
              /c 7f9416df8000-7f9416e11000 r-xp 00000000 08:02 1601                       /usr/lib64/libk5crypto.so.3.1
              /c 7f9416e11000-7f9417010000 ---p 00019000 08:02 1601                       /usr/lib64/libk5crypto.so.3.1
              /c 7f9417010000-7f9417012000 r--p 00018000 08:02 1601                       /usr/lib64/libk5crypto.so.3.1
              /c 7f9417012000-7f9417013000 rw-p 0001a000 08:02 1601                       /usr/lib64/libk5crypto.so.3.1
              /c 7f9417013000-7f94170ec000 r-xp 00000000 08:02 1609                       /usr/lib64/libkrb5.so.3.3
              /c 7f94170ec000-7f94172eb000 ---p 000d9000 08:02 1609                       /usr/lib64/libkrb5.so.3.3
              /c 7f94172eb000-7f94172f9000 r--p 000d8000 08:02 1609                       /usr/lib64/libkrb5.so.3.3
              /c 7f94172f9000-7f94172fc000 rw-p 000e6000 08:02 1609                       /usr/lib64/libkrb5.so.3.3
              /c 7f94172fc000-7f9417346000 r-xp 00000000 08:02 782875                     /usr/lib64/libgssapi_krb5.so.2.2
              /c 7f9417346000-7f9417546000 ---p 0004a000 08:02 782875                     /usr/lib64/libgssapi_krb5.so.2.2
              /c 7f9417546000-7f9417547000 r--p 0004a000 08:02 782875                     /usr/lib64/libgssapi_krb5.so.2.2
              /c 7f9417547000-7f9417549000 rw-p 0004b000 08:02 782875                     /usr/lib64/libgssapi_krb5.so.2.2
              /c 7f9417549000-7f94175ac000 r-xp 00000000 08:02 512449                     /usr/lib64/libcups.so.2
              /c 7f94175ac000-7f94177ac000 ---p 00063000 08:02 512449                     /usr/lib64/libcups.so.2
              /c 7f94177ac000-7f94177b0000 r--p 00063000 08:02 512449                     /usr/lib64/libcups.so.2
              /c 7f94177b0000-7f94177b1000 rw-p 00067000 08:02 512449                     /usr/lib64/libcups.so.2
              /c 7f94177b1000-7f94177b2000 rw-p 00000000 00:00 0 
              /c 7f94177b2000-7f94177c8000 r-xp 00000000 08:02 782837                     /usr/lib64/libresolv-2.17.so
              /c 7f94177c8000-7f94179c7000 ---p 00016000 08:02 782837                     /usr/lib64/libresolv-2.17.so
              /c 7f94179c7000-7f94179c8000 r--p 00015000 08:02 782837                     /usr/lib64/libresolv-2.17.so
              /c 7f94179c8000-7f94179c9000 rw-p 00016000 08:02 782837                     /usr/lib64/libresolv-2.17.so
              /c 7f94179c9000-7f94179cb000 rw-p 00000000 00:00 0 
              /c 7f94179cb000-7f94179d0000 r-xp 00000000 08:02 782825                     /usr/lib64/libnss_dns-2.17.so
              /c 7f94179d0000-7f9417bd0000 ---p 00005000 08:02 782825                     /usr/lib64/libnss_dns-2.17.so
              /c 7f9417bd0000-7f9417bd1000 r--p 00005000 08:02 782825                     /usr/lib64/libnss_dns-2.17.so
              /c 7f9417bd1000-7f9417bd2000 rw-p 00006000 08:02 782825                     /usr/lib64/libnss_dns-2.17.so
              /c 7f9417bd2000-7f9417beb000 r-xp 00000000 08:02 412673893                  /usr/local/synopsys/customdesigner/J-2014.12-SP2-2/amd64/tcl-dp/lib/libdp42.so
              /c 7f9417beb000-7f9417dea000 ---p 00019000 08:02 412673893                  /usr/local/synopsys/customdesigner/J-2014.12-SP2-2/amd64/tcl-dp/lib/libdp42.so
              /c 7f9417dea000-7f9417dec000 rw-p 00018000 08:02 412673893                  /usr/local/synopsys/customdesigner/J-2014.12-SP2-2/amd64/tcl-dp/lib/libdp42.so
              /c 7f9417dec000-7f9417dfe000 r-xp 00000000 08:02 354137                     /usr/local/synopsys/customdesigner/J-2014.12-SP2-2/amd64/OA/lib/linux_rhel50_gcc44x_64/opt/liboaTclEngine.so
              /c 7f9417dfe000-7f9417ffe000 ---p 00012000 08:02 354137                     /usr/local/synopsys/customdesigner/J-2014.12-SP2-2/amd64/OA/lib/linux_rhel50_gcc44x_64/opt/liboaTclEngine.so
              /c 7f9417ffe000-7f9418000000 rw-p 00012000 08:02 354137                     /usr/local/synopsys/customdesigner/J-2014.12-SP2-2/amd64/OA/lib/linux_rhel50_gcc44x_64/opt/liboaTclEngine.so
              /c 7f9418000000-7f9418021000 rw-p 00000000 00:00 0 
              /c 7f9418021000-7f941c000000 ---p 00000000 00:00 0 
              /c 7f941c009000-7f941c049000 rw-p 00000000 00:00 0 
              /c 7f941c049000-7f941c126000 r-xp 00000000 08:02 25101292                   /usr/local/synopsys/customdesigner/J-2014.12-SP2-2/amd64/platform/lib/librq_plugin.so
              /c 7f941c126000-7f941c325000 ---p 000dd000 08:02 25101292                   /usr/local/synopsys/customdesigner/J-2014.12-SP2-2/amd64/platform/lib/librq_plugin.so
              /c 7f941c325000-7f941c32c000 rw-p 000dc000 08:02 25101292                   /usr/local/synopsys/customdesigner/J-2014.12-SP2-2/amd64/platform/lib/librq_plugin.so
              /c 7f941c32c000-7f941c389000 r-xp 00000000 08:02 25101291                   /usr/local/synopsys/customdesigner/J-2014.12-SP2-2/amd64/platform/lib/libpcell_caching.so
              /c 7f941c389000-7f941c588000 ---p 0005d000 08:02 25101291                   /usr/local/synopsys/customdesigner/J-2014.12-SP2-2/amd64/platform/lib/libpcell_caching.so
              /c 7f941c588000-7f941c58d000 rw-p 0005c000 08:02 25101291                   /usr/local/synopsys/customdesigner/J-2014.12-SP2-2/amd64/platform/lib/libpcell_caching.so
              /c 7f941c58d000-7f941c597000 r-xp 00000000 08:02 354127                     /usr/local/synopsys/customdesigner/J-2014.12-SP2-2/amd64/OA/lib/linux_rhel50_gcc44x_64/opt/liboaNativeLock.so
              /c 7f941c597000-7f941c797000 ---p 0000a000 08:02 354127                     /usr/local/synopsys/customdesigner/J-2014.12-SP2-2/amd64/OA/lib/linux_rhel50_gcc44x_64/opt/liboaNativeLock.so
              /c 7f941c797000-7f941c798000 rw-p 0000a000 08:02 354127                     /usr/local/synopsys/customdesigner/J-2014.12-SP2-2/amd64/OA/lib/linux_rhel50_gcc44x_64/opt/liboaNativeLock.so
              /c 7f941c798000-7f941c7cf000 r-xp 00000000 08:02 354144                     /usr/local/synopsys/customdesigner/J-2014.12-SP2-2/amd64/OA/lib/linux_rhel50_gcc44x_64/opt/libsnpsLibDef.so
              /c 7f941c7cf000-7f941c9ce000 ---p 00037000 08:02 354144                     /usr/local/synopsys/customdesigner/J-2014.12-SP2-2/amd64/OA/lib/linux_rhel50_gcc44x_64/opt/libsnpsLibDef.so
              /c 7f941c9ce000-7f941c9d0000 rw-p 00036000 08:02 354144                     /usr/local/synopsys/customdesigner/J-2014.12-SP2-2/amd64/OA/lib/linux_rhel50_gcc44x_64/opt/libsnpsLibDef.so
              /c 7f941c9d0000-7f941c9d1000 rw-p 00000000 00:00 0 
              /c 7f941c9d1000-7f941ca81000 r--p 00000000 08:02 347820209                  /usr/share/fonts/dejavu/DejaVuSans.ttf
              /c 7f941ca81000-7f941cada000 r-xp 00000000 08:02 294590794                  /usr/local/synopsys/customdesigner/J-2014.12-SP2-2/amd64/qt/plugins/imageformats/libqtiff.so
              /c 7f941cada000-7f941cbd9000 ---p 00059000 08:02 294590794                  /usr/local/synopsys/customdesigner/J-2014.12-SP2-2/amd64/qt/plugins/imageformats/libqtiff.so
              /c 7f941cbd9000-7f941cbdc000 rw-p 00058000 08:02 294590794                  /usr/local/synopsys/customdesigner/J-2014.12-SP2-2/amd64/qt/plugins/imageformats/libqtiff.so
              /c 7f941cbdc000-7f941cbe1000 r-xp 00000000 08:02 294130453                  /usr/local/synopsys/customdesigner/J-2014.12-SP2-2/amd64/qt/plugins/imageformats/libqsvg.so
              /c 7f941cbe1000-7f941cce1000 ---p 00005000 08:02 294130453                  /usr/local/synopsys/customdesigner/J-2014.12-SP2-2/amd64/qt/plugins/imageformats/libqsvg.so
              /c 7f941cce1000-7f941cce2000 rw-p 00005000 08:02 294130453                  /usr/local/synopsys/customdesigner/J-2014.12-SP2-2/amd64/qt/plugins/imageformats/libqsvg.so
              /c 7f941cce2000-7f941cd3e000 r-xp 00000000 08:02 294130457                  /usr/local/synopsys/customdesigner/J-2014.12-SP2-2/amd64/qt/plugins/imageformats/libqmng.so
              /c 7f941cd3e000-7f941ce3d000 ---p 0005c000 08:02 294130457                  /usr/local/synopsys/customdesigner/J-2014.12-SP2-2/amd64/qt/plugins/imageformats/libqmng.so
              /c 7f941ce3d000-7f941ce41000 rw-p 0005b000 08:02 294130457                  /usr/local/synopsys/customdesigner/J-2014.12-SP2-2/amd64/qt/plugins/imageformats/libqmng.so
              /c 7f941ce41000-7f941ce7d000 r-xp 00000000 08:02 294130454                  /usr/local/synopsys/customdesigner/J-2014.12-SP2-2/amd64/qt/plugins/imageformats/libqjpeg.so
              /c 7f941ce7d000-7f941cf7d000 ---p 0003c000 08:02 294130454                  /usr/local/synopsys/customdesigner/J-2014.12-SP2-2/amd64/qt/plugins/imageformats/libqjpeg.so
              /c 7f941cf7d000-7f941cf7e000 rw-p 0003c000 08:02 294130454                  /usr/local/synopsys/customdesigner/J-2014.12-SP2-2/amd64/qt/plugins/imageformats/libqjpeg.so
              /c 7f941cf7e000-7f941cf85000 r-xp 00000000 08:02 294130456                  /usr/local/synopsys/customdesigner/J-2014.12-SP2-2/amd64/qt/plugins/imageformats/libqico.so
              /c 7f941cf85000-7f941d084000 ---p 00007000 08:02 294130456                  /usr/local/synopsys/customdesigner/J-2014.12-SP2-2/amd64/qt/plugins/imageformats/libqico.so
              /c 7f941d084000-7f941d085000 rw-p 00006000 08:02 294130456                  /usr/local/synopsys/customdesigner/J-2014.12-SP2-2/amd64/qt/plugins/imageformats/libqico.so
              /c 7f941d085000-7f941d08c000 r-xp 00000000 08:02 294130455                  /usr/local/synopsys/customdesigner/J-2014.12-SP2-2/amd64/qt/plugins/imageformats/libqgif.so
              /c 7f941d08c000-7f941d18b000 ---p 00007000 08:02 294130455                  /usr/local/synopsys/customdesigner/J-2014.12-SP2-2/amd64/qt/plugins/imageformats/libqgif.so
              /c 7f941d18b000-7f941d18c000 rw-p 00006000 08:02 294130455                  /usr/local/synopsys/customdesigner/J-2014.12-SP2-2/amd64/qt/plugins/imageformats/libqgif.so
              /c 7f941d18c000-7f941d18e000 r-xp 00000000 08:02 134236303                  /usr/lib64/gconv/UTF-16.so
              /c 7f941d18e000-7f941d38e000 ---p 00002000 08:02 134236303                  /usr/lib64/gconv/UTF-16.so
              /c 7f941d38e000-7f941d38f000 r--p 00002000 08:02 134236303                  /usr/lib64/gconv/UTF-16.so
              /c 7f941d38f000-7f941d390000 rw-p 00003000 08:02 134236303                  /usr/lib64/gconv/UTF-16.so
              /c 7f941d390000-7f94238ba000 r--p 00000000 08:02 16790311                   /usr/lib/locale/locale-archive
              /c 7f94238ba000-7f94240bf000 r--s 00000000 08:02 1225344                    /var/lib/sss/mc/passwd
              /c 7f94240bf000-7f94240c7000 r-xp 00000000 08:02 813860                     /usr/lib64/libnss_sss.so.2
              /c 7f94240c7000-7f94242c6000 ---p 00008000 08:02 813860                     /usr/lib64/libnss_sss.so.2
              /c 7f94242c6000-7f94242c7000 r--p 00007000 08:02 813860                     /usr/lib64/libnss_sss.so.2
              /c 7f94242c7000-7f94242c8000 rw-p 00008000 08:02 813860                     /usr/lib64/libnss_sss.so.2
              /c 7f94242c8000-7f94242d4000 r-xp 00000000 08:02 782827                     /usr/lib64/libnss_files-2.17.so
              /c 7f94242d4000-7f94244d3000 ---p 0000c000 08:02 782827                     /usr/lib64/libnss_files-2.17.so
              /c 7f94244d3000-7f94244d4000 r--p 0000b000 08:02 782827                     /usr/lib64/libnss_files-2.17.so
              /c 7f94244d4000-7f94244d5000 rw-p 0000c000 08:02 782827                     /usr/lib64/libnss_files-2.17.so
              /c 7f94244d5000-7f94244db000 rw-p 00000000 00:00 0 
              /c 7f94244db000-7f94244dd000 r-xp 00000000 08:02 532095                     /usr/lib64/libXau.so.6.0.0
              /c 7f94244dd000-7f94246dd000 ---p 00002000 08:02 532095                     /usr/lib64/libXau.so.6.0.0
              /c 7f94246dd000-7f94246de000 r--p 00002000 08:02 532095                     /usr/lib64/libXau.so.6.0.0
              /c 7f94246de000-7f94246df000 rw-p 00003000 08:02 532095                     /usr/lib64/libXau.so.6.0.0
              /c 7f94246df000-7f9424740000 r-xp 00000000 08:02 495355                     /usr/lib64/libXt.so.6.0.0
              /c 7f9424740000-7f942493f000 ---p 00061000 08:02 495355                     /usr/lib64/libXt.so.6.0.0
              /c 7f942493f000-7f9424940000 r--p 00060000 08:02 495355                     /usr/lib64/libXt.so.6.0.0
              /c 7f9424940000-7f9424945000 rw-p 00061000 08:02 495355                     /usr/lib64/libXt.so.6.0.0
              /c 7f9424945000-7f9424946000 rw-p 00000000 00:00 0 
              /c 7f9424946000-7f942494c000 r-xp 00000000 08:02 354120                     /usr/local/synopsys/customdesigner/J-2014.12-SP2-2/amd64/OA/lib/linux_rhel50_gcc44x_64/opt/liboaDMFileSysBase.so
              /c 7f942494c000-7f9424b4b000 ---p 00006000 08:02 354120                     /usr/local/synopsys/customdesigner/J-2014.12-SP2-2/amd64/OA/lib/linux_rhel50_gcc44x_64/opt/liboaDMFileSysBase.so
              /c 7f9424b4b000-7f9424b4c000 rw-p 00005000 08:02 354120                     /usr/local/synopsys/customdesigner/J-2014.12-SP2-2/amd64/OA/lib/linux_rhel50_gcc44x_64/opt/liboaDMFileSysBase.so
              /c 7f9424b4c000-7f9424b71000 r-xp 00000000 08:02 31710                      /usr/lib64/libtinfo.so.5.9
              /c 7f9424b71000-7f9424d71000 ---p 00025000 08:02 31710                      /usr/lib64/libtinfo.so.5.9
              /c 7f9424d71000-7f9424d75000 r--p 00025000 08:02 31710                      /usr/lib64/libtinfo.so.5.9
              /c 7f9424d75000-7f9424d76000 rw-p 00029000 08:02 31710                      /usr/lib64/libtinfo.so.5.9
              /c 7f9424d76000-7f9424d9d000 r-xp 00000000 08:02 34188                      /usr/lib64/libxcb.so.1.1.0
              /c 7f9424d9d000-7f9424f9c000 ---p 00027000 08:02 34188                      /usr/lib64/libxcb.so.1.1.0
              /c 7f9424f9c000-7f9424f9d000 r--p 00026000 08:02 34188                      /usr/lib64/libxcb.so.1.1.0
              /c 7f9424f9d000-7f9424f9e000 rw-p 00027000 08:02 34188                      /usr/lib64/libxcb.so.1.1.0
              /c 7f9424f9e000-7f9424fc5000 r-xp 00000000 08:02 31856                      /usr/lib64/libexpat.so.1.6.0
              /c 7f9424fc5000-7f94251c5000 ---p 00027000 08:02 31856                      /usr/lib64/libexpat.so.1.6.0
              /c 7f94251c5000-7f94251c7000 r--p 00027000 08:02 31856                      /usr/lib64/libexpat.so.1.6.0
              /c 7f94251c7000-7f94251c8000 rw-p 00029000 08:02 31856                      /usr/lib64/libexpat.so.1.6.0
              /c 7f94251c8000-7f94251cd000 r-xp 00000000 08:02 532109                     /usr/lib64/libXfixes.so.3.1.0
              /c 7f94251cd000-7f94253cc000 ---p 00005000 08:02 532109                     /usr/lib64/libXfixes.so.3.1.0
              /c 7f94253cc000-7f94253cd000 r--p 00004000 08:02 532109                     /usr/lib64/libXfixes.so.3.1.0
              /c 7f94253cd000-7f94253ce000 rw-p 00005000 08:02 532109                     /usr/lib64/libXfixes.so.3.1.0
              /c 7f94253ce000-7f94253d2000 r-xp 00000000 08:02 144630                     /usr/lib64/libuuid.so.1.3.0
              /c 7f94253d2000-7f94255d1000 ---p 00004000 08:02 144630                     /usr/lib64/libuuid.so.1.3.0
              /c 7f94255d1000-7f94255d2000 r--p 00003000 08:02 144630                     /usr/lib64/libuuid.so.1.3.0
              /c 7f94255d2000-7f94255d3000 rw-p 00004000 08:02 144630                     /usr/lib64/libuuid.so.1.3.0
              /c 7f94255d3000-7f9425633000 r-xp 00000000 08:02 31712                      /usr/lib64/libpcre.so.1.2.0
              /c 7f9425633000-7f9425833000 ---p 00060000 08:02 31712                      /usr/lib64/libpcre.so.1.2.0
              /c 7f9425833000-7f9425834000 r--p 00060000 08:02 31712                      /usr/lib64/libpcre.so.1.2.0
              /c 7f9425834000-7f9425835000 rw-p 00061000 08:02 31712                      /usr/lib64/libpcre.so.1.2.0
              /c 7f9425835000-7f94259f7000 r-xp 00000000 08:02 1588                       /usr/lib64/libc-2.17.so
              /c 7f94259f7000-7f9425bf7000 ---p 001c2000 08:02 1588                       /usr/lib64/libc-2.17.so
              /c 7f9425bf7000-7f9425bfb000 r--p 001c2000 08:02 1588                       /usr/lib64/libc-2.17.so
              /c 7f9425bfb000-7f9425bfd000 rw-p 001c6000 08:02 1588                       /usr/lib64/libc-2.17.so
              /c 7f9425bfd000-7f9425c02000 rw-p 00000000 00:00 0 
              /c 7f9425c02000-7f9425c17000 r-xp 00000000 08:02 294115924                  /usr/local/synopsys/customdesigner/J-2014.12-SP2-2/amd64/lib/libgcc_s.so.1
              /c 7f9425c17000-7f9425e16000 ---p 00015000 08:02 294115924                  /usr/local/synopsys/customdesigner/J-2014.12-SP2-2/amd64/lib/libgcc_s.so.1
              /c 7f9425e16000-7f9425e17000 rw-p 00014000 08:02 294115924                  /usr/local/synopsys/customdesigner/J-2014.12-SP2-2/amd64/lib/libgcc_s.so.1
              /c 7f9425e17000-7f9425e25000 r-xp 00000000 08:02 294115923                  /usr/local/synopsys/customdesigner/J-2014.12-SP2-2/amd64/lib/libgomp.so.1.0.0
              /c 7f9425e25000-7f9426024000 ---p 0000e000 08:02 294115923                  /usr/local/synopsys/customdesigner/J-2014.12-SP2-2/amd64/lib/libgomp.so.1.0.0
              /c 7f9426024000-7f9426025000 rw-p 0000d000 08:02 294115923                  /usr/local/synopsys/customdesigner/J-2014.12-SP2-2/amd64/lib/libgomp.so.1.0.0
              /c 7f9426025000-7f942602c000 r-xp 00000000 08:02 782839                     /usr/lib64/librt-2.17.so
              /c 7f942602c000-7f942622b000 ---p 00007000 08:02 782839                     /usr/lib64/librt-2.17.so
              /c 7f942622b000-7f942622c000 r--p 00006000 08:02 782839                     /usr/lib64/librt-2.17.so
              /c 7f942622c000-7f942622d000 rw-p 00007000 08:02 782839                     /usr/lib64/librt-2.17.so
              /c 7f942622d000-7f9426245000 r-xp 00000000 08:02 754330                     /usr/lib64/libXmu.so.6.2.0
              /c 7f9426245000-7f9426445000 ---p 00018000 08:02 754330                     /usr/lib64/libXmu.so.6.2.0
              /c 7f9426445000-7f9426446000 r--p 00018000 08:02 754330                     /usr/lib64/libXmu.so.6.2.0
              /c 7f9426446000-7f9426447000 rw-p 00019000 08:02 754330                     /usr/lib64/libXmu.so.6.2.0
              /c 7f9426447000-7f9426448000 rw-p 00000000 00:00 0 
              /c 7f9426448000-7f942644e000 r-xp 00000000 08:02 412668065                  /usr/local/synopsys/customdesigner/J-2014.12-SP2-2/amd64/ext/lib/webworks/libwwhapi.so
              /c 7f942644e000-7f942664d000 ---p 00006000 08:02 412668065                  /usr/local/synopsys/customdesigner/J-2014.12-SP2-2/amd64/ext/lib/webworks/libwwhapi.so
              /c 7f942664d000-7f942664e000 rw-p 00005000 08:02 412668065                  /usr/local/synopsys/customdesigner/J-2014.12-SP2-2/amd64/ext/lib/webworks/libwwhapi.so
              /c 7f942664e000-7f942664f000 rw-p 00000000 00:00 0 
              /c 7f942664f000-7f942669b000 r-xp 00000000 08:02 354119                     /usr/local/synopsys/customdesigner/J-2014.12-SP2-2/amd64/OA/lib/linux_rhel50_gcc44x_64/opt/liboaDMFileSys.so
              /c 7f942669b000-7f942689a000 ---p 0004c000 08:02 354119                     /usr/local/synopsys/customdesigner/J-2014.12-SP2-2/amd64/OA/lib/linux_rhel50_gcc44x_64/opt/liboaDMFileSys.so
              /c 7f942689a000-7f942689d000 rw-p 0004b000 08:02 354119                     /usr/local/synopsys/customdesigner/J-2014.12-SP2-2/amd64/OA/lib/linux_rhel50_gcc44x_64/opt/liboaDMFileSys.so
              /c 7f942689d000-7f942689f000 rw-p 00000000 00:00 0 
              /c 7f942689f000-7f942693c000 r-xp 00000000 08:02 354143                     /usr/local/synopsys/customdesigner/J-2014.12-SP2-2/amd64/OA/lib/linux_rhel50_gcc44x_64/opt/liboaWafer.so
              /c 7f942693c000-7f9426b3c000 ---p 0009d000 08:02 354143                     /usr/local/synopsys/customdesigner/J-2014.12-SP2-2/amd64/OA/lib/linux_rhel50_gcc44x_64/opt/liboaWafer.so
              /c 7f9426b3c000-7f9426b44000 rw-p 0009d000 08:02 354143                     /usr/local/synopsys/customdesigner/J-2014.12-SP2-2/amd64/OA/lib/linux_rhel50_gcc44x_64/opt/liboaWafer.so
              /c 7f9426b44000-7f9426b45000 rw-p 00000000 00:00 0 
              /c 7f9426b45000-7f9426b7d000 r-xp 00000000 08:02 354113                     /usr/local/synopsys/customdesigner/J-2014.12-SP2-2/amd64/OA/lib/linux_rhel50_gcc44x_64/opt/liboaCM.so
              /c 7f9426b7d000-7f9426d7d000 ---p 00038000 08:02 354113                     /usr/local/synopsys/customdesigner/J-2014.12-SP2-2/amd64/OA/lib/linux_rhel50_gcc44x_64/opt/liboaCM.so
              /c 7f9426d7d000-7f9426d80000 rw-p 00038000 08:02 354113                     /usr/local/synopsys/customdesigner/J-2014.12-SP2-2/amd64/OA/lib/linux_rhel50_gcc44x_64/opt/liboaCM.so
              /c 7f9426d80000-7f9426d83000 r-xp 00000000 08:02 354139                     /usr/local/synopsys/customdesigner/J-2014.12-SP2-2/amd64/OA/lib/linux_rhel50_gcc44x_64/opt/liboaTclPlugIn.so
              /c 7f9426d83000-7f9426f82000 ---p 00003000 08:02 354139                     /usr/local/synopsys/customdesigner/J-2014.12-SP2-2/amd64/OA/lib/linux_rhel50_gcc44x_64/opt/liboaTclPlugIn.so
              /c 7f9426f82000-7f9426f83000 rw-p 00002000 08:02 354139                     /usr/local/synopsys/customdesigner/J-2014.12-SP2-2/amd64/OA/lib/linux_rhel50_gcc44x_64/opt/liboaTclPlugIn.so
              /c 7f9426f83000-7f9427567000 r-xp 00000000 08:02 354138                     /usr/local/synopsys/customdesigner/J-2014.12-SP2-2/amd64/OA/lib/linux_rhel50_gcc44x_64/opt/liboaTclHelp.so
              /c 7f9427567000-7f9427767000 ---p 005e4000 08:02 354138                     /usr/local/synopsys/customdesigner/J-2014.12-SP2-2/amd64/OA/lib/linux_rhel50_gcc44x_64/opt/liboaTclHelp.so
              /c 7f9427767000-7f9427768000 rw-p 005e4000 08:02 354138                     /usr/local/synopsys/customdesigner/J-2014.12-SP2-2/amd64/OA/lib/linux_rhel50_gcc44x_64/opt/liboaTclHelp.so
              /c 7f9427768000-7f9427848000 r-xp 00000000 08:02 354118                     /usr/local/synopsys/customdesigner/J-2014.12-SP2-2/amd64/OA/lib/linux_rhel50_gcc44x_64/opt/liboaDM.so
              /c 7f9427848000-7f9427a47000 ---p 000e0000 08:02 354118                     /usr/local/synopsys/customdesigner/J-2014.12-SP2-2/amd64/OA/lib/linux_rhel50_gcc44x_64/opt/liboaDM.so
              /c 7f9427a47000-7f9427a54000 rw-p 000df000 08:02 354118                     /usr/local/synopsys/customdesigner/J-2014.12-SP2-2/amd64/OA/lib/linux_rhel50_gcc44x_64/opt/liboaDM.so
              /c 7f9427a54000-7f9427a55000 rw-p 00000000 00:00 0 
              /c 7f9427a55000-7f9427a82000 r-xp 00000000 08:02 354117                     /usr/local/synopsys/customdesigner/J-2014.12-SP2-2/amd64/OA/lib/linux_rhel50_gcc44x_64/opt/liboaCommon.so
              /c 7f9427a82000-7f9427c81000 ---p 0002d000 08:02 354117                     /usr/local/synopsys/customdesigner/J-2014.12-SP2-2/amd64/OA/lib/linux_rhel50_gcc44x_64/opt/liboaCommon.so
              /c 7f9427c81000-7f9427c83000 rw-p 0002c000 08:02 354117                     /usr/local/synopsys/customdesigner/J-2014.12-SP2-2/amd64/OA/lib/linux_rhel50_gcc44x_64/opt/liboaCommon.so
              /c 7f9427c83000-7f9427e89000 r-xp 00000000 08:02 354140                     /usr/local/synopsys/customdesigner/J-2014.12-SP2-2/amd64/OA/lib/linux_rhel50_gcc44x_64/opt/liboaTech.so
              /c 7f9427e89000-7f9428089000 ---p 00206000 08:02 354140                     /usr/local/synopsys/customdesigner/J-2014.12-SP2-2/amd64/OA/lib/linux_rhel50_gcc44x_64/opt/liboaTech.so
              /c 7f9428089000-7f94280a4000 rw-p 00206000 08:02 354140                     /usr/local/synopsys/customdesigner/J-2014.12-SP2-2/amd64/OA/lib/linux_rhel50_gcc44x_64/opt/liboaTech.so
              /c 7f94280a4000-7f94280a6000 rw-p 00000000 00:00 0 
              /c 7f94280a6000-7f94283dd000 r-xp 00000000 08:02 354112                     /usr/local/synopsys/customdesigner/J-2014.12-SP2-2/amd64/OA/lib/linux_rhel50_gcc44x_64/opt/liboaBase.so
              /c 7f94283dd000-7f94285dd000 ---p 00337000 08:02 354112                     /usr/local/synopsys/customdesigner/J-2014.12-SP2-2/amd64/OA/lib/linux_rhel50_gcc44x_64/opt/liboaBase.so
              /c 7f94285dd000-7f9428601000 rw-p 00337000 08:02 354112                     /usr/local/synopsys/customdesigner/J-2014.12-SP2-2/amd64/OA/lib/linux_rhel50_gcc44x_64/opt/liboaBase.so
              /c 7f9428601000-7f9428625000 rw-p 00000000 00:00 0 
              /c 7f9428625000-7f9428e1c000 r-xp 00000000 08:02 354123                     /usr/local/synopsys/customdesigner/J-2014.12-SP2-2/amd64/OA/lib/linux_rhel50_gcc44x_64/opt/liboaDesign.so
              /c 7f9428e1c000-7f942901c000 ---p 007f7000 08:02 354123                     /usr/local/synopsys/customdesigner/J-2014.12-SP2-2/amd64/OA/lib/linux_rhel50_gcc44x_64/opt/liboaDesign.so
              /c 7f942901c000-7f9429074000 rw-p 007f7000 08:02 354123                     /usr/local/synopsys/customdesigner/J-2014.12-SP2-2/amd64/OA/lib/linux_rhel50_gcc44x_64/opt/liboaDesign.so
              /c 7f9429074000-7f942907b000 rw-p 00000000 00:00 0 
              /c 7f942907b000-7f9429085000 r-xp 00000000 08:02 354124                     /usr/local/synopsys/customdesigner/J-2014.12-SP2-2/amd64/OA/lib/linux_rhel50_gcc44x_64/opt/liboaLangBase.so
              /c 7f9429085000-7f9429284000 ---p 0000a000 08:02 354124                     /usr/local/synopsys/customdesigner/J-2014.12-SP2-2/amd64/OA/lib/linux_rhel50_gcc44x_64/opt/liboaLangBase.so
              /c 7f9429284000-7f9429285000 rw-p 00009000 08:02 354124                     /usr/local/synopsys/customdesigner/J-2014.12-SP2-2/amd64/OA/lib/linux_rhel50_gcc44x_64/opt/liboaLangBase.so
              /c 7f9429285000-7f9429298000 r-xp 00000000 08:02 354131                     /usr/local/synopsys/customdesigner/J-2014.12-SP2-2/amd64/OA/lib/linux_rhel50_gcc44x_64/opt/liboaPlugIn.so
              /c 7f9429298000-7f9429498000 ---p 00013000 08:02 354131                     /usr/local/synopsys/customdesigner/J-2014.12-SP2-2/amd64/OA/lib/linux_rhel50_gcc44x_64/opt/liboaPlugIn.so
              /c 7f9429498000-7f942949a000 rw-p 00013000 08:02 354131                     /usr/local/synopsys/customdesigner/J-2014.12-SP2-2/amd64/OA/lib/linux_rhel50_gcc44x_64/opt/liboaPlugIn.so
              /c 7f942949a000-7f94296b8000 r-xp 00000000 08:02 354125                     /usr/local/synopsys/customdesigner/J-2014.12-SP2-2/amd64/OA/lib/linux_rhel50_gcc44x_64/opt/liboaLangInfo.so
              /c 7f94296b8000-7f94298b8000 ---p 0021e000 08:02 354125                     /usr/local/synopsys/customdesigner/J-2014.12-SP2-2/amd64/OA/lib/linux_rhel50_gcc44x_64/opt/liboaLangInfo.so
              /c 7f94298b8000-7f94298d7000 rw-p 0021e000 08:02 354125                     /usr/local/synopsys/customdesigner/J-2014.12-SP2-2/amd64/OA/lib/linux_rhel50_gcc44x_64/opt/liboaLangInfo.so
              /c 7f94298d7000-7f94298e6000 r-xp 00000000 08:02 354135                     /usr/local/synopsys/customdesigner/J-2014.12-SP2-2/amd64/OA/lib/linux_rhel50_gcc44x_64/opt/liboaTclCommon.so
              /c 7f94298e6000-7f9429ae5000 ---p 0000f000 08:02 354135                     /usr/local/synopsys/customdesigner/J-2014.12-SP2-2/amd64/OA/lib/linux_rhel50_gcc44x_64/opt/liboaTclCommon.so
              /c 7f9429ae5000-7f9429ae7000 rw-p 0000e000 08:02 354135                     /usr/local/synopsys/customdesigner/J-2014.12-SP2-2/amd64/OA/lib/linux_rhel50_gcc44x_64/opt/liboaTclCommon.so
              /c 7f9429ae7000-7f9429af9000 r-xp 00000000 08:02 354134                     /usr/local/synopsys/customdesigner/J-2014.12-SP2-2/amd64/OA/lib/linux_rhel50_gcc44x_64/opt/liboaTclBase.so
              /c 7f9429af9000-7f9429cf9000 ---p 00012000 08:02 354134                     /usr/local/synopsys/customdesigner/J-2014.12-SP2-2/amd64/OA/lib/linux_rhel50_gcc44x_64/opt/liboaTclBase.so
              /c 7f9429cf9000-7f9429cfa000 rw-p 00012000 08:02 354134                     /usr/local/synopsys/customdesigner/J-2014.12-SP2-2/amd64/OA/lib/linux_rhel50_gcc44x_64/opt/liboaTclBase.so
              /c 7f9429cfa000-7f942afca000 r-xp 00000000 08:02 354133                     /usr/local/synopsys/customdesigner/J-2014.12-SP2-2/amd64/OA/lib/linux_rhel50_gcc44x_64/opt/liboaTcl.so
              /c 7f942afca000-7f942b1ca000 ---p 012d0000 08:02 354133                     /usr/local/synopsys/customdesigner/J-2014.12-SP2-2/amd64/OA/lib/linux_rhel50_gcc44x_64/opt/liboaTcl.so
              /c 7f942b1ca000-7f942b1ef000 rw-p 012d0000 08:02 354133                     /usr/local/synopsys/customdesigner/J-2014.12-SP2-2/amd64/OA/lib/linux_rhel50_gcc44x_64/opt/liboaTcl.so
              /c 7f942b1ef000-7f942b215000 r-xp 00000000 08:02 31700                      /usr/lib64/libncurses.so.5.9
              /c 7f942b215000-7f942b414000 ---p 00026000 08:02 31700                      /usr/lib64/libncurses.so.5.9
              /c 7f942b414000-7f942b415000 r--p 00025000 08:02 31700                      /usr/lib64/libncurses.so.5.9
              /c 7f942b415000-7f942b416000 rw-p 00026000 08:02 31700                      /usr/lib64/libncurses.so.5.9
              /c 7f942b416000-7f942b597000 r-xp 00000000 08:02 354099                     /usr/local/synopsys/customdesigner/J-2014.12-SP2-2/amd64/MYMLibrary/lib/libsym_datacore-O.so
              /c 7f942b597000-7f942b797000 ---p 00181000 08:02 354099                     /usr/local/synopsys/customdesigner/J-2014.12-SP2-2/amd64/MYMLibrary/lib/libsym_datacore-O.so
              /c 7f942b797000-7f942b7a3000 rw-p 00181000 08:02 354099                     /usr/local/synopsys/customdesigner/J-2014.12-SP2-2/amd64/MYMLibrary/lib/libsym_datacore-O.so
              /c 7f942b7a3000-7f942b7c9000 r-xp 00000000 08:02 354095                     /usr/local/synopsys/customdesigner/J-2014.12-SP2-2/amd64/MYMLibrary/lib/libmym_core-O.so
              /c 7f942b7c9000-7f942b9c8000 ---p 00026000 08:02 354095                     /usr/local/synopsys/customdesigner/J-2014.12-SP2-2/amd64/MYMLibrary/lib/libmym_core-O.so
              /c 7f942b9c8000-7f942b9cb000 rw-p 00025000 08:02 354095                     /usr/local/synopsys/customdesigner/J-2014.12-SP2-2/amd64/MYMLibrary/lib/libmym_core-O.so
              /c 7f942b9cb000-7f942ba9d000 r-xp 00000000 08:02 354094                     /usr/local/synopsys/customdesigner/J-2014.12-SP2-2/amd64/MYMLibrary/lib/libgui_controls-O.so
              /c 7f942ba9d000-7f942bc9d000 ---p 000d2000 08:02 354094                     /usr/local/synopsys/customdesigner/J-2014.12-SP2-2/amd64/MYMLibrary/lib/libgui_controls-O.so
              /c 7f942bc9d000-7f942bca5000 rw-p 000d2000 08:02 354094                     /usr/local/synopsys/customdesigner/J-2014.12-SP2-2/amd64/MYMLibrary/lib/libgui_controls-O.so
              /c 7f942bca5000-7f942c10a000 r-xp 00000000 08:02 354097                     /usr/local/synopsys/customdesigner/J-2014.12-SP2-2/amd64/MYMLibrary/lib/libsnpsst-O.so
              /c 7f942c10a000-7f942c309000 ---p 00465000 08:02 354097                     /usr/local/synopsys/customdesigner/J-2014.12-SP2-2/amd64/MYMLibrary/lib/libsnpsst-O.so
              /c 7f942c309000-7f942c329000 rw-p 00464000 08:02 354097                     /usr/local/synopsys/customdesigner/J-2014.12-SP2-2/amd64/MYMLibrary/lib/libsnpsst-O.so
              /c 7f942c329000-7f942c32a000 rw-p 00000000 00:00 0 
              /c 7f942c32a000-7f942c414000 r-xp 00000000 08:02 294115921                  /usr/local/synopsys/customdesigner/J-2014.12-SP2-2/amd64/lib/libstdc++.so.6.0.17
              /c 7f942c414000-7f942c613000 ---p 000ea000 08:02 294115921                  /usr/local/synopsys/customdesigner/J-2014.12-SP2-2/amd64/lib/libstdc++.so.6.0.17
              /c 7f942c613000-7f942c61b000 r--p 000e9000 08:02 294115921                  /usr/local/synopsys/customdesigner/J-2014.12-SP2-2/amd64/lib/libstdc++.so.6.0.17
              /c 7f942c61b000-7f942c61d000 rw-p 000f1000 08:02 294115921                  /usr/local/synopsys/customdesigner/J-2014.12-SP2-2/amd64/lib/libstdc++.so.6.0.17
              /c 7f942c61d000-7f942c632000 rw-p 00000000 00:00 0 
              /c 7f942c632000-7f942c686000 r-xp 00000000 08:02 294131101                  /usr/local/synopsys/customdesigner/J-2014.12-SP2-2/amd64/boost/lib/libsnps_boost_1_55_0_wserialization.so.1.55.0
              /c 7f942c686000-7f942c886000 ---p 00054000 08:02 294131101                  /usr/local/synopsys/customdesigner/J-2014.12-SP2-2/amd64/boost/lib/libsnps_boost_1_55_0_wserialization.so.1.55.0
              /c 7f942c886000-7f942c889000 rw-p 00054000 08:02 294131101                  /usr/local/synopsys/customdesigner/J-2014.12-SP2-2/amd64/boost/lib/libsnps_boost_1_55_0_wserialization.so.1.55.0
              /c 7f942c889000-7f942c8a0000 r-xp 00000000 08:02 294130436                  /usr/local/synopsys/customdesigner/J-2014.12-SP2-2/amd64/boost/lib/libsnps_boost_1_55_0_signals.so.1.55.0
              /c 7f942c8a0000-7f942caa0000 ---p 00017000 08:02 294130436                  /usr/local/synopsys/customdesigner/J-2014.12-SP2-2/amd64/boost/lib/libsnps_boost_1_55_0_signals.so.1.55.0
              /c 7f942caa0000-7f942caa1000 rw-p 00017000 08:02 294130436                  /usr/local/synopsys/customdesigner/J-2014.12-SP2-2/amd64/boost/lib/libsnps_boost_1_55_0_signals.so.1.55.0
              /c 7f942caa1000-7f942cb16000 r-xp 00000000 08:02 294130447                  /usr/local/synopsys/customdesigner/J-2014.12-SP2-2/amd64/boost/lib/libsnps_boost_1_55_0_serialization.so.1.55.0
              /c 7f942cb16000-7f942cd16000 ---p 00075000 08:02 294130447                  /usr/local/synopsys/customdesigner/J-2014.12-SP2-2/amd64/boost/lib/libsnps_boost_1_55_0_serialization.so.1.55.0
              /c 7f942cd16000-7f942cd1a000 rw-p 00075000 08:02 294130447                  /usr/local/synopsys/customdesigner/J-2014.12-SP2-2/amd64/boost/lib/libsnps_boost_1_55_0_serialization.so.1.55.0
              /c 7f942cd1a000-7f942cd1b000 rw-p 00000000 00:00 0 
              /c 7f942cd1b000-7f942ce13000 r-xp 00000000 08:02 294130446                  /usr/local/synopsys/customdesigner/J-2014.12-SP2-2/amd64/boost/lib/libsnps_boost_1_55_0_regex.so.1.55.0
              /c 7f942ce13000-7f942d013000 ---p 000f8000 08:02 294130446                  /usr/local/synopsys/customdesigner/J-2014.12-SP2-2/amd64/boost/lib/libsnps_boost_1_55_0_regex.so.1.55.0
              /c 7f942d013000-7f942d019000 rw-p 000f8000 08:02 294130446                  /usr/local/synopsys/customdesigner/J-2014.12-SP2-2/amd64/boost/lib/libsnps_boost_1_55_0_regex.so.1.55.0
              /c 7f942d019000-7f942d085000 r-xp 00000000 08:02 294130433                  /usr/local/synopsys/customdesigner/J-2014.12-SP2-2/amd64/boost/lib/libsnps_boost_1_55_0_program_options.so.1.55.0
              /c 7f942d085000-7f942d284000 ---p 0006c000 08:02 294130433                  /usr/local/synopsys/customdesigner/J-2014.12-SP2-2/amd64/boost/lib/libsnps_boost_1_55_0_program_options.so.1.55.0
              /c 7f942d284000-7f942d288000 rw-p 0006b000 08:02 294130433                  /usr/local/synopsys/customdesigner/J-2014.12-SP2-2/amd64/boost/lib/libsnps_boost_1_55_0_program_options.so.1.55.0
              /c 7f942d288000-7f942d29d000 r-xp 00000000 08:02 294130432                  /usr/local/synopsys/customdesigner/J-2014.12-SP2-2/amd64/boost/lib/libsnps_boost_1_55_0_iostreams.so.1.55.0
              /c 7f942d29d000-7f942d49d000 ---p 00015000 08:02 294130432                  /usr/local/synopsys/customdesigner/J-2014.12-SP2-2/amd64/boost/lib/libsnps_boost_1_55_0_iostreams.so.1.55.0
              /c 7f942d49d000-7f942d49e000 rw-p 00015000 08:02 294130432                  /usr/local/synopsys/customdesigner/J-2014.12-SP2-2/amd64/boost/lib/libsnps_boost_1_55_0_iostreams.so.1.55.0
              /c 7f942d49e000-7f942d49f000 rw-p 00000000 00:00 0 
              /c 7f942d49f000-7f942d4b5000 r-xp 00000000 08:02 294131100                  /usr/local/synopsys/customdesigner/J-2014.12-SP2-2/amd64/boost/lib/libsnps_boost_1_55_0_filesystem.so.1.55.0
              /c 7f942d4b5000-7f942d6b5000 ---p 00016000 08:02 294131100                  /usr/local/synopsys/customdesigner/J-2014.12-SP2-2/amd64/boost/lib/libsnps_boost_1_55_0_filesystem.so.1.55.0
              /c 7f942d6b5000-7f942d6b6000 rw-p 00016000 08:02 294131100                  /usr/local/synopsys/customdesigner/J-2014.12-SP2-2/amd64/boost/lib/libsnps_boost_1_55_0_filesystem.so.1.55.0
              /c 7f942d6b6000-7f942d6b9000 r-xp 00000000 08:02 294130438                  /usr/local/synopsys/customdesigner/J-2014.12-SP2-2/amd64/boost/lib/libsnps_boost_1_55_0_system.so.1.55.0
              /c 7f942d6b9000-7f942d8b8000 ---p 00003000 08:02 294130438                  /usr/local/synopsys/customdesigner/J-2014.12-SP2-2/amd64/boost/lib/libsnps_boost_1_55_0_system.so.1.55.0
              /c 7f942d8b8000-7f942d8b9000 rw-p 00002000 08:02 294130438                  /usr/local/synopsys/customdesigner/J-2014.12-SP2-2/amd64/boost/lib/libsnps_boost_1_55_0_system.so.1.55.0
              /c 7f942d8b9000-7f942d8c9000 r-xp 00000000 08:02 294131099                  /usr/local/synopsys/customdesigner/J-2014.12-SP2-2/amd64/boost/lib/libsnps_boost_1_55_0_date_time.so.1.55.0
              /c 7f942d8c9000-7f942dac8000 ---p 00010000 08:02 294131099                  /usr/local/synopsys/customdesigner/J-2014.12-SP2-2/amd64/boost/lib/libsnps_boost_1_55_0_date_time.so.1.55.0
              /c 7f942dac8000-7f942daca000 rw-p 0000f000 08:02 294131099                  /usr/local/synopsys/customdesigner/J-2014.12-SP2-2/amd64/boost/lib/libsnps_boost_1_55_0_date_time.so.1.55.0
              /c 7f942daca000-7f942dbcb000 r-xp 00000000 08:02 782817                     /usr/lib64/libm-2.17.so
              /c 7f942dbcb000-7f942ddca000 ---p 00101000 08:02 782817                     /usr/lib64/libm-2.17.so
              /c 7f942ddca000-7f942ddcb000 r--p 00100000 08:02 782817                     /usr/lib64/libm-2.17.so
              /c 7f942ddcb000-7f942ddcc000 rw-p 00101000 08:02 782817                     /usr/lib64/libm-2.17.so
              /c 7f942ddcc000-7f942dde1000 r-xp 00000000 08:02 1228                       /usr/lib64/libz.so.1.2.7
              /c 7f942dde1000-7f942dfe0000 ---p 00015000 08:02 1228                       /usr/lib64/libz.so.1.2.7
              /c 7f942dfe0000-7f942dfe1000 r--p 00014000 08:02 1228                       /usr/lib64/libz.so.1.2.7
              /c 7f942dfe1000-7f942dfe2000 rw-p 00015000 08:02 1228                       /usr/lib64/libz.so.1.2.7
              /c 7f942dfe2000-7f942e11a000 r-xp 00000000 08:02 34236                      /usr/lib64/libX11.so.6.3.0
              /c 7f942e11a000-7f942e31a000 ---p 00138000 08:02 34236                      /usr/lib64/libX11.so.6.3.0
              /c 7f942e31a000-7f942e31b000 r--p 00138000 08:02 34236                      /usr/lib64/libX11.so.6.3.0
              /c 7f942e31b000-7f942e320000 rw-p 00139000 08:02 34236                      /usr/lib64/libX11.so.6.3.0
              /c 7f942e320000-7f942e331000 r-xp 00000000 08:02 532153                     /usr/lib64/libXext.so.6.4.0
              /c 7f942e331000-7f942e530000 ---p 00011000 08:02 532153                     /usr/lib64/libXext.so.6.4.0
              /c 7f942e530000-7f942e531000 r--p 00010000 08:02 532153                     /usr/lib64/libXext.so.6.4.0
              /c 7f942e531000-7f942e532000 rw-p 00011000 08:02 532153                     /usr/lib64/libXext.so.6.4.0
              /c 7f942e532000-7f942e572000 r-xp 00000000 08:02 726271                     /usr/lib64/libfontconfig.so.1.11.1
              /c 7f942e572000-7f942e771000 ---p 00040000 08:02 726271                     /usr/lib64/libfontconfig.so.1.11.1
              /c 7f942e771000-7f942e773000 r--p 0003f000 08:02 726271                     /usr/lib64/libfontconfig.so.1.11.1
              /c 7f942e773000-7f942e774000 rw-p 00041000 08:02 726271                     /usr/lib64/libfontconfig.so.1.11.1
              /c 7f942e774000-7f942e7f0000 r-xp 00000000 08:02 294115922                  /usr/local/synopsys/customdesigner/J-2014.12-SP2-2/amd64/lib/libfreetype.so.6.3.20
              /c 7f942e7f0000-7f942e9ef000 ---p 0007c000 08:02 294115922                  /usr/local/synopsys/customdesigner/J-2014.12-SP2-2/amd64/lib/libfreetype.so.6.3.20
              /c 7f942e9ef000-7f942e9f5000 rw-p 0007b000 08:02 294115922                  /usr/local/synopsys/customdesigner/J-2014.12-SP2-2/amd64/lib/libfreetype.so.6.3.20
              /c 7f942e9f5000-7f942e9f7000 r-xp 00000000 08:02 532173                     /usr/lib64/libXinerama.so.1.0.0
              /c 7f942e9f7000-7f942ebf6000 ---p 00002000 08:02 532173                     /usr/lib64/libXinerama.so.1.0.0
              /c 7f942ebf6000-7f942ebf7000 r--p 00001000 08:02 532173                     /usr/lib64/libXinerama.so.1.0.0
              /c 7f942ebf7000-7f942ebf8000 rw-p 00002000 08:02 532173                     /usr/lib64/libXinerama.so.1.0.0
              /c 7f942ebf8000-7f942ec01000 r-xp 00000000 08:02 34190                      /usr/lib64/libXcursor.so.1.0.2
              /c 7f942ec01000-7f942ee01000 ---p 00009000 08:02 34190                      /usr/lib64/libXcursor.so.1.0.2
              /c 7f942ee01000-7f942ee02000 r--p 00009000 08:02 34190                      /usr/lib64/libXcursor.so.1.0.2
              /c 7f942ee02000-7f942ee03000 rw-p 0000a000 08:02 34190                      /usr/lib64/libXcursor.so.1.0.2
              /c 7f942ee03000-7f942ee0d000 r-xp 00000000 08:02 532163                     /usr/lib64/libXrandr.so.2.2.0
              /c 7f942ee0d000-7f942f00c000 ---p 0000a000 08:02 532163                     /usr/lib64/libXrandr.so.2.2.0
              /c 7f942f00c000-7f942f00d000 r--p 00009000 08:02 532163                     /usr/lib64/libXrandr.so.2.2.0
              /c 7f942f00d000-7f942f00e000 rw-p 0000a000 08:02 532163                     /usr/lib64/libXrandr.so.2.2.0
              /c 7f942f00e000-7f942f017000 r-xp 00000000 08:02 532100                     /usr/lib64/libXrender.so.1.3.0
              /c 7f942f017000-7f942f217000 ---p 00009000 08:02 532100                     /usr/lib64/libXrender.so.1.3.0
              /c 7f942f217000-7f942f218000 r--p 00009000 08:02 532100                     /usr/lib64/libXrender.so.1.3.0
              /c 7f942f218000-7f942f219000 rw-p 0000a000 08:02 532100                     /usr/lib64/libXrender.so.1.3.0
              /c 7f942f219000-7f942f228000 r-xp 00000000 08:02 532102                     /usr/lib64/libXi.so.6.1.0
              /c 7f942f228000-7f942f427000 ---p 0000f000 08:02 532102                     /usr/lib64/libXi.so.6.1.0
              /c 7f942f427000-7f942f428000 r--p 0000e000 08:02 532102                     /usr/lib64/libXi.so.6.1.0
              /c 7f942f428000-7f942f429000 rw-p 0000f000 08:02 532102                     /usr/lib64/libXi.so.6.1.0
              /c 7f942f429000-7f942f440000 r-xp 00000000 08:02 339308                     /usr/lib64/libICE.so.6.3.0
              /c 7f942f440000-7f942f63f000 ---p 00017000 08:02 339308                     /usr/lib64/libICE.so.6.3.0
              /c 7f942f63f000-7f942f640000 r--p 00016000 08:02 339308                     /usr/lib64/libICE.so.6.3.0
              /c 7f942f640000-7f942f641000 rw-p 00017000 08:02 339308                     /usr/lib64/libICE.so.6.3.0
              /c 7f942f641000-7f942f645000 rw-p 00000000 00:00 0 
              /c 7f942f645000-7f942f64c000 r-xp 00000000 08:02 495410                     /usr/lib64/libSM.so.6.0.1
              /c 7f942f64c000-7f942f84b000 ---p 00007000 08:02 495410                     /usr/lib64/libSM.so.6.0.1
              /c 7f942f84b000-7f942f84c000 r--p 00006000 08:02 495410                     /usr/lib64/libSM.so.6.0.1
              /c 7f942f84c000-7f942f84d000 rw-p 00007000 08:02 495410                     /usr/lib64/libSM.so.6.0.1
              /c 7f942f84d000-7f942f961000 r-xp 00000000 08:02 32073                      /usr/lib64/libglib-2.0.so.0.5600.1
              /c 7f942f961000-7f942fb60000 ---p 00114000 08:02 32073                      /usr/lib64/libglib-2.0.so.0.5600.1
              /c 7f942fb60000-7f942fb61000 r--p 00113000 08:02 32073                      /usr/lib64/libglib-2.0.so.0.5600.1
              /c 7f942fb61000-7f942fb62000 rw-p 00114000 08:02 32073                      /usr/lib64/libglib-2.0.so.0.5600.1
              /c 7f942fb62000-7f942fb63000 rw-p 00000000 00:00 0 
              /c 7f942fb63000-7f942fb64000 r-xp 00000000 08:02 917260                     /usr/lib64/libgthread-2.0.so.0.5600.1
              /c 7f942fb64000-7f942fd63000 ---p 00001000 08:02 917260                     /usr/lib64/libgthread-2.0.so.0.5600.1
              /c 7f942fd63000-7f942fd64000 r--p 00000000 08:02 917260                     /usr/lib64/libgthread-2.0.so.0.5600.1
              /c 7f942fd64000-7f942fd65000 rw-p 00001000 08:02 917260                     /usr/lib64/libgthread-2.0.so.0.5600.1
              /c 7f942fd65000-7f942fd8b000 r-xp 00000000 08:02 75828359                   /usr/lib64/libpng12.so.0.50.0
              /c 7f942fd8b000-7f942ff8a000 ---p 00026000 08:02 75828359                   /usr/lib64/libpng12.so.0.50.0
              /c 7f942ff8a000-7f942ff8b000 r--p 00025000 08:02 75828359                   /usr/lib64/libpng12.so.0.50.0
              /c 7f942ff8b000-7f942ff8c000 rw-p 00026000 08:02 75828359                   /usr/lib64/libpng12.so.0.50.0
              /c 7f942ff8c000-7f942ffa3000 r-xp 00000000 08:02 782835                     /usr/lib64/libpthread-2.17.so
              /c 7f942ffa3000-7f94301a2000 ---p 00017000 08:02 782835                     /usr/lib64/libpthread-2.17.so
              /c 7f94301a2000-7f94301a3000 r--p 00016000 08:02 782835                     /usr/lib64/libpthread-2.17.so
              /c 7f94301a3000-7f94301a4000 rw-p 00017000 08:02 782835                     /usr/lib64/libpthread-2.17.so
              /c 7f94301a4000-7f94301a8000 rw-p 00000000 00:00 0 
              /c 7f94301a8000-7f94301e6000 r-xp 00000000 08:02 143398000                  /usr/local/synopsys/customdesigner/J-2014.12-SP2-2/amd64/qt/lib/libQtSql.so.4.7.4
              /c 7f94301e6000-7f94302e5000 ---p 0003e000 08:02 143398000                  /usr/local/synopsys/customdesigner/J-2014.12-SP2-2/amd64/qt/lib/libQtSql.so.4.7.4
              /c 7f94302e5000-7f94302e7000 rw-p 0003d000 08:02 143398000                  /usr/local/synopsys/customdesigner/J-2014.12-SP2-2/amd64/qt/lib/libQtSql.so.4.7.4
              /c 7f94302e7000-7f943033d000 r-xp 00000000 08:02 143397998                  /usr/local/synopsys/customdesigner/J-2014.12-SP2-2/amd64/qt/lib/libQtSvg.so.4.7.4
              /c 7f943033d000-7f943043d000 ---p 00056000 08:02 143397998                  /usr/local/synopsys/customdesigner/J-2014.12-SP2-2/amd64/qt/lib/libQtSvg.so.4.7.4
              /c 7f943043d000-7f9430440000 rw-p 00056000 08:02 143397998                  /usr/local/synopsys/customdesigner/J-2014.12-SP2-2/amd64/qt/lib/libQtSvg.so.4.7.4
              /c 7f9430440000-7f943056f000 r-xp 00000000 08:02 143398016                  /usr/local/synopsys/customdesigner/J-2014.12-SP2-2/amd64/qt/lib/libQtNetwork.so.4.7.4
              /c 7f943056f000-7f943066f000 ---p 0012f000 08:02 143398016                  /usr/local/synopsys/customdesigner/J-2014.12-SP2-2/amd64/qt/lib/libQtNetwork.so.4.7.4
              /c 7f943066f000-7f9430677000 rw-p 0012f000 08:02 143398016                  /usr/local/synopsys/customdesigner/J-2014.12-SP2-2/amd64/qt/lib/libQtNetwork.so.4.7.4
              /c 7f9430677000-7f9430918000 r-xp 00000000 08:02 143398015                  /usr/local/synopsys/customdesigner/J-2014.12-SP2-2/amd64/qt/lib/libQtCore.so.4.7.4
              /c 7f9430918000-7f9430a18000 ---p 002a1000 08:02 143398015                  /usr/local/synopsys/customdesigner/J-2014.12-SP2-2/amd64/qt/lib/libQtCore.so.4.7.4
              /c 7f9430a18000-7f9430a27000 rw-p 002a1000 08:02 143398015                  /usr/local/synopsys/customdesigner/J-2014.12-SP2-2/amd64/qt/lib/libQtCore.so.4.7.4
              /c 7f9430a27000-7f9431499000 r-xp 00000000 08:02 143397997                  /usr/local/synopsys/customdesigner/J-2014.12-SP2-2/amd64/qt/lib/libQtGui.so.4.7.4
              /c 7f9431499000-7f9431599000 ---p 00a72000 08:02 143397997                  /usr/local/synopsys/customdesigner/J-2014.12-SP2-2/amd64/qt/lib/libQtGui.so.4.7.4
              /c 7f9431599000-7f94315ea000 rw-p 00a72000 08:02 143397997                  /usr/local/synopsys/customdesigner/J-2014.12-SP2-2/amd64/qt/lib/libQtGui.so.4.7.4
              /c 7f94315ea000-7f94315ed000 rw-p 00000000 00:00 0 
              /c 7f94315ed000-7f94315ef000 r-xp 00000000 08:02 1594                       /usr/lib64/libdl-2.17.so
              /c 7f94315ef000-7f94317ef000 ---p 00002000 08:02 1594                       /usr/lib64/libdl-2.17.so
              /c 7f94317ef000-7f94317f0000 r--p 00002000 08:02 1594                       /usr/lib64/libdl-2.17.so
              /c 7f94317f0000-7f94317f1000 rw-p 00003000 08:02 1594                       /usr/lib64/libdl-2.17.so
              /c 7f94317f1000-7f9431813000 r-xp 00000000 08:02 1580                       /usr/lib64/ld-2.17.so
              /c 7f9431851000-7f9431863000 r--p 00000000 08:02 412693764                  /usr/local/synopsys/customdesigner/J-2014.12-SP2-2/auxx/fonts/luxisb.ttf
              /c 7f9431863000-7f9431864000 ---p 00000000 00:00 0 
              /c 7f9431864000-7f943187d000 rw-p 00000000 00:00 0 
              /c 7f943187d000-7f9431889000 r--s 00000000 08:02 938255                     /usr/lib/fontconfig/cache/e3019ca6-b077-457e-a411-5236bffc3af2-le64.cache-7
              /c 7f9431889000-7f94318a8000 rw-p 00000000 00:00 0 
              /c 7f94318a8000-7f94318ea000 r-xp 00000000 08:02 143398007                  /usr/local/synopsys/customdesigner/J-2014.12-SP2-2/amd64/qt/lib/libQtXml.so.4.7.4
              /c 7f94318ea000-7f94319e9000 ---p 00042000 08:02 143398007                  /usr/local/synopsys/customdesigner/J-2014.12-SP2-2/amd64/qt/lib/libQtXml.so.4.7.4
              /c 7f94319e9000-7f94319ec000 rw-p 00041000 08:02 143398007                  /usr/local/synopsys/customdesigner/J-2014.12-SP2-2/amd64/qt/lib/libQtXml.so.4.7.4
              /c 7f94319ec000-7f94319ed000 rw-p 00000000 00:00 0 
              /c 7f94319f3000-7f94319f6000 rw-p 00000000 00:00 0 
              /c 7f94319f6000-7f94319f8000 r--s 00000000 08:02 1111568                    /usr/lib/fontconfig/cache/57cac5c9-dbee-4497-a172-fc40e1ac2ce0-le64.cache-7
              /c 7f94319f8000-7f94319fb000 r--s 00000000 08:02 1111572                    /usr/lib/fontconfig/cache/b07da3e5-a062-45bc-98d3-0973af7354c3-le64.cache-7
              /c 7f94319fb000-7f9431a03000 r--s 00000000 08:02 1111570                    /usr/lib/fontconfig/cache/bcdb72a8-ef49-4f06-af7e-278f1c4329f0-le64.cache-7
              /c 7f9431a03000-7f9431a04000 r--s 00000000 08:02 1111576                    /usr/lib/fontconfig/cache/67c4ea48-27e1-46ad-a590-63427a93bb5f-le64.cache-7
              /c 7f9431a04000-7f9431a09000 r--s 00000000 08:02 1111574                    /usr/lib/fontconfig/cache/e0432c4e-2531-4780-a952-1c44f6029c72-le64.cache-7
              /c 7f9431a09000-7f9431a10000 r--s 00000000 08:02 134235954                  /usr/lib64/gconv/gconv-modules.cache
              /c 7f9431a10000-7f9431a12000 rw-p 00000000 00:00 0 
              /c 7f9431a12000-7f9431a13000 r--p 00021000 08:02 1580                       /usr/lib64/ld-2.17.so
              /c 7f9431a13000-7f9431a14000 rw-p 00022000 08:02 1580                       /usr/lib64/ld-2.17.so
              /c 7f9431a14000-7f9431a15000 rw-p 00000000 00:00 0 
              /c 7ffd32210000-7ffd32232000 rw-p 00000000 00:00 0                          [stack]
              /c 7ffd322ec000-7ffd322ee000 r-xp 00000000 00:00 0                          [vdso]
              /c ffffffffff600000-ffffffffff601000 r-xp 00000000 00:00 0                  [vsyscall]
              /c 
[16:30:10.79] /e Error: The application was unexpectedly terminated.
              /c See the session log file for recovery details. (SHUT_DOWN-001)
