[17:47:19.35] /o Custom Designer (TM) Version J-2014.12-SP2-2
              /c Build  (OPT) Config 2901729 compiled on Sun Jul 26 20:41:43 2015 for RHEL64 5.7
              /c Invocation: /usr/local/synopsys/customdesigner/J-2014.12-SP2-2/amd64/platform/bin/cdesigner
              /c Execution time: Fri Feb  8 17:47:16 2019
              /c Host: bender.engr.ucr.edu
              /c 
              /c Copyright © 2004-2015 Synopsys, Inc. All rights reserved.
              /c Your use of this program is subject to the terms and conditions of the written license agreement between you, or your company, and Synopsys.
              /c 
[17:47:20.81] /m Information: ::xt::physicalVerification::_private::processValidationProc: Invalid process 'SAED 90nm'.
[17:47:20.81] /m Information: ::xt::physicalVerification::_private::variantValidationProc: Invalid process ''.
[17:47:35.26] /# gi::executeAction deOpenDesign -in [gi::getWindows 0]
[17:47:35.26] /i de::showOpenDesign
[17:47:35.29] /o oa:0x242fe110
[17:47:35.39] /i gi::setActiveDialog [gi::getDialogs {deOpenDesign}]
[17:47:35.64] /i db::setAttr geometry -of [gi::getDialogs {deOpenDesign}] -value 645x361+20+417
[17:47:37.24] /i gi::setCurrentIndex {designLibs} -index {mylibrary} -in [gi::getDialogs {deOpenDesign}]
[17:47:37.25] /i gi::setItemSelection {designLibs} -index {mylibrary} -in [gi::getDialogs {deOpenDesign}]
[17:47:38.40] /i gi::setCurrentIndex {designCells} -index {inverter_testbench} -in [gi::getDialogs {deOpenDesign}]
[17:47:38.42] /i gi::setItemSelection {designCells} -index {inverter_testbench} -in [gi::getDialogs {deOpenDesign}]
[17:47:39.67] /i gi::setCurrentIndex {designViews} -index {config} -in [gi::getDialogs {deOpenDesign}]
[17:47:39.68] /i gi::setItemSelection {designViews} -index {config} -in [gi::getDialogs {deOpenDesign}]
[17:47:40.15] /i gi::pressButton {ok} -in [gi::getDialogs {deOpenDesign}]
[17:47:40.27] /# de::open [dm::findCellView {config} -cellName {inverter_testbench} -libName {mylibrary}] -readOnly 0
[17:47:40.30] /o 	############################################
[17:47:40.30] /o 	--------------------------------------------
[17:47:40.30] /o 	PDK Name................... : SAED_PDK_90
[17:47:40.30] /o 	PDK Release Date........... : 29-Sep-2015
[17:47:40.30] /o 	PDK Custom Designer Version : J-2014.12-2
[17:47:40.30] /o 	--------------------------------------------
[17:47:40.30] /o 	############################################
[17:47:40.30] /o 
[17:47:40.30] /w Warning: Preference 'leActiveLPP' is deprecated and scheduled for removal in a future release with no replacement. For migration assistance, see the Custom Designer Tcl Reference Manual. (PREFERENCE-058)
[17:47:40.30] /o SAED PDK 90: Loaded callbacks
[17:47:40.30] /o SAED PDK 90: Loaded display resources
[17:47:40.37] /m Information: License 'Schematic Editor' checked out. (LICENSE-003)
[17:47:40.43] /r giWindowId 1
[17:47:40.43] /r giWindowGeometry 1088x700
[17:47:40.79] /r giWindowId 2
[17:47:40.80] /r giWindowGeometry 750x750
[17:47:40.98] /o 2
[17:47:41.40] /i gi::setActiveWindow 1
[17:47:41.40] /i gi::setActiveWindow 1 -raise true
[17:47:41.47] /i gi::setActiveWindow 2
[17:47:41.53] /i gi::setActiveWindow 2 -raise true
[17:47:41.74] /i db::setAttr geometry -of [gi::getFrames 2] -value 750x735+27+43
[17:47:45.04] /i gi::setField {heViewSearchList} -value {schematic\ hspice\ symbol} -in [gi::getWindows 2]
[17:47:45.05] /i gi::executeAction giCloseWindow -in [gi::getWindows 2]
[17:47:45.12] /i gi::setActiveWindow 1
[17:47:45.13] /i gi::setActiveWindow 1 -raise true
[17:47:47.41] /i db::setAttr geometry -of [gi::getFrames 1] -value 1088x700+590+27
[17:47:48.45] /i gi::setActiveWindow 0
[17:47:48.46] /i gi::setActiveWindow 0 -raise true
[17:47:50.24] /# gi::executeAction deOpenDesign -in [gi::getWindows 0]
[17:47:50.24] /i de::showOpenDesign
[17:47:50.27] /o oa:0x28132a70
[17:47:50.35] /i gi::setActiveDialog [gi::getDialogs {deOpenDesign}]
[17:47:50.56] /i db::setAttr geometry -of [gi::getDialogs {deOpenDesign}] -value 645x361+308+126
[17:47:52.82] /i gi::setCurrentIndex {designViews} -index {Tran_DC_SAE} -in [gi::getDialogs {deOpenDesign}]
[17:47:52.83] /i gi::setItemSelection {designViews} -index {Tran_DC_SAE} -in [gi::getDialogs {deOpenDesign}]
[17:47:54.64] /i gi::setCurrentIndex {designViews} -index {Tran_DC_parasitic_SAE} -in [gi::getDialogs {deOpenDesign}]
[17:47:54.65] /i gi::setItemSelection {designViews} -index {Tran_DC_parasitic_SAE} -in [gi::getDialogs {deOpenDesign}]
[17:47:57.38] /i gi::pressButton {ok} -in [gi::getDialogs {deOpenDesign}]
[17:47:57.39] /# de::open [dm::findCellView {Tran_DC_parasitic_SAE} -cellName {inverter_testbench} -libName {mylibrary}] -readOnly 0
[17:47:57.44] /m Information: License 'Simulation & Analysis Environment' checked out. (LICENSE-003)
[17:47:57.51] /r giWindowId 3
[17:47:57.52] /r giWindowGeometry 600x500
[17:47:57.76] /o oa:0x28261f80
[17:47:58.10] /i db::setAttr geometry -of [gi::getFrames 3] -value 600x500+328+146
[17:48:23.76] /i gi::pressButton {plotButton} -in [gi::getWindows 3]
[17:48:23.84] /m Information: Launching Waveform Viewer "cd /home/cemaj/tarora/simulation/mylibrary/inverter_testbench/config/HSPICE/nominal/results && wv -k -cdesigner > /home/cemaj/tarora/simulation/mylibrary/inverter_testbench/config/HSPICE/nominal/results/viewer.log 2>&1"
[17:50:56.61] /i db::setAttr iconified -of [gi::getFrames 3] -value true
[17:50:56.61] /i gi::setActiveWindow 0
[17:50:56.62] /i gi::setActiveWindow 0 -raise true
[17:50:57.94] /i db::setAttr iconified -of [gi::getFrames 1] -value true
[17:50:59.84] /i db::setAttr geometry -of [gi::getFrames 0] -value 600x300+-8+22
[17:51:02.44] /i db::setAttr geometry -of [gi::getFrames 0] -value 600x300+6+27
[17:54:07.74] /# gi::executeAction dmShowNewCellView -in [gi::getWindows 0]
[17:54:07.74] /i dm::showNewCellView -parent 0
[17:54:07.79] /o oa:0x2883fe00
[17:54:07.86] /i gi::setActiveDialog [gi::getDialogs {dmNewCellView}]
[17:54:08.36] /i db::setAttr geometry -of [gi::getDialogs {dmNewCellView}] -value 588x336+26+47
[17:54:09.65] /i gi::setCurrentIndex {libs} -index {mylibrary} -in [gi::getDialogs {dmNewCellView}]
[17:54:09.66] /i gi::setItemSelection {libs} -index {mylibrary} -in [gi::getDialogs {dmNewCellView}]
[17:54:23.42] /i gi::setField {cellName} -value {ringOscillator} -in [gi::getDialogs {dmNewCellView}]
[17:54:38.91] /i gi::pressButton {ok} -in [gi::getDialogs {dmNewCellView}]
[17:54:39.03] /# db::getAttr viewType -of [dm::findCellView schematic -cell [dm::findCell ringOscillator -lib [oa::LibFind [oa::ScalarName [oa::CdbaNS] mylibrary]]]]
[17:54:39.03] /# dm::createCellView schematic -cell [dm::findCell ringOscillator -lib [ oa::LibFind [oa::ScalarName [oa::CdbaNS] mylibrary]]] -viewType schematic
[17:54:39.04] /# de::open [dm::findCellView schematic -cell [dm::findCell ringOscillator -lib [oa::LibFind [oa::ScalarName [oa::CdbaNS] mylibrary]]]] -application seSchematic
[17:54:39.07] /r giWindowId 4
[17:54:39.08] /r giWindowGeometry 1088x700
[17:54:45.15] /# gi::executeAction seCreateInst -in [gi::getWindows 4]
[17:54:45.15] /i ise::createInst
[17:54:45.37] /i gi::setActiveDialog [gi::getDialogs {seCreateInst} -parent [gi::getWindows 4]]
[17:54:45.75] /i db::setAttr geometry -of [gi::getDialogs {seCreateInst}] -value 355x355+391+63
[17:55:08.42] /i gi::setField {instMasterLib} -value {mylibrary} -in [gi::getDialogs {seCreateInst} -parent [gi::getWindows 4]]
[17:55:08.73] /i db::setAttr geometry -of [gi::getDialogs {seCreateInst}] -value 355x355+391+63
[17:55:29.63] /i gi::setField {instMasterCell} -value {inverter} -in [gi::getDialogs {seCreateInst} -parent [gi::getWindows 4]]
[17:55:29.93] /i db::setAttr geometry -of [gi::getDialogs {seCreateInst}] -value 355x355+391+63
[17:57:11.72] /# gi::executeAction deAddPoint -in [gi::getWindows 4]
[17:57:11.72] /i de::addPoint {0.35 1.05} -window 4
[17:57:17.16] /# gi::executeAction deAddPoint -in [gi::getWindows 4]
[17:57:17.16] /i de::addPoint {1.85 1.0625} -window 4
[17:57:19.12] /# gi::executeAction deAddPoint -in [gi::getWindows 4]
[17:57:19.12] /i de::addPoint {3.2625 1.06875} -window 4
[17:57:23.97] /# gi::executeAction deAddPoint -in [gi::getWindows 4]
[17:57:23.97] /i de::addPoint {4.69375 1.05} -window 4
[17:57:25.08] /# gi::executeAction dePanEast -in [gi::getWindows 4]
[17:57:25.08] /i de::pan -direction E -multiplier 0.5
[17:57:25.09] /o {2.2875 -0.54375} {8.81875 3.06875}
[17:57:27.93] /# gi::executeAction deAddPoint -in [gi::getWindows 4]
[17:57:27.93] /i de::addPoint {6.25625 1.05625} -window 4
[17:57:32.41] /i de::abortCommand
[17:57:33.44] /# gi::executeAction dePanWest -in [gi::getWindows 4]
[17:57:33.44] /i de::pan -direction W -multiplier 0.5
[17:57:33.50] /o {-0.975 -0.54375} {5.55625 3.06875}
[17:57:33.67] /# gi::executeAction dePanWest -in [gi::getWindows 4]
[17:57:33.67] /i de::pan -direction W -multiplier 0.5
[17:57:33.68] /o {-4.2375 -0.54375} {2.29375 3.06875}
[17:57:34.31] /# gi::executeAction dePanEast -in [gi::getWindows 4]
[17:57:34.31] /i de::pan -direction E -multiplier 0.5
[17:57:34.32] /o {-0.975 -0.54375} {5.55625 3.06875}
[17:57:35.62] /# gi::executeAction dePanEast -in [gi::getWindows 4]
[17:57:35.62] /i de::pan -direction E -multiplier 0.5
[17:57:35.63] /o {2.2875 -0.54375} {8.81875 3.06875}
[17:57:37.87] /# gi::executeAction deZoomOutAtPoint -in [gi::getWindows 4]
[17:57:37.87] /i de::zoom -window 4 -factor 0.5 -center {6.175 1.43125}
[17:57:37.88] /o {-1.60625 -2.51875} {11.45625 4.70625}
[17:57:37.91] /# gi::executeAction deZoomOutAtPoint -in [gi::getWindows 4]
[17:57:37.91] /i de::zoom -window 4 -factor 0.5 -center {6.16875 1.43125}
[17:57:37.92] /o {-9.38125 -6.46875} {16.74375 7.98125}
[17:57:37.95] /# gi::executeAction deZoomOutAtPoint -in [gi::getWindows 4]
[17:57:37.95] /i de::zoom -window 4 -factor 0.5 -center {6.16875 1.43125}
[17:57:37.96] /o {-24.93125 -14.36875} {27.31875 14.53125}
[17:57:39.08] /# gi::executeAction deZoomInAtPoint -in [gi::getWindows 4]
[17:57:39.08] /i de::zoom -window 4 -factor 2.0 -center {6.16875 1.43125}
[17:57:39.09] /o {-9.38125 -6.46875} {16.74375 7.98125}
[17:57:39.14] /# gi::executeAction deZoomInAtPoint -in [gi::getWindows 4]
[17:57:39.14] /i de::zoom -window 4 -factor 2.0 -center {6.16875 1.43125}
[17:57:39.15] /o {-1.60625 -2.51875} {11.45625 4.70625}
[17:57:40.31] /# gi::executeAction deZoomInAtPoint -in [gi::getWindows 4]
[17:57:40.31] /i de::zoom -window 4 -factor 2.0 -center {6.16875 1.43125}
[17:57:40.31] /o {2.28125 -0.54375} {8.8125 3.06875}
[17:57:40.61] /# gi::executeAction deZoomInAtPoint -in [gi::getWindows 4]
[17:57:40.61] /i de::zoom -window 4 -factor 2.0 -center {6.16875 1.43125}
[17:57:40.62] /o {4.225 0.44375} {7.49375 2.25}
[17:57:41.04] /# gi::executeAction deZoomOutAtPoint -in [gi::getWindows 4]
[17:57:41.04] /i de::zoom -window 4 -factor 0.5 -center {6.16875 1.43125}
[17:57:41.04] /o {2.28125 -0.54375} {8.8125 3.06875}
[17:57:41.06] /# gi::executeAction deZoomOutAtPoint -in [gi::getWindows 4]
[17:57:41.06] /i de::zoom -window 4 -factor 0.5 -center {6.16875 1.43125}
[17:57:41.07] /o {-1.60625 -2.51875} {11.45625 4.70625}
[17:57:41.07] /# gi::executeAction deZoomOutAtPoint -in [gi::getWindows 4]
[17:57:41.07] /i de::zoom -window 4 -factor 0.5 -center {6.16875 1.43125}
[17:57:41.08] /o {-9.38125 -6.46875} {16.74375 7.98125}
[17:57:42.34] /# gi::executeAction deZoomInAtPoint -in [gi::getWindows 4]
[17:57:42.34] /i de::zoom -window 4 -factor 2.0 -center {6.16875 1.43125}
[17:57:42.35] /o {-1.60625 -2.51875} {11.45625 4.70625}
[17:57:43.43] /# gi::executeAction deZoomInAtPoint -in [gi::getWindows 4]
[17:57:43.43] /i de::zoom -window 4 -factor 2.0 -center {6.16875 1.43125}
[17:57:43.44] /o {2.28125 -0.54375} {8.8125 3.06875}
[17:58:32.89] /w Warning: Nothing is bound to the 'Button6' in the current active set. (WINDOW-015)
[17:58:32.89] /w Warning: Nothing is bound to the 'Button6' in the current active set. (WINDOW-015)
[17:58:32.90] /w Warning: Nothing is bound to the 'Button6' in the current active set. (WINDOW-015)
[17:58:32.96] /w Warning: Nothing is bound to the 'Button6' in the current active set. (WINDOW-015)
[17:58:33.48] /w Warning: Nothing is bound to the 'Button6' in the current active set. (WINDOW-015)
[17:58:33.50] /w Warning: Nothing is bound to the 'Button6' in the current active set. (WINDOW-015)
[17:58:33.55] /w Warning: Nothing is bound to the 'Button6' in the current active set. (WINDOW-015)
[17:58:33.69] /w Warning: Nothing is bound to the 'Button6' in the current active set. (WINDOW-015)
[17:58:33.69] /w Warning: Nothing is bound to the 'Button6' in the current active set. (WINDOW-015)
[17:58:33.71] /w Warning: Nothing is bound to the 'Button6' in the current active set. (WINDOW-015)
[17:58:33.75] /w Warning: Nothing is bound to the 'Button6' in the current active set. (WINDOW-015)
[17:58:33.77] /w Warning: Nothing is bound to the 'Button6' in the current active set. (WINDOW-015)
[17:58:33.78] /w Warning: Nothing is bound to the 'Button6' in the current active set. (WINDOW-015)
[17:58:35.95] /# gi::executeAction dePanWest -in [gi::getWindows 4]
[17:58:35.95] /i de::pan -direction W -multiplier 0.5
[17:58:35.96] /o {-0.98125 -0.54375} {5.55 3.06875}
[17:58:40.93] /# gi::executeAction seSchCreateWire -in [gi::getWindows 4]
[17:58:40.93] /i ise::createWire
[17:58:48.03] /# gi::executeAction deStartDrag -in [gi::getWindows 4]
[17:58:48.03] /i de::startDrag {0.875 1.45625} -window 4
[17:58:48.04] /i de::setCursor -point {0.875 1.625 }
[17:58:49.49] /# gi::executeAction deEndDrag -in [gi::getWindows 4]
[17:58:49.49] /i de::endDrag {0.875 1.725} -window 4
[17:58:50.72] /# gi::executeAction deAbortCommand -in [gi::getWindows 4]
[17:58:50.72] /i de::abortCommand -window 4
[17:58:52.86] /# gi::executeAction seSchCreateWire -in [gi::getWindows 4]
[17:58:52.86] /i ise::createWire
[17:58:55.35] /# gi::executeAction deStartDrag -in [gi::getWindows 4]
[17:58:55.35] /i de::startDrag {2.3875 1.4375} -window 4
[17:58:55.36] /i de::setCursor -point {2.375 1.5625 }
[17:58:57.14] /# gi::executeAction deEndDrag -in [gi::getWindows 4]
[17:58:57.14] /i de::endDrag {2.39375 1.76875} -window 4
[17:58:57.14] /i de::setCursor -point {2.4375 1.75 }
[17:58:59.82] /# gi::executeAction deAddPoint -in [gi::getWindows 4]
[17:58:59.82] /i de::addPoint {3.7625 1.45} -window 4
[17:59:02.23] /# gi::executeAction deAddPoint -in [gi::getWindows 4]
[17:59:02.23] /i de::addPoint {3.75625 1.74375} -window 4
[17:59:05.69] /# gi::executeAction deAddPoint -in [gi::getWindows 4]
[17:59:05.69] /i de::addPoint {5.1875 1.44375} -window 4
[17:59:09.27] /# gi::executeAction deAddPoint -in [gi::getWindows 4]
[17:59:09.27] /i de::addPoint {2.36875 1.7375} -window 4
[17:59:09.62] /i de::setCursor -point {2.3125 1.6875 }
[17:59:09.63] /i de::setCursor -point {2.25 1.6875 }
[17:59:12.13] /# gi::executeAction deAddPoint -in [gi::getWindows 4]
[17:59:12.13] /i de::addPoint {0.86875 1.73125} -window 4
[17:59:15.01] /w Warning: Nothing is bound to the 'Button7' in the current active set. (WINDOW-015)
[17:59:15.03] /w Warning: Nothing is bound to the 'Button7' in the current active set. (WINDOW-015)
[17:59:15.06] /w Warning: Nothing is bound to the 'Button7' in the current active set. (WINDOW-015)
[17:59:15.06] /w Warning: Nothing is bound to the 'Button7' in the current active set. (WINDOW-015)
[17:59:15.07] /w Warning: Nothing is bound to the 'Button7' in the current active set. (WINDOW-015)
[17:59:15.11] /w Warning: Nothing is bound to the 'Button7' in the current active set. (WINDOW-015)
[17:59:17.12] /# gi::executeAction dePanEast -in [gi::getWindows 4]
[17:59:17.12] /i de::pan -direction E -multiplier 0.5
[17:59:17.13] /o {2.28125 -0.54375} {8.8125 3.06875}
[17:59:19.70] /# gi::executeAction deAddPoint -in [gi::getWindows 4]
[17:59:19.70] /i de::addPoint {5.1875 1.75625} -window 4
[17:59:20.06] /i de::setCursor -point {5.25 1.6875 }
[17:59:20.07] /i de::setCursor -point {5.3125 1.6875 }
[17:59:21.68] /# gi::executeAction deAddPoint -in [gi::getWindows 4]
[17:59:21.68] /i de::addPoint {6.7625 1.44375} -window 4
[17:59:23.13] /# gi::executeAction deAddPoint -in [gi::getWindows 4]
[17:59:23.13] /i de::addPoint {6.7375 0.6625} -window 4
[17:59:25.25] /# gi::executeAction deAddPoint -in [gi::getWindows 4]
[17:59:25.25] /i de::addPoint {5.1875 0.6625} -window 4
[17:59:27.75] /# gi::executeAction deAddPoint -in [gi::getWindows 4]
[17:59:27.75] /i de::addPoint {5.19375 0.6625} -window 4
[17:59:30.41] /# gi::executeAction deAddPoint -in [gi::getWindows 4]
[17:59:30.41] /i de::addPoint {3.7375 0.68125} -window 4
[17:59:33.13] /# gi::executeAction deAddPoint -in [gi::getWindows 4]
[17:59:33.13] /i de::addPoint {3.75 0.61875} -window 4
[17:59:36.02] /# gi::executeAction deAddPoint -in [gi::getWindows 4]
[17:59:36.02] /i de::addPoint {2.38125 0.675} -window 4
[17:59:36.86] /# gi::executeAction dePanWest -in [gi::getWindows 4]
[17:59:36.86] /i de::pan -direction W -multiplier 0.5
[17:59:36.87] /o {-0.98125 -0.54375} {5.55 3.06875}
[17:59:39.39] /# gi::executeAction deAddPoint -in [gi::getWindows 4]
[17:59:39.39] /i de::addPoint {2.3625 0.6125} -window 4
[17:59:41.44] /# gi::executeAction deAddPoint -in [gi::getWindows 4]
[17:59:41.44] /i de::addPoint {0.8625 0.6875} -window 4
[17:59:48.03] /# gi::executeAction deAddPoint -in [gi::getWindows 4]
[17:59:48.03] /i de::addPoint {0.86875 0.6125} -window 4
[17:59:49.00] /# gi::executeAction deAddPoint -in [gi::getWindows 4]
[17:59:49.00] /i de::addPoint {0.3 0.625} -window 4
[17:59:49.90] /# gi::executeAction deAbortCommand -in [gi::getWindows 4]
[17:59:49.90] /i de::abortCommand -window 4
[17:59:52.88] /# gi::executeAction deSelectActive -in [gi::getWindows 4]
[17:59:52.88] /i de::select [de::getActiveFigure [gi::getWindows 4] -point {0.89375 1.7375} -index 0 -intent none] -replace true
[17:59:52.88] /o oa:0x288196f0
[17:59:55.07] /# gi::executeAction seSchCreateWire -in [gi::getWindows 4]
[17:59:55.07] /i ise::createWire
[17:59:57.24] /# gi::executeAction deAddPoint -in [gi::getWindows 4]
[17:59:57.24] /i de::addPoint {0.86875 1.7125} -window 4
[17:59:57.51] /i de::setCursor -point {0.8125 1.6875 }
[18:00:01.30] /# gi::executeAction deAddPoint -in [gi::getWindows 4]
[18:00:01.30] /i de::addPoint {0.43125 1.78125} -window 4
[18:00:01.72] /i de::setCursor -point {0.4375 1.875 }
[18:00:02.67] /# gi::executeAction deAbortCommand -in [gi::getWindows 4]
[18:00:02.67] /i de::abortCommand -window 4
[18:00:27.60] /# gi::executeAction seSchCreateSchematicPin -in [gi::getWindows 4]
[18:00:27.60] /i ise::createSchematicPin
[18:00:31.95] /i gi::setField {schematicPinType} -value {inputOutput} -in [gi::getToolbars {deCommandOptions} -from [gi::getWindows 4]]
[18:00:46.22] /i gi::setField {schematicPinName} -value {VIO1} -in [gi::getToolbars {deCommandOptions} -from [gi::getWindows 4]]
[18:00:48.60] /# gi::executeAction deAddPoint -in [gi::getWindows 4]
[18:00:48.60] /i de::addPoint {1.64375 1.05625} -window 4
[18:00:55.42] /i gi::setField {schematicPinName} -value {VIO2} -in [gi::getToolbars {deCommandOptions} -from [gi::getWindows 4]]
[18:00:58.05] /# gi::executeAction deAddPoint -in [gi::getWindows 4]
[18:00:58.05] /i de::addPoint {3.0625 1.06875} -window 4
[18:01:06.65] /i gi::setField {schematicPinName} -value {VIO3} -in [gi::getToolbars {deCommandOptions} -from [gi::getWindows 4]]
[18:01:08.97] /# gi::executeAction deAddPoint -in [gi::getWindows 4]
[18:01:08.97] /i de::addPoint {4.49375 1.0875} -window 4
[18:01:10.04] /i gi::setField {schematicPinName} -value {} -in [gi::getToolbars {deCommandOptions} -from [gi::getWindows 4]]
[18:01:15.07] /i gi::setField {schematicPinName} -value {VIO4} -in [gi::getToolbars {deCommandOptions} -from [gi::getWindows 4]]
[18:01:16.15] /# gi::executeAction dePanEast -in [gi::getWindows 4]
[18:01:16.15] /i de::pan -direction E -multiplier 0.5
[18:01:16.16] /o {2.28125 -0.54375} {8.8125 3.06875}
[18:01:19.27] /# gi::executeAction deAddPoint -in [gi::getWindows 4]
[18:01:19.27] /i de::addPoint {5.975 1.04375} -window 4
[18:01:37.01] /i gi::setField {schematicPinName} -value {VIO5} -in [gi::getToolbars {deCommandOptions} -from [gi::getWindows 4]]
[18:01:39.67] /# gi::executeAction deAddPoint -in [gi::getWindows 4]
[18:01:39.67] /i de::addPoint {7.61875 1.0875} -window 4
[18:01:42.13] /# gi::executeAction deAbortCommand -in [gi::getWindows 4]
[18:01:42.13] /i de::abortCommand -window 4
[18:01:45.09] /# gi::executeAction dePanWest -in [gi::getWindows 4]
[18:01:45.09] /i de::pan -direction W -multiplier 0.5
[18:01:45.10] /o {-0.98125 -0.54375} {5.55 3.06875}
[18:01:48.67] /# gi::executeAction seSchCreateWire -in [gi::getWindows 4]
[18:01:48.67] /i ise::createWire
[18:01:50.93] /# gi::executeAction deAddPoint -in [gi::getWindows 4]
[18:01:50.93] /i de::addPoint {1.375 1.0625} -window 4
[18:01:51.24] /i de::setCursor -point {1.4375 1.0625 }
[18:01:53.09] /# gi::executeAction deAddPoint -in [gi::getWindows 4]
[18:01:53.09] /i de::addPoint {1.51875 1.05625} -window 4
[18:01:54.50] /# gi::executeAction deAddPoint -in [gi::getWindows 4]
[18:01:54.50] /i de::addPoint {1.71875 1.0625} -window 4
[18:01:55.95] /i de::setCursor -point {1.875 1.1875 }
[18:01:55.98] /i de::setCursor -point {1.875 1.25 }
[18:01:56.89] /i de::setCursor -point {1.875 1.1875 }
[18:01:57.20] /# gi::executeAction deAbortCommand -in [gi::getWindows 4]
[18:01:57.20] /i de::abortCommand -window 4
[18:02:00.04] /# gi::executeAction seSchCreateWire -in [gi::getWindows 4]
[18:02:00.04] /i ise::createWire
[18:02:02.66] /# gi::executeAction deAddPoint -in [gi::getWindows 4]
[18:02:02.66] /i de::addPoint {1.6375 1.04375} -window 4
[18:02:03.17] /i de::setCursor -point {1.6875 1.0625 }
[18:02:04.40] /# gi::executeAction deAddPoint -in [gi::getWindows 4]
[18:02:04.40] /i de::addPoint {1.8875 1.05} -window 4
[18:02:07.12] /# gi::executeAction deAddPoint -in [gi::getWindows 4]
[18:02:07.12] /i de::addPoint {2.99375 1.05625} -window 4
[18:02:08.28] /# gi::executeAction deAddPoint -in [gi::getWindows 4]
[18:02:08.28] /i de::addPoint {2.84375 1.05} -window 4
[18:02:10.45] /# gi::executeAction deAddPoint -in [gi::getWindows 4]
[18:02:10.45] /i de::addPoint {3.075 1.0625} -window 4
[18:02:11.73] /# gi::executeAction deAddPoint -in [gi::getWindows 4]
[18:02:11.73] /i de::addPoint {3.25625 1.0625} -window 4
[18:02:14.06] /# gi::executeAction deAddPoint -in [gi::getWindows 4]
[18:02:14.06] /i de::addPoint {4.2625 1.06875} -window 4
[18:02:15.78] /# gi::executeAction deAddPoint -in [gi::getWindows 4]
[18:02:15.78] /i de::addPoint {4.44375 1.06875} -window 4
[18:02:17.72] /# gi::executeAction deAddPoint -in [gi::getWindows 4]
[18:02:17.72] /i de::addPoint {4.49375 1.0625} -window 4
[18:02:19.42] /# gi::executeAction deAddPoint -in [gi::getWindows 4]
[18:02:19.42] /i de::addPoint {4.65 1.075} -window 4
[18:02:21.52] /# gi::executeAction deAddPoint -in [gi::getWindows 4]
[18:02:21.52] /i de::addPoint {4.6875 1.04375} -window 4
[18:02:24.89] /# gi::executeAction dePanEast -in [gi::getWindows 4]
[18:02:24.89] /i de::pan -direction E -multiplier 0.5
[18:02:25.05] /o {2.28125 -0.54375} {8.8125 3.06875}
[18:02:28.20] /# gi::executeAction deAddPoint -in [gi::getWindows 4]
[18:02:28.20] /i de::addPoint {5.69375 1.05625} -window 4
[18:02:33.00] /# gi::executeAction deAddPoint -in [gi::getWindows 4]
[18:02:33.00] /i de::addPoint {5.95 1.0625} -window 4
[18:02:34.70] /# gi::executeAction deAddPoint -in [gi::getWindows 4]
[18:02:34.70] /i de::addPoint {6 1.05625} -window 4
[18:02:37.02] /# gi::executeAction deAddPoint -in [gi::getWindows 4]
[18:02:37.02] /i de::addPoint {6.25625 1.06875} -window 4
[18:02:39.11] /# gi::executeAction deAddPoint -in [gi::getWindows 4]
[18:02:39.11] /i de::addPoint {7.25 1.05} -window 4
[18:02:41.07] /# gi::executeAction deAddPoint -in [gi::getWindows 4]
[18:02:41.07] /i de::addPoint {7.5625 1.05} -window 4
[18:02:43.01] /# gi::executeAction deAddPoint -in [gi::getWindows 4]
[18:02:43.01] /i de::addPoint {7.64375 1.05625} -window 4
[18:02:43.53] /i de::setCursor -point {7.6875 1.125 }
[18:02:43.53] /i de::setCursor -point {7.75 1.125 }
[18:02:43.58] /i de::setCursor -point {7.75 1.1875 }
[18:02:43.59] /i de::setCursor -point {7.8125 1.1875 }
[18:02:43.60] /i de::setCursor -point {7.75 1.1875 }
[18:02:43.61] /i de::setCursor -point {7.8125 1.1875 }
[18:02:45.45] /# gi::executeAction deAddPoint -in [gi::getWindows 4]
[18:02:45.45] /i de::addPoint {7.95 2.78125} -window 4
[18:02:49.34] /# gi::executeAction dePanWest -in [gi::getWindows 4]
[18:02:49.34] /i de::pan -direction W -multiplier 0.5
[18:02:49.35] /o {-0.98125 -0.54375} {5.55 3.06875}
[18:02:53.90] /# gi::executeAction deAddPoint -in [gi::getWindows 4]
[18:02:53.90] /i de::addPoint {0.35625 1.075} -window 4
[18:03:25.39] /# gi::executeAction seSchCreateSchematicPin -in [gi::getWindows 4]
[18:03:25.39] /i ise::createSchematicPin
[18:03:42.15] /i gi::setField {schematicPinName} -value {VDD} -in [gi::getToolbars {deCommandOptions} -from [gi::getWindows 4]]
[18:03:44.67] /i gi::setField {schematicPinType} -value {input} -in [gi::getToolbars {deCommandOptions} -from [gi::getWindows 4]]
[18:03:48.74] /# gi::executeAction deAddPoint -in [gi::getWindows 4]
[18:03:48.74] /i de::addPoint {0.4375 1.78125} -window 4
[18:03:56.96] /i gi::setField {schematicPinName} -value {VSS} -in [gi::getToolbars {deCommandOptions} -from [gi::getWindows 4]]
[18:03:59.61] /# gi::executeAction deAddPoint -in [gi::getWindows 4]
[18:03:59.61] /i de::addPoint {0.3625 0.625} -window 4
[18:04:02.48] /i gi::setField {schematicPinName} -value {} -in [gi::getToolbars {deCommandOptions} -from [gi::getWindows 4]]
[18:04:09.21] /# gi::executeAction deAbortCommand -in [gi::getWindows 4]
[18:04:09.21] /i de::abortCommand -window 4
[18:04:12.48] /# gi::executeAction seSchCreateWire -in [gi::getWindows 4]
[18:04:12.48] /i ise::createWire
[18:04:14.31] /# gi::executeAction deAddPoint -in [gi::getWindows 4]
[18:04:14.32] /i de::addPoint {1.55625 1.0625} -window 4
[18:04:14.70] /i de::setCursor -point {1.5 1.0625 }
[18:04:15.90] /# gi::executeAction deAddPoint -in [gi::getWindows 4]
[18:04:15.90] /i de::addPoint {1.475 1.06875} -window 4
[18:04:18.00] /# gi::executeAction deAddPoint -in [gi::getWindows 4]
[18:04:18.00] /i de::addPoint {1.55625 1.06875} -window 4
[18:04:19.47] /# gi::executeAction deAddPoint -in [gi::getWindows 4]
[18:04:19.47] /i de::addPoint {1.375 1.06875} -window 4
[18:04:26.27] /# gi::executeAction seSchCheckAndSave -in [gi::getWindows 4]
[18:04:26.27] /i ise::check
[18:04:26.31] /m Information: 
[18:04:26.31] /o Checking "mylibrary/ringOscillator/schematic"
[18:04:26.31] /o No rule violations found in "mylibrary/ringOscillator/schematic"
[18:04:26.31] /m Information: Checking process is completed: marking the design violations
[18:04:26.35] /m Information: Marking of designs is completed
[18:04:26.35] /o 1
[18:04:32.30] /# gi::executeAction dePanEast -in [gi::getWindows 4]
[18:04:32.30] /i de::pan -direction E -multiplier 0.5
[18:04:32.31] /o {2.28125 -0.54375} {8.8125 3.06875}
[18:04:36.19] /# gi::executeAction dePanWest -in [gi::getWindows 4]
[18:04:36.19] /i de::pan -direction W -multiplier 0.5
[18:04:36.20] /o {-0.98125 -0.54375} {5.55 3.06875}
[18:04:37.78] /# gi::executeAction dePanEast -in [gi::getWindows 4]
[18:04:37.78] /i de::pan -direction E -multiplier 0.5
[18:04:37.79] /o {2.28125 -0.54375} {8.8125 3.06875}
[18:04:38.67] /# gi::executeAction dePanWest -in [gi::getWindows 4]
[18:04:38.67] /i de::pan -direction W -multiplier 0.5
[18:04:38.69] /o {-0.98125 -0.54375} {5.55 3.06875}
[18:04:40.74] /# gi::executeAction dePanEast -in [gi::getWindows 4]
[18:04:40.74] /i de::pan -direction E -multiplier 0.5
[18:04:40.75] /o {2.28125 -0.54375} {8.8125 3.06875}
[18:04:42.60] /# gi::executeAction dePanWest -in [gi::getWindows 4]
[18:04:42.60] /i de::pan -direction W -multiplier 0.5
[18:04:42.61] /o {-0.98125 -0.54375} {5.55 3.06875}
[18:04:46.00] /i gi::setActiveWindow 0
[18:04:46.02] /i gi::setActiveWindow 0 -raise true
[18:04:54.64] /i gi::setActiveWindow 4
[18:04:54.65] /i gi::setActiveWindow 4 -raise true
[18:05:15.14] /i gi::executeAction giCloseWindow -in [gi::getWindows 4]
[18:05:15.82] /i gi::setActiveWindow 0
[18:05:15.83] /i gi::setActiveWindow 0 -raise true
[18:05:22.81] /# gi::executeAction deOpenDesign -in [gi::getWindows 0]
[18:05:22.81] /i de::showOpenDesign
[18:05:22.82] /o oa:0x289b0310
[18:05:22.91] /i gi::setActiveDialog [gi::getDialogs {deOpenDesign}]
[18:05:28.23] /i gi::setCurrentIndex {designCells} -index {ringOscillator} -in [gi::getDialogs {deOpenDesign}]
[18:05:28.24] /i gi::setItemSelection {designCells} -index {ringOscillator} -in [gi::getDialogs {deOpenDesign}]
[18:05:29.53] /i gi::setCurrentIndex {designViews} -index {schematic} -in [gi::getDialogs {deOpenDesign}]
[18:05:29.70] /i gi::pressButton {ok} -in [gi::getDialogs {deOpenDesign}]
[18:05:29.70] /# de::open [dm::findCellView {schematic} -cellName {ringOscillator} -libName {mylibrary}] -readOnly 0
[18:05:29.76] /r giWindowId 5
[18:05:29.77] /r giWindowGeometry 1088x700
[18:05:40.15] /# gi::executeAction deCellviewFromCellview -in [gi::getWindows 5]
[18:05:40.15] /i db::showCellViewFromCellView -src [db::getAttr container -of [db::getAttr editFile -of [db::getNext [de::getContexts -window 5]]]] 
[18:05:40.22] /o oa:0x28e82850
[18:05:40.42] /i gi::setActiveDialog [gi::getDialogs {dbCellViewFromCellView}]
[18:05:40.64] /i db::setAttr geometry -of [gi::getDialogs {dbCellViewFromCellView}] -value 628x353+63+79
[18:05:43.26] /i gi::setField {adjustPins} -value {true} -in [gi::getDialogs {dbCellViewFromCellView}]
[18:05:43.75] /i db::setAttr geometry -of [gi::getDialogs {dbCellViewFromCellView}] -value 628x614+63+79
[18:05:46.76] /i gi::setCurrentIndex {leftPins} -index {0,0} -in [gi::getDialogs {dbCellViewFromCellView}]
[18:05:46.77] /i gi::setItemSelection {leftPins} -index {0,all} -in [gi::getDialogs {dbCellViewFromCellView}]
[18:05:49.05] /i gi::drop {0,0} -position {63 10} -enDropAction {move} -source {leftPins} -target {topPins} -in [gi::getDialogs {dbCellViewFromCellView}]
[18:05:49.06] /# gi::setCurrentIndex {leftPins} -index {1,0} -in [gi::getDialogs {dbCellViewFromCellView}]
[18:05:49.06] /# gi::setItemSelection {leftPins} -index {} -in [gi::getDialogs {dbCellViewFromCellView}]
[18:05:49.06] /r giScrollBarsPositions 0 0
[18:05:50.27] /i gi::setItemSelection {leftPins} -index {0,all} -in [gi::getDialogs {dbCellViewFromCellView}]
[18:05:51.90] /i gi::drop {0,0} -position {80 2} -enDropAction {move} -source {leftPins} -target {rightPins} -in [gi::getDialogs {dbCellViewFromCellView}]
[18:05:51.90] /# gi::setCurrentIndex {leftPins} -index {1,0} -in [gi::getDialogs {dbCellViewFromCellView}]
[18:05:51.90] /# gi::setItemSelection {leftPins} -index {} -in [gi::getDialogs {dbCellViewFromCellView}]
[18:05:51.90] /r giScrollBarsPositions 0 0
[18:05:53.57] /i gi::setItemSelection {leftPins} -index {all} -in [gi::getDialogs {dbCellViewFromCellView}]
[18:05:54.83] /i gi::drop {0,0} -position {47 42} -enDropAction {move} -source {leftPins} -target {bottomPins} -in [gi::getDialogs {dbCellViewFromCellView}]
[18:05:54.83] /# gi::setCurrentIndex {leftPins} -index {} -in [gi::getDialogs {dbCellViewFromCellView}]
[18:05:54.83] /# gi::setItemSelection {leftPins} -index {} -in [gi::getDialogs {dbCellViewFromCellView}]
[18:05:54.84] /r giScrollBarsPositions 0 0
[18:05:59.42] /i gi::setCurrentIndex {bottomPins} -index {0,0} -in [gi::getDialogs {dbCellViewFromCellView}]
[18:06:00.32] /i gi::setItemSelection {bottomPins} -index {0,all} -in [gi::getDialogs {dbCellViewFromCellView}]
[18:06:02.64] /i gi::drop {0,0} -position {66 13} -enDropAction {move} -source {bottomPins} -target {rightPins} -in [gi::getDialogs {dbCellViewFromCellView}]
[18:06:02.64] /# gi::setCurrentIndex {bottomPins} -index {1,0} -in [gi::getDialogs {dbCellViewFromCellView}]
[18:06:02.64] /# gi::setItemSelection {bottomPins} -index {} -in [gi::getDialogs {dbCellViewFromCellView}]
[18:06:02.64] /r giScrollBarsPositions 0 0
[18:06:03.96] /i gi::setItemSelection {bottomPins} -index {0,all} -in [gi::getDialogs {dbCellViewFromCellView}]
[18:06:04.81] /i gi::drop {0,0} -position {46 28} -enDropAction {move} -source {bottomPins} -target {rightPins} -in [gi::getDialogs {dbCellViewFromCellView}]
[18:06:04.82] /# gi::setCurrentIndex {bottomPins} -index {1,0} -in [gi::getDialogs {dbCellViewFromCellView}]
[18:06:04.82] /# gi::setItemSelection {bottomPins} -index {} -in [gi::getDialogs {dbCellViewFromCellView}]
[18:06:04.82] /r giScrollBarsPositions 0 0
[18:06:07.25] /i gi::setCurrentIndex {rightPins} -index {1,0} -in [gi::getDialogs {dbCellViewFromCellView}]
[18:06:07.25] /i gi::setItemSelection {rightPins} -index {1,all} -in [gi::getDialogs {dbCellViewFromCellView}]
[18:06:10.57] /i gi::drop {1,0} -position {44 53} -enDropAction {move} -source {rightPins} -target {rightPins} -in [gi::getDialogs {dbCellViewFromCellView}]
[18:06:10.58] /# gi::setCurrentIndex {rightPins} -index {0,0} -in [gi::getDialogs {dbCellViewFromCellView}]
[18:06:10.58] /# gi::setItemSelection {rightPins} -index {} -in [gi::getDialogs {dbCellViewFromCellView}]
[18:06:10.58] /r giScrollBarsPositions 0 0
[18:06:12.06] /i gi::setItemSelection {rightPins} -index {0,all} -in [gi::getDialogs {dbCellViewFromCellView}]
[18:06:13.83] /i gi::drop {0,0} -position {45 27} -enDropAction {move} -source {rightPins} -target {rightPins} -in [gi::getDialogs {dbCellViewFromCellView}]
[18:06:13.84] /# gi::setCurrentIndex {rightPins} -index {1,0} -in [gi::getDialogs {dbCellViewFromCellView}]
[18:06:13.84] /# gi::setItemSelection {rightPins} -index {} -in [gi::getDialogs {dbCellViewFromCellView}]
[18:06:13.84] /r giScrollBarsPositions 0 0
[18:06:14.83] /i gi::setItemSelection {rightPins} -index {1,all} -in [gi::getDialogs {dbCellViewFromCellView}]
[18:06:15.84] /i gi::drop {1,0} -position {47 14} -enDropAction {move} -source {rightPins} -target {rightPins} -in [gi::getDialogs {dbCellViewFromCellView}]
[18:06:15.84] /# gi::setCurrentIndex {rightPins} -index {0,0} -in [gi::getDialogs {dbCellViewFromCellView}]
[18:06:15.84] /# gi::setItemSelection {rightPins} -index {} -in [gi::getDialogs {dbCellViewFromCellView}]
[18:06:15.84] /r giScrollBarsPositions 0 0
[18:07:17.18] /i gi::pressButton {ok} -in [gi::getDialogs {dbCellViewFromCellView}]
[18:07:17.19] /# gi::setCurrentIndex {rightPins} -index {} -in [gi::getDialogs {dbCellViewFromCellView}]
[18:07:17.19] /# gi::setCurrentIndex {bottomPins} -index {} -in [gi::getDialogs {dbCellViewFromCellView}]
[18:07:17.26] /r giWindowId 6
[18:07:17.27] /r giWindowGeometry 1088x700
[18:07:17.54] /o 0.1
[18:07:31.25] /i gi::executeAction deSaveDesign -in [gi::getWindows 6]
[18:07:31.28] /m Information: Saving design 'mylibrary ringOscillator symbol'. (DESIGN_WINDOW-004)
[18:07:37.77] /i gi::executeAction giCloseWindow -in [gi::getWindows 6]
[18:07:38.31] /i gi::setActiveWindow 5
[18:07:38.32] /i gi::setActiveWindow 5 -raise true
[18:07:39.71] /i gi::executeAction giCloseWindow -in [gi::getWindows 5]
[18:07:40.37] /i gi::setActiveWindow 0
[18:07:40.37] /i gi::setActiveWindow 0 -raise true
[18:07:45.63] /# gi::executeAction dmShowNewCellView -in [gi::getWindows 0]
[18:07:45.63] /i dm::showNewCellView -parent 0
[18:07:45.65] /o oa:0x288f2f20
[18:07:45.74] /i gi::setActiveDialog [gi::getDialogs {dmNewCellView}]
[18:07:46.09] /i db::setAttr geometry -of [gi::getDialogs {dmNewCellView}] -value 588x336+26+47
[18:08:33.86] /i gi::setCurrentIndex {libs} -index {mylibrary} -in [gi::getDialogs {dmNewCellView}]
[18:08:33.87] /i gi::setItemSelection {libs} -index {mylibrary} -in [gi::getDialogs {dmNewCellView}]
[18:08:38.08] /i gi::setCurrentIndex {cells} -index {ringOscillator} -in [gi::getDialogs {dmNewCellView}]
[18:08:38.09] /i gi::setItemSelection {cells} -index {ringOscillator} -in [gi::getDialogs {dmNewCellView}]
[18:08:39.91] /i gi::setItemSelection {cells} -index {} -in [gi::getDialogs {dmNewCellView}]
[18:08:46.83] /i gi::setField {cellName} -value {ringOscillator_testbench} -in [gi::getDialogs {dmNewCellView}]
[18:13:35.54] /i gi::pressButton {ok} -in [gi::getDialogs {dmNewCellView}]
[18:13:35.55] /# db::getAttr viewType -of [dm::findCellView schematic -cell [dm::findCell ringOscillator\_testbench -lib [oa::LibFind [oa::ScalarName [oa::CdbaNS] mylibrary]]]]
[18:13:35.55] /# dm::createCellView schematic -cell [dm::findCell ringOscillator\_testbench -lib [ oa::LibFind [oa::ScalarName [oa::CdbaNS] mylibrary]]] -viewType schematic
[18:13:35.56] /# de::open [dm::findCellView schematic -cell [dm::findCell ringOscillator\_testbench -lib [oa::LibFind [oa::ScalarName [oa::CdbaNS] mylibrary]]]] -application seSchematic
[18:13:35.59] /r giWindowId 7
[18:13:35.60] /r giWindowGeometry 1088x700
[18:13:42.65] /# gi::executeAction seCreateInst -in [gi::getWindows 7]
[18:13:42.65] /i ise::createInst
[18:13:42.87] /i gi::setActiveDialog [gi::getDialogs {seCreateInst} -parent [gi::getWindows 7]]
[18:13:43.19] /i db::setAttr geometry -of [gi::getDialogs {seCreateInst}] -value 355x355+391+85
[18:13:51.60] /i gi::setField {instMasterLib} -value {mylibrary} -in [gi::getDialogs {seCreateInst} -parent [gi::getWindows 7]]
[18:13:51.90] /i db::setAttr geometry -of [gi::getDialogs {seCreateInst}] -value 355x355+391+85
[18:13:55.22] /i gi::setField {instMasterCell} -value {ringOscillator} -in [gi::getDialogs {seCreateInst} -parent [gi::getWindows 7]]
[18:13:55.52] /i db::setAttr geometry -of [gi::getDialogs {seCreateInst}] -value 355x355+391+85
[18:14:04.35] /# gi::executeAction deAddPoint -in [gi::getWindows 7]
[18:14:04.35] /i de::addPoint {3.33125 1.95625} -window 7
[18:14:05.63] /# gi::executeAction deAbortCommand -in [gi::getWindows 7]
[18:14:05.63] /i de::abortCommand -window 7
[18:14:07.35] /# gi::executeAction deZoomInCursor -in [gi::getWindows 7]
[18:14:07.35] /i ide::setViewport 7 -direction in -point {3.64375 1.36875}
[18:14:07.91] /# gi::executeAction deEndDrag -in [gi::getWindows 7]
[18:14:07.91] /i de::endDrag {2.85 1.7625} -window 7
[18:14:11.50] /# gi::executeAction dePanEast -in [gi::getWindows 7]
[18:14:11.50] /i de::pan -direction E -multiplier 0.5
[18:14:11.51] /o {3.24375 1.34375} {4.0375 1.7875}
[18:14:12.24] /# gi::executeAction deZoomOutAtPoint -in [gi::getWindows 7]
[18:14:12.24] /i de::zoom -window 7 -factor 0.5 -center {3.5125 1.68125}
[18:14:12.24] /o {2.975 1.0125} {4.5625 1.8875}
[18:14:12.26] /# gi::executeAction deZoomOutAtPoint -in [gi::getWindows 7]
[18:14:12.26] /i de::zoom -window 7 -factor 0.5 -center {3.5125 1.68125}
[18:14:12.28] /o {2.4375 0.34375} {5.6125 2.09375}
[18:14:12.28] /# gi::executeAction deZoomOutAtPoint -in [gi::getWindows 7]
[18:14:12.28] /i de::zoom -window 7 -factor 0.5 -center {3.5125 1.68125}
[18:14:12.29] /o {1.3625 -1.0} {7.7125 2.5125}
[18:14:12.29] /# gi::executeAction deZoomOutAtPoint -in [gi::getWindows 7]
[18:14:12.29] /i de::zoom -window 7 -factor 0.5 -center {3.51875 1.68125}
[18:14:12.30] /o {-0.8 -3.68125} {11.9 3.34375}
[18:14:12.32] /# gi::executeAction deZoomOutAtPoint -in [gi::getWindows 7]
[18:14:12.32] /i de::zoom -window 7 -factor 0.5 -center {3.51875 1.68125}
[18:14:12.33] /o {-5.11875 -9.04375} {20.28125 5.00625}
[18:14:12.95] /# gi::executeAction deZoomInAtPoint -in [gi::getWindows 7]
[18:14:12.95] /i de::zoom -window 7 -factor 2.0 -center {3.5125 1.675}
[18:14:12.96] /o {-0.8 -3.68125} {11.9 3.3375}
[18:14:13.00] /# gi::executeAction deZoomInAtPoint -in [gi::getWindows 7]
[18:14:13.00] /i de::zoom -window 7 -factor 2.0 -center {3.5125 1.675}
[18:14:13.00] /o {1.35625 -1.00625} {7.70625 2.50625}
[18:14:13.01] /# gi::executeAction deZoomInAtPoint -in [gi::getWindows 7]
[18:14:13.01] /i de::zoom -window 7 -factor 2.0 -center {3.5125 1.675}
[18:14:13.01] /o {2.43125 0.3375} {5.60625 2.09375}
[18:14:13.06] /# gi::executeAction deZoomInAtPoint -in [gi::getWindows 7]
[18:14:13.06] /i de::zoom -window 7 -factor 2.0 -center {3.5125 1.675}
[18:14:13.07] /o {2.975 1.00625} {4.5625 1.88125}
[18:14:14.27] /# gi::executeAction deZoomOutAtPoint -in [gi::getWindows 7]
[18:14:14.27] /i de::zoom -window 7 -factor 0.5 -center {3.5125 1.675}
[18:14:14.28] /o {2.43125 0.3375} {5.60625 2.09375}
[18:14:14.53] /# gi::executeAction deZoomOutAtPoint -in [gi::getWindows 7]
[18:14:14.53] /i de::zoom -window 7 -factor 0.5 -center {3.5125 1.675}
[18:14:14.53] /o {1.35625 -1.00625} {7.70625 2.50625}
[18:14:16.92] /# gi::executeAction seStretchDirect -in [gi::getWindows 7]
[18:14:16.92] /i ise::stretch -object [de::getActiveFigure [gi::getWindows 7] -point {3.5125 1.675} -index 0 -intent none] -point {3.5 1.6875}
[18:14:18.08] /# gi::executeAction deEndDrag -in [gi::getWindows 7]
[18:14:18.08] /i de::endDrag {3.09375 1.78125} -window 7
[18:15:40.26] /# gi::executeAction seCreateInst -in [gi::getWindows 7]
[18:15:40.26] /i ise::createInst
[18:15:40.36] /o seSchematic
[18:15:40.53] /i gi::setActiveDialog [gi::getDialogs {seCreateInst} -parent [gi::getWindows 7]]
[18:15:40.82] /i db::setAttr geometry -of [gi::getDialogs {seCreateInst}] -value 355x355+391+107
[18:15:44.36] /i gi::setField {instMasterLib} -value {analogLib} -in [gi::getDialogs {seCreateInst} -parent [gi::getWindows 7]]
[18:15:44.67] /i db::setAttr geometry -of [gi::getDialogs {seCreateInst}] -value 355x355+391+107
[18:15:58.50] /e Error: The requested action could not be completed because one or more inputs are incomplete or invalid. (CUSTOM_WIDGETS-001)
[18:15:58.50] /i gi::setField {instMasterCell} -value {gnd} -in [gi::getDialogs {seCreateInst} -parent [gi::getWindows 7]]
[18:15:58.80] /i db::setAttr geometry -of [gi::getDialogs {seCreateInst}] -value 355x355+391+107
[18:15:59.69] /# gi::executeAction deAddPoint -in [gi::getWindows 7]
[18:15:59.69] /i de::addPoint {5.74375 1.31875} -window 7
[18:16:09.33] /i gi::setField {instMasterCell} -value {vsource} -in [gi::getDialogs {seCreateInst} -parent [gi::getWindows 7]]
[18:16:09.54] /i gi::setField {parametersExpand} -value {false} -in [gi::getDialogs {seCreateInst} -parent [gi::getWindows 7]]
[18:16:09.84] /i db::setAttr geometry -of [gi::getDialogs {seCreateInst}] -value 355x325+391+107
[18:16:10.17] /i gi::setField {parametersExpand} -value {true} -in [gi::getDialogs {seCreateInst} -parent [gi::getWindows 7]]
[18:16:10.47] /i db::setAttr geometry -of [gi::getDialogs {seCreateInst}] -value 355x597+391+107
[18:16:30.54] /i gi::setItemSelection {parameters} -index {vdc,all} -in [gi::getDialogs {seCreateInst} -parent [gi::getWindows 7]]
[18:16:30.55] /i gi::setCurrentIndex {parameters} -index {vdc,Value} -in [gi::getDialogs {seCreateInst} -parent [gi::getWindows 7]]
[18:16:34.97] /i gi::setField {parameters} -value {1.2} -index {vdc,Value} -in [gi::getDialogs {seCreateInst} -parent [gi::getWindows 7]]
[18:16:37.50] /i gi::setItemSelection {parameters} -index {acm,all} -in [gi::getDialogs {seCreateInst} -parent [gi::getWindows 7]]
[18:16:37.51] /i gi::setCurrentIndex {parameters} -index {acm,Value} -in [gi::getDialogs {seCreateInst} -parent [gi::getWindows 7]]
[18:16:39.30] /i gi::setItemSelection {parameters} -index {srcType,all} -in [gi::getDialogs {seCreateInst} -parent [gi::getWindows 7]]
[18:16:39.32] /i gi::setCurrentIndex {parameters} -index {srcType,Value} -in [gi::getDialogs {seCreateInst} -parent [gi::getWindows 7]]
[18:16:43.90] /# gi::executeAction deAddPoint -in [gi::getWindows 7]
[18:16:43.90] /i de::addPoint {1.68125 1.6875} -window 7
[18:16:46.21] /# gi::executeAction deAbortCommand -in [gi::getWindows 7]
[18:16:46.21] /i de::abortCommand -window 7
[18:16:49.24] /# gi::executeAction seStretchDirect -in [gi::getWindows 7]
[18:16:49.24] /i ise::stretch -object [de::getActiveFigure [gi::getWindows 7] -point {5.73125 1.2125} -index 0 -intent none] -point {5.75 1.1875}
[18:16:51.26] /# gi::executeAction deEndDrag -in [gi::getWindows 7]
[18:16:51.26] /i de::endDrag {3.36875 0.28125} -window 7
[18:16:57.70] /i db::setAttr geometry -of [gi::getFrames 7] -value 1088x700+79+22
[18:17:02.66] /# gi::executeAction seSchCreateWire -in [gi::getWindows 7]
[18:17:02.66] /i ise::createWire
[18:17:04.87] /# gi::executeAction deStartDrag -in [gi::getWindows 7]
[18:17:04.87] /i de::startDrag {1.69375 1.69375} -window 7
[18:17:04.88] /i de::setCursor -point {1.75 1.8125 }
[18:17:06.86] /# gi::executeAction deEndDrag -in [gi::getWindows 7]
[18:17:06.86] /i de::endDrag {3.3625 2.19375} -window 7
[18:17:07.13] /# gi::executeAction deAddPoint -in [gi::getWindows 7]
[18:17:07.13] /i de::addPoint {3.3625 2.19375} -window 7
[18:17:07.63] /i de::setCursor -point {3.3125 2.1875 }
[18:17:09.81] /# gi::executeAction deAbortCommand -in [gi::getWindows 7]
[18:17:09.81] /i de::abortCommand -window 7
[18:17:12.04] /# gi::executeAction seSchCreateWire -in [gi::getWindows 7]
[18:17:12.04] /i ise::createWire
[18:17:13.75] /# gi::executeAction deAddPoint -in [gi::getWindows 7]
[18:17:13.75] /i de::addPoint {1.68125 1.29375} -window 7
[18:17:14.10] /i de::setCursor -point {1.6875 1.25 }
[18:17:16.28] /# gi::executeAction deAddPoint -in [gi::getWindows 7]
[18:17:16.28] /i de::addPoint {3.35625 0.91875} -window 7
[18:17:18.52] /# gi::executeAction deAddPoint -in [gi::getWindows 7]
[18:17:18.52] /i de::addPoint {3.36875 0.875} -window 7
[18:17:20.07] /# gi::executeAction deAddPoint -in [gi::getWindows 7]
[18:17:20.07] /i de::addPoint {3.3625 0.43125} -window 7
[18:17:24.13] /# gi::executeAction deAddPoint -in [gi::getWindows 7]
[18:17:24.13] /i de::addPoint {3.93125 1.8} -window 7
[18:17:24.44] /i de::setCursor -point {4 1.8125 }
[18:17:25.16] /# gi::executeAction deAddPoint -in [gi::getWindows 7]
[18:17:25.16] /i de::addPoint {4.30625 1.80625} -window 7
[18:17:26.66] /i de::setCursor -point {4.1875 1.6875 }
[18:17:26.67] /i de::setCursor -point {4.25 1.6875 }
[18:17:26.90] /i de::setCursor -point {4.4375 1.6875 }
[18:17:26.91] /i de::setCursor -point {4.4375 1.75 }
[18:17:27.64] /# gi::executeAction deAbortCommand -in [gi::getWindows 7]
[18:17:27.64] /i de::abortCommand -window 7
[18:17:27.75] /w Warning: Nothing is bound to the 'QuoteLeft' in the current active set. (WINDOW-015)
[18:17:29.39] /# gi::executeAction seSchCreateWire -in [gi::getWindows 7]
[18:17:29.39] /i ise::createWire
[18:17:31.40] /# gi::executeAction deAddPoint -in [gi::getWindows 7]
[18:17:31.40] /i de::addPoint {3.95 1.68125} -window 7
[18:17:31.67] /i de::setCursor -point {4 1.6875 }
[18:17:32.75] /# gi::executeAction deAddPoint -in [gi::getWindows 7]
[18:17:32.75] /i de::addPoint {4.30625 1.675} -window 7
[18:17:33.24] /# gi::executeAction deAbortCommand -in [gi::getWindows 7]
[18:17:33.24] /i de::abortCommand -window 7
[18:17:35.34] /# gi::executeAction seSchCreateWire -in [gi::getWindows 7]
[18:17:35.34] /i ise::createWire
[18:17:40.07] /# gi::executeAction deAddPoint -in [gi::getWindows 7]
[18:17:40.07] /i de::addPoint {3.9375 1.55} -window 7
[18:17:40.32] /i de::setCursor -point {4 1.5625 }
[18:17:41.02] /# gi::executeAction deAddPoint -in [gi::getWindows 7]
[18:17:41.02] /i de::addPoint {4.29375 1.55} -window 7
[18:17:41.74] /i de::setCursor -point {4.3125 1.625 }
[18:17:43.07] /# gi::executeAction deAbortCommand -in [gi::getWindows 7]
[18:17:43.07] /i de::abortCommand -window 7
[18:17:49.04] /# gi::executeAction seSchCreateWire -in [gi::getWindows 7]
[18:17:49.04] /i ise::createWire
[18:17:50.52] /# gi::executeAction deAddPoint -in [gi::getWindows 7]
[18:17:50.52] /i de::addPoint {3.93125 1.43125} -window 7
[18:17:50.77] /i de::setCursor -point {4 1.4375 }
[18:17:53.12] /# gi::executeAction deAddPoint -in [gi::getWindows 7]
[18:17:53.12] /i de::addPoint {4.30625 1.43125} -window 7
[18:17:53.66] /# gi::executeAction deAbortCommand -in [gi::getWindows 7]
[18:17:53.66] /i de::abortCommand -window 7
[18:17:55.77] /# gi::executeAction seSchCreateWire -in [gi::getWindows 7]
[18:17:55.77] /i ise::createWire
[18:17:57.34] /# gi::executeAction deAddPoint -in [gi::getWindows 7]
[18:17:57.34] /i de::addPoint {3.95625 1.29375} -window 7
[18:17:57.61] /i de::setCursor -point {4 1.3125 }
[18:17:58.57] /# gi::executeAction deAddPoint -in [gi::getWindows 7]
[18:17:58.57] /i de::addPoint {4.29375 1.28125} -window 7
[18:17:59.00] /# gi::executeAction deAbortCommand -in [gi::getWindows 7]
[18:17:59.00] /i de::abortCommand -window 7
[18:18:01.97] /# gi::executeAction seSchCreateSchematicPin -in [gi::getWindows 7]
[18:18:01.97] /i ise::createSchematicPin
[18:18:08.29] /i gi::setField {schematicPinType} -value {output} -in [gi::getToolbars {deCommandOptions} -from [gi::getWindows 7]]
[18:18:12.26] /i gi::setField {schematicPinName} -value {VIO1} -in [gi::getToolbars {deCommandOptions} -from [gi::getWindows 7]]
[18:18:14.31] /# gi::executeAction deAddPoint -in [gi::getWindows 7]
[18:18:14.31] /i de::addPoint {4.3125 1.8} -window 7
[18:18:19.28] /i gi::setField {schematicPinName} -value {VIO2} -in [gi::getToolbars {deCommandOptions} -from [gi::getWindows 7]]
[18:18:20.97] /# gi::executeAction deAddPoint -in [gi::getWindows 7]
[18:18:20.97] /i de::addPoint {4.30625 1.66875} -window 7
[18:18:24.60] /i gi::setField {schematicPinName} -value {VIO3} -in [gi::getToolbars {deCommandOptions} -from [gi::getWindows 7]]
[18:18:26.28] /# gi::executeAction deAddPoint -in [gi::getWindows 7]
[18:18:26.28] /i de::addPoint {4.2875 1.55625} -window 7
[18:18:32.70] /i gi::setField {schematicPinName} -value {VIO4} -in [gi::getToolbars {deCommandOptions} -from [gi::getWindows 7]]
[18:18:35.15] /# gi::executeAction deAddPoint -in [gi::getWindows 7]
[18:18:35.15] /i de::addPoint {4.3125 1.41875} -window 7
[18:18:39.67] /i gi::setField {schematicPinName} -value {VIO5} -in [gi::getToolbars {deCommandOptions} -from [gi::getWindows 7]]
[18:18:41.26] /# gi::executeAction deAddPoint -in [gi::getWindows 7]
[18:18:41.26] /i de::addPoint {4.31875 1.29375} -window 7
[18:18:44.34] /# gi::executeAction deAbortCommand -in [gi::getWindows 7]
[18:18:44.34] /i de::abortCommand -window 7
[18:18:54.16] /# gi::executeAction seSchCheckAndSave -in [gi::getWindows 7]
[18:18:54.16] /i ise::check
[18:18:54.21] /m Information: 
[18:18:54.21] /o Checking "mylibrary/ringOscillator_testbench/schematic"
[18:18:54.22] /o No rule violations found in "mylibrary/ringOscillator_testbench/schematic"
[18:18:54.22] /m Information: Checking process is completed: marking the design violations
[18:18:54.26] /m Information: Marking of designs is completed
[18:18:54.26] /o 1
[18:18:59.59] /i db::setAttr maximized -of [gi::getFrames 0] -value true
[18:18:59.99] /i db::setAttr geometry -of [gi::getFrames 0] -value 1280x724+0+22
[18:19:01.18] /i gi::setActiveWindow 0
[18:19:01.19] /i gi::setActiveWindow 0 -raise true
[18:19:14.01] /i db::setAttr maximized -of [gi::getFrames 0] -value false
[18:19:15.03] /i db::setAttr geometry -of [gi::getFrames 0] -value 1280x724+-300+77
[18:19:18.58] /i db::setAttr geometry -of [gi::getFrames 0] -value 1280x724+-100+22
[18:19:20.96] /i db::setAttr geometry -of [gi::getFrames 0] -value 1098x616+-100+22
[18:19:21.78] /i db::setAttr geometry -of [gi::getFrames 0] -value 484x226+-100+22
