                                        
                                PYDB_Server (R)
                                        
           Version K-2015.12-3 for linux64 - Dec 17, 2015 cl#3052145
                                        
                    Copyright (c) 2007 - 2015 Synopsys, Inc.
   This software and the associated documentation are proprietary to Synopsys,
 Inc. This software may only be used in accordance with the terms and conditions
 of a written license agreement with Synopsys, Inc. All other use, reproduction,
            or distribution of this software is strictly prohibited.

NFS filesystem detected
Removing old database /home/cemaj/tarora/eecs168/pvjob_mylibrary.inverter.icv.drc/run_details/pydb/PYDB_inverter
Listening for connections on port 7456
PYDB_Server Started on host bender.engr.ucr.edu, Thu 01/31/2019 19:26:14
Client bender.engr.ucr.edu(26215):6 connected (1 total client)
Verified current licenses.
Client bender.engr.ucr.edu(26259):14 connected (2 total clients)
Client bender.engr.ucr.edu(26260):15 connected (3 total clients)
Client bender.engr.ucr.edu(26260):15 disconnected (2 clients remain)
Client bender.engr.ucr.edu(26260):15 connected (3 total clients)
Client bender.engr.ucr.edu(26259):14 disconnected (2 clients remain)
Client bender.engr.ucr.edu(26259):14 connected (3 total clients)
Client bender.engr.ucr.edu(26259):14 disconnected (2 clients remain)
Client bender.engr.ucr.edu(26260):15 disconnected (1 client remains)
Shutdown requested by client bender.engr.ucr.edu(26215):6
0 clients remain connected
Overall server Time=0:00:03  User=0.02 Sys=0.10 Mem=9.858 MySQL=33.219 Unpooled=0.028
                                        
                                PYDB_Server (R)
                                        
           Version K-2015.12-3 for linux64 - Dec 17, 2015 cl#3052145
                                        
                    Copyright (c) 2007 - 2015 Synopsys, Inc.
   This software and the associated documentation are proprietary to Synopsys,
 Inc. This software may only be used in accordance with the terms and conditions
 of a written license agreement with Synopsys, Inc. All other use, reproduction,
            or distribution of this software is strictly prohibited.

NFS filesystem detected
Listening for connections on port 7351
PYDB_Server Started on host bender.engr.ucr.edu, Thu 01/31/2019 19:26:17
Client bender.engr.ucr.edu(26074):6 connected (1 total client)
Verified current licenses.
Client bender.engr.ucr.edu(24695):39 connected (2 total clients)
Client bender.engr.ucr.edu(25801):41 connected (3 total clients)
Client bender.engr.ucr.edu(24695):39 disconnected (2 clients remain)
Shutdown requested by client bender.engr.ucr.edu(26074):6
1 client remains connected
Client bender.engr.ucr.edu(26074):6 disconnected (1 client remains)
Client bender.engr.ucr.edu(25801):41 disconnected (0 clients remain)
Overall server Time=0:06:31  User=0.01 Sys=0.02 Mem=9.749 MySQL=32.546 Unpooled=0.023
