                                        
                                PYDB_Server (R)
                                        
           Version K-2015.12-3 for linux64 - Dec 17, 2015 cl#3052145
                                        
                    Copyright (c) 2007 - 2015 Synopsys, Inc.
   This software and the associated documentation are proprietary to Synopsys,
 Inc. This software may only be used in accordance with the terms and conditions
 of a written license agreement with Synopsys, Inc. All other use, reproduction,
            or distribution of this software is strictly prohibited.

NFS filesystem detected
Removing old database /home/cemaj/tarora/eecs168/pvjob_mylibrary.nand.icv.drc/run_details/pydb/PYDB_nand
Listening for connections on port 8482
PYDB_Server Started on host bender.engr.ucr.edu, Fri 02/01/2019 16:07:06
Client bender.engr.ucr.edu(14540):6 connected (1 total client)
Verified current licenses.
Client bender.engr.ucr.edu(14620):15 connected (2 total clients)
Client bender.engr.ucr.edu(14619):14 connected (3 total clients)
Client bender.engr.ucr.edu(14620):21 connected (4 total clients)
Client bender.engr.ucr.edu(14620):15 disconnected (3 clients remain)
Client bender.engr.ucr.edu(14619):14 disconnected (2 clients remain)
Client bender.engr.ucr.edu(14619):14 connected (3 total clients)
Client bender.engr.ucr.edu(14620):21 disconnected (2 clients remain)
Client bender.engr.ucr.edu(14619):14 disconnected (1 client remains)
Shutdown requested by client bender.engr.ucr.edu(14540):6
0 clients remain connected
Overall server Time=0:00:03  User=0.03 Sys=0.11 Mem=9.874 MySQL=33.219 Unpooled=0.028
