                                        
                                  StarRC (TM)
                                        
                 Version K-2015.12 for linux64 - Nov 23, 2015 
                                        
                    Copyright (c) 1999 - 2015 Synopsys, Inc.
   This software and the associated documentation are proprietary to Synopsys,
 Inc. This software may only be used in accordance with the terms and conditions
 of a written license agreement with Synopsys, Inc. All other use, reproduction,
            or distribution of this software is strictly prohibited.

ExecName: /usr/local/synopsys/starrc/K-2015.12/linux64_starrc/bin/StarXtract
Version: K-2015.12
Built on: Nov 23 2015 19:53:06
Start Time: Tue Mar 12 17:11:51 2019

Host ............ bender.engr.ucr.edu

xTractorName:/usr/local/synopsys/starrc/K-2015.12/linux64_starrc/bin/xTractor
Version: K-2015.12
Built on: Nov 23 2015 19:53:17
ERROR: TCAD_GRD_FILE generated by >4 years older version than StarRC version being used for this
       extraction can lead to serious accuracy loss. Recommend to update TCAD_GRD_FILE to within 1
       year of the StarRC version and restart extraction.  Next version will stop supporting >4
       years older nxtgrd. (SX-3594)
WARNING: MODE is no longer required for this type of extraction.  Ignoring MODE in StarRC command
         file. (SX-0499)
WARNING: Command -clean is deprecated and turned on by default from 2015.12. It will be obsoleted by
         2016.06. (SX-3582)

Block ........... adder_1bit
Star Directory .. /home/cemaj/tarora/eecs168/adder_1bit.starrc.lpe/star
Milkyway DB ..... /home/cemaj/tarora/eecs168/pvjob_mylibrary.adder_1bit.icv.lvs/XTROUT
 Ref Libs Report is skipped.
WARNING: Ignoring DP_MODE:USER setting, continue with DP_MODE:AUTO! (SX-0507)

Map Layers:  Tue Mar 12 17:11:53 2019
WARNING: DEVICE terminal":"CONDUCTOR layer "nwnr" has no connections. (SX-1851)
WARNING: The precedence is not set for ignored cap layer: nwnr (SX-1794)
WARNING: The precedence is not set for ignored cap layer: pwell (SX-1794)
WARNING: The precedence is not set for layers mapped to substrate in the mapping file when
         TRANSLATE_RETAIN_BULK_LAYERS:YES or CONLY is specified in your command file. Accuracy can
         be affected. Check the order of substrate layer and set precedence for them in your
 mapping
         file whenever the TRANSLATE_RETAIN_BULK_LAYERS:YES or CONLY command is used. (SX-1790)
  Warnings: 4    Errors: 0    (See file summary/layers.sum)
  Layers        Elp=00:00:00 Cpu=00:00:00 Usr=0.1    Sys=0.0    Mem=470.9 
Done

Create Models:  Tue Mar 12 17:11:53 2019
  Warnings: 0    Errors: 0
  Models        Elp=00:00:00 Cpu=00:00:00 Usr=0.0    Sys=0.0    Mem=470.9 
Done

Build HN:  Tue Mar 12 17:11:53 2019
WARNING: Expanded '108899589' hierarchical cells. (SX-2291)
  Warnings: 1    Errors: 0    (See file summary/hn.sum)
  HN            Elp=00:00:00 Cpu=00:00:00 Usr=0.1    Sys=0.0    Mem=486.9 
Done

Build XrefHN:  Tue Mar 12 17:11:53 2019
  Warnings: 0    Errors: 0
  XrefHN        Elp=00:00:01 Cpu=00:00:00 Usr=0.0    Sys=0.0    Mem=194.6 
Done

Process Cells:  Tue Mar 12 17:11:54 2019
  Warnings: 0    Errors: 0
  Cells         Elp=00:00:00 Cpu=00:00:00 Usr=0.0    Sys=0.0    Mem=470.9 
Done

Translate DB:  Tue Mar 12 17:11:54 2019
  Warnings: 0    Errors: 0
  Translate     Elp=00:00:00 Cpu=00:00:00 Usr=0.0    Sys=0.0    Mem=190.4 
Done

Netlist Setup:  Tue Mar 12 17:11:54 2019
  Warnings: 0    Errors: 0
  NetlistSetup  Elp=00:00:00 Cpu=00:00:00 Usr=0.0    Sys=0.0    Mem=190.2 
Done

xTract DB:  Tue Mar 12 17:11:54 2019
Completed   3%  Time=00:00:00  RemainingTime=00:00:00  Mem=271.988
Completed   9%  Time=00:00:00  RemainingTime=00:00:00  Mem=272.199
Completed  12%  Time=00:00:00  RemainingTime=00:00:00  Mem=272.199
Completed  15%  Time=00:00:00  RemainingTime=00:00:00  Mem=272.199
Completed  18%  Time=00:00:00  RemainingTime=00:00:00  Mem=272.199
Completed  21%  Time=00:00:00  RemainingTime=00:00:00  Mem=272.199
Completed  24%  Time=00:00:00  RemainingTime=00:00:00  Mem=272.199
Completed  27%  Time=00:00:00  RemainingTime=00:00:00  Mem=272.199
Completed  30%  Time=00:00:00  RemainingTime=00:00:00  Mem=272.199
Completed  33%  Time=00:00:00  RemainingTime=00:00:00  Mem=272.199
Completed  36%  Time=00:00:00  RemainingTime=00:00:00  Mem=272.199
Completed  39%  Time=00:00:00  RemainingTime=00:00:00  Mem=272.199
Completed  42%  Time=00:00:00  RemainingTime=00:00:00  Mem=272.199
Completed  45%  Time=00:00:00  RemainingTime=00:00:00  Mem=272.199
Completed  48%  Time=00:00:00  RemainingTime=00:00:00  Mem=272.199
Completed  51%  Time=00:00:00  RemainingTime=00:00:00  Mem=272.199
Completed  54%  Time=00:00:00  RemainingTime=00:00:00  Mem=272.199
Completed  57%  Time=00:00:00  RemainingTime=00:00:00  Mem=272.199
Completed  60%  Time=00:00:00  RemainingTime=00:00:00  Mem=272.199
Completed  63%  Time=00:00:00  RemainingTime=00:00:00  Mem=272.199
Completed  66%  Time=00:00:00  RemainingTime=00:00:00  Mem=272.199
Completed  69%  Time=00:00:00  RemainingTime=00:00:00  Mem=272.199
Completed  72%  Time=00:00:00  RemainingTime=00:00:00  Mem=272.199
Completed 100%  Time=00:00:00  RemainingTime=00:00:00  Mem=272.199
Extracted 652 capacitors, 393 resistors, 381 nodes
Reduced to 194 nodes,  (49.0814%)
Reduced to 181 resistors,  (53.944%)
Reduced to 601 capacitors: 509 Cc and 92 Cg (7.82209%)
  Warnings: 0    Errors: 0
  xTract        Elp=00:00:00 Cpu=00:00:00 Usr=0.2    Sys=0.1    Mem=272.2 
Done

xTract Post Process DB:  Tue Mar 12 17:11:55 2019
Completed   4%  Time=00:00:00  RemainingTime=00:00:00  Mem=192.02
Completed  12%  Time=00:00:00  RemainingTime=00:00:00  Mem=192.082
Completed  20%  Time=00:00:00  RemainingTime=00:00:00  Mem=192.082
Completed  37%  Time=00:00:00  RemainingTime=00:00:00  Mem=192.082
Completed  54%  Time=00:00:00  RemainingTime=00:00:00  Mem=192.082
Completed  70%  Time=00:00:00  RemainingTime=00:00:00  Mem=192.082
Completed  87%  Time=00:00:00  RemainingTime=00:00:00  Mem=192.082
Completed 100%  Time=00:00:00  RemainingTime=00:00:00  Mem=192.082
  Warnings: 0    Errors: 0
  xTractPP      Elp=00:00:00 Cpu=00:00:00 Usr=0.0    Sys=0.0    Mem=192.1 
Done

Report Violations:  Tue Mar 12 17:11:55 2019
  Warnings: 0    Errors: 0
  ReportViolations Elp=00:00:00 Cpu=00:00:00 Usr=0.0    Sys=0.0    Mem=190.1 
Done

Netlist DB:  Tue Mar 12 17:11:55 2019
WARNING: Detected multiple definitions for model 'n12' in the device mapping file. The latest
         definition overrides all previous definitions. (EX-1980)
WARNING: Detected multiple definitions for model 'n12_hvt' in the device mapping file. The latest
         definition overrides all previous definitions. (EX-1980)
WARNING: Detected multiple definitions for model 'n12_lvt' in the device mapping file. The latest
         definition overrides all previous definitions. (EX-1980)
WARNING: Detected multiple definitions for model 'p12' in the device mapping file. The latest
         definition overrides all previous definitions. (EX-1980)
WARNING: Detected multiple definitions for model 'p12_hvt' in the device mapping file. The latest
         definition overrides all previous definitions. (EX-1980)
WARNING: Detected multiple definitions for model 'p12_lvt' in the device mapping file. The latest
         definition overrides all previous definitions. (EX-1980)
WARNING: 'In layer mapping file line 46 'layer 'pwell' undefined in technology library. (EX-1993)
WARNING: 'In layer mapping file line 46 'layer 'pwell' undefined in technology library. (EX-1993)
WARNING: 'In layer mapping file line 46 'layer 'pwell' undefined in technology library. (EX-1993)
WARNING: INTERNAL Warning: unknown layer has been referenced: nwell (EX-202)
WARNING: 'In layer mapping file line 48 'layer 'pwell' undefined in technology library. (EX-1993)
WARNING: 'In layer mapping file line 48 'layer 'pwell' undefined in technology library. (EX-1993)
WARNING: 'In layer mapping file line 48 'layer 'pwell' undefined in technology library. (EX-1993)
WARNING: 'In layer mapping file line 49 'layer 'nwell' undefined in technology library. (EX-1993)
WARNING: 'In layer mapping file line 49 'layer 'nwell' undefined in technology library. (EX-1993)
WARNING: 'In layer mapping file line 49 'layer 'nwell' undefined in technology library. (EX-1993)
WARNING: 'In layer mapping file line 51 'layer 'm1' undefined in technology library. (EX-1993)
WARNING: 'In layer mapping file line 51 'layer 'm1' undefined in technology library. (EX-1993)
WARNING: 'In layer mapping file line 51 'layer 'm1' undefined in technology library. (EX-1993)
WARNING: INTERNAL Warning: unknown layer has been referenced: m2 (EX-202)
WARNING: INTERNAL Warning: unknown layer has been referenced: m3 (EX-202)
WARNING: INTERNAL Warning: unknown layer has been referenced: m4 (EX-202)
WARNING: INTERNAL Warning: unknown layer has been referenced: m5 (EX-202)
WARNING: INTERNAL Warning: unknown layer has been referenced: m6 (EX-202)
WARNING: INTERNAL Warning: unknown layer has been referenced: m7 (EX-202)
WARNING: INTERNAL Warning: unknown layer has been referenced: m8 (EX-202)
WARNING: INTERNAL Warning: unknown layer has been referenced: m9 (EX-202)
WARNING: 'In layer mapping file line 61 'layer 'm1' undefined in technology library. (EX-1993)
WARNING: 'In layer mapping file line 61 'layer 'm1' undefined in technology library. (EX-1993)
WARNING: 'In layer mapping file line 61 'layer 'm1' undefined in technology library. (EX-1993)
WARNING: 'In layer mapping file line 62 'layer 'm2' undefined in technology library. (EX-1993)
WARNING: 'In layer mapping file line 62 'layer 'm2' undefined in technology library. (EX-1993)
WARNING: 'In layer mapping file line 62 'layer 'm2' undefined in technology library. (EX-1993)
WARNING: 'In layer mapping file line 63 'layer 'm3' undefined in technology library. (EX-1993)
WARNING: 'In layer mapping file line 63 'layer 'm3' undefined in technology library. (EX-1993)
WARNING: 'In layer mapping file line 63 'layer 'm3' undefined in technology library. (EX-1993)
WARNING: 'In layer mapping file line 64 'layer 'm4' undefined in technology library. (EX-1993)
WARNING: 'In layer mapping file line 64 'layer 'm4' undefined in technology library. (EX-1993)
WARNING: 'In layer mapping file line 64 'layer 'm4' undefined in technology library. (EX-1993)
WARNING: 'In layer mapping file line 65 'layer 'm5' undefined in technology library. (EX-1993)
WARNING: 'In layer mapping file line 65 'layer 'm5' undefined in technology library. (EX-1993)
WARNING: 'In layer mapping file line 65 'layer 'm5' undefined in technology library. (EX-1993)
WARNING: 'In layer mapping file line 66 'layer 'm6' undefined in technology library. (EX-1993)
WARNING: 'In layer mapping file line 66 'layer 'm6' undefined in technology library. (EX-1993)
WARNING: 'In layer mapping file line 66 'layer 'm6' undefined in technology library. (EX-1993)
WARNING: 'In layer mapping file line 67 'layer 'm7' undefined in technology library. (EX-1993)
WARNING: 'In layer mapping file line 67 'layer 'm7' undefined in technology library. (EX-1993)
WARNING: 'In layer mapping file line 67 'layer 'm7' undefined in technology library. (EX-1993)
WARNING: 'In layer mapping file line 68 'layer 'm8' undefined in technology library. (EX-1993)
WARNING: 'In layer mapping file line 68 'layer 'm8' undefined in technology library. (EX-1993)
WARNING: 'In layer mapping file line 68 'layer 'm8' undefined in technology library. (EX-1993)
WARNING: 'In layer mapping file line 69 'layer 'm9' undefined in technology library. (EX-1993)
WARNING: 'In layer mapping file line 69 'layer 'm9' undefined in technology library. (EX-1993)
WARNING: 'In layer mapping file line 69 'layer 'm9' undefined in technology library. (EX-1993)
WARNING: 'In layer mapping file line 71 'layer 'poly' undefined in technology library. (EX-1993)
WARNING: 'In layer mapping file line 71 'layer 'poly' undefined in technology library. (EX-1993)
WARNING: 'In layer mapping file line 71 'layer 'poly' undefined in technology library. (EX-1993)
WARNING: 'In layer mapping file line 72 'layer 'poly' undefined in technology library. (EX-1993)
WARNING: 'In layer mapping file line 72 'layer 'poly' undefined in technology library. (EX-1993)
WARNING: 'In layer mapping file line 72 'layer 'poly' undefined in technology library. (EX-1993)
WARNING: 'In layer mapping file line 73 'layer 'poly' undefined in technology library. (EX-1993)
WARNING: 'In layer mapping file line 73 'layer 'poly' undefined in technology library. (EX-1993)
WARNING: 'In layer mapping file line 73 'layer 'poly' undefined in technology library. (EX-1993)
WARNING: 'In layer mapping file line 74 'layer 'poly' undefined in technology library. (EX-1993)
WARNING: 'In layer mapping file line 74 'layer 'poly' undefined in technology library. (EX-1993)
WARNING: 'In layer mapping file line 74 'layer 'poly' undefined in technology library. (EX-1993)
WARNING: 'In layer mapping file line 75 'layer 'poly' undefined in technology library. (EX-1993)
WARNING: 'In layer mapping file line 75 'layer 'poly' undefined in technology library. (EX-1993)
WARNING: 'In layer mapping file line 75 'layer 'poly' undefined in technology library. (EX-1993)
WARNING: 'In layer mapping file line 77 'layer 'poly' undefined in technology library. (EX-1993)
WARNING: 'In layer mapping file line 77 'layer 'poly' undefined in technology library. (EX-1993)
WARNING: 'In layer mapping file line 77 'layer 'poly' undefined in technology library. (EX-1993)
WARNING: 'In layer mapping file line 78 'layer 'poly' undefined in technology library. (EX-1993)
WARNING: 'In layer mapping file line 78 'layer 'poly' undefined in technology library. (EX-1993)
WARNING: 'In layer mapping file line 78 'layer 'poly' undefined in technology library. (EX-1993)
WARNING: 'In layer mapping file line 79 'layer 'poly' undefined in technology library. (EX-1993)
WARNING: 'In layer mapping file line 79 'layer 'poly' undefined in technology library. (EX-1993)
WARNING: 'In layer mapping file line 79 'layer 'poly' undefined in technology library. (EX-1993)
WARNING: 'In layer mapping file line 80 'layer 'poly' undefined in technology library. (EX-1993)
WARNING: 'In layer mapping file line 80 'layer 'poly' undefined in technology library. (EX-1993)
WARNING: 'In layer mapping file line 80 'layer 'poly' undefined in technology library. (EX-1993)
WARNING: 'In layer mapping file line 81 'layer 'poly' undefined in technology library. (EX-1993)
WARNING: 'In layer mapping file line 81 'layer 'poly' undefined in technology library. (EX-1993)
WARNING: 'In layer mapping file line 81 'layer 'poly' undefined in technology library. (EX-1993)
WARNING: 'In layer mapping file line 82 'layer 'poly' undefined in technology library. (EX-1993)
WARNING: 'In layer mapping file line 82 'layer 'poly' undefined in technology library. (EX-1993)
WARNING: 'In layer mapping file line 82 'layer 'poly' undefined in technology library. (EX-1993)
WARNING: 'In layer mapping file line 83 'layer 'poly' undefined in technology library. (EX-1993)
WARNING: 'In layer mapping file line 83 'layer 'poly' undefined in technology library. (EX-1993)
WARNING: 'In layer mapping file line 83 'layer 'poly' undefined in technology library. (EX-1993)
WARNING: 'In layer mapping file line 84 'layer 'poly' undefined in technology library. (EX-1993)
WARNING: 'In layer mapping file line 84 'layer 'poly' undefined in technology library. (EX-1993)
WARNING: 'In layer mapping file line 84 'layer 'poly' undefined in technology library. (EX-1993)
WARNING: 'In layer mapping file line 85 'layer 'poly' undefined in technology library. (EX-1993)
WARNING: 'In layer mapping file line 85 'layer 'poly' undefined in technology library. (EX-1993)
WARNING: 'In layer mapping file line 85 'layer 'poly' undefined in technology library. (EX-1993)
WARNING: 'In layer mapping file line 86 'layer 'poly' undefined in technology library. (EX-1993)
WARNING: 'In layer mapping file line 86 'layer 'poly' undefined in technology library. (EX-1993)
WARNING: 'In layer mapping file line 86 'layer 'poly' undefined in technology library. (EX-1993)
WARNING: 'In layer mapping file line 88 'layer 'diff' undefined in technology library. (EX-1993)
WARNING: 'In layer mapping file line 88 'layer 'diff' undefined in technology library. (EX-1993)
WARNING: 'In layer mapping file line 88 'layer 'diff' undefined in technology library. (EX-1993)
WARNING: 'In layer mapping file line 89 'layer 'diff' undefined in technology library. (EX-1993)
WARNING: 'In layer mapping file line 89 'layer 'diff' undefined in technology library. (EX-1993)
WARNING: 'In layer mapping file line 89 'layer 'diff' undefined in technology library. (EX-1993)
WARNING: 'In layer mapping file line 90 'layer 'diff' undefined in technology library. (EX-1993)
WARNING: 'In layer mapping file line 90 'layer 'diff' undefined in technology library. (EX-1993)
WARNING: 'In layer mapping file line 90 'layer 'diff' undefined in technology library. (EX-1993)
WARNING: 'In layer mapping file line 91 'layer 'diff' undefined in technology library. (EX-1993)
WARNING: 'In layer mapping file line 91 'layer 'diff' undefined in technology library. (EX-1993)
WARNING: 'In layer mapping file line 91 'layer 'diff' undefined in technology library. (EX-1993)
WARNING: 'In layer mapping file line 92 'layer 'diff' undefined in technology library. (EX-1993)
WARNING: 'In layer mapping file line 92 'layer 'diff' undefined in technology library. (EX-1993)
WARNING: 'In layer mapping file line 92 'layer 'diff' undefined in technology library. (EX-1993)
WARNING: 'In layer mapping file line 93 'layer 'diff' undefined in technology library. (EX-1993)
Suppression: Message (EX-1993) suppressed beyond 100 times
WARNING: INTERNAL Warning: unknown layer has been referenced: term_1 (EX-202)
WARNING: INTERNAL Warning: unknown layer has been referenced: term_2 (EX-202)
WARNING: INTERNAL Warning: unknown layer has been referenced: term_3 (EX-202)
WARNING: INTERNAL Warning: unknown layer has been referenced: term_4 (EX-202)
WARNING: INTERNAL Warning: unknown layer has been referenced: pdiffdio (EX-202)
WARNING: INTERNAL Warning: unknown layer has been referenced: ndiffdio (EX-202)
WARNING: INTERNAL Warning: unknown layer has been referenced: 1_0V_BJT_COLL (EX-202)
WARNING: INTERNAL Warning: unknown layer has been referenced: 1_0V_BJT_EMIT (EX-202)
WARNING: INTERNAL Warning: unknown layer has been referenced: 1_0V_BJT_BASE (EX-202)
WARNING: INTERNAL Warning: unknown layer has been referenced: 1_0V_BJT_COLL_NPN (EX-202)
WARNING: INTERNAL Warning: unknown layer has been referenced: 1_0V_BJT_EMIT_NPN (EX-202)
WARNING: INTERNAL Warning: unknown layer has been referenced: 1_0V_BJT_BASE_NPN (EX-202)
WARNING: INTERNAL Warning: unknown layer has been referenced: nodcon (EX-202)
WARNING: INTERNAL Warning: unknown layer has been referenced: tiod (EX-202)
WARNING: INTERNAL Warning: unknown layer has been referenced: podcon (EX-202)
WARNING: INTERNAL Warning: unknown layer has been referenced: ngate (EX-202)
WARNING: INTERNAL Warning: unknown layer has been referenced: pgate (EX-202)
WARNING: INTERNAL Warning: unknown layer has been referenced: 1_0V_BJT_COLL_cont (EX-202)
WARNING: INTERNAL Warning: unknown layer has been referenced: 1_0V_BJT_EMIT_cont (EX-202)
WARNING: INTERNAL Warning: unknown layer has been referenced: 1_0V_BJT_BASE_cont (EX-202)
WARNING: INTERNAL Warning: unknown layer has been referenced: 1_0V_BJT_BASE_cont_NPN (EX-202)
WARNING: INTERNAL Warning: unknown layer has been referenced: 1_0V_BJT_EMIT_cont_NPN (EX-202)
WARNING: INTERNAL Warning: unknown layer has been referenced: 1_0V_BJT_COLL_cont_NPN (EX-202)
WARNING: INTERNAL Warning: unknown layer has been referenced: top_via (EX-202)
WARNING: INTERNAL Warning: unknown layer has been referenced: cap_top_via (EX-202)
Completed   0%  Time=00:00:00  RemainingTime=00:00:00  Mem=448.883
WARNING: Physical shape and presistor of design layer 'SUBSTRATE' ('0') is not available in
         parasitic view as there is no corresponding LPP in OA_LAYER_MAPPING_FILE. (EX-2000)
Completed   2%  Time=00:00:00  RemainingTime=00:00:00  Mem=448.883
Completed   3%  Time=00:00:00  RemainingTime=00:00:00  Mem=448.883
Completed   5%  Time=00:00:00  RemainingTime=00:00:00  Mem=448.945
Completed   6%  Time=00:00:00  RemainingTime=00:00:00  Mem=448.945
Completed   8%  Time=00:00:00  RemainingTime=00:00:00  Mem=448.945
Completed   9%  Time=00:00:00  RemainingTime=00:00:00  Mem=448.945
Completed  11%  Time=00:00:00  RemainingTime=00:00:00  Mem=448.945
WARNING: Physical shape and presistor of design layer 'psd' ('5') is not available in parasitic
 view
         as there is no corresponding LPP in OA_LAYER_MAPPING_FILE. (EX-2000)
Completed  21%  Time=00:00:00  RemainingTime=00:00:00  Mem=448.945
Completed  30%  Time=00:00:00  RemainingTime=00:00:00  Mem=449.008
Completed  40%  Time=00:00:00  RemainingTime=00:00:00  Mem=449.008
WARNING: Physical shape and presistor of design layer 'nsd' ('4') is not available in parasitic
 view
         as there is no corresponding LPP in OA_LAYER_MAPPING_FILE. (EX-2000)
Completed  50%  Time=00:00:00  RemainingTime=00:00:00  Mem=449.008
WARNING: Physical shape and presistor of design layer 'm1' ('43') is not available in parasitic
 view
         as there is no corresponding LPP in OA_LAYER_MAPPING_FILE. (EX-2000)
WARNING: Physical shape and presistor of design layer 'codiff' ('64') is not available in parasitic
         view as there is no corresponding LPP in OA_LAYER_MAPPING_FILE. (EX-2000)
Completed  60%  Time=00:00:00  RemainingTime=00:00:00  Mem=449.07
Completed  70%  Time=00:00:00  RemainingTime=00:00:00  Mem=449.07
Completed  79%  Time=00:00:00  RemainingTime=00:00:00  Mem=449.07
Completed  89%  Time=00:00:00  RemainingTime=00:00:00  Mem=449.07
WARNING: Physical shape and presistor of design layer 'M2' ('45') is not available in parasitic
 view
         as there is no corresponding LPP in OA_LAYER_MAPPING_FILE. (EX-2000)
WARNING: Physical shape and presistor of design layer 'via1' ('66') is not available in parasitic
         view as there is no corresponding LPP in OA_LAYER_MAPPING_FILE. (EX-2000)
WARNING: Physical shape and presistor of design layer 'copoly' ('65') is not available in parasitic
         view as there is no corresponding LPP in OA_LAYER_MAPPING_FILE. (EX-2000)
WARNING: Physical shape and presistor of design layer 'ponr' ('38') is not available in parasitic
         view as there is no corresponding LPP in OA_LAYER_MAPPING_FILE. (EX-2000)
Completed  99%  Time=00:00:00  RemainingTime=00:00:00  Mem=449.328
Completed 100%  Time=00:00:00  RemainingTime=00:00:00  Mem=449.328
WARNING: found open net(s) in the design. Check opens.sum file. (EX-414)
WARNING: found open net(s) in the design. Check opens.sum file. (EX-414)
  Warnings: 151    Errors: 0    (See file summary/netlist.sum)
  Netlist       Elp=00:00:01 Cpu=00:00:00 Usr=0.2    Sys=0.1    Mem=449.3 
Done
  
Layers           Elp=00:00:00 Cpu=00:00:00 Usr=0.1    Sys=0.0    Mem=470.9 
Models           Elp=00:00:00 Cpu=00:00:00 Usr=0.0    Sys=0.0    Mem=470.9 
HN               Elp=00:00:00 Cpu=00:00:00 Usr=0.1    Sys=0.0    Mem=486.9 
XrefHN           Elp=00:00:01 Cpu=00:00:00 Usr=0.0    Sys=0.0    Mem=194.6 
Cells            Elp=00:00:00 Cpu=00:00:00 Usr=0.0    Sys=0.0    Mem=470.9 
Translate        Elp=00:00:00 Cpu=00:00:00 Usr=0.0    Sys=0.0    Mem=190.4 
NetlistSetup     Elp=00:00:00 Cpu=00:00:00 Usr=0.0    Sys=0.0    Mem=190.2 
xTract           Elp=00:00:00 Cpu=00:00:00 Usr=0.2    Sys=0.1    Mem=272.2 
xTractPP         Elp=00:00:00 Cpu=00:00:00 Usr=0.0    Sys=0.0    Mem=192.1 
ReportViolations Elp=00:00:00 Cpu=00:00:00 Usr=0.0    Sys=0.0    Mem=190.1 
Netlist          Elp=00:00:01 Cpu=00:00:00 Usr=0.2    Sys=0.1    Mem=449.3 
  
Done          Elp=00:00:02 Cpu=00:00:00 Usr=0.6    Sys=0.2    Mem=486.9 
