[12:22:34.12] /o Custom Designer (TM) Version J-2014.12-SP2-2
              /c Build  (OPT) Config 2901729 compiled on Sun Jul 26 20:41:43 2015 for RHEL64 5.7
              /c Invocation: /usr/local/synopsys/customdesigner/J-2014.12-SP2-2/amd64/platform/bin/cdesigner
              /c Execution time: Wed Mar 13 12:22:31 2019
              /c Host: bender.engr.ucr.edu
              /c 
              /c Copyright © 2004-2015 Synopsys, Inc. All rights reserved.
              /c Your use of this program is subject to the terms and conditions of the written license agreement between you, or your company, and Synopsys.
              /c 
[12:22:35.63] /w Warning: The file 'lib.defs' does not exist in search path (DATA_MANAGEMENT-013)
[12:22:41.29] /# gi::executeAction dmShowLibraryManager -in [gi::getWindows 0]
[12:22:41.29] /i dm::showLibraryManager
[12:22:41.29] /r giWindowId 1
[12:22:41.29] /r giWindowGeometry 660x600+50+50
[12:22:41.37] /o oa:0x23175290
[12:22:46.50] /i gi::sortItems {libs} -column {Libraries} -order {descending} -in [gi::getWindows 1]
[12:22:47.24] /i gi::sortItems {libs} -column {Libraries} -order {ascending} -in [gi::getWindows 1]
[12:22:47.99] /i gi::sortItems {libs} -column {Libraries} -order {descending} -in [gi::getWindows 1]
[12:22:50.46] /i gi::executeAction giCloseWindow -in [gi::getWindows 1]
[12:22:50.70] /i gi::setActiveWindow 0
[12:22:50.70] /i gi::setActiveWindow 0 -raise true
[12:22:52.47] /i gi::executeAction giCloseWindow -in [gi::getWindows 0]
[12:22:52.68] /r giDialog gi::setActiveDialog [gi::getDialogs {deExitDialog}]
[12:22:52.99] /r giDialog db::setAttr geometry -of [gi::getDialogs {deExitDialog}] -value 371x218+20+417
[12:22:53.85] /r giDialog gi::pressButton {ok} -in [gi::getDialogs {deExitDialog}]
[12:22:53.90] /o Shutdown time: Wed Mar 13 12:22:53 2019
[12:22:53.90] /o Elapsed session real time: 0.31 minutes
[12:22:53.90] /o Session terminated. Log is at /home/cemaj/tarora/eecs168/mylibrary/cdesigner.log
