ICV_VUE Info : + INFO: Filter has been loaded successfully.
        '/usr/local/synopsys/icvalidator/K-2015.12-3/lib-u/LINUX.64/VUE/Layout/libhiCDesignerLE.so'
ICV_VUE Info : + INFO: Filter version checking passed. (is: v2, expected: v2)
DEBUG: ConnectToServer: bender.engr.ucr.edu 34484
DEBUG: connect back to cdesigner: 'bender.engr.ucr.edu:34484'

< LAYOUT: start_vue >
V SET_COLOR white       white
V SET_COLOR red         red
V SET_COLOR darkRed     maroon
V SET_COLOR green       lime
V SET_COLOR darkGreen   forest
V SET_COLOR blue        blue
V SET_COLOR darkBlue    navy
V SET_COLOR cyan        cyan
V SET_COLOR darkCyan    cadetBlue
V SET_COLOR magenta     magenta
V SET_COLOR darkMagenta purple
V SET_COLOR yellow      yellow
V SET_FILL  blank       blank
V SET_FILL  solid       solid
V SET_FILL  backSlash   backSlash
V SET_FILL  slash       slash
V SET_FILL  dot         dots
V SET_FILL  diagCross   X
V SET_FILL  brick       brick
V SET_FILL  horizontal  hLine
V SET_FILL  vertical    vLine
L CDESIGNER::StartFilter LAY
L set topLayLCV  ""
L set curLayLCV  ""

< LAYOUT: start_filter >
L CDESIGNER::SendCommand setWorkingDir "[pwd]"

< LAYOUT: load_hercules >
L set topLayLCV "mylibrary/inverter/layout"
L set curLayLCV "$topLayLCV"
L CDESIGNER::SendCommand setWorkingDir "/home/cemaj/tarora/eecs168/pvjob_mylibrary.inverter.icv.drc"
L CDESIGNER::SendCommand setTopLayLCV "$topLayLCV"
L CDESIGNER::SendCommand openLCV "$curLayLCV"
DEBUG: PushBackXprobeMessage{vueSetDbu 0.001
}

< LAYOUT: remove_hilites >
L CDESIGNER::SendCommand clearAllHighlights $curLayLCV

< LAYOUT: remove_hilites >
L CDESIGNER::SendCommand clearAllHighlights $curLayLCV

< LAYOUT: new_block >
V ZOOM_EXTENTS_RESET
L CDESIGNER::SendCommand clearAllHighlights "$curLayLCV"
L set curLayLCV "mylibrary/inverter/layout"
L CDESIGNER::SendCommand openLCV "$curLayLCV"
DEBUG: PushBackXprobeMessage{vueSetDbu 0.001
}

< LAYOUT: remove_hilites >
L CDESIGNER::SendCommand clearAllHighlights $curLayLCV

< LAYOUT: remove_hilites >
L CDESIGNER::SendCommand clearAllHighlights $curLayLCV

< LAYOUT: before_hilite >
V ZOOM_EXTENTS_RESET

< LAYOUT: primary_hilite >
L CDESIGNER::SendCommand setHighlightProperty "yellow" "brick"

< LAYOUT: poly_group_begin >

< LAYOUT: poly_begin >
L CDESIGNER::SendCommandNB addPolygonBegin $curLayLCV "3"

< LAYOUT: poly_point_set >
L CDESIGNER::AddPolygonPoints $curLayLCV {1.1 -0.045 1.235 -0.045 1.235 -0.008 }

< LAYOUT: poly_end >
L CDESIGNER::SendCommandNB addPolygonEnd $curLayLCV

< LAYOUT: poly_group_end >

< LAYOUT: zoom_extents >
L CDESIGNER::SendCommand setViewPort $curLayLCV [list 1.083125 -0.049625 1.251875 -0.003375]

< LAYOUT: drc_error >
L CDESIGNER::SendCommand addErrorDescription $curLayLCV {"Distance: 0.135"}

< LAYOUT: after_hilite >
L CDESIGNER::SendCommand drawHighlights $curLayLCV
DEBUG: PushBackXprobeMessage{vueCloseResult}
DEBUG: PopFrontXprobeMessage{} : /vueSetDbu 0.001
/ /{vueSetDbu 0.001
} vueCloseResult/
DEBUG: PopFrontXprobeMessage{} : /vueSetDbu 0.001
/ /vueCloseResult/
DEBUG: PopFrontXprobeMessage{} : /vueCloseResult/ //
DEBUG: PopFrontXprobeMessage{} : // //

< LAYOUT: remove_hilites >
L CDESIGNER::SendCommand clearAllHighlights $curLayLCV

< LAYOUT: remove_hilites >
L CDESIGNER::SendCommand clearAllHighlights $curLayLCV

< LAYOUT: new_block >
V ZOOM_EXTENTS_RESET
L CDESIGNER::SendCommand clearAllHighlights "$curLayLCV"
L set curLayLCV "mylibrary/inverter/layout"
L CDESIGNER::SendCommand openLCV "$curLayLCV"
DEBUG: PushBackXprobeMessage{vueSetDbu 0.001
}

< LAYOUT: remove_hilites >
L CDESIGNER::SendCommand clearAllHighlights $curLayLCV

< LAYOUT: load_hercules >
L set topLayLCV "mylibrary/inverter/layout"
DEBUG: PopFrontXprobeMessage{} : /vueSetDbu 0.001
/ //
DEBUG: PopFrontXprobeMessage{} : // //
L set curLayLCV "$topLayLCV"
L CDESIGNER::SendCommand setWorkingDir "/home/cemaj/tarora/eecs168/pvjob_mylibrary.inverter.icv.drc"
L CDESIGNER::SendCommand setTopLayLCV "$topLayLCV"
L CDESIGNER::SendCommand openLCV "$curLayLCV"
DEBUG: PushBackXprobeMessage{vueSetDbu 0.001
}

< LAYOUT: remove_hilites >
L CDESIGNER::SendCommand clearAllHighlights $curLayLCV
PYDB Warning: Database PYDB_inverter server on host bender.engr.ucr.edu will not shut down, 1 client remains connected.
